#! /usr/local/Cellar/icarus-verilog/12.0/bin/vvp
:ivl_version "12.0 (stable)";
:ivl_delay_selection "TYPICAL";
:vpi_time_precision - 13;
:vpi_module "/usr/local/Cellar/icarus-verilog/12.0/lib/ivl/system.vpi";
:vpi_module "/usr/local/Cellar/icarus-verilog/12.0/lib/ivl/vhdl_sys.vpi";
:vpi_module "/usr/local/Cellar/icarus-verilog/12.0/lib/ivl/vhdl_textio.vpi";
:vpi_module "/usr/local/Cellar/icarus-verilog/12.0/lib/ivl/v2005_math.vpi";
:vpi_module "/usr/local/Cellar/icarus-verilog/12.0/lib/ivl/va_math.vpi";
S_0x7fc65ab07000 .scope module, "testbench" "testbench" 2 2;
 .timescale -6 -9;
v0x7fc65ab072f0_0 .var "clk", 0 0;
v0x7fc65ab1fd70_0 .var "en", 0 0;
v0x7fc65ab1fe00_0 .var/s "input_x", 63 0;
v0x7fc65ab1feb0_0 .net "llc_state", 2 0, L_0x7fc65ab26d40;  1 drivers
v0x7fc65ab1ff60_0 .net/s "llc_x", 63 0, L_0x7fc65ab27680;  1 drivers
v0x7fc65ab20030_0 .var "new_input", 0 0;
v0x7fc65ab200e0_0 .net/s "output_a", 63 0, L_0x7fc65ab26860;  1 drivers
v0x7fc65ab20190_0 .net "output_a_aktv", 0 0, L_0x7fc65ab26940;  1 drivers
v0x7fc65ab20240_0 .net/s "output_b", 63 0, L_0x7fc65ab26a20;  1 drivers
v0x7fc65ab20370_0 .net "output_b_aktv", 0 0, L_0x7fc65ab26ea0;  1 drivers
v0x7fc65ab20400_0 .net/s "output_c", 63 0, L_0x7fc65ab26b80;  1 drivers
v0x7fc65ab20490_0 .net "output_c_aktv", 0 0, L_0x7fc65ab26ca0;  1 drivers
v0x7fc65ab20540_0 .net "pacingABC", 0 0, L_0x7fc65ab27360;  1 drivers
v0x7fc65ab205f0_0 .net "qPop", 0 0, L_0x7fc65ab26f80;  1 drivers
v0x7fc65ab206a0_0 .net "qPopValid", 0 0, L_0x7fc65ab27180;  1 drivers
v0x7fc65ab20750_0 .net "qPush", 0 0, L_0x7fc65ab27280;  1 drivers
v0x7fc65ab20800_0 .net "qPushValid", 0 0, L_0x7fc65ab270e0;  1 drivers
v0x7fc65ab209b0_0 .var "rst", 0 0;
S_0x7fc65ab07170 .scope module, "monitor" "topEntity" 2 26, 3 6 0, S_0x7fc65ab07000;
 .timescale -13 -13;
    .port_info 0 /INPUT 1 "clk";
    .port_info 1 /INPUT 1 "rst";
    .port_info 2 /INPUT 1 "en";
    .port_info 3 /INPUT 64 "input0_0";
    .port_info 4 /INPUT 1 "input0_1";
    .port_info 5 /OUTPUT 64 "result_0_0_0";
    .port_info 6 /OUTPUT 1 "result_0_0_1";
    .port_info 7 /OUTPUT 64 "result_0_1_0";
    .port_info 8 /OUTPUT 1 "result_0_1_1";
    .port_info 9 /OUTPUT 64 "result_0_2_0";
    .port_info 10 /OUTPUT 1 "result_0_2_1";
    .port_info 11 /OUTPUT 3 "result_1_0";
    .port_info 12 /OUTPUT 1 "result_1_1";
    .port_info 13 /OUTPUT 1 "result_1_2";
    .port_info 14 /OUTPUT 1 "result_1_3";
    .port_info 15 /OUTPUT 1 "result_1_4";
    .port_info 16 /OUTPUT 64 "result_1_5";
    .port_info 17 /OUTPUT 1 "result_1_6";
L_0x7fc65ab21040 .functor OR 1, L_0x7fc65ab21380, L_0x7fc65ab21380, C4<0>, C4<0>;
L_0x7fc65ab21cc0 .functor AND 1, L_0x7fc65ab22440, L_0x7fc65ab23a70, C4<1>, C4<1>;
L_0x7fc65ab22560 .functor AND 1, L_0x7fc65ab240d0, L_0x7fc65ab23a70, C4<1>, C4<1>;
L_0x7fc65ab22860 .functor BUFZ 64, v0x7fc65ab1dab0_0, C4<0000000000000000000000000000000000000000000000000000000000000000>, C4<0000000000000000000000000000000000000000000000000000000000000000>, C4<0000000000000000000000000000000000000000000000000000000000000000>;
L_0x7fc65ab22950 .functor AND 1, L_0x7fc65ab23060, L_0x7fc65ab23a70, C4<1>, C4<1>;
L_0x7fc65ab227d0 .functor BUFZ 64, L_0x7fc65ab22f80, C4<0000000000000000000000000000000000000000000000000000000000000000>, C4<0000000000000000000000000000000000000000000000000000000000000000>, C4<0000000000000000000000000000000000000000000000000000000000000000>;
L_0x7fc65ab22e50 .functor BUFZ 64, L_0x7fc65ab22d70, C4<0000000000000000000000000000000000000000000000000000000000000000>, C4<0000000000000000000000000000000000000000000000000000000000000000>, C4<0000000000000000000000000000000000000000000000000000000000000000>;
L_0x7fc65ab233b0 .functor AND 1, L_0x7fc65ab23be0, L_0x7fc65ab23a70, C4<1>, C4<1>;
L_0x7fc65ab23270 .functor BUFZ 64, v0x7fc65ab1d960_0, C4<0000000000000000000000000000000000000000000000000000000000000000>, C4<0000000000000000000000000000000000000000000000000000000000000000>, C4<0000000000000000000000000000000000000000000000000000000000000000>;
L_0x7fc65ab246a0 .functor BUFZ 66, L_0x7fc65ab24600, C4<000000000000000000000000000000000000000000000000000000000000000000>, C4<000000000000000000000000000000000000000000000000000000000000000000>, C4<000000000000000000000000000000000000000000000000000000000000000000>;
L_0x7fc65ab25a30 .functor BUFZ 64, v0x7fc65ab1d2e0_0, C4<0000000000000000000000000000000000000000000000000000000000000000>, C4<0000000000000000000000000000000000000000000000000000000000000000>, C4<0000000000000000000000000000000000000000000000000000000000000000>;
v0x7fc65ab09770_0 .net *"_ivl_10", 65 0, L_0x7fc65ab210f0;  1 drivers
v0x7fc65ab19820_0 .net/s *"_ivl_100", 63 0, L_0x7fc65ab235d0;  1 drivers
L_0x7fc65aa63320 .functor BUFT 1, C4<0000000000000000000000000000000000000000000000000000000000000100>, C4<0>, C4<0>, C4<0>;
v0x7fc65ab198d0_0 .net/2s *"_ivl_106", 63 0, L_0x7fc65aa63320;  1 drivers
v0x7fc65ab19990_0 .net *"_ivl_108", 0 0, L_0x7fc65ab23950;  1 drivers
L_0x7fc65aa63368 .functor BUFT 1, C4<0000000000000000000000000000000000000000000000000000000000000001>, C4<0>, C4<0>, C4<0>;
v0x7fc65ab19a30_0 .net/2s *"_ivl_110", 63 0, L_0x7fc65aa63368;  1 drivers
L_0x7fc65aa633b0 .functor BUFT 1, C4<0000000000000000000000000000000000000000000000000000000000000000>, C4<0>, C4<0>, C4<0>;
v0x7fc65ab19b20_0 .net/2s *"_ivl_112", 63 0, L_0x7fc65aa633b0;  1 drivers
L_0x7fc65aa633f8 .functor BUFT 1, C4<0000000000000000000000000000000000000000000000000000000000000011>, C4<0>, C4<0>, C4<0>;
v0x7fc65ab19bd0_0 .net/2s *"_ivl_120", 63 0, L_0x7fc65aa633f8;  1 drivers
v0x7fc65ab19c80_0 .net *"_ivl_122", 0 0, L_0x7fc65ab23e40;  1 drivers
L_0x7fc65aa63440 .functor BUFT 1, C4<0000000000000000000000000000000000000000000000000000000000000001>, C4<0>, C4<0>, C4<0>;
v0x7fc65ab19d20_0 .net/2s *"_ivl_124", 63 0, L_0x7fc65aa63440;  1 drivers
L_0x7fc65aa63488 .functor BUFT 1, C4<0000000000000000000000000000000000000000000000000000000000000000>, C4<0>, C4<0>, C4<0>;
v0x7fc65ab19e30_0 .net/2s *"_ivl_126", 63 0, L_0x7fc65aa63488;  1 drivers
L_0x7fc65aa634d0 .functor BUFT 1, C4<0000000000000000000000000000000000000000000000000000000000000>, C4<0>, C4<0>, C4<0>;
v0x7fc65ab19ee0_0 .net *"_ivl_135", 60 0, L_0x7fc65aa634d0;  1 drivers
L_0x7fc65aa63518 .functor BUFT 1, C4<010>, C4<0>, C4<0>, C4<0>;
v0x7fc65ab19f90_0 .net/2u *"_ivl_136", 2 0, L_0x7fc65aa63518;  1 drivers
L_0x7fc65aa63560 .functor BUFT 1, C4<000>, C4<0>, C4<0>, C4<0>;
v0x7fc65ab1a040_0 .net/2u *"_ivl_138", 2 0, L_0x7fc65aa63560;  1 drivers
v0x7fc65ab1a0f0_0 .net *"_ivl_143", 65 0, L_0x7fc65ab24270;  1 drivers
L_0x7fc65aa635a8 .functor BUFT 1, C4<000000000000000000000000000000000000000000000000000000000000000000>, C4<0>, C4<0>, C4<0>;
v0x7fc65ab1a1a0_0 .net/2u *"_ivl_148", 65 0, L_0x7fc65aa635a8;  1 drivers
v0x7fc65ab1a250_0 .net *"_ivl_152", 65 0, L_0x7fc65ab24600;  1 drivers
L_0x7fc65aa635f0 .functor BUFT 1, C4<0>, C4<0>, C4<0>, C4<0>;
v0x7fc65ab1a300_0 .net/2u *"_ivl_156", 0 0, L_0x7fc65aa635f0;  1 drivers
v0x7fc65ab1a490_0 .net *"_ivl_16", 64 0, L_0x7fc65ab214a0;  1 drivers
L_0x7fc65aa63638 .functor BUFT 1, C4<0>, C4<0>, C4<0>, C4<0>;
v0x7fc65ab1a520_0 .net/2u *"_ivl_160", 0 0, L_0x7fc65aa63638;  1 drivers
v0x7fc65ab1a5d0_0 .net *"_ivl_169", 395 0, L_0x7fc65ab24f80;  1 drivers
L_0x7fc65aa63680 .functor BUFT 1, C4<0000000000000000000000000000000000000000000000000000000000000001>, C4<0>, C4<0>, C4<0>;
v0x7fc65ab1a680_0 .net/2s *"_ivl_178", 63 0, L_0x7fc65aa63680;  1 drivers
v0x7fc65ab1a730_0 .net *"_ivl_18", 64 0, L_0x7fc65ab215a0;  1 drivers
v0x7fc65ab1a7e0_0 .net/s *"_ivl_180", 63 0, L_0x7fc65ab25460;  1 drivers
L_0x7fc65aa636c8 .functor BUFT 1, C4<0000000000000000000000000000000000000000000000000000000000000110>, C4<0>, C4<0>, C4<0>;
v0x7fc65ab1a890_0 .net/2s *"_ivl_184", 63 0, L_0x7fc65aa636c8;  1 drivers
v0x7fc65ab1a940_0 .net *"_ivl_186", 0 0, L_0x7fc65ab25300;  1 drivers
L_0x7fc65aa63710 .functor BUFT 1, C4<0000000000000000000000000000000000000000000000000000000000000001>, C4<0>, C4<0>, C4<0>;
v0x7fc65ab1a9e0_0 .net/2s *"_ivl_188", 63 0, L_0x7fc65aa63710;  1 drivers
L_0x7fc65aa63758 .functor BUFT 1, C4<0000000000000000000000000000000000000000000000000000000000000000>, C4<0>, C4<0>, C4<0>;
v0x7fc65ab1aa90_0 .net/2s *"_ivl_190", 63 0, L_0x7fc65aa63758;  1 drivers
L_0x7fc65aa637a0 .functor BUFT 1, C4<0000000000000000000000000000000000000000000000000000000000000001>, C4<0>, C4<0>, C4<0>;
v0x7fc65ab1ab40_0 .net/2s *"_ivl_200", 63 0, L_0x7fc65aa637a0;  1 drivers
v0x7fc65ab1abf0_0 .net *"_ivl_205", 194 0, L_0x7fc65ab25df0;  1 drivers
v0x7fc65ab1aca0_0 .net *"_ivl_207", 2 0, L_0x7fc65ab25be0;  1 drivers
v0x7fc65ab1ad50_0 .net *"_ivl_209", 0 0, L_0x7fc65ab25c80;  1 drivers
v0x7fc65ab1ae00_0 .net *"_ivl_21", 63 0, L_0x7fc65ab21640;  1 drivers
v0x7fc65ab1aeb0_0 .net *"_ivl_211", 63 0, L_0x7fc65ab25d20;  1 drivers
v0x7fc65ab1a3b0_0 .net *"_ivl_213", 0 0, L_0x7fc65ab26140;  1 drivers
v0x7fc65ab1b140_0 .net *"_ivl_214", 71 0, L_0x7fc65ab25e90;  1 drivers
v0x7fc65ab1b1d0_0 .net *"_ivl_22", 64 0, L_0x7fc65ab21790;  1 drivers
v0x7fc65ab1b270_0 .net *"_ivl_24", 194 0, L_0x7fc65ab21870;  1 drivers
v0x7fc65ab1b320_0 .net *"_ivl_26", 67 0, L_0x7fc65ab21a50;  1 drivers
L_0x7fc65aa63008 .functor BUFT 1, C4<0000000000000000000000000000000000000000000000000000000000000000>, C4<0>, C4<0>, C4<0>;
v0x7fc65ab1b3d0_0 .net/2s *"_ivl_32", 63 0, L_0x7fc65aa63008;  1 drivers
v0x7fc65ab1b480_0 .net *"_ivl_34", 0 0, L_0x7fc65ab21da0;  1 drivers
L_0x7fc65aa63050 .functor BUFT 1, C4<0000000000000000000000000000000000000000000000000000000000000001>, C4<0>, C4<0>, C4<0>;
v0x7fc65ab1b520_0 .net/2s *"_ivl_36", 63 0, L_0x7fc65aa63050;  1 drivers
L_0x7fc65aa63098 .functor BUFT 1, C4<0000000000000000000000000000000000000000000000000000000000000000>, C4<0>, C4<0>, C4<0>;
v0x7fc65ab1b5d0_0 .net/2s *"_ivl_38", 63 0, L_0x7fc65aa63098;  1 drivers
L_0x7fc65aa630e0 .functor BUFT 1, C4<0000000000000000000000000000000000000000000000000000000000000101>, C4<0>, C4<0>, C4<0>;
v0x7fc65ab1b680_0 .net/2s *"_ivl_44", 63 0, L_0x7fc65aa630e0;  1 drivers
v0x7fc65ab1b730_0 .net *"_ivl_46", 0 0, L_0x7fc65ab221c0;  1 drivers
L_0x7fc65aa63128 .functor BUFT 1, C4<0000000000000000000000000000000000000000000000000000000000000001>, C4<0>, C4<0>, C4<0>;
v0x7fc65ab1b7d0_0 .net/2s *"_ivl_48", 63 0, L_0x7fc65aa63128;  1 drivers
L_0x7fc65aa63170 .functor BUFT 1, C4<0000000000000000000000000000000000000000000000000000000000000000>, C4<0>, C4<0>, C4<0>;
v0x7fc65ab1b880_0 .net/2s *"_ivl_50", 63 0, L_0x7fc65aa63170;  1 drivers
L_0x7fc65aa631b8 .functor BUFT 1, C4<0000000000000000000000000000000000000000000000000000000000000001>, C4<0>, C4<0>, C4<0>;
v0x7fc65ab1b930_0 .net/2s *"_ivl_58", 63 0, L_0x7fc65aa631b8;  1 drivers
v0x7fc65ab1b9e0_0 .net/s *"_ivl_60", 63 0, L_0x7fc65ab225d0;  1 drivers
v0x7fc65ab1ba90_0 .net/s *"_ivl_68", 63 0, L_0x7fc65ab22a70;  1 drivers
v0x7fc65ab1bb40_0 .net *"_ivl_8", 0 0, L_0x7fc65ab21040;  1 drivers
L_0x7fc65aa63200 .functor BUFT 1, C4<0000000000000000000000000000000000000000000000000000000000000010>, C4<0>, C4<0>, C4<0>;
v0x7fc65ab1bbf0_0 .net/2s *"_ivl_80", 63 0, L_0x7fc65aa63200;  1 drivers
v0x7fc65ab1bca0_0 .net *"_ivl_82", 0 0, L_0x7fc65ab22c10;  1 drivers
L_0x7fc65aa63248 .functor BUFT 1, C4<0000000000000000000000000000000000000000000000000000000000000001>, C4<0>, C4<0>, C4<0>;
v0x7fc65ab1bd40_0 .net/2s *"_ivl_84", 63 0, L_0x7fc65aa63248;  1 drivers
L_0x7fc65aa63290 .functor BUFT 1, C4<0000000000000000000000000000000000000000000000000000000000000000>, C4<0>, C4<0>, C4<0>;
v0x7fc65ab1bdf0_0 .net/2s *"_ivl_86", 63 0, L_0x7fc65aa63290;  1 drivers
L_0x7fc65aa632d8 .functor BUFT 1, C4<0000000000000000000000000000000000000000000000000000000000000001>, C4<0>, C4<0>, C4<0>;
v0x7fc65ab1bea0_0 .net/2s *"_ivl_98", 63 0, L_0x7fc65aa632d8;  1 drivers
v0x7fc65ab1bf50_0 .net/s "a#", 63 0, L_0x7fc65ab23ee0;  1 drivers
v0x7fc65ab1c000_0 .var "buffer", 395 0;
v0x7fc65ab1c0b0_0 .var "c$app_arg", 65 0;
v0x7fc65ab1c160_0 .var "c$app_arg_0", 0 0;
v0x7fc65ab1c200_0 .var "c$app_arg_1", 0 0;
v0x7fc65ab1c2a0_0 .net "c$buffer_case_alt", 395 0, L_0x7fc65ab24c30;  1 drivers
v0x7fc65ab1c350_0 .net "c$buffer_case_alt_0", 395 0, L_0x7fc65ab24cd0;  1 drivers
v0x7fc65ab1c400_0 .net "c$buffer_case_alt_sel_alt_t_1", 461 0, L_0x7fc65ab24ab0;  1 drivers
v0x7fc65ab1c4b0_0 .net "c$case_alt", 65 0, L_0x7fc65ab24780;  1 drivers
v0x7fc65ab1c560_0 .var "c$case_alt_0", 65 0;
v0x7fc65ab1af60_0 .net "c$case_alt_1", 65 0, L_0x7fc65ab246a0;  1 drivers
v0x7fc65ab1b010_0 .net "c$case_alt_2", 0 0, L_0x7fc65ab249b0;  1 drivers
v0x7fc65ab1b0b0_0 .var "c$case_alt_3", 0 0;
v0x7fc65ab1c600_0 .net "c$case_alt_4", 0 0, L_0x7fc65ab248c0;  1 drivers
v0x7fc65ab1c6a0_0 .net/s "c$cursor_case_alt", 63 0, L_0x7fc65ab25020;  1 drivers
v0x7fc65ab1c750_0 .net/s "c$cursor_case_alt_0", 63 0, L_0x7fc65ab250c0;  1 drivers
v0x7fc65ab1c800_0 .var/s "c$cursor_case_alt_1", 63 0;
v0x7fc65ab1c8b0_0 .net/s "c$cursor_case_alt_2", 63 0, L_0x7fc65ab25500;  1 drivers
v0x7fc65ab1c960_0 .net/s "c$cursor_case_alt_3", 63 0, L_0x7fc65ab25b40;  1 drivers
v0x7fc65ab1ca10_0 .var/s "c$cursor_case_alt_4", 63 0;
v0x7fc65ab1cac0_0 .net/s "c$cursor_case_alt_5", 63 0, L_0x7fc65ab258b0;  1 drivers
v0x7fc65ab1cb70_0 .net "c$cursor_case_scrut", 0 0, L_0x7fc65ab25660;  1 drivers
v0x7fc65ab1cc10_0 .net "c$eventInfo_app_arg", 65 0, L_0x7fc65ab24560;  1 drivers
v0x7fc65ab1ccc0_0 .var "c$state_app_arg", 2 0;
v0x7fc65ab1cd70_0 .net "c$state_case_alt", 2 0, L_0x7fc65ab24350;  1 drivers
v0x7fc65ab1ce20_0 .net/s "c$tte_rhs", 63 0, L_0x7fc65ab21f00;  1 drivers
v0x7fc65ab1ced0_0 .net/s "c$tte_rhs_0", 63 0, L_0x7fc65ab222e0;  1 drivers
v0x7fc65ab1cf80_0 .net/s "c$tte_rhs_1", 63 0, L_0x7fc65ab23190;  1 drivers
v0x7fc65ab1d030_0 .net/s "c$tte_rhs_2", 63 0, L_0x7fc65ab23830;  1 drivers
v0x7fc65ab1d0e0_0 .net/s "c$tte_rhs_3", 63 0, L_0x7fc65ab24030;  1 drivers
v0x7fc65ab1d190_0 .net/s "c$tte_rhs_4", 63 0, L_0x7fc65ab25790;  1 drivers
v0x7fc65ab1d240_0 .net "clk", 0 0, v0x7fc65ab072f0_0;  1 drivers
v0x7fc65ab1d2e0_0 .var/s "cursor", 63 0;
v0x7fc65ab1d390_0 .net "en", 0 0, v0x7fc65ab1fd70_0;  1 drivers
v0x7fc65ab1d430_0 .net "eta", 0 0, L_0x7fc65ab22560;  1 drivers
v0x7fc65ab1d4d0_0 .net "eta_0", 0 0, L_0x7fc65ab22950;  1 drivers
v0x7fc65ab1d570_0 .net "eta_1", 0 0, L_0x7fc65ab233b0;  1 drivers
v0x7fc65ab1d610_0 .var "eventInfo", 65 0;
v0x7fc65ab1d6c0_0 .net "input0", 64 0, L_0x7fc65ab20ee0;  1 drivers
v0x7fc65ab1d770_0 .net/s "input0_0", 63 0, v0x7fc65ab1fe00_0;  1 drivers
v0x7fc65ab1d820_0 .net "input0_1", 0 0, v0x7fc65ab20030_0;  1 drivers
v0x7fc65ab1d8c0_0 .net "newX", 0 0, L_0x7fc65ab21380;  1 drivers
v0x7fc65ab1d960_0 .var/s "out", 63 0;
v0x7fc65ab1da10_0 .net "outAktvABC", 0 0, L_0x7fc65ab21cc0;  1 drivers
v0x7fc65ab1dab0_0 .var/s "out_0", 63 0;
v0x7fc65ab1db60_0 .var "out_1", 127 0;
v0x7fc65ab1dc10_0 .net "pacingABC", 0 0, L_0x7fc65ab23a70;  1 drivers
v0x7fc65ab1dcb0_0 .net "qData", 65 0, L_0x7fc65ab251e0;  1 drivers
v0x7fc65ab1dd60_0 .net "qPop", 0 0, L_0x7fc65ab26720;  1 drivers
v0x7fc65ab1de00_0 .net "qPopValid", 0 0, L_0x7fc65ab261e0;  1 drivers
v0x7fc65ab1dea0_0 .net "qPush", 0 0, L_0x7fc65ab26380;  1 drivers
v0x7fc65ab1df40_0 .net "result", 266 0, L_0x7fc65ab26420;  1 drivers
v0x7fc65ab1dff0_0 .net "result_0", 194 0, L_0x7fc65ab267c0;  1 drivers
v0x7fc65ab1e0a0_0 .net "result_0_0", 64 0, L_0x7fc65ab26560;  1 drivers
v0x7fc65ab1e150_0 .net/s "result_0_0_0", 63 0, L_0x7fc65ab26860;  alias, 1 drivers
v0x7fc65ab1e200_0 .net "result_0_0_1", 0 0, L_0x7fc65ab26940;  alias, 1 drivers
v0x7fc65ab1e2a0_0 .net "result_0_1", 64 0, L_0x7fc65ab26600;  1 drivers
v0x7fc65ab1e350_0 .net/s "result_0_1_0", 63 0, L_0x7fc65ab26a20;  alias, 1 drivers
v0x7fc65ab1e400_0 .net "result_0_1_1", 0 0, L_0x7fc65ab26ea0;  alias, 1 drivers
v0x7fc65ab1e4a0_0 .net "result_0_2", 64 0, L_0x7fc65ab26ae0;  1 drivers
v0x7fc65ab1e550_0 .net/s "result_0_2_0", 63 0, L_0x7fc65ab26b80;  alias, 1 drivers
v0x7fc65ab1e600_0 .net "result_0_2_1", 0 0, L_0x7fc65ab26ca0;  alias, 1 drivers
v0x7fc65ab1e6a0_0 .net "result_1", 71 0, L_0x7fc65ab264c0;  1 drivers
v0x7fc65ab1e750_0 .net "result_10", 0 0, L_0x7fc65ab23be0;  1 drivers
v0x7fc65ab1e7f0_0 .net "result_11", 0 0, L_0x7fc65ab240d0;  1 drivers
v0x7fc65ab1e890_0 .net "result_12", 67 0, L_0x7fc65ab24430;  1 drivers
v0x7fc65ab1e940_0 .net "result_1_0", 2 0, L_0x7fc65ab26d40;  alias, 1 drivers
v0x7fc65ab1e9f0_0 .net "result_1_1", 0 0, L_0x7fc65ab27280;  alias, 1 drivers
v0x7fc65ab1ea90_0 .net "result_1_2", 0 0, L_0x7fc65ab26f80;  alias, 1 drivers
v0x7fc65ab1eb30_0 .net "result_1_3", 0 0, L_0x7fc65ab270e0;  alias, 1 drivers
v0x7fc65ab1ebd0_0 .net "result_1_4", 0 0, L_0x7fc65ab27180;  alias, 1 drivers
v0x7fc65ab1ec70_0 .net/s "result_1_5", 63 0, L_0x7fc65ab27680;  alias, 1 drivers
v0x7fc65ab1ed20_0 .net "result_1_6", 0 0, L_0x7fc65ab27360;  alias, 1 drivers
v0x7fc65ab1edc0_0 .net "result_2", 66 0, L_0x7fc65ab211f0;  1 drivers
v0x7fc65ab1ee70_0 .net "result_3", 263 0, L_0x7fc65ab21af0;  1 drivers
v0x7fc65ab1ef20_0 .net "result_4", 0 0, L_0x7fc65ab220a0;  1 drivers
v0x7fc65ab1efc0_0 .net "result_5", 0 0, L_0x7fc65ab22440;  1 drivers
v0x7fc65ab1f060_0 .net/s "result_6", 63 0, L_0x7fc65ab226f0;  1 drivers
v0x7fc65ab1f110_0 .net/s "result_7", 63 0, L_0x7fc65ab22b70;  1 drivers
v0x7fc65ab1f1c0_0 .net "result_8", 0 0, L_0x7fc65ab23060;  1 drivers
v0x7fc65ab1f260_0 .net "result_9", 127 0, L_0x7fc65ab23420;  1 drivers
v0x7fc65ab1f310_0 .net "rst", 0 0, v0x7fc65ab209b0_0;  1 drivers
v0x7fc65ab1f3b0_0 .var "state", 2 0;
v0x7fc65ab1f460_0 .net "t", 127 0, L_0x7fc65ab234c0;  1 drivers
v0x7fc65ab1f510_0 .net "t_projection", 191 0, L_0x7fc65ab236d0;  1 drivers
v0x7fc65ab1f5c0 .array "vecArray", 5 0;
v0x7fc65ab1f5c0_0 .net v0x7fc65ab1f5c0 0, 65 0, L_0x7fc65ab20e40; 1 drivers
v0x7fc65ab1f5c0_1 .net v0x7fc65ab1f5c0 1, 65 0, L_0x7fc65ab20da0; 1 drivers
v0x7fc65ab1f5c0_2 .net v0x7fc65ab1f5c0 2, 65 0, L_0x7fc65ab20c60; 1 drivers
v0x7fc65ab1f5c0_3 .net v0x7fc65ab1f5c0 3, 65 0, L_0x7fc65ab20bc0; 1 drivers
v0x7fc65ab1f5c0_4 .net v0x7fc65ab1f5c0 4, 65 0, L_0x7fc65ab20ae0; 1 drivers
v0x7fc65ab1f5c0_5 .net v0x7fc65ab1f5c0 5, 65 0, L_0x7fc65ab20a40; 1 drivers
v0x7fc65ab1f6f0_0 .net/s "x", 63 0, L_0x7fc65ab22860;  1 drivers
v0x7fc65ab1f7a0_0 .net/s "x_0", 63 0, L_0x7fc65ab227d0;  1 drivers
v0x7fc65ab1f850_0 .net/s "x_1", 63 0, L_0x7fc65ab22f80;  1 drivers
v0x7fc65ab1f900_0 .net/s "x_2", 63 0, L_0x7fc65ab23270;  1 drivers
v0x7fc65ab1f9b0_0 .net/s "x_3", 63 0, L_0x7fc65ab25a30;  1 drivers
v0x7fc65ab1fa60_0 .net/s "y", 63 0, L_0x7fc65ab22e50;  1 drivers
v0x7fc65ab1fb10_0 .net/s "y_projection", 63 0, L_0x7fc65ab22d70;  1 drivers
E_0x7fc65ab07530 .event anyedge, v0x7fc65ab1f9b0_0, v0x7fc65ab1cac0_0;
E_0x7fc65ab07590 .event anyedge, v0x7fc65ab1f9b0_0, v0x7fc65ab1d2e0_0;
E_0x7fc65ab075e0 .event posedge, v0x7fc65ab1f310_0, v0x7fc65ab1d240_0;
E_0x7fc65ab07620 .event anyedge, v0x7fc65ab1f9b0_0;
E_0x7fc65ab07670 .event anyedge, v0x7fc65ab1f9b0_0, v0x7fc65ab1af60_0;
E_0x7fc65ab076f0 .event anyedge, v0x7fc65ab1f3b0_0, v0x7fc65ab1cd70_0;
L_0x7fc65ab20a40 .part v0x7fc65ab1c000_0, 0, 66;
L_0x7fc65ab20ae0 .part v0x7fc65ab1c000_0, 66, 66;
L_0x7fc65ab20bc0 .part v0x7fc65ab1c000_0, 132, 66;
L_0x7fc65ab20c60 .part v0x7fc65ab1c000_0, 198, 66;
L_0x7fc65ab20da0 .part v0x7fc65ab1c000_0, 264, 66;
L_0x7fc65ab20e40 .part v0x7fc65ab1c000_0, 330, 66;
L_0x7fc65ab20ee0 .concat [ 1 64 0 0], v0x7fc65ab20030_0, v0x7fc65ab1fe00_0;
L_0x7fc65ab210f0 .concat [ 1 65 0 0], L_0x7fc65ab21380, L_0x7fc65ab20ee0;
L_0x7fc65ab211f0 .concat [ 66 1 0 0], L_0x7fc65ab210f0, L_0x7fc65ab21040;
L_0x7fc65ab21380 .part L_0x7fc65ab20ee0, 0, 1;
L_0x7fc65ab214a0 .concat [ 1 64 0 0], L_0x7fc65ab21cc0, v0x7fc65ab1dab0_0;
L_0x7fc65ab215a0 .concat [ 1 64 0 0], L_0x7fc65ab21cc0, v0x7fc65ab1d960_0;
L_0x7fc65ab21640 .part v0x7fc65ab1db60_0, 0, 64;
L_0x7fc65ab21790 .concat [ 1 64 0 0], L_0x7fc65ab21cc0, L_0x7fc65ab21640;
L_0x7fc65ab21870 .concat [ 65 65 65 0], L_0x7fc65ab21790, L_0x7fc65ab215a0, L_0x7fc65ab214a0;
L_0x7fc65ab21a50 .concat [ 1 64 3 0], L_0x7fc65ab23a70, L_0x7fc65ab22f80, v0x7fc65ab1f3b0_0;
L_0x7fc65ab21af0 .concat [ 68 195 1 0], L_0x7fc65ab21a50, L_0x7fc65ab21870, L_0x7fc65ab220a0;
L_0x7fc65ab21da0 .cmp/eq 64, L_0x7fc65ab23ee0, L_0x7fc65aa63008;
L_0x7fc65ab21f00 .functor MUXZ 64, L_0x7fc65aa63098, L_0x7fc65aa63050, L_0x7fc65ab21da0, C4<>;
L_0x7fc65ab220a0 .part L_0x7fc65ab21f00, 0, 1;
L_0x7fc65ab221c0 .cmp/eq 64, L_0x7fc65ab23ee0, L_0x7fc65aa630e0;
L_0x7fc65ab222e0 .functor MUXZ 64, L_0x7fc65aa63170, L_0x7fc65aa63128, L_0x7fc65ab221c0, C4<>;
L_0x7fc65ab22440 .part L_0x7fc65ab222e0, 0, 1;
L_0x7fc65ab225d0 .arith/sum 64, L_0x7fc65ab22860, L_0x7fc65aa631b8;
L_0x7fc65ab226f0 .functor MUXZ 64, v0x7fc65ab1d960_0, L_0x7fc65ab225d0, L_0x7fc65ab22560, C4<>;
L_0x7fc65ab22a70 .arith/sum 64, L_0x7fc65ab227d0, L_0x7fc65ab22e50;
L_0x7fc65ab22b70 .functor MUXZ 64, v0x7fc65ab1dab0_0, L_0x7fc65ab22a70, L_0x7fc65ab22950, C4<>;
L_0x7fc65ab22d70 .part v0x7fc65ab1db60_0, 64, 64;
L_0x7fc65ab22f80 .part v0x7fc65ab1d610_0, 2, 64;
L_0x7fc65ab22c10 .cmp/eq 64, L_0x7fc65ab23ee0, L_0x7fc65aa63200;
L_0x7fc65ab23190 .functor MUXZ 64, L_0x7fc65aa63290, L_0x7fc65aa63248, L_0x7fc65ab22c10, C4<>;
L_0x7fc65ab23060 .part L_0x7fc65ab23190, 0, 1;
L_0x7fc65ab23420 .functor MUXZ 128, v0x7fc65ab1db60_0, L_0x7fc65ab234c0, L_0x7fc65ab233b0, C4<>;
L_0x7fc65ab235d0 .arith/sum 64, L_0x7fc65ab23270, L_0x7fc65aa632d8;
L_0x7fc65ab236d0 .concat [ 64 128 0 0], L_0x7fc65ab235d0, v0x7fc65ab1db60_0;
L_0x7fc65ab234c0 .part L_0x7fc65ab236d0, 0, 128;
L_0x7fc65ab23950 .cmp/eq 64, L_0x7fc65ab23ee0, L_0x7fc65aa63320;
L_0x7fc65ab23830 .functor MUXZ 64, L_0x7fc65aa633b0, L_0x7fc65aa63368, L_0x7fc65ab23950, C4<>;
L_0x7fc65ab23be0 .part L_0x7fc65ab23830, 0, 1;
L_0x7fc65ab23a70 .part v0x7fc65ab1d610_0, 0, 1;
L_0x7fc65ab23e40 .cmp/eq 64, L_0x7fc65ab23ee0, L_0x7fc65aa633f8;
L_0x7fc65ab24030 .functor MUXZ 64, L_0x7fc65aa63488, L_0x7fc65aa63440, L_0x7fc65ab23e40, C4<>;
L_0x7fc65ab240d0 .part L_0x7fc65ab24030, 0, 1;
L_0x7fc65ab23ee0 .concat [ 3 61 0 0], v0x7fc65ab1f3b0_0, L_0x7fc65aa634d0;
L_0x7fc65ab24350 .functor MUXZ 3, L_0x7fc65aa63560, L_0x7fc65aa63518, L_0x7fc65ab261e0, C4<>;
L_0x7fc65ab24270 .part L_0x7fc65ab24430, 0, 66;
L_0x7fc65ab24560 .functor MUXZ 66, v0x7fc65ab1d610_0, L_0x7fc65ab24270, L_0x7fc65ab261e0, C4<>;
L_0x7fc65ab24430 .concat [ 66 1 1 0], v0x7fc65ab1c0b0_0, v0x7fc65ab1c160_0, v0x7fc65ab1c200_0;
L_0x7fc65ab24780 .functor MUXZ 66, L_0x7fc65aa635a8, v0x7fc65ab1c560_0, L_0x7fc65ab26720, C4<>;
L_0x7fc65ab24600 .array/port v0x7fc65ab1f5c0, L_0x7fc65ab258b0;
L_0x7fc65ab249b0 .functor MUXZ 1, L_0x7fc65aa635f0, v0x7fc65ab1b0b0_0, L_0x7fc65ab26720, C4<>;
L_0x7fc65ab248c0 .functor MUXZ 1, L_0x7fc65aa63638, L_0x7fc65ab25660, L_0x7fc65ab26380, C4<>;
L_0x7fc65ab24c30 .functor MUXZ 396, v0x7fc65ab1c000_0, L_0x7fc65ab24cd0, L_0x7fc65ab26380, C4<>;
L_0x7fc65ab24ab0 .concat [ 396 66 0 0], v0x7fc65ab1c000_0, L_0x7fc65ab251e0;
L_0x7fc65ab24f80 .part L_0x7fc65ab24ab0, 66, 396;
L_0x7fc65ab24cd0 .functor MUXZ 396, v0x7fc65ab1c000_0, L_0x7fc65ab24f80, L_0x7fc65ab25660, C4<>;
L_0x7fc65ab251e0 .part L_0x7fc65ab211f0, 0, 66;
L_0x7fc65ab25020 .functor MUXZ 64, L_0x7fc65ab25b40, L_0x7fc65ab250c0, L_0x7fc65ab26380, C4<>;
L_0x7fc65ab250c0 .functor MUXZ 64, L_0x7fc65ab25500, v0x7fc65ab1c800_0, L_0x7fc65ab26720, C4<>;
L_0x7fc65ab25460 .arith/sum 64, L_0x7fc65ab25a30, L_0x7fc65aa63680;
L_0x7fc65ab25500 .functor MUXZ 64, v0x7fc65ab1d2e0_0, L_0x7fc65ab25460, L_0x7fc65ab25660, C4<>;
L_0x7fc65ab25300 .cmp/ne 64, L_0x7fc65ab25a30, L_0x7fc65aa636c8;
L_0x7fc65ab25790 .functor MUXZ 64, L_0x7fc65aa63758, L_0x7fc65aa63710, L_0x7fc65ab25300, C4<>;
L_0x7fc65ab25660 .part L_0x7fc65ab25790, 0, 1;
L_0x7fc65ab25b40 .functor MUXZ 64, v0x7fc65ab1d2e0_0, v0x7fc65ab1ca10_0, L_0x7fc65ab26720, C4<>;
L_0x7fc65ab258b0 .arith/sub 64, L_0x7fc65ab25a30, L_0x7fc65aa637a0;
L_0x7fc65ab25df0 .part L_0x7fc65ab21af0, 68, 195;
L_0x7fc65ab25be0 .part L_0x7fc65ab21af0, 65, 3;
L_0x7fc65ab25c80 .part L_0x7fc65ab24430, 67, 1;
L_0x7fc65ab25d20 .part L_0x7fc65ab21af0, 1, 64;
L_0x7fc65ab26140 .part L_0x7fc65ab21af0, 0, 1;
LS_0x7fc65ab25e90_0_0 .concat [ 1 64 1 1], L_0x7fc65ab26140, L_0x7fc65ab25d20, L_0x7fc65ab261e0, L_0x7fc65ab25c80;
LS_0x7fc65ab25e90_0_4 .concat [ 1 1 3 0], L_0x7fc65ab26720, L_0x7fc65ab26380, L_0x7fc65ab25be0;
L_0x7fc65ab25e90 .concat [ 67 5 0 0], LS_0x7fc65ab25e90_0_0, LS_0x7fc65ab25e90_0_4;
L_0x7fc65ab26420 .concat [ 72 195 0 0], L_0x7fc65ab25e90, L_0x7fc65ab25df0;
L_0x7fc65ab261e0 .part L_0x7fc65ab24430, 66, 1;
L_0x7fc65ab26380 .part L_0x7fc65ab211f0, 66, 1;
L_0x7fc65ab26720 .part L_0x7fc65ab21af0, 263, 1;
L_0x7fc65ab267c0 .part L_0x7fc65ab26420, 72, 195;
L_0x7fc65ab264c0 .part L_0x7fc65ab26420, 0, 72;
L_0x7fc65ab26560 .part L_0x7fc65ab267c0, 130, 65;
L_0x7fc65ab26600 .part L_0x7fc65ab267c0, 65, 65;
L_0x7fc65ab26ae0 .part L_0x7fc65ab267c0, 0, 65;
L_0x7fc65ab26860 .part L_0x7fc65ab26560, 1, 64;
L_0x7fc65ab26940 .part L_0x7fc65ab26560, 0, 1;
L_0x7fc65ab26a20 .part L_0x7fc65ab26600, 1, 64;
L_0x7fc65ab26ea0 .part L_0x7fc65ab26600, 0, 1;
L_0x7fc65ab26b80 .part L_0x7fc65ab26ae0, 1, 64;
L_0x7fc65ab26ca0 .part L_0x7fc65ab26ae0, 0, 1;
L_0x7fc65ab26d40 .part L_0x7fc65ab264c0, 69, 3;
L_0x7fc65ab27280 .part L_0x7fc65ab264c0, 68, 1;
L_0x7fc65ab26f80 .part L_0x7fc65ab264c0, 67, 1;
L_0x7fc65ab270e0 .part L_0x7fc65ab264c0, 66, 1;
L_0x7fc65ab27180 .part L_0x7fc65ab264c0, 65, 1;
L_0x7fc65ab27680 .part L_0x7fc65ab264c0, 1, 64;
L_0x7fc65ab27360 .part L_0x7fc65ab264c0, 0, 1;
S_0x7fc65ab07740 .scope begin, "buffer_register" "buffer_register" 3 343, 3 343 0, S_0x7fc65ab07170;
 .timescale -13 -13;
S_0x7fc65ab07910 .scope begin, "c$app_arg_0_register" "c$app_arg_0_register" 3 312, 3 312 0, S_0x7fc65ab07170;
 .timescale -13 -13;
S_0x7fc65ab07ae0 .scope begin, "c$app_arg_1_register" "c$app_arg_1_register" 3 331, 3 331 0, S_0x7fc65ab07170;
 .timescale -13 -13;
S_0x7fc65ab07ca0 .scope begin, "c$app_arg_register" "c$app_arg_register" 3 280, 3 280 0, S_0x7fc65ab07170;
 .timescale -13 -13;
S_0x7fc65ab07e60 .scope begin, "cursor_register" "cursor_register" 3 364, 3 364 0, S_0x7fc65ab07170;
 .timescale -13 -13;
S_0x7fc65ab08060 .scope begin, "eventInfo_register" "eventInfo_register" 3 267, 3 267 0, S_0x7fc65ab07170;
 .timescale -13 -13;
S_0x7fc65ab08220 .scope generate, "mk_array[0]" "mk_array[0]" 3 304, 3 304 0, S_0x7fc65ab07170;
 .timescale -13 -13;
P_0x7fc65ab083e0 .param/l "i" 1 3 304, +C4<00>;
S_0x7fc65ab08470 .scope generate, "mk_array[1]" "mk_array[1]" 3 304, 3 304 0, S_0x7fc65ab07170;
 .timescale -13 -13;
P_0x7fc65ab08630 .param/l "i" 1 3 304, +C4<01>;
S_0x7fc65ab086b0 .scope generate, "mk_array[2]" "mk_array[2]" 3 304, 3 304 0, S_0x7fc65ab07170;
 .timescale -13 -13;
P_0x7fc65ab08020 .param/l "i" 1 3 304, +C4<010>;
S_0x7fc65ab08950 .scope generate, "mk_array[3]" "mk_array[3]" 3 304, 3 304 0, S_0x7fc65ab07170;
 .timescale -13 -13;
P_0x7fc65ab08b10 .param/l "i" 1 3 304, +C4<011>;
S_0x7fc65ab08bb0 .scope generate, "mk_array[4]" "mk_array[4]" 3 304, 3 304 0, S_0x7fc65ab07170;
 .timescale -13 -13;
P_0x7fc65ab08d70 .param/l "i" 1 3 304, +C4<0100>;
S_0x7fc65ab08e10 .scope generate, "mk_array[5]" "mk_array[5]" 3 304, 3 304 0, S_0x7fc65ab07170;
 .timescale -13 -13;
P_0x7fc65ab08fd0 .param/l "i" 1 3 304, +C4<0101>;
S_0x7fc65ab09070 .scope begin, "out_0_register" "out_0_register" 3 186, 3 186 0, S_0x7fc65ab07170;
 .timescale -13 -13;
S_0x7fc65ab09230 .scope begin, "out_1_register" "out_1_register" 3 214, 3 214 0, S_0x7fc65ab07170;
 .timescale -13 -13;
S_0x7fc65ab093f0 .scope begin, "out_register" "out_register" 3 170, 3 170 0, S_0x7fc65ab07170;
 .timescale -13 -13;
S_0x7fc65ab095b0 .scope begin, "state_register" "state_register" 3 253, 3 253 0, S_0x7fc65ab07170;
 .timescale -13 -13;
    .scope S_0x7fc65ab07170;
T_0 ;
    %pushi/vec4 0, 0, 64;
    %store/vec4 v0x7fc65ab1d960_0, 0, 64;
    %pushi/vec4 0, 0, 64;
    %store/vec4 v0x7fc65ab1dab0_0, 0, 64;
    %pushi/vec4 0, 0, 128;
    %store/vec4 v0x7fc65ab1db60_0, 0, 128;
    %pushi/vec4 0, 0, 3;
    %store/vec4 v0x7fc65ab1f3b0_0, 0, 3;
    %pushi/vec4 0, 0, 66;
    %store/vec4 v0x7fc65ab1d610_0, 0, 66;
    %pushi/vec4 0, 0, 66;
    %store/vec4 v0x7fc65ab1c0b0_0, 0, 66;
    %pushi/vec4 0, 0, 1;
    %store/vec4 v0x7fc65ab1c160_0, 0, 1;
    %pushi/vec4 0, 0, 1;
    %store/vec4 v0x7fc65ab1c200_0, 0, 1;
    %pushi/vec4 0, 0, 396;
    %store/vec4 v0x7fc65ab1c000_0, 0, 396;
    %pushi/vec4 0, 0, 64;
    %store/vec4 v0x7fc65ab1d2e0_0, 0, 64;
    %end;
    .thread T_0;
    .scope S_0x7fc65ab07170;
T_1 ;
    %wait E_0x7fc65ab075e0;
    %fork t_1, S_0x7fc65ab093f0;
    %jmp t_0;
    .scope S_0x7fc65ab093f0;
t_1 ;
    %load/vec4 v0x7fc65ab1f310_0;
    %flag_set/vec4 8;
    %jmp/0xz  T_1.0, 8;
    %pushi/vec4 0, 0, 64;
    %assign/vec4 v0x7fc65ab1d960_0, 0;
    %jmp T_1.1;
T_1.0 ;
    %load/vec4 v0x7fc65ab1d390_0;
    %flag_set/vec4 8;
    %jmp/0xz  T_1.2, 8;
    %load/vec4 v0x7fc65ab1f060_0;
    %assign/vec4 v0x7fc65ab1d960_0, 0;
T_1.2 ;
T_1.1 ;
    %end;
    .scope S_0x7fc65ab07170;
t_0 %join;
    %jmp T_1;
    .thread T_1;
    .scope S_0x7fc65ab07170;
T_2 ;
    %wait E_0x7fc65ab075e0;
    %fork t_3, S_0x7fc65ab09070;
    %jmp t_2;
    .scope S_0x7fc65ab09070;
t_3 ;
    %load/vec4 v0x7fc65ab1f310_0;
    %flag_set/vec4 8;
    %jmp/0xz  T_2.0, 8;
    %pushi/vec4 0, 0, 64;
    %assign/vec4 v0x7fc65ab1dab0_0, 0;
    %jmp T_2.1;
T_2.0 ;
    %load/vec4 v0x7fc65ab1d390_0;
    %flag_set/vec4 8;
    %jmp/0xz  T_2.2, 8;
    %load/vec4 v0x7fc65ab1f110_0;
    %assign/vec4 v0x7fc65ab1dab0_0, 0;
T_2.2 ;
T_2.1 ;
    %end;
    .scope S_0x7fc65ab07170;
t_2 %join;
    %jmp T_2;
    .thread T_2;
    .scope S_0x7fc65ab07170;
T_3 ;
    %wait E_0x7fc65ab075e0;
    %fork t_5, S_0x7fc65ab09230;
    %jmp t_4;
    .scope S_0x7fc65ab09230;
t_5 ;
    %load/vec4 v0x7fc65ab1f310_0;
    %flag_set/vec4 8;
    %jmp/0xz  T_3.0, 8;
    %pushi/vec4 0, 0, 128;
    %assign/vec4 v0x7fc65ab1db60_0, 0;
    %jmp T_3.1;
T_3.0 ;
    %load/vec4 v0x7fc65ab1d390_0;
    %flag_set/vec4 8;
    %jmp/0xz  T_3.2, 8;
    %load/vec4 v0x7fc65ab1f260_0;
    %assign/vec4 v0x7fc65ab1db60_0, 0;
T_3.2 ;
T_3.1 ;
    %end;
    .scope S_0x7fc65ab07170;
t_4 %join;
    %jmp T_3;
    .thread T_3;
    .scope S_0x7fc65ab07170;
T_4 ;
    %wait E_0x7fc65ab076f0;
    %load/vec4 v0x7fc65ab1f3b0_0;
    %dup/vec4;
    %pushi/vec4 0, 0, 3;
    %cmp/u;
    %jmp/1 T_4.0, 6;
    %dup/vec4;
    %pushi/vec4 1, 0, 3;
    %cmp/u;
    %jmp/1 T_4.1, 6;
    %dup/vec4;
    %pushi/vec4 2, 0, 3;
    %cmp/u;
    %jmp/1 T_4.2, 6;
    %dup/vec4;
    %pushi/vec4 3, 0, 3;
    %cmp/u;
    %jmp/1 T_4.3, 6;
    %dup/vec4;
    %pushi/vec4 4, 0, 3;
    %cmp/u;
    %jmp/1 T_4.4, 6;
    %pushi/vec4 0, 0, 3;
    %store/vec4 v0x7fc65ab1ccc0_0, 0, 3;
    %jmp T_4.6;
T_4.0 ;
    %pushi/vec4 1, 0, 3;
    %store/vec4 v0x7fc65ab1ccc0_0, 0, 3;
    %jmp T_4.6;
T_4.1 ;
    %load/vec4 v0x7fc65ab1cd70_0;
    %store/vec4 v0x7fc65ab1ccc0_0, 0, 3;
    %jmp T_4.6;
T_4.2 ;
    %pushi/vec4 3, 0, 3;
    %store/vec4 v0x7fc65ab1ccc0_0, 0, 3;
    %jmp T_4.6;
T_4.3 ;
    %pushi/vec4 4, 0, 3;
    %store/vec4 v0x7fc65ab1ccc0_0, 0, 3;
    %jmp T_4.6;
T_4.4 ;
    %pushi/vec4 5, 0, 3;
    %store/vec4 v0x7fc65ab1ccc0_0, 0, 3;
    %jmp T_4.6;
T_4.6 ;
    %pop/vec4 1;
    %jmp T_4;
    .thread T_4, $push;
    .scope S_0x7fc65ab07170;
T_5 ;
    %wait E_0x7fc65ab075e0;
    %fork t_7, S_0x7fc65ab095b0;
    %jmp t_6;
    .scope S_0x7fc65ab095b0;
t_7 ;
    %load/vec4 v0x7fc65ab1f310_0;
    %flag_set/vec4 8;
    %jmp/0xz  T_5.0, 8;
    %pushi/vec4 0, 0, 3;
    %assign/vec4 v0x7fc65ab1f3b0_0, 0;
    %jmp T_5.1;
T_5.0 ;
    %load/vec4 v0x7fc65ab1d390_0;
    %flag_set/vec4 8;
    %jmp/0xz  T_5.2, 8;
    %load/vec4 v0x7fc65ab1ccc0_0;
    %assign/vec4 v0x7fc65ab1f3b0_0, 0;
T_5.2 ;
T_5.1 ;
    %end;
    .scope S_0x7fc65ab07170;
t_6 %join;
    %jmp T_5;
    .thread T_5;
    .scope S_0x7fc65ab07170;
T_6 ;
    %wait E_0x7fc65ab075e0;
    %fork t_9, S_0x7fc65ab08060;
    %jmp t_8;
    .scope S_0x7fc65ab08060;
t_9 ;
    %load/vec4 v0x7fc65ab1f310_0;
    %flag_set/vec4 8;
    %jmp/0xz  T_6.0, 8;
    %pushi/vec4 0, 0, 66;
    %assign/vec4 v0x7fc65ab1d610_0, 0;
    %jmp T_6.1;
T_6.0 ;
    %load/vec4 v0x7fc65ab1d390_0;
    %flag_set/vec4 8;
    %jmp/0xz  T_6.2, 8;
    %load/vec4 v0x7fc65ab1cc10_0;
    %assign/vec4 v0x7fc65ab1d610_0, 0;
T_6.2 ;
T_6.1 ;
    %end;
    .scope S_0x7fc65ab07170;
t_8 %join;
    %jmp T_6;
    .thread T_6;
    .scope S_0x7fc65ab07170;
T_7 ;
    %wait E_0x7fc65ab075e0;
    %fork t_11, S_0x7fc65ab07ca0;
    %jmp t_10;
    .scope S_0x7fc65ab07ca0;
t_11 ;
    %load/vec4 v0x7fc65ab1f310_0;
    %flag_set/vec4 8;
    %jmp/0xz  T_7.0, 8;
    %pushi/vec4 0, 0, 66;
    %assign/vec4 v0x7fc65ab1c0b0_0, 0;
    %jmp T_7.1;
T_7.0 ;
    %load/vec4 v0x7fc65ab1d390_0;
    %flag_set/vec4 8;
    %jmp/0xz  T_7.2, 8;
    %load/vec4 v0x7fc65ab1c4b0_0;
    %assign/vec4 v0x7fc65ab1c0b0_0, 0;
T_7.2 ;
T_7.1 ;
    %end;
    .scope S_0x7fc65ab07170;
t_10 %join;
    %jmp T_7;
    .thread T_7;
    .scope S_0x7fc65ab07170;
T_8 ;
    %wait E_0x7fc65ab07670;
    %load/vec4 v0x7fc65ab1f9b0_0;
    %dup/vec4;
    %pushi/vec4 0, 0, 64;
    %cmp/u;
    %jmp/1 T_8.0, 6;
    %load/vec4 v0x7fc65ab1af60_0;
    %store/vec4 v0x7fc65ab1c560_0, 0, 66;
    %jmp T_8.2;
T_8.0 ;
    %pushi/vec4 0, 0, 66;
    %store/vec4 v0x7fc65ab1c560_0, 0, 66;
    %jmp T_8.2;
T_8.2 ;
    %pop/vec4 1;
    %jmp T_8;
    .thread T_8, $push;
    .scope S_0x7fc65ab07170;
T_9 ;
    %wait E_0x7fc65ab075e0;
    %fork t_13, S_0x7fc65ab07910;
    %jmp t_12;
    .scope S_0x7fc65ab07910;
t_13 ;
    %load/vec4 v0x7fc65ab1f310_0;
    %flag_set/vec4 8;
    %jmp/0xz  T_9.0, 8;
    %pushi/vec4 0, 0, 1;
    %assign/vec4 v0x7fc65ab1c160_0, 0;
    %jmp T_9.1;
T_9.0 ;
    %load/vec4 v0x7fc65ab1d390_0;
    %flag_set/vec4 8;
    %jmp/0xz  T_9.2, 8;
    %load/vec4 v0x7fc65ab1b010_0;
    %assign/vec4 v0x7fc65ab1c160_0, 0;
T_9.2 ;
T_9.1 ;
    %end;
    .scope S_0x7fc65ab07170;
t_12 %join;
    %jmp T_9;
    .thread T_9;
    .scope S_0x7fc65ab07170;
T_10 ;
    %wait E_0x7fc65ab07620;
    %load/vec4 v0x7fc65ab1f9b0_0;
    %dup/vec4;
    %pushi/vec4 0, 0, 64;
    %cmp/u;
    %jmp/1 T_10.0, 6;
    %pushi/vec4 1, 0, 1;
    %store/vec4 v0x7fc65ab1b0b0_0, 0, 1;
    %jmp T_10.2;
T_10.0 ;
    %pushi/vec4 0, 0, 1;
    %store/vec4 v0x7fc65ab1b0b0_0, 0, 1;
    %jmp T_10.2;
T_10.2 ;
    %pop/vec4 1;
    %jmp T_10;
    .thread T_10, $push;
    .scope S_0x7fc65ab07170;
T_11 ;
    %wait E_0x7fc65ab075e0;
    %fork t_15, S_0x7fc65ab07ae0;
    %jmp t_14;
    .scope S_0x7fc65ab07ae0;
t_15 ;
    %load/vec4 v0x7fc65ab1f310_0;
    %flag_set/vec4 8;
    %jmp/0xz  T_11.0, 8;
    %pushi/vec4 0, 0, 1;
    %assign/vec4 v0x7fc65ab1c200_0, 0;
    %jmp T_11.1;
T_11.0 ;
    %load/vec4 v0x7fc65ab1d390_0;
    %flag_set/vec4 8;
    %jmp/0xz  T_11.2, 8;
    %load/vec4 v0x7fc65ab1c600_0;
    %assign/vec4 v0x7fc65ab1c200_0, 0;
T_11.2 ;
T_11.1 ;
    %end;
    .scope S_0x7fc65ab07170;
t_14 %join;
    %jmp T_11;
    .thread T_11;
    .scope S_0x7fc65ab07170;
T_12 ;
    %wait E_0x7fc65ab075e0;
    %fork t_17, S_0x7fc65ab07740;
    %jmp t_16;
    .scope S_0x7fc65ab07740;
t_17 ;
    %load/vec4 v0x7fc65ab1f310_0;
    %flag_set/vec4 8;
    %jmp/0xz  T_12.0, 8;
    %pushi/vec4 0, 0, 396;
    %assign/vec4 v0x7fc65ab1c000_0, 0;
    %jmp T_12.1;
T_12.0 ;
    %load/vec4 v0x7fc65ab1d390_0;
    %flag_set/vec4 8;
    %jmp/0xz  T_12.2, 8;
    %load/vec4 v0x7fc65ab1c2a0_0;
    %assign/vec4 v0x7fc65ab1c000_0, 0;
T_12.2 ;
T_12.1 ;
    %end;
    .scope S_0x7fc65ab07170;
t_16 %join;
    %jmp T_12;
    .thread T_12;
    .scope S_0x7fc65ab07170;
T_13 ;
    %wait E_0x7fc65ab075e0;
    %fork t_19, S_0x7fc65ab07e60;
    %jmp t_18;
    .scope S_0x7fc65ab07e60;
t_19 ;
    %load/vec4 v0x7fc65ab1f310_0;
    %flag_set/vec4 8;
    %jmp/0xz  T_13.0, 8;
    %pushi/vec4 0, 0, 64;
    %assign/vec4 v0x7fc65ab1d2e0_0, 0;
    %jmp T_13.1;
T_13.0 ;
    %load/vec4 v0x7fc65ab1d390_0;
    %flag_set/vec4 8;
    %jmp/0xz  T_13.2, 8;
    %load/vec4 v0x7fc65ab1c6a0_0;
    %assign/vec4 v0x7fc65ab1d2e0_0, 0;
T_13.2 ;
T_13.1 ;
    %end;
    .scope S_0x7fc65ab07170;
t_18 %join;
    %jmp T_13;
    .thread T_13;
    .scope S_0x7fc65ab07170;
T_14 ;
    %wait E_0x7fc65ab07590;
    %load/vec4 v0x7fc65ab1f9b0_0;
    %dup/vec4;
    %pushi/vec4 0, 0, 64;
    %cmp/u;
    %jmp/1 T_14.0, 6;
    %load/vec4 v0x7fc65ab1d2e0_0;
    %store/vec4 v0x7fc65ab1c800_0, 0, 64;
    %jmp T_14.2;
T_14.0 ;
    %pushi/vec4 1, 0, 64;
    %store/vec4 v0x7fc65ab1c800_0, 0, 64;
    %jmp T_14.2;
T_14.2 ;
    %pop/vec4 1;
    %jmp T_14;
    .thread T_14, $push;
    .scope S_0x7fc65ab07170;
T_15 ;
    %wait E_0x7fc65ab07530;
    %load/vec4 v0x7fc65ab1f9b0_0;
    %dup/vec4;
    %pushi/vec4 0, 0, 64;
    %cmp/u;
    %jmp/1 T_15.0, 6;
    %load/vec4 v0x7fc65ab1cac0_0;
    %store/vec4 v0x7fc65ab1ca10_0, 0, 64;
    %jmp T_15.2;
T_15.0 ;
    %pushi/vec4 0, 0, 64;
    %store/vec4 v0x7fc65ab1ca10_0, 0, 64;
    %jmp T_15.2;
T_15.2 ;
    %pop/vec4 1;
    %jmp T_15;
    .thread T_15, $push;
    .scope S_0x7fc65ab07000;
T_16 ;
    %delay 10000000, 0;
    %load/vec4 v0x7fc65ab072f0_0;
    %inv;
    %store/vec4 v0x7fc65ab072f0_0, 0, 1;
    %jmp T_16;
    .thread T_16;
    .scope S_0x7fc65ab07000;
T_17 ;
    %pushi/vec4 0, 0, 1;
    %store/vec4 v0x7fc65ab072f0_0, 0, 1;
    %pushi/vec4 0, 0, 1;
    %store/vec4 v0x7fc65ab209b0_0, 0, 1;
    %pushi/vec4 1, 0, 1;
    %store/vec4 v0x7fc65ab1fd70_0, 0, 1;
    %pushi/vec4 0, 0, 1;
    %store/vec4 v0x7fc65ab20030_0, 0, 1;
    %vpi_call 2 44 "$printtimescale", S_0x7fc65ab07000 {0 0 0};
    %vpi_call 2 45 "$dumpvars", 32'sb00000000000000000000000000000000, S_0x7fc65ab07000 {0 0 0};
    %delay 100000000, 0;
    %pushi/vec4 1, 0, 64;
    %store/vec4 v0x7fc65ab1fe00_0, 0, 64;
    %pushi/vec4 1, 0, 1;
    %store/vec4 v0x7fc65ab20030_0, 0, 1;
    %delay 20000000, 0;
    %pushi/vec4 0, 0, 1;
    %store/vec4 v0x7fc65ab20030_0, 0, 1;
    %delay 100000000, 0;
    %pushi/vec4 2, 0, 64;
    %store/vec4 v0x7fc65ab1fe00_0, 0, 64;
    %pushi/vec4 1, 0, 1;
    %store/vec4 v0x7fc65ab20030_0, 0, 1;
    %delay 20000000, 0;
    %pushi/vec4 0, 0, 1;
    %store/vec4 v0x7fc65ab20030_0, 0, 1;
    %delay 100000000, 0;
    %pushi/vec4 3, 0, 64;
    %store/vec4 v0x7fc65ab1fe00_0, 0, 64;
    %pushi/vec4 1, 0, 1;
    %store/vec4 v0x7fc65ab20030_0, 0, 1;
    %delay 20000000, 0;
    %pushi/vec4 0, 0, 1;
    %store/vec4 v0x7fc65ab20030_0, 0, 1;
    %delay 100000000, 0;
    %pushi/vec4 4, 0, 64;
    %store/vec4 v0x7fc65ab1fe00_0, 0, 64;
    %pushi/vec4 1, 0, 1;
    %store/vec4 v0x7fc65ab20030_0, 0, 1;
    %delay 20000000, 0;
    %pushi/vec4 0, 0, 1;
    %store/vec4 v0x7fc65ab20030_0, 0, 1;
    %delay 100000000, 0;
    %pushi/vec4 5, 0, 64;
    %store/vec4 v0x7fc65ab1fe00_0, 0, 64;
    %pushi/vec4 1, 0, 1;
    %store/vec4 v0x7fc65ab20030_0, 0, 1;
    %delay 20000000, 0;
    %pushi/vec4 0, 0, 1;
    %store/vec4 v0x7fc65ab20030_0, 0, 1;
    %delay 100000000, 0;
    %pushi/vec4 6, 0, 64;
    %store/vec4 v0x7fc65ab1fe00_0, 0, 64;
    %pushi/vec4 1, 0, 1;
    %store/vec4 v0x7fc65ab20030_0, 0, 1;
    %delay 20000000, 0;
    %pushi/vec4 0, 0, 1;
    %store/vec4 v0x7fc65ab20030_0, 0, 1;
    %delay 120000000, 0;
    %vpi_call 2 78 "$finish" {0 0 0};
    %end;
    .thread T_17;
# The file index is used to find the file name in the following table.
:file_names 4;
    "N/A";
    "<interactive>";
    "testbench.v";
    "./verilog/CycleNotPipeline.topEntity/topEntity.v";
