#! /usr/local/Cellar/icarus-verilog/12.0/bin/vvp
:ivl_version "12.0 (stable)";
:ivl_delay_selection "TYPICAL";
:vpi_time_precision - 13;
:vpi_module "/usr/local/Cellar/icarus-verilog/12.0/lib/ivl/system.vpi";
:vpi_module "/usr/local/Cellar/icarus-verilog/12.0/lib/ivl/vhdl_sys.vpi";
:vpi_module "/usr/local/Cellar/icarus-verilog/12.0/lib/ivl/vhdl_textio.vpi";
:vpi_module "/usr/local/Cellar/icarus-verilog/12.0/lib/ivl/v2005_math.vpi";
:vpi_module "/usr/local/Cellar/icarus-verilog/12.0/lib/ivl/va_math.vpi";
S_0x7f7a35136780 .scope module, "testbench" "testbench" 2 2;
 .timescale -6 -9;
v0x7f7a3515a550_0 .net/s "a", 63 0, L_0x7f7a3515ed30;  1 drivers
v0x7f7a3515a5e0_0 .net/s "b", 63 0, L_0x7f7a3515eb50;  1 drivers
v0x7f7a3515a670_0 .net/s "c", 63 0, L_0x7f7a3515eeb0;  1 drivers
v0x7f7a3515a700_0 .var "clk", 0 0;
v0x7f7a3515a790_0 .var "en", 0 0;
v0x7f7a3515a860_0 .net "enA", 0 0, L_0x7f7a3515ea70;  1 drivers
v0x7f7a3515a8f0_0 .net "enB", 0 0, L_0x7f7a3515ee10;  1 drivers
v0x7f7a3515a9a0_0 .net "enC", 0 0, L_0x7f7a3515f040;  1 drivers
v0x7f7a3515aa50_0 .var "newX", 0 0;
v0x7f7a3515ab80_0 .net "outputPhase", 0 0, L_0x7f7a3515e930;  1 drivers
v0x7f7a3515ac10_0 .var "rst", 0 0;
v0x7f7a3515aca0_0 .var/s "x", 63 0;
E_0x7f7a35143950 .event anyedge, v0x7f7a35158ca0_0;
S_0x7f7a35134e70 .scope module, "monitor" "topEntity" 2 18, 3 5 0, S_0x7f7a35136780;
 .timescale -13 -13;
    .port_info 0 /INPUT 1 "clk";
    .port_info 1 /INPUT 1 "rst";
    .port_info 2 /INPUT 1 "en";
    .port_info 3 /INPUT 64 "input0_0";
    .port_info 4 /INPUT 1 "input0_1";
    .port_info 5 /OUTPUT 1 "result_0";
    .port_info 6 /OUTPUT 64 "result_1_0_0";
    .port_info 7 /OUTPUT 1 "result_1_0_1";
    .port_info 8 /OUTPUT 64 "result_1_1_0";
    .port_info 9 /OUTPUT 1 "result_1_1_1";
    .port_info 10 /OUTPUT 64 "result_1_2_0";
    .port_info 11 /OUTPUT 1 "result_1_2_1";
L_0x7f7a3515b530 .functor AND 1, L_0x7f7a3515b3f0, L_0x7f7a3515cdd0, C4<1>, C4<1>;
L_0x7f7a3515b880 .functor BUFZ 64, v0x7f7a35159c00_0, C4<0000000000000000000000000000000000000000000000000000000000000000>, C4<0000000000000000000000000000000000000000000000000000000000000000>, C4<0000000000000000000000000000000000000000000000000000000000000000>;
L_0x7f7a3515baa0 .functor AND 1, L_0x7f7a3515b970, L_0x7f7a3515d180, C4<1>, C4<1>;
L_0x7f7a3515c020 .functor BUFZ 64, v0x7f7a351599f0_0, C4<0000000000000000000000000000000000000000000000000000000000000000>, C4<0000000000000000000000000000000000000000000000000000000000000000>, C4<0000000000000000000000000000000000000000000000000000000000000000>;
L_0x7f7a3515c1f0 .functor AND 1, L_0x7f7a3515c0d0, L_0x7f7a3515d350, C4<1>, C4<1>;
L_0x7f7a3515e5e0 .functor BUFZ 64, v0x7f7a35159eb0_0, C4<0000000000000000000000000000000000000000000000000000000000000000>, C4<0000000000000000000000000000000000000000000000000000000000000000>, C4<0000000000000000000000000000000000000000000000000000000000000000>;
L_0x7f7a35463050 .functor BUFT 1, C4<000>, C4<0>, C4<0>, C4<0>;
v0x7f7a35148280_0 .net/2u *"_ivl_10", 2 0, L_0x7f7a35463050;  1 drivers
L_0x7f7a354632d8 .functor BUFT 1, C4<0>, C4<0>, C4<0>, C4<0>;
v0x7f7a35156060_0 .net/2u *"_ivl_100", 0 0, L_0x7f7a354632d8;  1 drivers
L_0x7f7a35463320 .functor BUFT 1, C4<0000000000000000000000000000000000000000000000000000000000000011>, C4<0>, C4<0>, C4<0>;
v0x7f7a35156100_0 .net/2s *"_ivl_104", 63 0, L_0x7f7a35463320;  1 drivers
L_0x7f7a35463368 .functor BUFT 1, C4<0000000000000000000000000000000000000000000000000000000000000001>, C4<0>, C4<0>, C4<0>;
v0x7f7a35156190_0 .net/2s *"_ivl_108", 63 0, L_0x7f7a35463368;  1 drivers
L_0x7f7a354633b0 .functor BUFT 1, C4<0000000000000000000000000000000000000000000000000000000000000000>, C4<0>, C4<0>, C4<0>;
v0x7f7a35156240_0 .net/2s *"_ivl_112", 63 0, L_0x7f7a354633b0;  1 drivers
L_0x7f7a354633f8 .functor BUFT 1, C4<0000000000000000000000000000000000000000000000000000000000000000>, C4<0>, C4<0>, C4<0>;
v0x7f7a35156330_0 .net/2s *"_ivl_116", 63 0, L_0x7f7a354633f8;  1 drivers
L_0x7f7a35463440 .functor BUFT 1, C4<1>, C4<0>, C4<0>, C4<0>;
v0x7f7a351563e0_0 .net/2u *"_ivl_120", 0 0, L_0x7f7a35463440;  1 drivers
L_0x7f7a35463488 .functor BUFT 1, C4<0>, C4<0>, C4<0>, C4<0>;
v0x7f7a35156490_0 .net/2u *"_ivl_122", 0 0, L_0x7f7a35463488;  1 drivers
L_0x7f7a354634d0 .functor BUFT 1, C4<0000000000000000000000000000000000000000000000000000000000000000>, C4<0>, C4<0>, C4<0>;
v0x7f7a35156540_0 .net/2s *"_ivl_126", 63 0, L_0x7f7a354634d0;  1 drivers
L_0x7f7a35463518 .functor BUFT 1, C4<0000000000000000000000000000000000000000000000000000000000000001>, C4<0>, C4<0>, C4<0>;
v0x7f7a35156650_0 .net/2s *"_ivl_130", 63 0, L_0x7f7a35463518;  1 drivers
L_0x7f7a35463560 .functor BUFT 1, C4<0000000000000000000000000000000000000000000000000000000000000000>, C4<0>, C4<0>, C4<0>;
v0x7f7a35156700_0 .net/2s *"_ivl_134", 63 0, L_0x7f7a35463560;  1 drivers
L_0x7f7a354635a8 .functor BUFT 1, C4<0000000000000000000000000000000000000000000000000000000000000011>, C4<0>, C4<0>, C4<0>;
v0x7f7a351567b0_0 .net/2s *"_ivl_138", 63 0, L_0x7f7a354635a8;  1 drivers
L_0x7f7a35463098 .functor BUFT 1, C4<0000000000000000000000000000000000000000000000000000000000000010>, C4<0>, C4<0>, C4<0>;
v0x7f7a35156860_0 .net/2s *"_ivl_14", 63 0, L_0x7f7a35463098;  1 drivers
L_0x7f7a354635f0 .functor BUFT 1, C4<0000000000000000000000000000000000000000000000000000000000000000>, C4<0>, C4<0>, C4<0>;
v0x7f7a35156910_0 .net/2s *"_ivl_142", 63 0, L_0x7f7a354635f0;  1 drivers
L_0x7f7a35463638 .functor BUFT 1, C4<0000000000000000000000000000000000000000000000000000000000000001>, C4<0>, C4<0>, C4<0>;
v0x7f7a351569c0_0 .net/2s *"_ivl_144", 63 0, L_0x7f7a35463638;  1 drivers
v0x7f7a35156a70_0 .net/s *"_ivl_146", 63 0, L_0x7f7a3515e320;  1 drivers
v0x7f7a35156b20_0 .net *"_ivl_16", 0 0, L_0x7f7a3515b3f0;  1 drivers
L_0x7f7a35463008 .functor BUFT 1, C4<0000000000000000000000000000000000000000000000000000000000000000>, C4<0>, C4<0>, C4<0>;
v0x7f7a35156cb0_0 .net/2s *"_ivl_2", 63 0, L_0x7f7a35463008;  1 drivers
L_0x7f7a354630e0 .functor BUFT 1, C4<0000000000000000000000000000000000000000000000000000000000000001>, C4<0>, C4<0>, C4<0>;
v0x7f7a35156d40_0 .net/2s *"_ivl_20", 63 0, L_0x7f7a354630e0;  1 drivers
v0x7f7a35156de0_0 .net/s *"_ivl_22", 63 0, L_0x7f7a3515b620;  1 drivers
L_0x7f7a35463128 .functor BUFT 1, C4<0000000000000000000000000000000000000000000000000000000000000011>, C4<0>, C4<0>, C4<0>;
v0x7f7a35156e90_0 .net/2s *"_ivl_28", 63 0, L_0x7f7a35463128;  1 drivers
v0x7f7a35156f40_0 .net *"_ivl_30", 0 0, L_0x7f7a3515b970;  1 drivers
L_0x7f7a35463170 .functor BUFT 1, C4<0000000000000000000000000000000000000000000000000000000000000001>, C4<0>, C4<0>, C4<0>;
v0x7f7a35156fe0_0 .net/2s *"_ivl_34", 63 0, L_0x7f7a35463170;  1 drivers
v0x7f7a35157090_0 .net *"_ivl_4", 0 0, L_0x7f7a3515af00;  1 drivers
L_0x7f7a354631b8 .functor BUFT 1, C4<0000000000000000000000000000000000000000000000000000000000000001>, C4<0>, C4<0>, C4<0>;
v0x7f7a35157130_0 .net/2s *"_ivl_46", 63 0, L_0x7f7a354631b8;  1 drivers
v0x7f7a351571e0_0 .net *"_ivl_48", 0 0, L_0x7f7a3515c0d0;  1 drivers
v0x7f7a35157280_0 .net/s *"_ivl_52", 63 0, L_0x7f7a3515c310;  1 drivers
v0x7f7a35157330_0 .net *"_ivl_61", 0 0, L_0x7f7a3515c7c0;  1 drivers
v0x7f7a351573e0_0 .net *"_ivl_62", 64 0, L_0x7f7a3515c900;  1 drivers
v0x7f7a35157490_0 .net *"_ivl_65", 0 0, L_0x7f7a3515c9a0;  1 drivers
v0x7f7a35157540_0 .net *"_ivl_66", 64 0, L_0x7f7a3515c860;  1 drivers
v0x7f7a351575f0_0 .net *"_ivl_69", 63 0, L_0x7f7a3515caf0;  1 drivers
v0x7f7a351576a0_0 .net *"_ivl_71", 0 0, L_0x7f7a3515cc50;  1 drivers
v0x7f7a35156bd0_0 .net *"_ivl_72", 64 0, L_0x7f7a3515ccf0;  1 drivers
L_0x7f7a35463200 .functor BUFT 1, C4<0000000000000000000000000000000000000000000000000000000000000000>, C4<0>, C4<0>, C4<0>;
v0x7f7a35157930_0 .net/2s *"_ivl_76", 63 0, L_0x7f7a35463200;  1 drivers
v0x7f7a351579c0_0 .net *"_ivl_8", 2 0, L_0x7f7a3515b120;  1 drivers
v0x7f7a35157a60_0 .net *"_ivl_87", 63 0, L_0x7f7a3515d0a0;  1 drivers
v0x7f7a35157b10_0 .net *"_ivl_88", 66 0, L_0x7f7a3515d570;  1 drivers
L_0x7f7a35463248 .functor BUFT 1, C4<0000000000000000000000000000000000000000000000000000000000000010>, C4<0>, C4<0>, C4<0>;
v0x7f7a35157bc0_0 .net/2s *"_ivl_94", 63 0, L_0x7f7a35463248;  1 drivers
L_0x7f7a35463290 .functor BUFT 1, C4<1>, C4<0>, C4<0>, C4<0>;
v0x7f7a35157c70_0 .net/2u *"_ivl_98", 0 0, L_0x7f7a35463290;  1 drivers
v0x7f7a35157d20_0 .net "aktv_x", 0 0, L_0x7f7a3515d4b0;  1 drivers
v0x7f7a35157dc0_0 .net "b", 0 0, L_0x7f7a3515cf80;  1 drivers
v0x7f7a35157e60_0 .net "b_0", 0 0, L_0x7f7a3515d820;  1 drivers
v0x7f7a35157f00_0 .net "b_1", 0 0, L_0x7f7a3515da20;  1 drivers
v0x7f7a35157fa0_0 .net "b_2", 0 0, L_0x7f7a3515de50;  1 drivers
v0x7f7a35158040_0 .net "b_3", 0 0, L_0x7f7a3515dd50;  1 drivers
v0x7f7a351580e0_0 .net "b_4", 0 0, L_0x7f7a3515e4c0;  1 drivers
v0x7f7a35158180_0 .net/s "c$cur_app_arg", 63 0, L_0x7f7a3515bf10;  1 drivers
v0x7f7a35158230_0 .net/s "c$past1_app_arg", 63 0, L_0x7f7a3515bdd0;  1 drivers
v0x7f7a351582e0_0 .net "clk", 0 0, v0x7f7a3515a700_0;  1 drivers
v0x7f7a35158380_0 .var/s "cur", 63 0;
v0x7f7a35158430_0 .net "en", 0 0, v0x7f7a3515a790_0;  1 drivers
v0x7f7a351584d0_0 .net "enA", 0 0, L_0x7f7a3515d350;  1 drivers
v0x7f7a35158570_0 .net "enB", 0 0, L_0x7f7a3515cdd0;  1 drivers
v0x7f7a35158610_0 .net "enC", 0 0, L_0x7f7a3515d180;  1 drivers
v0x7f7a351586b0_0 .net "eta", 0 0, L_0x7f7a3515b530;  1 drivers
v0x7f7a35158750_0 .net/s "eta1", 63 0, L_0x7f7a3515bb50;  1 drivers
v0x7f7a35158800_0 .net "eta_0", 0 0, L_0x7f7a3515baa0;  1 drivers
v0x7f7a351588a0_0 .net "eta_1", 0 0, L_0x7f7a3515c1f0;  1 drivers
v0x7f7a35158940_0 .net "input0", 64 0, L_0x7f7a3515ad50;  1 drivers
v0x7f7a351589f0_0 .net/s "input0_0", 63 0, v0x7f7a3515aca0_0;  1 drivers
v0x7f7a35158aa0_0 .net "input0_1", 0 0, v0x7f7a3515aa50_0;  1 drivers
v0x7f7a35158b40_0 .var/s "past1", 63 0;
v0x7f7a35158bf0_0 .net "result", 195 0, L_0x7f7a3515b000;  1 drivers
v0x7f7a35158ca0_0 .net "result_0", 0 0, L_0x7f7a3515e930;  alias, 1 drivers
v0x7f7a35157740_0 .var "result_10", 66 0;
v0x7f7a351577f0_0 .net "result_11", 0 0, L_0x7f7a3515d610;  1 drivers
v0x7f7a35157890_0 .net/s "result_12", 63 0, L_0x7f7a3515dc70;  1 drivers
v0x7f7a35158d40_0 .var/s "result_13", 63 0;
v0x7f7a35158df0_0 .var "result_14", 0 0;
v0x7f7a35158e90_0 .net "result_15", 0 0, L_0x7f7a3515dff0;  1 drivers
v0x7f7a35158f30_0 .net/s "result_16", 63 0, L_0x7f7a3515e090;  1 drivers
v0x7f7a35158fe0_0 .var/s "result_17", 63 0;
v0x7f7a35159090_0 .var "result_18", 0 0;
v0x7f7a35159130_0 .net/s "result_19", 63 0, L_0x7f7a3515e710;  1 drivers
v0x7f7a351591e0_0 .net "result_1_0", 194 0, L_0x7f7a3515e9d0;  1 drivers
v0x7f7a35159290_0 .net/s "result_1_0_0", 63 0, L_0x7f7a3515ed30;  alias, 1 drivers
v0x7f7a35159340_0 .net "result_1_0_1", 0 0, L_0x7f7a3515ea70;  alias, 1 drivers
v0x7f7a351593e0_0 .net "result_1_0_2", 64 0, L_0x7f7a3515e7b0;  1 drivers
v0x7f7a35159490_0 .net "result_1_1", 64 0, L_0x7f7a3515e890;  1 drivers
v0x7f7a35159540_0 .net/s "result_1_1_0", 63 0, L_0x7f7a3515eb50;  alias, 1 drivers
v0x7f7a351595f0_0 .net "result_1_1_1", 0 0, L_0x7f7a3515ee10;  alias, 1 drivers
v0x7f7a35159690_0 .net "result_1_2", 64 0, L_0x7f7a3515ec10;  1 drivers
v0x7f7a35159740_0 .net/s "result_1_2_0", 63 0, L_0x7f7a3515eeb0;  alias, 1 drivers
v0x7f7a351597f0_0 .net "result_1_2_1", 0 0, L_0x7f7a3515f040;  alias, 1 drivers
v0x7f7a35159890_0 .net "result_2", 2 0, L_0x7f7a3515b280;  1 drivers
v0x7f7a35159940_0 .net/s "result_3", 63 0, L_0x7f7a3515b760;  1 drivers
v0x7f7a351599f0_0 .var/s "result_4", 63 0;
v0x7f7a35159aa0_0 .net "result_5", 127 0, L_0x7f7a3515bc70;  1 drivers
v0x7f7a35159b50_0 .net/s "result_6", 63 0, L_0x7f7a3515c490;  1 drivers
v0x7f7a35159c00_0 .var/s "result_7", 63 0;
v0x7f7a35159cb0_0 .net "result_8", 194 0, L_0x7f7a3515cea0;  1 drivers
v0x7f7a35159d60_0 .net "result_9", 66 0, L_0x7f7a3515d2a0;  1 drivers
v0x7f7a35159e10_0 .net "rst", 0 0, v0x7f7a3515ac10_0;  1 drivers
v0x7f7a35159eb0_0 .var/s "s", 63 0;
v0x7f7a35159f60_0 .net/s "t", 63 0, L_0x7f7a3515d8c0;  1 drivers
v0x7f7a3515a010_0 .net/s "t_0", 63 0, L_0x7f7a3515e220;  1 drivers
v0x7f7a3515a0c0_0 .net/s "x", 63 0, L_0x7f7a3515b880;  1 drivers
v0x7f7a3515a170_0 .net/s "x_0", 63 0, L_0x7f7a3515c020;  1 drivers
v0x7f7a3515a220_0 .net/s "x_1", 63 0, L_0x7f7a3515c570;  1 drivers
v0x7f7a3515a2d0_0 .net/s "x_2", 63 0, L_0x7f7a3515e5e0;  1 drivers
v0x7f7a3515a380_0 .net/s "y", 63 0, L_0x7f7a3515c6e0;  1 drivers
E_0x7f7a35118300 .event posedge, v0x7f7a35159e10_0, v0x7f7a351582e0_0;
L_0x7f7a3515ad50 .concat [ 1 64 0 0], v0x7f7a3515aa50_0, v0x7f7a3515aca0_0;
L_0x7f7a3515af00 .cmp/eq 64, v0x7f7a35159eb0_0, L_0x7f7a35463008;
L_0x7f7a3515b000 .concat [ 195 1 0 0], L_0x7f7a3515cea0, L_0x7f7a3515af00;
L_0x7f7a3515b120 .concat [ 1 1 1 0], L_0x7f7a3515d180, L_0x7f7a3515cdd0, L_0x7f7a3515d350;
L_0x7f7a3515b280 .functor MUXZ 3, L_0x7f7a35463050, L_0x7f7a3515b120, L_0x7f7a3515cf80, C4<>;
L_0x7f7a3515b3f0 .cmp/eq 64, v0x7f7a35159eb0_0, L_0x7f7a35463098;
L_0x7f7a3515b620 .arith/sum 64, L_0x7f7a3515b880, L_0x7f7a354630e0;
L_0x7f7a3515b760 .functor MUXZ 64, v0x7f7a351599f0_0, L_0x7f7a3515b620, L_0x7f7a3515b530, C4<>;
L_0x7f7a3515b970 .cmp/eq 64, v0x7f7a35159eb0_0, L_0x7f7a35463128;
L_0x7f7a3515bb50 .arith/sum 64, L_0x7f7a3515c020, L_0x7f7a35463170;
L_0x7f7a3515bc70 .concat [ 64 64 0 0], v0x7f7a35158380_0, v0x7f7a35158b40_0;
L_0x7f7a3515bdd0 .functor MUXZ 64, v0x7f7a35158b40_0, v0x7f7a35158380_0, L_0x7f7a3515baa0, C4<>;
L_0x7f7a3515bf10 .functor MUXZ 64, v0x7f7a35158380_0, L_0x7f7a3515bb50, L_0x7f7a3515baa0, C4<>;
L_0x7f7a3515c0d0 .cmp/eq 64, v0x7f7a35159eb0_0, L_0x7f7a354631b8;
L_0x7f7a3515c310 .arith/sum 64, L_0x7f7a3515c570, L_0x7f7a3515c6e0;
L_0x7f7a3515c490 .functor MUXZ 64, v0x7f7a35159c00_0, L_0x7f7a3515c310, L_0x7f7a3515c1f0, C4<>;
L_0x7f7a3515c570 .part v0x7f7a35157740_0, 3, 64;
L_0x7f7a3515c6e0 .part L_0x7f7a3515bc70, 64, 64;
L_0x7f7a3515c7c0 .part L_0x7f7a3515b280, 2, 1;
L_0x7f7a3515c900 .concat [ 1 64 0 0], L_0x7f7a3515c7c0, v0x7f7a35159c00_0;
L_0x7f7a3515c9a0 .part L_0x7f7a3515b280, 1, 1;
L_0x7f7a3515c860 .concat [ 1 64 0 0], L_0x7f7a3515c9a0, v0x7f7a351599f0_0;
L_0x7f7a3515caf0 .part L_0x7f7a3515bc70, 0, 64;
L_0x7f7a3515cc50 .part L_0x7f7a3515b280, 0, 1;
L_0x7f7a3515ccf0 .concat [ 1 64 0 0], L_0x7f7a3515cc50, L_0x7f7a3515caf0;
L_0x7f7a3515cea0 .concat [ 65 65 65 0], L_0x7f7a3515ccf0, L_0x7f7a3515c860, L_0x7f7a3515c900;
L_0x7f7a3515cf80 .cmp/eq 64, v0x7f7a35159eb0_0, L_0x7f7a35463200;
L_0x7f7a3515d180 .part v0x7f7a35157740_0, 0, 1;
L_0x7f7a3515cdd0 .part v0x7f7a35157740_0, 1, 1;
L_0x7f7a3515d350 .part v0x7f7a35157740_0, 2, 1;
L_0x7f7a3515d0a0 .part L_0x7f7a3515ad50, 1, 64;
L_0x7f7a3515d570 .concat [ 1 1 1 64], L_0x7f7a3515d4b0, L_0x7f7a3515d4b0, L_0x7f7a3515d4b0, L_0x7f7a3515d0a0;
L_0x7f7a3515d2a0 .functor MUXZ 67, v0x7f7a35157740_0, L_0x7f7a3515d570, v0x7f7a35158df0_0, C4<>;
L_0x7f7a3515d4b0 .part L_0x7f7a3515ad50, 0, 1;
L_0x7f7a3515d820 .cmp/gt.s 64, L_0x7f7a35463248, v0x7f7a35158d40_0;
L_0x7f7a3515d610 .functor MUXZ 1, L_0x7f7a354632d8, L_0x7f7a35463290, L_0x7f7a3515d820, C4<>;
L_0x7f7a3515da20 .cmp/gt.s 64, L_0x7f7a35463320, v0x7f7a35158d40_0;
L_0x7f7a3515d8c0 .arith/sum 64, v0x7f7a35158d40_0, L_0x7f7a35463368;
L_0x7f7a3515dc70 .functor MUXZ 64, L_0x7f7a354633b0, L_0x7f7a3515d8c0, L_0x7f7a3515da20, C4<>;
L_0x7f7a3515de50 .cmp/gt.s 64, L_0x7f7a354633f8, v0x7f7a35158fe0_0;
L_0x7f7a3515dff0 .functor MUXZ 1, L_0x7f7a35463488, L_0x7f7a35463440, L_0x7f7a3515de50, C4<>;
L_0x7f7a3515dd50 .cmp/gt.s 64, L_0x7f7a354634d0, v0x7f7a35158fe0_0;
L_0x7f7a3515e220 .arith/sum 64, v0x7f7a35158fe0_0, L_0x7f7a35463518;
L_0x7f7a3515e090 .functor MUXZ 64, L_0x7f7a35463560, L_0x7f7a3515e220, L_0x7f7a3515dd50, C4<>;
L_0x7f7a3515e4c0 .cmp/eq 64, v0x7f7a35159eb0_0, L_0x7f7a354635a8;
L_0x7f7a3515e320 .arith/sum 64, L_0x7f7a3515e5e0, L_0x7f7a35463638;
L_0x7f7a3515e710 .functor MUXZ 64, L_0x7f7a3515e320, L_0x7f7a354635f0, L_0x7f7a3515e4c0, C4<>;
L_0x7f7a3515e930 .part L_0x7f7a3515b000, 195, 1;
L_0x7f7a3515e9d0 .part L_0x7f7a3515b000, 0, 195;
L_0x7f7a3515e7b0 .part L_0x7f7a3515e9d0, 130, 65;
L_0x7f7a3515e890 .part L_0x7f7a3515e9d0, 65, 65;
L_0x7f7a3515ec10 .part L_0x7f7a3515e9d0, 0, 65;
L_0x7f7a3515ed30 .part L_0x7f7a3515e7b0, 1, 64;
L_0x7f7a3515ea70 .part L_0x7f7a3515e7b0, 0, 1;
L_0x7f7a3515eb50 .part L_0x7f7a3515e890, 1, 64;
L_0x7f7a3515ee10 .part L_0x7f7a3515e890, 0, 1;
L_0x7f7a3515eeb0 .part L_0x7f7a3515ec10, 1, 64;
L_0x7f7a3515f040 .part L_0x7f7a3515ec10, 0, 1;
S_0x7f7a35132960 .scope begin, "cur_register" "cur_register" 3 122, 3 122 0, S_0x7f7a35134e70;
 .timescale -13 -13;
S_0x7f7a35142fc0 .scope begin, "past1_register" "past1_register" 3 132, 3 132 0, S_0x7f7a35134e70;
 .timescale -13 -13;
S_0x7f7a35106f20 .scope begin, "result_10_register" "result_10_register" 3 185, 3 185 0, S_0x7f7a35134e70;
 .timescale -13 -13;
S_0x7f7a35107090 .scope begin, "result_13_register" "result_13_register" 3 205, 3 205 0, S_0x7f7a35134e70;
 .timescale -13 -13;
S_0x7f7a35120d30 .scope begin, "result_14_register" "result_14_register" 3 215, 3 215 0, S_0x7f7a35134e70;
 .timescale -13 -13;
S_0x7f7a35120ea0 .scope begin, "result_17_register" "result_17_register" 3 235, 3 235 0, S_0x7f7a35134e70;
 .timescale -13 -13;
S_0x7f7a3514cd90 .scope begin, "result_18_register" "result_18_register" 3 245, 3 245 0, S_0x7f7a35134e70;
 .timescale -13 -13;
S_0x7f7a3514cf00 .scope begin, "result_4_register" "result_4_register" 3 108, 3 108 0, S_0x7f7a35134e70;
 .timescale -13 -13;
S_0x7f7a3514d070 .scope begin, "result_7_register" "result_7_register" 3 158, 3 158 0, S_0x7f7a35134e70;
 .timescale -13 -13;
S_0x7f7a3514d1e0 .scope begin, "s_register" "s_register" 3 255, 3 255 0, S_0x7f7a35134e70;
 .timescale -13 -13;
    .scope S_0x7f7a35134e70;
T_0 ;
    %pushi/vec4 0, 0, 64;
    %store/vec4 v0x7f7a351599f0_0, 0, 64;
    %pushi/vec4 0, 0, 64;
    %store/vec4 v0x7f7a35158380_0, 0, 64;
    %pushi/vec4 0, 0, 64;
    %store/vec4 v0x7f7a35158b40_0, 0, 64;
    %pushi/vec4 0, 0, 64;
    %store/vec4 v0x7f7a35159c00_0, 0, 64;
    %pushi/vec4 0, 0, 67;
    %store/vec4 v0x7f7a35157740_0, 0, 67;
    %pushi/vec4 0, 0, 64;
    %store/vec4 v0x7f7a35158d40_0, 0, 64;
    %pushi/vec4 0, 0, 1;
    %store/vec4 v0x7f7a35158df0_0, 0, 1;
    %pushi/vec4 0, 0, 64;
    %store/vec4 v0x7f7a35158fe0_0, 0, 64;
    %pushi/vec4 0, 0, 1;
    %store/vec4 v0x7f7a35159090_0, 0, 1;
    %pushi/vec4 0, 0, 64;
    %store/vec4 v0x7f7a35159eb0_0, 0, 64;
    %end;
    .thread T_0;
    .scope S_0x7f7a35134e70;
T_1 ;
    %wait E_0x7f7a35118300;
    %fork t_1, S_0x7f7a3514cf00;
    %jmp t_0;
    .scope S_0x7f7a3514cf00;
t_1 ;
    %load/vec4 v0x7f7a35159e10_0;
    %flag_set/vec4 8;
    %jmp/0xz  T_1.0, 8;
    %pushi/vec4 0, 0, 64;
    %assign/vec4 v0x7f7a351599f0_0, 0;
    %jmp T_1.1;
T_1.0 ;
    %load/vec4 v0x7f7a35158430_0;
    %flag_set/vec4 8;
    %jmp/0xz  T_1.2, 8;
    %load/vec4 v0x7f7a35159940_0;
    %assign/vec4 v0x7f7a351599f0_0, 0;
T_1.2 ;
T_1.1 ;
    %end;
    .scope S_0x7f7a35134e70;
t_0 %join;
    %jmp T_1;
    .thread T_1;
    .scope S_0x7f7a35134e70;
T_2 ;
    %wait E_0x7f7a35118300;
    %fork t_3, S_0x7f7a35132960;
    %jmp t_2;
    .scope S_0x7f7a35132960;
t_3 ;
    %load/vec4 v0x7f7a35159e10_0;
    %flag_set/vec4 8;
    %jmp/0xz  T_2.0, 8;
    %pushi/vec4 0, 0, 64;
    %assign/vec4 v0x7f7a35158380_0, 0;
    %jmp T_2.1;
T_2.0 ;
    %load/vec4 v0x7f7a35158430_0;
    %flag_set/vec4 8;
    %jmp/0xz  T_2.2, 8;
    %load/vec4 v0x7f7a35158180_0;
    %assign/vec4 v0x7f7a35158380_0, 0;
T_2.2 ;
T_2.1 ;
    %end;
    .scope S_0x7f7a35134e70;
t_2 %join;
    %jmp T_2;
    .thread T_2;
    .scope S_0x7f7a35134e70;
T_3 ;
    %wait E_0x7f7a35118300;
    %fork t_5, S_0x7f7a35142fc0;
    %jmp t_4;
    .scope S_0x7f7a35142fc0;
t_5 ;
    %load/vec4 v0x7f7a35159e10_0;
    %flag_set/vec4 8;
    %jmp/0xz  T_3.0, 8;
    %pushi/vec4 0, 0, 64;
    %assign/vec4 v0x7f7a35158b40_0, 0;
    %jmp T_3.1;
T_3.0 ;
    %load/vec4 v0x7f7a35158430_0;
    %flag_set/vec4 8;
    %jmp/0xz  T_3.2, 8;
    %load/vec4 v0x7f7a35158230_0;
    %assign/vec4 v0x7f7a35158b40_0, 0;
T_3.2 ;
T_3.1 ;
    %end;
    .scope S_0x7f7a35134e70;
t_4 %join;
    %jmp T_3;
    .thread T_3;
    .scope S_0x7f7a35134e70;
T_4 ;
    %wait E_0x7f7a35118300;
    %fork t_7, S_0x7f7a3514d070;
    %jmp t_6;
    .scope S_0x7f7a3514d070;
t_7 ;
    %load/vec4 v0x7f7a35159e10_0;
    %flag_set/vec4 8;
    %jmp/0xz  T_4.0, 8;
    %pushi/vec4 0, 0, 64;
    %assign/vec4 v0x7f7a35159c00_0, 0;
    %jmp T_4.1;
T_4.0 ;
    %load/vec4 v0x7f7a35158430_0;
    %flag_set/vec4 8;
    %jmp/0xz  T_4.2, 8;
    %load/vec4 v0x7f7a35159b50_0;
    %assign/vec4 v0x7f7a35159c00_0, 0;
T_4.2 ;
T_4.1 ;
    %end;
    .scope S_0x7f7a35134e70;
t_6 %join;
    %jmp T_4;
    .thread T_4;
    .scope S_0x7f7a35134e70;
T_5 ;
    %wait E_0x7f7a35118300;
    %fork t_9, S_0x7f7a35106f20;
    %jmp t_8;
    .scope S_0x7f7a35106f20;
t_9 ;
    %load/vec4 v0x7f7a35159e10_0;
    %flag_set/vec4 8;
    %jmp/0xz  T_5.0, 8;
    %pushi/vec4 0, 0, 67;
    %assign/vec4 v0x7f7a35157740_0, 0;
    %jmp T_5.1;
T_5.0 ;
    %load/vec4 v0x7f7a35158430_0;
    %flag_set/vec4 8;
    %jmp/0xz  T_5.2, 8;
    %load/vec4 v0x7f7a35159d60_0;
    %assign/vec4 v0x7f7a35157740_0, 0;
T_5.2 ;
T_5.1 ;
    %end;
    .scope S_0x7f7a35134e70;
t_8 %join;
    %jmp T_5;
    .thread T_5;
    .scope S_0x7f7a35134e70;
T_6 ;
    %wait E_0x7f7a35118300;
    %fork t_11, S_0x7f7a35107090;
    %jmp t_10;
    .scope S_0x7f7a35107090;
t_11 ;
    %load/vec4 v0x7f7a35159e10_0;
    %flag_set/vec4 8;
    %jmp/0xz  T_6.0, 8;
    %pushi/vec4 0, 0, 64;
    %assign/vec4 v0x7f7a35158d40_0, 0;
    %jmp T_6.1;
T_6.0 ;
    %load/vec4 v0x7f7a35158430_0;
    %flag_set/vec4 8;
    %jmp/0xz  T_6.2, 8;
    %load/vec4 v0x7f7a35157890_0;
    %assign/vec4 v0x7f7a35158d40_0, 0;
T_6.2 ;
T_6.1 ;
    %end;
    .scope S_0x7f7a35134e70;
t_10 %join;
    %jmp T_6;
    .thread T_6;
    .scope S_0x7f7a35134e70;
T_7 ;
    %wait E_0x7f7a35118300;
    %fork t_13, S_0x7f7a35120d30;
    %jmp t_12;
    .scope S_0x7f7a35120d30;
t_13 ;
    %load/vec4 v0x7f7a35159e10_0;
    %flag_set/vec4 8;
    %jmp/0xz  T_7.0, 8;
    %pushi/vec4 0, 0, 1;
    %assign/vec4 v0x7f7a35158df0_0, 0;
    %jmp T_7.1;
T_7.0 ;
    %load/vec4 v0x7f7a35158430_0;
    %flag_set/vec4 8;
    %jmp/0xz  T_7.2, 8;
    %load/vec4 v0x7f7a351577f0_0;
    %assign/vec4 v0x7f7a35158df0_0, 0;
T_7.2 ;
T_7.1 ;
    %end;
    .scope S_0x7f7a35134e70;
t_12 %join;
    %jmp T_7;
    .thread T_7;
    .scope S_0x7f7a35134e70;
T_8 ;
    %wait E_0x7f7a35118300;
    %fork t_15, S_0x7f7a35120ea0;
    %jmp t_14;
    .scope S_0x7f7a35120ea0;
t_15 ;
    %load/vec4 v0x7f7a35159e10_0;
    %flag_set/vec4 8;
    %jmp/0xz  T_8.0, 8;
    %pushi/vec4 0, 0, 64;
    %assign/vec4 v0x7f7a35158fe0_0, 0;
    %jmp T_8.1;
T_8.0 ;
    %load/vec4 v0x7f7a35158430_0;
    %flag_set/vec4 8;
    %jmp/0xz  T_8.2, 8;
    %load/vec4 v0x7f7a35158f30_0;
    %assign/vec4 v0x7f7a35158fe0_0, 0;
T_8.2 ;
T_8.1 ;
    %end;
    .scope S_0x7f7a35134e70;
t_14 %join;
    %jmp T_8;
    .thread T_8;
    .scope S_0x7f7a35134e70;
T_9 ;
    %wait E_0x7f7a35118300;
    %fork t_17, S_0x7f7a3514cd90;
    %jmp t_16;
    .scope S_0x7f7a3514cd90;
t_17 ;
    %load/vec4 v0x7f7a35159e10_0;
    %flag_set/vec4 8;
    %jmp/0xz  T_9.0, 8;
    %pushi/vec4 0, 0, 1;
    %assign/vec4 v0x7f7a35159090_0, 0;
    %jmp T_9.1;
T_9.0 ;
    %load/vec4 v0x7f7a35158430_0;
    %flag_set/vec4 8;
    %jmp/0xz  T_9.2, 8;
    %load/vec4 v0x7f7a35158e90_0;
    %assign/vec4 v0x7f7a35159090_0, 0;
T_9.2 ;
T_9.1 ;
    %end;
    .scope S_0x7f7a35134e70;
t_16 %join;
    %jmp T_9;
    .thread T_9;
    .scope S_0x7f7a35134e70;
T_10 ;
    %wait E_0x7f7a35118300;
    %fork t_19, S_0x7f7a3514d1e0;
    %jmp t_18;
    .scope S_0x7f7a3514d1e0;
t_19 ;
    %load/vec4 v0x7f7a35159e10_0;
    %flag_set/vec4 8;
    %jmp/0xz  T_10.0, 8;
    %pushi/vec4 0, 0, 64;
    %assign/vec4 v0x7f7a35159eb0_0, 0;
    %jmp T_10.1;
T_10.0 ;
    %load/vec4 v0x7f7a35158430_0;
    %flag_set/vec4 8;
    %jmp/0xz  T_10.2, 8;
    %load/vec4 v0x7f7a35159130_0;
    %assign/vec4 v0x7f7a35159eb0_0, 0;
T_10.2 ;
T_10.1 ;
    %end;
    .scope S_0x7f7a35134e70;
t_18 %join;
    %jmp T_10;
    .thread T_10;
    .scope S_0x7f7a35136780;
T_11 ;
    %delay 50000, 0;
    %load/vec4 v0x7f7a3515a700_0;
    %inv;
    %store/vec4 v0x7f7a3515a700_0, 0, 1;
    %jmp T_11;
    .thread T_11;
    .scope S_0x7f7a35136780;
T_12 ;
    %wait E_0x7f7a35143950;
    %vpi_call 2 34 "$display", "time: %0t, output: %0d, (x, newX): (%0d, %0d), ready: (%0d, %0d, %0d), a: %0d, b: %0d, c: %0d", $time, v0x7f7a3515ab80_0, v0x7f7a3515aca0_0, v0x7f7a3515aa50_0, v0x7f7a3515a860_0, v0x7f7a3515a8f0_0, v0x7f7a3515a9a0_0, v0x7f7a3515a550_0, v0x7f7a3515a5e0_0, v0x7f7a3515a670_0 {0 0 0};
    %jmp T_12;
    .thread T_12, $push;
    .scope S_0x7f7a35136780;
T_13 ;
    %pushi/vec4 0, 0, 1;
    %store/vec4 v0x7f7a3515a700_0, 0, 1;
    %pushi/vec4 0, 0, 1;
    %store/vec4 v0x7f7a3515ac10_0, 0, 1;
    %pushi/vec4 1, 0, 1;
    %store/vec4 v0x7f7a3515a790_0, 0, 1;
    %pushi/vec4 0, 0, 1;
    %store/vec4 v0x7f7a3515aa50_0, 0, 1;
    %vpi_call 2 46 "$printtimescale", S_0x7f7a35136780 {0 0 0};
    %delay 400000, 0;
    %pushi/vec4 1, 0, 64;
    %store/vec4 v0x7f7a3515aca0_0, 0, 64;
    %pushi/vec4 1, 0, 1;
    %store/vec4 v0x7f7a3515aa50_0, 0, 1;
    %delay 400000, 0;
    %pushi/vec4 2, 0, 64;
    %store/vec4 v0x7f7a3515aca0_0, 0, 64;
    %delay 400000, 0;
    %pushi/vec4 3, 0, 64;
    %store/vec4 v0x7f7a3515aca0_0, 0, 64;
    %delay 400000, 0;
    %pushi/vec4 4, 0, 64;
    %store/vec4 v0x7f7a3515aca0_0, 0, 64;
    %delay 400000, 0;
    %pushi/vec4 5, 0, 64;
    %store/vec4 v0x7f7a3515aca0_0, 0, 64;
    %delay 400000, 0;
    %pushi/vec4 6, 0, 64;
    %store/vec4 v0x7f7a3515aca0_0, 0, 64;
    %delay 400000, 0;
    %vpi_call 2 68 "$finish" {0 0 0};
    %end;
    .thread T_13;
# The file index is used to find the file name in the following table.
:file_names 4;
    "N/A";
    "<interactive>";
    "testbench.v";
    "./verilog/CycleWithTrickyOffset.topEntity/topEntity.v";
