#! /usr/local/Cellar/icarus-verilog/12.0/bin/vvp
:ivl_version "12.0 (stable)";
:ivl_delay_selection "TYPICAL";
:vpi_time_precision - 13;
:vpi_module "/usr/local/Cellar/icarus-verilog/12.0/lib/ivl/system.vpi";
:vpi_module "/usr/local/Cellar/icarus-verilog/12.0/lib/ivl/vhdl_sys.vpi";
:vpi_module "/usr/local/Cellar/icarus-verilog/12.0/lib/ivl/vhdl_textio.vpi";
:vpi_module "/usr/local/Cellar/icarus-verilog/12.0/lib/ivl/v2005_math.vpi";
:vpi_module "/usr/local/Cellar/icarus-verilog/12.0/lib/ivl/va_math.vpi";
S_0x7fa88b116fc0 .scope module, "testbench" "testbench" 2 2;
 .timescale -6 -9;
v0x7fa88b13c2d0_0 .var "clk", 0 0;
v0x7fa88b13c360_0 .var "en", 0 0;
v0x7fa88b13c3f0_0 .var "newX1", 0 0;
v0x7fa88b13c480_0 .var "newX2", 0 0;
v0x7fa88b13c510_0 .net/s "result_0", 31 0, L_0x7fa88b13d4a0;  1 drivers
v0x7fa88b13c5e0_0 .net/s "result_1_0", 31 0, L_0x7fa88b13d6c0;  1 drivers
v0x7fa88b13c670_0 .net/s "result_1_1", 31 0, L_0x7fa88b13d7a0;  1 drivers
v0x7fa88b13c720_0 .net/s "result_1_2", 31 0, L_0x7fa88b13d8f0;  1 drivers
v0x7fa88b13c7d0_0 .var "rst", 0 0;
v0x7fa88b13c900_0 .var/s "x1", 31 0;
v0x7fa88b13c990_0 .var/s "x2", 31 0;
S_0x7fa88b117130 .scope module, "monitor" "topEntity" 2 18, 3 5 0, S_0x7fa88b116fc0;
 .timescale -13 -13;
    .port_info 0 /INPUT 1 "clk";
    .port_info 1 /INPUT 1 "rst";
    .port_info 2 /INPUT 1 "en";
    .port_info 3 /INPUT 32 "x1";
    .port_info 4 /INPUT 32 "x2";
    .port_info 5 /INPUT 1 "newX1";
    .port_info 6 /INPUT 1 "newX2";
    .port_info 7 /OUTPUT 32 "result_0";
    .port_info 8 /OUTPUT 32 "result_1_0";
    .port_info 9 /OUTPUT 32 "result_1_1";
    .port_info 10 /OUTPUT 32 "result_1_2";
v0x7fa88b124710_0 .var "c$app_arg", 0 0;
v0x7fa88b13abd0_0 .var "c$app_arg_0", 0 0;
v0x7fa88b13ac70_0 .var "c$app_arg_1", 0 0;
v0x7fa88b13ad00_0 .net/s "c$cur_app_arg", 31 0, L_0x7fa88b13cf20;  1 drivers
v0x7fa88b13ad90_0 .net/s "c$holdX1_app_arg", 31 0, L_0x7fa88b13d210;  1 drivers
v0x7fa88b13ae80_0 .net/s "c$holdX2_app_arg", 31 0, L_0x7fa88b13d370;  1 drivers
v0x7fa88b13af30_0 .net/s "c$past1_app_arg", 31 0, L_0x7fa88b13ce00;  1 drivers
v0x7fa88b13afe0_0 .net/s "c$past2_app_arg", 31 0, L_0x7fa88b13cc80;  1 drivers
v0x7fa88b13b090_0 .net "clk", 0 0, v0x7fa88b13c2d0_0;  1 drivers
v0x7fa88b13b1a0_0 .var/s "cur", 31 0;
v0x7fa88b13b240_0 .net "en", 0 0, v0x7fa88b13c360_0;  1 drivers
v0x7fa88b13b2e0_0 .var/s "holdX1", 31 0;
v0x7fa88b13b390_0 .var/s "holdX2", 31 0;
v0x7fa88b13b440_0 .net "newX1", 0 0, v0x7fa88b13c3f0_0;  1 drivers
v0x7fa88b13b4e0_0 .net "newX2", 0 0, v0x7fa88b13c480_0;  1 drivers
v0x7fa88b13b580_0 .var/s "past1", 31 0;
v0x7fa88b13b630_0 .var/s "past2", 31 0;
v0x7fa88b13b7c0_0 .net "result", 127 0, L_0x7fa88b13ca20;  1 drivers
v0x7fa88b13b850_0 .net/s "result_0", 31 0, L_0x7fa88b13d4a0;  alias, 1 drivers
v0x7fa88b13b900_0 .net/s "result_1_0", 31 0, L_0x7fa88b13d6c0;  alias, 1 drivers
v0x7fa88b13b9b0_0 .net/s "result_1_1", 31 0, L_0x7fa88b13d7a0;  alias, 1 drivers
v0x7fa88b13ba60_0 .net/s "result_1_2", 31 0, L_0x7fa88b13d8f0;  alias, 1 drivers
v0x7fa88b13bb10_0 .net "result_1_3", 95 0, L_0x7fa88b13d5c0;  1 drivers
v0x7fa88b13bbc0_0 .net "result_2", 95 0, L_0x7fa88b13cb40;  1 drivers
v0x7fa88b13bc70_0 .var "result_3", 0 0;
v0x7fa88b13bd10_0 .net/s "result_4", 31 0, L_0x7fa88b13d130;  1 drivers
v0x7fa88b13bdc0_0 .var/s "result_5", 31 0;
v0x7fa88b13be70_0 .var "result_6", 0 0;
v0x7fa88b13bf10_0 .net "rst", 0 0, v0x7fa88b13c7d0_0;  1 drivers
v0x7fa88b13bfb0_0 .net/s "t", 31 0, L_0x7fa88b13d030;  1 drivers
v0x7fa88b13c060_0 .net/s "x1", 31 0, v0x7fa88b13c900_0;  1 drivers
v0x7fa88b13c110_0 .net/s "x2", 31 0, v0x7fa88b13c990_0;  1 drivers
E_0x7fa88b126f70 .event posedge, v0x7fa88b13bf10_0, v0x7fa88b13b090_0;
L_0x7fa88b13ca20 .concat [ 96 32 0 0], L_0x7fa88b13cb40, v0x7fa88b13bdc0_0;
L_0x7fa88b13cb40 .concat [ 32 32 32 0], v0x7fa88b13b630_0, v0x7fa88b13b580_0, v0x7fa88b13b1a0_0;
L_0x7fa88b13cc80 .functor MUXZ 32, v0x7fa88b13b630_0, v0x7fa88b13b580_0, v0x7fa88b13bc70_0, C4<>;
L_0x7fa88b13ce00 .functor MUXZ 32, v0x7fa88b13b580_0, v0x7fa88b13b1a0_0, v0x7fa88b13bc70_0, C4<>;
L_0x7fa88b13cf20 .functor MUXZ 32, v0x7fa88b13b1a0_0, v0x7fa88b13bdc0_0, v0x7fa88b13bc70_0, C4<>;
L_0x7fa88b13d030 .arith/sum 32, v0x7fa88b13b2e0_0, v0x7fa88b13b390_0;
L_0x7fa88b13d130 .functor MUXZ 32, v0x7fa88b13bdc0_0, L_0x7fa88b13d030, v0x7fa88b13be70_0, C4<>;
L_0x7fa88b13d210 .functor MUXZ 32, v0x7fa88b13b2e0_0, v0x7fa88b13c900_0, v0x7fa88b13c3f0_0, C4<>;
L_0x7fa88b13d370 .functor MUXZ 32, v0x7fa88b13b390_0, v0x7fa88b13c990_0, v0x7fa88b13c480_0, C4<>;
L_0x7fa88b13d4a0 .part L_0x7fa88b13ca20, 96, 32;
L_0x7fa88b13d5c0 .part L_0x7fa88b13ca20, 0, 96;
L_0x7fa88b13d6c0 .part L_0x7fa88b13d5c0, 64, 32;
L_0x7fa88b13d7a0 .part L_0x7fa88b13d5c0, 32, 32;
L_0x7fa88b13d8f0 .part L_0x7fa88b13d5c0, 0, 32;
S_0x7fa88b104fe0 .scope begin, "c$app_arg_0_register" "c$app_arg_0_register" 3 105, 3 105 0, S_0x7fa88b117130;
 .timescale -13 -13;
S_0x7fa88b105150 .scope begin, "c$app_arg_1_register" "c$app_arg_1_register" 3 159, 3 159 0, S_0x7fa88b117130;
 .timescale -13 -13;
S_0x7fa88b12d8c0 .scope begin, "c$app_arg_register" "c$app_arg_register" 3 95, 3 95 0, S_0x7fa88b117130;
 .timescale -13 -13;
S_0x7fa88b12da30 .scope begin, "cur_register" "cur_register" 3 57, 3 57 0, S_0x7fa88b117130;
 .timescale -13 -13;
S_0x7fa88b12dba0 .scope begin, "holdX1_register" "holdX1_register" 3 135, 3 135 0, S_0x7fa88b117130;
 .timescale -13 -13;
S_0x7fa88b12dd10 .scope begin, "holdX2_register" "holdX2_register" 3 125, 3 125 0, S_0x7fa88b117130;
 .timescale -13 -13;
S_0x7fa88b12de80 .scope begin, "past1_register" "past1_register" 3 67, 3 67 0, S_0x7fa88b117130;
 .timescale -13 -13;
S_0x7fa88b12dff0 .scope begin, "past2_register" "past2_register" 3 77, 3 77 0, S_0x7fa88b117130;
 .timescale -13 -13;
S_0x7fa88b12e160 .scope begin, "result_3_register" "result_3_register" 3 115, 3 115 0, S_0x7fa88b117130;
 .timescale -13 -13;
S_0x7fa88b12e2d0 .scope begin, "result_5_register" "result_5_register" 3 149, 3 149 0, S_0x7fa88b117130;
 .timescale -13 -13;
S_0x7fa88b12e440 .scope begin, "result_6_register" "result_6_register" 3 169, 3 169 0, S_0x7fa88b117130;
 .timescale -13 -13;
    .scope S_0x7fa88b117130;
T_0 ;
    %pushi/vec4 4294967295, 0, 32;
    %store/vec4 v0x7fa88b13b1a0_0, 0, 32;
    %pushi/vec4 4294967295, 0, 32;
    %store/vec4 v0x7fa88b13b580_0, 0, 32;
    %pushi/vec4 4294967295, 0, 32;
    %store/vec4 v0x7fa88b13b630_0, 0, 32;
    %pushi/vec4 0, 0, 1;
    %store/vec4 v0x7fa88b124710_0, 0, 1;
    %pushi/vec4 0, 0, 1;
    %store/vec4 v0x7fa88b13abd0_0, 0, 1;
    %pushi/vec4 0, 0, 1;
    %store/vec4 v0x7fa88b13bc70_0, 0, 1;
    %pushi/vec4 4294967295, 0, 32;
    %store/vec4 v0x7fa88b13b390_0, 0, 32;
    %pushi/vec4 4294967295, 0, 32;
    %store/vec4 v0x7fa88b13b2e0_0, 0, 32;
    %pushi/vec4 0, 0, 32;
    %store/vec4 v0x7fa88b13bdc0_0, 0, 32;
    %pushi/vec4 0, 0, 1;
    %store/vec4 v0x7fa88b13ac70_0, 0, 1;
    %pushi/vec4 0, 0, 1;
    %store/vec4 v0x7fa88b13be70_0, 0, 1;
    %end;
    .thread T_0;
    .scope S_0x7fa88b117130;
T_1 ;
    %wait E_0x7fa88b126f70;
    %fork t_1, S_0x7fa88b12da30;
    %jmp t_0;
    .scope S_0x7fa88b12da30;
t_1 ;
    %load/vec4 v0x7fa88b13bf10_0;
    %flag_set/vec4 8;
    %jmp/0xz  T_1.0, 8;
    %pushi/vec4 4294967295, 0, 32;
    %assign/vec4 v0x7fa88b13b1a0_0, 0;
    %jmp T_1.1;
T_1.0 ;
    %load/vec4 v0x7fa88b13b240_0;
    %flag_set/vec4 8;
    %jmp/0xz  T_1.2, 8;
    %load/vec4 v0x7fa88b13ad00_0;
    %assign/vec4 v0x7fa88b13b1a0_0, 0;
T_1.2 ;
T_1.1 ;
    %end;
    .scope S_0x7fa88b117130;
t_0 %join;
    %jmp T_1;
    .thread T_1;
    .scope S_0x7fa88b117130;
T_2 ;
    %wait E_0x7fa88b126f70;
    %fork t_3, S_0x7fa88b12de80;
    %jmp t_2;
    .scope S_0x7fa88b12de80;
t_3 ;
    %load/vec4 v0x7fa88b13bf10_0;
    %flag_set/vec4 8;
    %jmp/0xz  T_2.0, 8;
    %pushi/vec4 4294967295, 0, 32;
    %assign/vec4 v0x7fa88b13b580_0, 0;
    %jmp T_2.1;
T_2.0 ;
    %load/vec4 v0x7fa88b13b240_0;
    %flag_set/vec4 8;
    %jmp/0xz  T_2.2, 8;
    %load/vec4 v0x7fa88b13af30_0;
    %assign/vec4 v0x7fa88b13b580_0, 0;
T_2.2 ;
T_2.1 ;
    %end;
    .scope S_0x7fa88b117130;
t_2 %join;
    %jmp T_2;
    .thread T_2;
    .scope S_0x7fa88b117130;
T_3 ;
    %wait E_0x7fa88b126f70;
    %fork t_5, S_0x7fa88b12dff0;
    %jmp t_4;
    .scope S_0x7fa88b12dff0;
t_5 ;
    %load/vec4 v0x7fa88b13bf10_0;
    %flag_set/vec4 8;
    %jmp/0xz  T_3.0, 8;
    %pushi/vec4 4294967295, 0, 32;
    %assign/vec4 v0x7fa88b13b630_0, 0;
    %jmp T_3.1;
T_3.0 ;
    %load/vec4 v0x7fa88b13b240_0;
    %flag_set/vec4 8;
    %jmp/0xz  T_3.2, 8;
    %load/vec4 v0x7fa88b13afe0_0;
    %assign/vec4 v0x7fa88b13b630_0, 0;
T_3.2 ;
T_3.1 ;
    %end;
    .scope S_0x7fa88b117130;
t_4 %join;
    %jmp T_3;
    .thread T_3;
    .scope S_0x7fa88b117130;
T_4 ;
    %wait E_0x7fa88b126f70;
    %fork t_7, S_0x7fa88b12d8c0;
    %jmp t_6;
    .scope S_0x7fa88b12d8c0;
t_7 ;
    %load/vec4 v0x7fa88b13bf10_0;
    %flag_set/vec4 8;
    %jmp/0xz  T_4.0, 8;
    %pushi/vec4 0, 0, 1;
    %assign/vec4 v0x7fa88b124710_0, 0;
    %jmp T_4.1;
T_4.0 ;
    %load/vec4 v0x7fa88b13b240_0;
    %flag_set/vec4 8;
    %jmp/0xz  T_4.2, 8;
    %load/vec4 v0x7fa88b13abd0_0;
    %assign/vec4 v0x7fa88b124710_0, 0;
T_4.2 ;
T_4.1 ;
    %end;
    .scope S_0x7fa88b117130;
t_6 %join;
    %jmp T_4;
    .thread T_4;
    .scope S_0x7fa88b117130;
T_5 ;
    %wait E_0x7fa88b126f70;
    %fork t_9, S_0x7fa88b104fe0;
    %jmp t_8;
    .scope S_0x7fa88b104fe0;
t_9 ;
    %load/vec4 v0x7fa88b13bf10_0;
    %flag_set/vec4 8;
    %jmp/0xz  T_5.0, 8;
    %pushi/vec4 0, 0, 1;
    %assign/vec4 v0x7fa88b13abd0_0, 0;
    %jmp T_5.1;
T_5.0 ;
    %load/vec4 v0x7fa88b13b240_0;
    %flag_set/vec4 8;
    %jmp/0xz  T_5.2, 8;
    %load/vec4 v0x7fa88b13b440_0;
    %assign/vec4 v0x7fa88b13abd0_0, 0;
T_5.2 ;
T_5.1 ;
    %end;
    .scope S_0x7fa88b117130;
t_8 %join;
    %jmp T_5;
    .thread T_5;
    .scope S_0x7fa88b117130;
T_6 ;
    %wait E_0x7fa88b126f70;
    %fork t_11, S_0x7fa88b12e160;
    %jmp t_10;
    .scope S_0x7fa88b12e160;
t_11 ;
    %load/vec4 v0x7fa88b13bf10_0;
    %flag_set/vec4 8;
    %jmp/0xz  T_6.0, 8;
    %pushi/vec4 0, 0, 1;
    %assign/vec4 v0x7fa88b13bc70_0, 0;
    %jmp T_6.1;
T_6.0 ;
    %load/vec4 v0x7fa88b13b240_0;
    %flag_set/vec4 8;
    %jmp/0xz  T_6.2, 8;
    %load/vec4 v0x7fa88b124710_0;
    %assign/vec4 v0x7fa88b13bc70_0, 0;
T_6.2 ;
T_6.1 ;
    %end;
    .scope S_0x7fa88b117130;
t_10 %join;
    %jmp T_6;
    .thread T_6;
    .scope S_0x7fa88b117130;
T_7 ;
    %wait E_0x7fa88b126f70;
    %fork t_13, S_0x7fa88b12dd10;
    %jmp t_12;
    .scope S_0x7fa88b12dd10;
t_13 ;
    %load/vec4 v0x7fa88b13bf10_0;
    %flag_set/vec4 8;
    %jmp/0xz  T_7.0, 8;
    %pushi/vec4 4294967295, 0, 32;
    %assign/vec4 v0x7fa88b13b390_0, 0;
    %jmp T_7.1;
T_7.0 ;
    %load/vec4 v0x7fa88b13b240_0;
    %flag_set/vec4 8;
    %jmp/0xz  T_7.2, 8;
    %load/vec4 v0x7fa88b13ae80_0;
    %assign/vec4 v0x7fa88b13b390_0, 0;
T_7.2 ;
T_7.1 ;
    %end;
    .scope S_0x7fa88b117130;
t_12 %join;
    %jmp T_7;
    .thread T_7;
    .scope S_0x7fa88b117130;
T_8 ;
    %wait E_0x7fa88b126f70;
    %fork t_15, S_0x7fa88b12dba0;
    %jmp t_14;
    .scope S_0x7fa88b12dba0;
t_15 ;
    %load/vec4 v0x7fa88b13bf10_0;
    %flag_set/vec4 8;
    %jmp/0xz  T_8.0, 8;
    %pushi/vec4 4294967295, 0, 32;
    %assign/vec4 v0x7fa88b13b2e0_0, 0;
    %jmp T_8.1;
T_8.0 ;
    %load/vec4 v0x7fa88b13b240_0;
    %flag_set/vec4 8;
    %jmp/0xz  T_8.2, 8;
    %load/vec4 v0x7fa88b13ad90_0;
    %assign/vec4 v0x7fa88b13b2e0_0, 0;
T_8.2 ;
T_8.1 ;
    %end;
    .scope S_0x7fa88b117130;
t_14 %join;
    %jmp T_8;
    .thread T_8;
    .scope S_0x7fa88b117130;
T_9 ;
    %wait E_0x7fa88b126f70;
    %fork t_17, S_0x7fa88b12e2d0;
    %jmp t_16;
    .scope S_0x7fa88b12e2d0;
t_17 ;
    %load/vec4 v0x7fa88b13bf10_0;
    %flag_set/vec4 8;
    %jmp/0xz  T_9.0, 8;
    %pushi/vec4 0, 0, 32;
    %assign/vec4 v0x7fa88b13bdc0_0, 0;
    %jmp T_9.1;
T_9.0 ;
    %load/vec4 v0x7fa88b13b240_0;
    %flag_set/vec4 8;
    %jmp/0xz  T_9.2, 8;
    %load/vec4 v0x7fa88b13bd10_0;
    %assign/vec4 v0x7fa88b13bdc0_0, 0;
T_9.2 ;
T_9.1 ;
    %end;
    .scope S_0x7fa88b117130;
t_16 %join;
    %jmp T_9;
    .thread T_9;
    .scope S_0x7fa88b117130;
T_10 ;
    %wait E_0x7fa88b126f70;
    %fork t_19, S_0x7fa88b105150;
    %jmp t_18;
    .scope S_0x7fa88b105150;
t_19 ;
    %load/vec4 v0x7fa88b13bf10_0;
    %flag_set/vec4 8;
    %jmp/0xz  T_10.0, 8;
    %pushi/vec4 0, 0, 1;
    %assign/vec4 v0x7fa88b13ac70_0, 0;
    %jmp T_10.1;
T_10.0 ;
    %load/vec4 v0x7fa88b13b240_0;
    %flag_set/vec4 8;
    %jmp/0xz  T_10.2, 8;
    %load/vec4 v0x7fa88b13b440_0;
    %assign/vec4 v0x7fa88b13ac70_0, 0;
T_10.2 ;
T_10.1 ;
    %end;
    .scope S_0x7fa88b117130;
t_18 %join;
    %jmp T_10;
    .thread T_10;
    .scope S_0x7fa88b117130;
T_11 ;
    %wait E_0x7fa88b126f70;
    %fork t_21, S_0x7fa88b12e440;
    %jmp t_20;
    .scope S_0x7fa88b12e440;
t_21 ;
    %load/vec4 v0x7fa88b13bf10_0;
    %flag_set/vec4 8;
    %jmp/0xz  T_11.0, 8;
    %pushi/vec4 0, 0, 1;
    %assign/vec4 v0x7fa88b13be70_0, 0;
    %jmp T_11.1;
T_11.0 ;
    %load/vec4 v0x7fa88b13b240_0;
    %flag_set/vec4 8;
    %jmp/0xz  T_11.2, 8;
    %load/vec4 v0x7fa88b13ac70_0;
    %assign/vec4 v0x7fa88b13be70_0, 0;
T_11.2 ;
T_11.1 ;
    %end;
    .scope S_0x7fa88b117130;
t_20 %join;
    %jmp T_11;
    .thread T_11;
    .scope S_0x7fa88b116fc0;
T_12 ;
    %delay 50000, 0;
    %load/vec4 v0x7fa88b13c2d0_0;
    %inv;
    %store/vec4 v0x7fa88b13c2d0_0, 0, 1;
    %jmp T_12;
    .thread T_12;
    .scope S_0x7fa88b116fc0;
T_13 ;
    %pushi/vec4 0, 0, 1;
    %store/vec4 v0x7fa88b13c2d0_0, 0, 1;
    %pushi/vec4 0, 0, 1;
    %store/vec4 v0x7fa88b13c7d0_0, 0, 1;
    %pushi/vec4 1, 0, 1;
    %store/vec4 v0x7fa88b13c360_0, 0, 1;
    %pushi/vec4 0, 0, 1;
    %store/vec4 v0x7fa88b13c3f0_0, 0, 1;
    %pushi/vec4 0, 0, 1;
    %store/vec4 v0x7fa88b13c480_0, 0, 1;
    %vpi_call 2 38 "$printtimescale", S_0x7fa88b116fc0 {0 0 0};
    %delay 1000000000, 0;
    %pushi/vec4 1, 0, 1;
    %store/vec4 v0x7fa88b13c3f0_0, 0, 1;
    %pushi/vec4 1, 0, 1;
    %store/vec4 v0x7fa88b13c480_0, 0, 1;
    %pushi/vec4 1, 0, 32;
    %store/vec4 v0x7fa88b13c900_0, 0, 32;
    %pushi/vec4 2, 0, 32;
    %store/vec4 v0x7fa88b13c990_0, 0, 32;
    %delay 100000, 0;
    %pushi/vec4 0, 0, 1;
    %store/vec4 v0x7fa88b13c3f0_0, 0, 1;
    %pushi/vec4 0, 0, 1;
    %store/vec4 v0x7fa88b13c480_0, 0, 1;
    %delay 499900000, 0;
    %vpi_call 2 49 "$display", "time: %0t, (x1,x2): (%0d,%0d), a = %0d, b = (%0d, %0d, %0d)", $time, v0x7fa88b13c900_0, v0x7fa88b13c990_0, v0x7fa88b13c510_0, v0x7fa88b13c5e0_0, v0x7fa88b13c670_0, v0x7fa88b13c720_0 {0 0 0};
    %delay 500000000, 0;
    %pushi/vec4 1, 0, 1;
    %store/vec4 v0x7fa88b13c3f0_0, 0, 1;
    %pushi/vec4 0, 0, 1;
    %store/vec4 v0x7fa88b13c480_0, 0, 1;
    %pushi/vec4 4, 0, 32;
    %store/vec4 v0x7fa88b13c900_0, 0, 32;
    %pushi/vec4 0, 0, 32;
    %store/vec4 v0x7fa88b13c990_0, 0, 32;
    %delay 100000, 0;
    %pushi/vec4 0, 0, 1;
    %store/vec4 v0x7fa88b13c3f0_0, 0, 1;
    %pushi/vec4 0, 0, 1;
    %store/vec4 v0x7fa88b13c480_0, 0, 1;
    %delay 500000000, 0;
    %vpi_call 2 60 "$display", "time: %0t, (x1,x2): (%0d,%0d), a = %0d, b = (%0d, %0d, %0d)", $time, v0x7fa88b13c900_0, v0x7fa88b13c990_0, v0x7fa88b13c510_0, v0x7fa88b13c5e0_0, v0x7fa88b13c670_0, v0x7fa88b13c720_0 {0 0 0};
    %delay 500000000, 0;
    %pushi/vec4 0, 0, 1;
    %store/vec4 v0x7fa88b13c3f0_0, 0, 1;
    %pushi/vec4 1, 0, 1;
    %store/vec4 v0x7fa88b13c480_0, 0, 1;
    %pushi/vec4 0, 0, 32;
    %store/vec4 v0x7fa88b13c900_0, 0, 32;
    %pushi/vec4 5, 0, 32;
    %store/vec4 v0x7fa88b13c990_0, 0, 32;
    %delay 100000, 0;
    %pushi/vec4 0, 0, 1;
    %store/vec4 v0x7fa88b13c3f0_0, 0, 1;
    %pushi/vec4 0, 0, 1;
    %store/vec4 v0x7fa88b13c480_0, 0, 1;
    %delay 500000000, 0;
    %vpi_call 2 71 "$display", "time: %0t, (x1,x2): (%0d,%0d), a = %0d, b = (%0d, %0d, %0d)", $time, v0x7fa88b13c900_0, v0x7fa88b13c990_0, v0x7fa88b13c510_0, v0x7fa88b13c5e0_0, v0x7fa88b13c670_0, v0x7fa88b13c720_0 {0 0 0};
    %delay 500000000, 0;
    %pushi/vec4 0, 0, 1;
    %store/vec4 v0x7fa88b13c3f0_0, 0, 1;
    %pushi/vec4 0, 0, 1;
    %store/vec4 v0x7fa88b13c480_0, 0, 1;
    %pushi/vec4 0, 0, 32;
    %store/vec4 v0x7fa88b13c900_0, 0, 32;
    %pushi/vec4 0, 0, 32;
    %store/vec4 v0x7fa88b13c990_0, 0, 32;
    %delay 100000, 0;
    %pushi/vec4 0, 0, 1;
    %store/vec4 v0x7fa88b13c3f0_0, 0, 1;
    %pushi/vec4 0, 0, 1;
    %store/vec4 v0x7fa88b13c480_0, 0, 1;
    %delay 500000000, 0;
    %vpi_call 2 82 "$display", "time: %0t, (x1,x2): (%0d,%0d), a = %0d, b = (%0d, %0d, %0d)", $time, v0x7fa88b13c900_0, v0x7fa88b13c990_0, v0x7fa88b13c510_0, v0x7fa88b13c5e0_0, v0x7fa88b13c670_0, v0x7fa88b13c720_0 {0 0 0};
    %delay 500000000, 0;
    %pushi/vec4 1, 0, 1;
    %store/vec4 v0x7fa88b13c3f0_0, 0, 1;
    %pushi/vec4 1, 0, 1;
    %store/vec4 v0x7fa88b13c480_0, 0, 1;
    %pushi/vec4 10, 0, 32;
    %store/vec4 v0x7fa88b13c900_0, 0, 32;
    %pushi/vec4 10, 0, 32;
    %store/vec4 v0x7fa88b13c990_0, 0, 32;
    %delay 100000, 0;
    %pushi/vec4 0, 0, 1;
    %store/vec4 v0x7fa88b13c3f0_0, 0, 1;
    %pushi/vec4 0, 0, 1;
    %store/vec4 v0x7fa88b13c480_0, 0, 1;
    %delay 500000000, 0;
    %vpi_call 2 93 "$display", "time: %0t, (x1,x2): (%0d,%0d), a = %0d, b = (%0d, %0d, %0d)", $time, v0x7fa88b13c900_0, v0x7fa88b13c990_0, v0x7fa88b13c510_0, v0x7fa88b13c5e0_0, v0x7fa88b13c670_0, v0x7fa88b13c720_0 {0 0 0};
    %delay 500000000, 0;
    %pushi/vec4 1, 0, 1;
    %store/vec4 v0x7fa88b13c3f0_0, 0, 1;
    %pushi/vec4 1, 0, 1;
    %store/vec4 v0x7fa88b13c480_0, 0, 1;
    %pushi/vec4 100, 0, 32;
    %store/vec4 v0x7fa88b13c900_0, 0, 32;
    %pushi/vec4 100, 0, 32;
    %store/vec4 v0x7fa88b13c990_0, 0, 32;
    %delay 100000, 0;
    %pushi/vec4 0, 0, 1;
    %store/vec4 v0x7fa88b13c3f0_0, 0, 1;
    %pushi/vec4 0, 0, 1;
    %store/vec4 v0x7fa88b13c480_0, 0, 1;
    %delay 500000000, 0;
    %vpi_call 2 104 "$display", "time: %0t, (x1,x2): (%0d,%0d), a = %0d, b = (%0d, %0d, %0d)", $time, v0x7fa88b13c900_0, v0x7fa88b13c990_0, v0x7fa88b13c510_0, v0x7fa88b13c5e0_0, v0x7fa88b13c670_0, v0x7fa88b13c720_0 {0 0 0};
    %delay 500000000, 0;
    %vpi_call 2 107 "$finish" {0 0 0};
    %end;
    .thread T_13;
# The file index is used to find the file name in the following table.
:file_names 4;
    "N/A";
    "<interactive>";
    "testbench.v";
    "../verilog/SimpleEventBased.topEntity/topEntity.v";
