#! /usr/local/Cellar/icarus-verilog/12.0/bin/vvp
:ivl_version "12.0 (stable)";
:ivl_delay_selection "TYPICAL";
:vpi_time_precision - 13;
:vpi_module "/usr/local/Cellar/icarus-verilog/12.0/lib/ivl/system.vpi";
:vpi_module "/usr/local/Cellar/icarus-verilog/12.0/lib/ivl/vhdl_sys.vpi";
:vpi_module "/usr/local/Cellar/icarus-verilog/12.0/lib/ivl/vhdl_textio.vpi";
:vpi_module "/usr/local/Cellar/icarus-verilog/12.0/lib/ivl/v2005_math.vpi";
:vpi_module "/usr/local/Cellar/icarus-verilog/12.0/lib/ivl/va_math.vpi";
S_0x7f9e4501e620 .scope module, "testbench" "testbench" 2 2;
 .timescale -6 -9;
v0x7f9e45041080_0 .net/s "b_timer", 63 0, L_0x7f9e45049220;  1 drivers
v0x7f9e450274f0_0 .net/s "c_timer", 63 0, L_0x7f9e45049300;  1 drivers
v0x7f9e45041110_0 .var "clk", 0 0;
v0x7f9e450411a0_0 .net/s "d_timer", 63 0, L_0x7f9e450493a0;  1 drivers
v0x7f9e45041250_0 .var "en", 0 0;
v0x7f9e45041320_0 .net/s "hlc_a", 63 0, L_0x7f9e45048e80;  1 drivers
v0x7f9e450413d0_0 .net "hlc_clock", 0 0, L_0x7f9e45048d40;  1 drivers
v0x7f9e45041480_0 .net/s "hlc_clock_cnt", 63 0, L_0x7f9e45049140;  1 drivers
v0x7f9e45041530_0 .net "hlc_enB", 0 0, L_0x7f9e45048fa0;  1 drivers
v0x7f9e45041660_0 .net "hlc_enC", 0 0, L_0x7f9e45049080;  1 drivers
v0x7f9e450416f0_0 .net "hlc_enD", 0 0, L_0x7f9e450495c0;  1 drivers
v0x7f9e45041780_0 .var/s "input_a", 63 0;
v0x7f9e45041830_0 .net/s "llc_stage", 63 0, L_0x7f9e45049a60;  1 drivers
v0x7f9e450418e0_0 .var "new_input", 0 0;
v0x7f9e45041990_0 .net/s "output_b", 63 0, L_0x7f9e45049840;  1 drivers
v0x7f9e45041a40_0 .net "output_b_aktv", 0 0, L_0x7f9e45049e30;  1 drivers
v0x7f9e45041af0_0 .net/s "output_c", 63 0, L_0x7f9e45049ed0;  1 drivers
v0x7f9e45041ca0_0 .net "output_c_aktv", 0 0, L_0x7f9e45049b00;  1 drivers
v0x7f9e45041d30_0 .net/s "output_d", 63 0, L_0x7f9e45049be0;  1 drivers
v0x7f9e45041dc0_0 .net "output_d_aktv", 0 0, L_0x7f9e45049d00;  1 drivers
v0x7f9e45041e50_0 .var "rst", 0 0;
E_0x7f9e4501d0b0 .event anyedge, v0x7f9e4503f560_0;
S_0x7f9e4501f270 .scope module, "monitor" "topEntity" 2 29, 3 5 0, S_0x7f9e4501e620;
 .timescale -13 -13;
    .port_info 0 /INPUT 1 "clk";
    .port_info 1 /INPUT 1 "rst";
    .port_info 2 /INPUT 1 "en";
    .port_info 3 /INPUT 64 "input0_0";
    .port_info 4 /INPUT 1 "input0_1";
    .port_info 5 /OUTPUT 1 "result_0_0";
    .port_info 6 /OUTPUT 64 "result_0_1";
    .port_info 7 /OUTPUT 64 "result_1_0";
    .port_info 8 /OUTPUT 1 "result_1_1";
    .port_info 9 /OUTPUT 1 "result_1_2";
    .port_info 10 /OUTPUT 1 "result_1_3";
    .port_info 11 /OUTPUT 64 "result_1_4";
    .port_info 12 /OUTPUT 64 "result_1_5";
    .port_info 13 /OUTPUT 64 "result_1_6";
    .port_info 14 /OUTPUT 64 "result_2_0";
    .port_info 15 /OUTPUT 64 "result_2_1_0";
    .port_info 16 /OUTPUT 1 "result_2_1_1";
    .port_info 17 /OUTPUT 64 "result_2_2_0";
    .port_info 18 /OUTPUT 1 "result_2_2_1";
    .port_info 19 /OUTPUT 64 "result_2_3_0";
    .port_info 20 /OUTPUT 1 "result_2_3_1";
L_0x7f9e45042ab0 .functor AND 1, L_0x7f9e450429d0, L_0x7f9e45043c80, C4<1>, C4<1>;
L_0x7f9e45042de0 .functor BUFZ 64, v0x7f9e45040440_0, C4<0000000000000000000000000000000000000000000000000000000000000000>, C4<0000000000000000000000000000000000000000000000000000000000000000>, C4<0000000000000000000000000000000000000000000000000000000000000000>;
L_0x7f9e45042ed0 .functor BUFZ 64, v0x7f9e4503e350_0, C4<0000000000000000000000000000000000000000000000000000000000000000>, C4<0000000000000000000000000000000000000000000000000000000000000000>, C4<0000000000000000000000000000000000000000000000000000000000000000>;
L_0x7f9e45042fc0 .functor AND 1, L_0x7f9e45043580, L_0x7f9e45043ab0, C4<1>, C4<1>;
L_0x7f9e45043140 .functor AND 1, L_0x7f9e45043580, L_0x7f9e45043870, C4<1>, C4<1>;
L_0x7f9e45044090 .functor BUFZ 64, v0x7f9e450406f0_0, C4<0000000000000000000000000000000000000000000000000000000000000000>, C4<0000000000000000000000000000000000000000000000000000000000000000>, C4<0000000000000000000000000000000000000000000000000000000000000000>;
L_0x7f9e45044550 .functor AND 1, L_0x7f9e450451e0, L_0x7f9e45044340, C4<1>, C4<1>;
L_0x7f9e45044e10 .functor BUFZ 64, v0x7f9e4503e810_0, C4<0000000000000000000000000000000000000000000000000000000000000000>, C4<0000000000000000000000000000000000000000000000000000000000000000>, C4<0000000000000000000000000000000000000000000000000000000000000000>;
L_0x7f9e45044d30 .functor AND 1, L_0x7f9e450451e0, L_0x7f9e45044b10, C4<1>, C4<1>;
L_0x7f9e45045320 .functor AND 1, L_0x7f9e45046280, L_0x7f9e45045460, C4<1>, C4<1>;
L_0x7f9e45045ec0 .functor BUFZ 64, v0x7f9e4503f160_0, C4<0000000000000000000000000000000000000000000000000000000000000000>, C4<0000000000000000000000000000000000000000000000000000000000000000>, C4<0000000000000000000000000000000000000000000000000000000000000000>;
L_0x7f9e45045d80 .functor AND 1, L_0x7f9e45046280, L_0x7f9e45045810, C4<1>, C4<1>;
L_0x7f9e450463c0 .functor AND 1, L_0x7f9e45047310, L_0x7f9e45046190, C4<1>, C4<1>;
L_0x7f9e45046c50 .functor BUFZ 64, v0x7f9e4503fcc0_0, C4<0000000000000000000000000000000000000000000000000000000000000000>, C4<0000000000000000000000000000000000000000000000000000000000000000>, C4<0000000000000000000000000000000000000000000000000000000000000000>;
L_0x7f9e45046e20 .functor AND 1, L_0x7f9e45047310, L_0x7f9e45046910, C4<1>, C4<1>;
L_0x7f9e450487d0 .functor BUFZ 64, v0x7f9e450400d0_0, C4<0000000000000000000000000000000000000000000000000000000000000000>, C4<0000000000000000000000000000000000000000000000000000000000000000>, C4<0000000000000000000000000000000000000000000000000000000000000000>;
v0x7f9e45025e70_0 .net *"_ivl_10", 64 0, L_0x7f9e45042490;  1 drivers
L_0x7f9e451632d8 .functor BUFT 1, C4<0000000000000000000000000000000000000000000001100001101010000000>, C4<0>, C4<0>, C4<0>;
v0x7f9e450396b0_0 .net/2s *"_ivl_100", 63 0, L_0x7f9e451632d8;  1 drivers
L_0x7f9e45163320 .functor BUFT 1, C4<0000000000000000000000000000000000000000000000000000011111010000>, C4<0>, C4<0>, C4<0>;
v0x7f9e45039750_0 .net/2s *"_ivl_104", 63 0, L_0x7f9e45163320;  1 drivers
L_0x7f9e45163368 .functor BUFT 1, C4<0000000000000000000000000000000000000000000000000000011111010000>, C4<0>, C4<0>, C4<0>;
v0x7f9e450397e0_0 .net/2s *"_ivl_106", 63 0, L_0x7f9e45163368;  1 drivers
v0x7f9e45039890_0 .net/s *"_ivl_108", 63 0, L_0x7f9e45044bb0;  1 drivers
L_0x7f9e451633b0 .functor BUFT 1, C4<1>, C4<0>, C4<0>, C4<0>;
v0x7f9e45039980_0 .net/2u *"_ivl_114", 0 0, L_0x7f9e451633b0;  1 drivers
L_0x7f9e451633f8 .functor BUFT 1, C4<0>, C4<0>, C4<0>, C4<0>;
v0x7f9e45039a30_0 .net/2u *"_ivl_116", 0 0, L_0x7f9e451633f8;  1 drivers
v0x7f9e45039ae0_0 .net *"_ivl_127", 63 0, L_0x7f9e45044fe0;  1 drivers
L_0x7f9e45163440 .functor BUFT 1, C4<0000000000000000000000000000000000000000000000000000000000000000>, C4<0>, C4<0>, C4<0>;
v0x7f9e45039b90_0 .net/2s *"_ivl_128", 63 0, L_0x7f9e45163440;  1 drivers
v0x7f9e45039ca0_0 .net *"_ivl_13", 0 0, L_0x7f9e45042570;  1 drivers
v0x7f9e45039d50_0 .net *"_ivl_130", 0 0, L_0x7f9e45045460;  1 drivers
v0x7f9e45039df0_0 .net *"_ivl_135", 0 0, L_0x7f9e45045650;  1 drivers
v0x7f9e45039ea0_0 .net *"_ivl_14", 64 0, L_0x7f9e45042670;  1 drivers
L_0x7f9e45163488 .functor BUFT 1, C4<1>, C4<0>, C4<0>, C4<0>;
v0x7f9e45039f50_0 .net/2u *"_ivl_140", 0 0, L_0x7f9e45163488;  1 drivers
L_0x7f9e451634d0 .functor BUFT 1, C4<0>, C4<0>, C4<0>, C4<0>;
v0x7f9e4503a000_0 .net/2u *"_ivl_142", 0 0, L_0x7f9e451634d0;  1 drivers
L_0x7f9e45163518 .functor BUFT 1, C4<0000000000000000000000000000000000000000000000110000110101000000>, C4<0>, C4<0>, C4<0>;
v0x7f9e4503a0b0_0 .net/2s *"_ivl_146", 63 0, L_0x7f9e45163518;  1 drivers
L_0x7f9e45163560 .functor BUFT 1, C4<0000000000000000000000000000000000000000000000000000011111010000>, C4<0>, C4<0>, C4<0>;
v0x7f9e4503a160_0 .net/2s *"_ivl_150", 63 0, L_0x7f9e45163560;  1 drivers
L_0x7f9e451635a8 .functor BUFT 1, C4<0000000000000000000000000000000000000000000000000000011111010000>, C4<0>, C4<0>, C4<0>;
v0x7f9e4503a2f0_0 .net/2s *"_ivl_152", 63 0, L_0x7f9e451635a8;  1 drivers
v0x7f9e4503a380_0 .net/s *"_ivl_154", 63 0, L_0x7f9e45045c40;  1 drivers
L_0x7f9e451635f0 .functor BUFT 1, C4<1>, C4<0>, C4<0>, C4<0>;
v0x7f9e4503a430_0 .net/2u *"_ivl_160", 0 0, L_0x7f9e451635f0;  1 drivers
L_0x7f9e45163638 .functor BUFT 1, C4<0>, C4<0>, C4<0>, C4<0>;
v0x7f9e4503a4e0_0 .net/2u *"_ivl_162", 0 0, L_0x7f9e45163638;  1 drivers
v0x7f9e4503a590_0 .net *"_ivl_173", 63 0, L_0x7f9e450460f0;  1 drivers
L_0x7f9e45163680 .functor BUFT 1, C4<0000000000000000000000000000000000000000000000000000000000000000>, C4<0>, C4<0>, C4<0>;
v0x7f9e4503a640_0 .net/2s *"_ivl_174", 63 0, L_0x7f9e45163680;  1 drivers
v0x7f9e4503a6f0_0 .net *"_ivl_176", 0 0, L_0x7f9e45046190;  1 drivers
L_0x7f9e45163008 .functor BUFT 1, C4<0000000000000000000000000000000000000000000000000000000000000011>, C4<0>, C4<0>, C4<0>;
v0x7f9e4503a790_0 .net/2s *"_ivl_18", 63 0, L_0x7f9e45163008;  1 drivers
v0x7f9e4503a840_0 .net *"_ivl_181", 0 0, L_0x7f9e45046750;  1 drivers
L_0x7f9e451636c8 .functor BUFT 1, C4<1>, C4<0>, C4<0>, C4<0>;
v0x7f9e4503a8f0_0 .net/2u *"_ivl_186", 0 0, L_0x7f9e451636c8;  1 drivers
L_0x7f9e45163710 .functor BUFT 1, C4<0>, C4<0>, C4<0>, C4<0>;
v0x7f9e4503a9a0_0 .net/2u *"_ivl_188", 0 0, L_0x7f9e45163710;  1 drivers
L_0x7f9e45163758 .functor BUFT 1, C4<0000000000000000000000000000000000000000000000011000011010100000>, C4<0>, C4<0>, C4<0>;
v0x7f9e4503aa50_0 .net/2s *"_ivl_192", 63 0, L_0x7f9e45163758;  1 drivers
L_0x7f9e451637a0 .functor BUFT 1, C4<0000000000000000000000000000000000000000000000000000011111010000>, C4<0>, C4<0>, C4<0>;
v0x7f9e4503ab00_0 .net/2s *"_ivl_196", 63 0, L_0x7f9e451637a0;  1 drivers
L_0x7f9e451637e8 .functor BUFT 1, C4<0000000000000000000000000000000000000000000000000000011111010000>, C4<0>, C4<0>, C4<0>;
v0x7f9e4503abb0_0 .net/2s *"_ivl_198", 63 0, L_0x7f9e451637e8;  1 drivers
v0x7f9e4503ac60_0 .net *"_ivl_20", 0 0, L_0x7f9e450429d0;  1 drivers
v0x7f9e4503ad00_0 .net/s *"_ivl_200", 63 0, L_0x7f9e45046d00;  1 drivers
L_0x7f9e45163830 .functor BUFT 1, C4<1>, C4<0>, C4<0>, C4<0>;
v0x7f9e4503a210_0 .net/2u *"_ivl_206", 0 0, L_0x7f9e45163830;  1 drivers
L_0x7f9e45163878 .functor BUFT 1, C4<0>, C4<0>, C4<0>, C4<0>;
v0x7f9e4503af90_0 .net/2u *"_ivl_208", 0 0, L_0x7f9e45163878;  1 drivers
v0x7f9e4503b020_0 .net *"_ivl_217", 0 0, L_0x7f9e450473b0;  1 drivers
v0x7f9e4503b0c0_0 .net *"_ivl_219", 63 0, L_0x7f9e450470a0;  1 drivers
v0x7f9e4503b170_0 .net *"_ivl_221", 0 0, L_0x7f9e45047140;  1 drivers
v0x7f9e4503b220_0 .net *"_ivl_223", 0 0, L_0x7f9e450471e0;  1 drivers
v0x7f9e4503b2d0_0 .net *"_ivl_225", 0 0, L_0x7f9e45047760;  1 drivers
v0x7f9e4503b380_0 .net *"_ivl_226", 258 0, L_0x7f9e45047550;  1 drivers
v0x7f9e4503b430_0 .net *"_ivl_229", 63 0, L_0x7f9e45047a20;  1 drivers
v0x7f9e4503b4e0_0 .net *"_ivl_231", 0 0, L_0x7f9e45047800;  1 drivers
v0x7f9e4503b590_0 .net *"_ivl_233", 0 0, L_0x7f9e450478a0;  1 drivers
v0x7f9e4503b640_0 .net *"_ivl_235", 0 0, L_0x7f9e45047940;  1 drivers
v0x7f9e4503b6f0_0 .net *"_ivl_236", 258 0, L_0x7f9e45047ac0;  1 drivers
v0x7f9e4503b7a0_0 .net/s *"_ivl_24", 63 0, L_0x7f9e45042b60;  1 drivers
L_0x7f9e451638c0 .functor BUFT 1, C4<0000000000000000000000000000000000000000000000000000000000000010>, C4<0>, C4<0>, C4<0>;
v0x7f9e4503b850_0 .net/2s *"_ivl_246", 63 0, L_0x7f9e451638c0;  1 drivers
L_0x7f9e45163908 .functor BUFT 1, C4<1>, C4<0>, C4<0>, C4<0>;
v0x7f9e4503b900_0 .net/2u *"_ivl_250", 0 0, L_0x7f9e45163908;  1 drivers
v0x7f9e4503b9b0_0 .net *"_ivl_252", 64 0, L_0x7f9e45045930;  1 drivers
L_0x7f9e45163950 .functor BUFT 1, C4<0>, C4<0>, C4<0>, C4<0>;
v0x7f9e4503ba60_0 .net/2u *"_ivl_254", 0 0, L_0x7f9e45163950;  1 drivers
v0x7f9e4503bb10_0 .net *"_ivl_256", 64 0, L_0x7f9e45048200;  1 drivers
L_0x7f9e45163998 .functor BUFT 1, C4<0000000000000000000000000000000000000000000000000000000000000100>, C4<0>, C4<0>, C4<0>;
v0x7f9e4503bbc0_0 .net/2s *"_ivl_260", 63 0, L_0x7f9e45163998;  1 drivers
L_0x7f9e451639e0 .functor BUFT 1, C4<0000000000000000000000000000000000000000000000000000000000000001>, C4<0>, C4<0>, C4<0>;
v0x7f9e4503bc70_0 .net/2s *"_ivl_264", 63 0, L_0x7f9e451639e0;  1 drivers
v0x7f9e4503bd20_0 .net/s *"_ivl_266", 63 0, L_0x7f9e45048aa0;  1 drivers
L_0x7f9e45163a28 .functor BUFT 1, C4<0000000000000000000000000000000000000000000000000000000000000000>, C4<0>, C4<0>, C4<0>;
v0x7f9e4503bdd0_0 .net/2s *"_ivl_268", 63 0, L_0x7f9e45163a28;  1 drivers
L_0x7f9e45163050 .functor BUFT 1, C4<0000000000000000000000000000000000000000000000000000000000000010>, C4<0>, C4<0>, C4<0>;
v0x7f9e4503be80_0 .net/2s *"_ivl_44", 63 0, L_0x7f9e45163050;  1 drivers
v0x7f9e4503bf30_0 .net *"_ivl_48", 2 0, L_0x7f9e450436f0;  1 drivers
v0x7f9e4503bfe0_0 .net *"_ivl_5", 0 0, L_0x7f9e45042140;  1 drivers
L_0x7f9e45163098 .functor BUFT 1, C4<000>, C4<0>, C4<0>, C4<0>;
v0x7f9e4503c090_0 .net/2u *"_ivl_50", 2 0, L_0x7f9e45163098;  1 drivers
L_0x7f9e451630e0 .functor BUFT 1, C4<0000000000000000000000000000000000000000000000000000000000000100>, C4<0>, C4<0>, C4<0>;
v0x7f9e4503c140_0 .net/2s *"_ivl_54", 63 0, L_0x7f9e451630e0;  1 drivers
v0x7f9e4503c1f0_0 .net *"_ivl_6", 64 0, L_0x7f9e45042240;  1 drivers
L_0x7f9e45163128 .functor BUFT 1, C4<0000000000000000000000000000000000000000000000000000000000000100>, C4<0>, C4<0>, C4<0>;
v0x7f9e4503c2a0_0 .net/2s *"_ivl_64", 63 0, L_0x7f9e45163128;  1 drivers
L_0x7f9e45163170 .functor BUFT 1, C4<0000000000000000000000000000000000000000000000000000000000000000>, C4<0>, C4<0>, C4<0>;
v0x7f9e4503c350_0 .net/2s *"_ivl_68", 63 0, L_0x7f9e45163170;  1 drivers
L_0x7f9e451631b8 .functor BUFT 1, C4<0000000000000000000000000000000000000000000000000000000000000001>, C4<0>, C4<0>, C4<0>;
v0x7f9e4503c400_0 .net/2s *"_ivl_70", 63 0, L_0x7f9e451631b8;  1 drivers
v0x7f9e4503adb0_0 .net/s *"_ivl_72", 63 0, L_0x7f9e45043e20;  1 drivers
v0x7f9e4503ae60_0 .net *"_ivl_81", 63 0, L_0x7f9e45043f20;  1 drivers
L_0x7f9e45163200 .functor BUFT 1, C4<0000000000000000000000000000000000000000000000000000000000000000>, C4<0>, C4<0>, C4<0>;
v0x7f9e4503c490_0 .net/2s *"_ivl_82", 63 0, L_0x7f9e45163200;  1 drivers
v0x7f9e4503c520_0 .net *"_ivl_84", 0 0, L_0x7f9e45044340;  1 drivers
v0x7f9e4503c5b0_0 .net *"_ivl_89", 0 0, L_0x7f9e45044600;  1 drivers
v0x7f9e4503c640_0 .net *"_ivl_9", 0 0, L_0x7f9e45042360;  1 drivers
L_0x7f9e45163248 .functor BUFT 1, C4<1>, C4<0>, C4<0>, C4<0>;
v0x7f9e4503c6d0_0 .net/2u *"_ivl_94", 0 0, L_0x7f9e45163248;  1 drivers
L_0x7f9e45163290 .functor BUFT 1, C4<0>, C4<0>, C4<0>, C4<0>;
v0x7f9e4503c770_0 .net/2u *"_ivl_96", 0 0, L_0x7f9e45163290;  1 drivers
v0x7f9e4503c820_0 .net/s "a", 63 0, L_0x7f9e45043460;  1 drivers
v0x7f9e4503c8d0_0 .net "b", 0 0, L_0x7f9e45043990;  1 drivers
v0x7f9e4503c970_0 .net/s "bTimer", 63 0, L_0x7f9e45048160;  1 drivers
v0x7f9e4503ca20_0 .net "b_0", 0 0, L_0x7f9e45043b50;  1 drivers
v0x7f9e4503cac0_0 .net "b_1", 0 0, L_0x7f9e45044550;  1 drivers
v0x7f9e4503cb60_0 .net "b_2", 0 0, L_0x7f9e45044d30;  1 drivers
v0x7f9e4503cc00_0 .net "b_3", 0 0, L_0x7f9e45045320;  1 drivers
v0x7f9e4503cca0_0 .net "b_4", 0 0, L_0x7f9e45045d80;  1 drivers
v0x7f9e4503cd40_0 .net "b_5", 0 0, L_0x7f9e450463c0;  1 drivers
v0x7f9e4503cde0_0 .net "b_6", 0 0, L_0x7f9e45046e20;  1 drivers
v0x7f9e4503ce80_0 .net "b_7", 0 0, L_0x7f9e45047f30;  1 drivers
v0x7f9e4503cf20_0 .net "b_8", 0 0, L_0x7f9e45048940;  1 drivers
v0x7f9e4503cfc0_0 .var/s "c$app_arg", 63 0;
v0x7f9e4503d070_0 .net "c$b_app_arg", 0 0, L_0x7f9e45044b10;  1 drivers
v0x7f9e4503d110_0 .net "c$b_app_arg_0", 0 0, L_0x7f9e45045810;  1 drivers
v0x7f9e4503d1b0_0 .net "c$b_app_arg_1", 0 0, L_0x7f9e45046910;  1 drivers
v0x7f9e4503d250_0 .net "c$outC_app_arg", 0 0, L_0x7f9e45043580;  1 drivers
v0x7f9e4503d2f0_0 .net/s "cTimer", 63 0, L_0x7f9e45047df0;  1 drivers
v0x7f9e4503d3a0_0 .net "clk", 0 0, v0x7f9e45041110_0;  1 drivers
v0x7f9e4503d440_0 .net/s "dTimer", 63 0, L_0x7f9e45047e90;  1 drivers
v0x7f9e4503d4f0_0 .net "en", 0 0, v0x7f9e45041250_0;  1 drivers
v0x7f9e4503d590_0 .net "enB", 0 0, L_0x7f9e45043ab0;  1 drivers
v0x7f9e4503d630_0 .net "enC", 0 0, L_0x7f9e45043870;  1 drivers
v0x7f9e4503d6d0_0 .net "enD", 0 0, L_0x7f9e45043c80;  1 drivers
v0x7f9e4503d770_0 .net "en_0", 0 0, L_0x7f9e450451e0;  1 drivers
v0x7f9e4503d810_0 .net "en_1", 0 0, L_0x7f9e45046280;  1 drivers
v0x7f9e4503d8b0_0 .net "en_2", 0 0, L_0x7f9e45047310;  1 drivers
v0x7f9e4503d950_0 .net "eta", 0 0, L_0x7f9e45042ab0;  1 drivers
v0x7f9e4503d9f0_0 .net "eta_0", 0 0, L_0x7f9e45042fc0;  1 drivers
v0x7f9e4503da90_0 .net "eta_1", 0 0, L_0x7f9e45043140;  1 drivers
v0x7f9e4503db30_0 .net "f1", 64 0, L_0x7f9e450446a0;  1 drivers
v0x7f9e4503dbe0_0 .net "f1_0", 64 0, L_0x7f9e450456f0;  1 drivers
v0x7f9e4503dc90_0 .net "f1_1", 64 0, L_0x7f9e450467f0;  1 drivers
v0x7f9e4503dd40_0 .net "input0", 64 0, L_0x7f9e45041ee0;  1 drivers
v0x7f9e4503ddf0_0 .net/s "input0_0", 63 0, v0x7f9e45041780_0;  1 drivers
v0x7f9e4503dea0_0 .net "input0_1", 0 0, v0x7f9e450418e0_0;  1 drivers
v0x7f9e4503df40_0 .net "result", 582 0, L_0x7f9e45042040;  1 drivers
v0x7f9e4503dff0_0 .net "result_0", 64 0, L_0x7f9e45048880;  1 drivers
v0x7f9e4503e0a0_0 .net "result_0_0", 0 0, L_0x7f9e45048d40;  alias, 1 drivers
v0x7f9e4503e140_0 .net/s "result_0_1", 63 0, L_0x7f9e45049140;  alias, 1 drivers
v0x7f9e4503e1f0_0 .net "result_1", 258 0, L_0x7f9e45048b80;  1 drivers
v0x7f9e4503e2a0_0 .var/s "result_10", 63 0;
v0x7f9e4503e350_0 .var/s "result_11", 63 0;
v0x7f9e4503e400_0 .net "result_12", 2 0, L_0x7f9e450437d0;  1 drivers
v0x7f9e4503e4b0_0 .net/s "result_13", 63 0, L_0x7f9e45043ff0;  1 drivers
v0x7f9e4503e560_0 .var "result_14", 64 0;
v0x7f9e4503e610_0 .net "result_15", 64 0, L_0x7f9e45044180;  1 drivers
v0x7f9e4503e6c0_0 .net "result_16", 0 0, L_0x7f9e45044960;  1 drivers
v0x7f9e4503e760_0 .net/s "result_17", 63 0, L_0x7f9e45044a00;  1 drivers
v0x7f9e4503e810_0 .var/s "result_18", 63 0;
v0x7f9e4503e8c0_0 .net "result_19", 0 0, L_0x7f9e45044f40;  1 drivers
v0x7f9e4503e960_0 .net/s "result_1_0", 63 0, L_0x7f9e45048e80;  alias, 1 drivers
v0x7f9e4503ea10_0 .net "result_1_1", 0 0, L_0x7f9e45048fa0;  alias, 1 drivers
v0x7f9e4503eab0_0 .net "result_1_2", 0 0, L_0x7f9e45049080;  alias, 1 drivers
v0x7f9e4503eb50_0 .net "result_1_3", 0 0, L_0x7f9e450495c0;  alias, 1 drivers
v0x7f9e4503ebf0_0 .net/s "result_1_4", 63 0, L_0x7f9e45049220;  alias, 1 drivers
v0x7f9e4503eca0_0 .net/s "result_1_5", 63 0, L_0x7f9e45049300;  alias, 1 drivers
v0x7f9e4503ed50_0 .net/s "result_1_6", 63 0, L_0x7f9e450493a0;  alias, 1 drivers
v0x7f9e4503ee00_0 .net "result_2", 258 0, L_0x7f9e45048c20;  1 drivers
v0x7f9e4503eeb0_0 .var "result_20", 64 0;
v0x7f9e4503ef60_0 .net "result_21", 64 0, L_0x7f9e45045280;  1 drivers
v0x7f9e4503f010_0 .net "result_22", 0 0, L_0x7f9e45045a30;  1 drivers
v0x7f9e4503f0b0_0 .net/s "result_23", 63 0, L_0x7f9e45045ad0;  1 drivers
v0x7f9e4503f160_0 .var/s "result_24", 63 0;
v0x7f9e4503f210_0 .net "result_25", 0 0, L_0x7f9e45046050;  1 drivers
v0x7f9e4503f2b0_0 .var "result_26", 64 0;
v0x7f9e4503f360_0 .net "result_27", 64 0, L_0x7f9e45046320;  1 drivers
v0x7f9e4503f410_0 .net "result_28", 0 0, L_0x7f9e45046a90;  1 drivers
v0x7f9e4503f4b0_0 .net/s "result_29", 63 0, L_0x7f9e45046b30;  1 drivers
v0x7f9e4503f560_0 .net/s "result_2_0", 63 0, L_0x7f9e45049a60;  alias, 1 drivers
v0x7f9e4503f610_0 .net "result_2_1", 64 0, L_0x7f9e45049660;  1 drivers
v0x7f9e4503f6c0_0 .net/s "result_2_1_0", 63 0, L_0x7f9e45049840;  alias, 1 drivers
v0x7f9e4503f770_0 .net "result_2_1_1", 0 0, L_0x7f9e45049e30;  alias, 1 drivers
v0x7f9e4503f810_0 .net "result_2_2", 64 0, L_0x7f9e45049700;  1 drivers
v0x7f9e4503f8c0_0 .net/s "result_2_2_0", 63 0, L_0x7f9e45049ed0;  alias, 1 drivers
v0x7f9e4503f970_0 .net "result_2_2_1", 0 0, L_0x7f9e45049b00;  alias, 1 drivers
v0x7f9e4503fa10_0 .net "result_2_3", 64 0, L_0x7f9e450497a0;  1 drivers
v0x7f9e4503fac0_0 .net/s "result_2_3_0", 63 0, L_0x7f9e45049be0;  alias, 1 drivers
v0x7f9e4503fb70_0 .net "result_2_3_1", 0 0, L_0x7f9e45049d00;  alias, 1 drivers
v0x7f9e4503fc10_0 .net "result_3", 258 0, L_0x7f9e45042790;  1 drivers
v0x7f9e4503fcc0_0 .var/s "result_30", 63 0;
v0x7f9e4503fd70_0 .net "result_31", 0 0, L_0x7f9e45047000;  1 drivers
v0x7f9e4503fe10_0 .net "result_32", 258 0, L_0x7f9e45048040;  1 drivers
v0x7f9e4503fec0_0 .var "result_33", 258 0;
v0x7f9e4503ff70_0 .net "result_34", 64 0, L_0x7f9e450482e0;  1 drivers
v0x7f9e45040020_0 .net/s "result_35", 63 0, L_0x7f9e450486b0;  1 drivers
v0x7f9e450400d0_0 .var/s "result_36", 63 0;
v0x7f9e45040180_0 .var "result_37", 64 0;
v0x7f9e45040230_0 .net/s "result_4", 63 0, L_0x7f9e45042cc0;  1 drivers
v0x7f9e450402e0_0 .var/s "result_5", 63 0;
v0x7f9e45040390_0 .net/s "result_6", 63 0, L_0x7f9e45043030;  1 drivers
v0x7f9e45040440_0 .var/s "result_7", 63 0;
v0x7f9e450404f0_0 .net/s "result_8", 63 0, L_0x7f9e45043220;  1 drivers
v0x7f9e450405a0_0 .net/s "result_9", 63 0, L_0x7f9e45043340;  1 drivers
v0x7f9e45040650_0 .net "rst", 0 0, v0x7f9e45041e50_0;  1 drivers
v0x7f9e450406f0_0 .var/s "s", 63 0;
v0x7f9e450407a0_0 .net "t", 64 0, L_0x7f9e45044880;  1 drivers
v0x7f9e45040850_0 .net "t_0", 64 0, L_0x7f9e45045500;  1 drivers
v0x7f9e45040900_0 .net "t_1", 64 0, L_0x7f9e450465a0;  1 drivers
v0x7f9e450409b0_0 .net/s "x", 63 0, L_0x7f9e45042de0;  1 drivers
v0x7f9e45040a60_0 .net/s "x_0", 63 0, L_0x7f9e45044090;  1 drivers
v0x7f9e45040b10_0 .net/s "x_1", 63 0, L_0x7f9e45044e10;  1 drivers
v0x7f9e45040bc0_0 .net/s "x_2", 63 0, L_0x7f9e45045ec0;  1 drivers
v0x7f9e45040c70_0 .net/s "x_3", 63 0, L_0x7f9e45046c50;  1 drivers
v0x7f9e45040d20_0 .net/s "x_4", 63 0, L_0x7f9e450487d0;  1 drivers
v0x7f9e45040dd0_0 .net/s "y", 63 0, L_0x7f9e45042ed0;  1 drivers
E_0x7f9e450210d0 .event posedge, v0x7f9e45040650_0, v0x7f9e4503d3a0_0;
E_0x7f9e45020bf0 .event posedge, v0x7f9e4503d3a0_0;
L_0x7f9e45041ee0 .concat [ 1 64 0 0], v0x7f9e450418e0_0, v0x7f9e45041780_0;
L_0x7f9e45042040 .concat [ 259 259 65 0], L_0x7f9e45042790, v0x7f9e4503fec0_0, v0x7f9e45040180_0;
L_0x7f9e45042140 .part L_0x7f9e450437d0, 2, 1;
L_0x7f9e45042240 .concat [ 1 64 0 0], L_0x7f9e45042140, v0x7f9e45040440_0;
L_0x7f9e45042360 .part L_0x7f9e450437d0, 1, 1;
L_0x7f9e45042490 .concat [ 1 64 0 0], L_0x7f9e45042360, v0x7f9e4503e350_0;
L_0x7f9e45042570 .part L_0x7f9e450437d0, 0, 1;
L_0x7f9e45042670 .concat [ 1 64 0 0], L_0x7f9e45042570, v0x7f9e450402e0_0;
L_0x7f9e45042790 .concat [ 65 65 65 64], L_0x7f9e45042670, L_0x7f9e45042490, L_0x7f9e45042240, v0x7f9e4503cfc0_0;
L_0x7f9e450429d0 .cmp/eq 64, v0x7f9e4503cfc0_0, L_0x7f9e45163008;
L_0x7f9e45042b60 .arith/sum 64, L_0x7f9e45042de0, L_0x7f9e45042ed0;
L_0x7f9e45042cc0 .functor MUXZ 64, v0x7f9e450402e0_0, L_0x7f9e45042b60, L_0x7f9e45042ab0, C4<>;
L_0x7f9e45043030 .functor MUXZ 64, v0x7f9e45040440_0, L_0x7f9e45043460, L_0x7f9e45042fc0, C4<>;
L_0x7f9e45043220 .functor MUXZ 64, v0x7f9e4503e2a0_0, L_0x7f9e45043460, L_0x7f9e45043140, C4<>;
L_0x7f9e45043340 .functor MUXZ 64, v0x7f9e4503e2a0_0, L_0x7f9e45043460, L_0x7f9e45043140, C4<>;
L_0x7f9e45043460 .part v0x7f9e4503fec0_0, 195, 64;
L_0x7f9e45043580 .cmp/eq 64, v0x7f9e4503cfc0_0, L_0x7f9e45163050;
L_0x7f9e450436f0 .concat [ 1 1 1 0], L_0x7f9e45043c80, L_0x7f9e45043870, L_0x7f9e45043ab0;
L_0x7f9e450437d0 .functor MUXZ 3, L_0x7f9e45163098, L_0x7f9e450436f0, L_0x7f9e45043990, C4<>;
L_0x7f9e45043990 .cmp/eq 64, v0x7f9e4503cfc0_0, L_0x7f9e451630e0;
L_0x7f9e45043ab0 .part v0x7f9e4503fec0_0, 194, 1;
L_0x7f9e45043870 .part v0x7f9e4503fec0_0, 193, 1;
L_0x7f9e45043c80 .part v0x7f9e4503fec0_0, 192, 1;
L_0x7f9e45043b50 .cmp/eq 64, v0x7f9e450406f0_0, L_0x7f9e45163128;
L_0x7f9e45043e20 .arith/sum 64, L_0x7f9e45044090, L_0x7f9e451631b8;
L_0x7f9e45043ff0 .functor MUXZ 64, L_0x7f9e45043e20, L_0x7f9e45163170, L_0x7f9e45043b50, C4<>;
L_0x7f9e45044180 .functor MUXZ 65, L_0x7f9e450446a0, L_0x7f9e45044880, L_0x7f9e45044550, C4<>;
L_0x7f9e45043f20 .part v0x7f9e45040180_0, 0, 64;
L_0x7f9e45044340 .cmp/eq 64, L_0x7f9e45043f20, L_0x7f9e45163200;
L_0x7f9e45044600 .part v0x7f9e4503e560_0, 64, 1;
L_0x7f9e450446a0 .concat [ 64 1 0 0], v0x7f9e4503e810_0, L_0x7f9e45044600;
L_0x7f9e45044880 .concat [ 64 1 0 0], v0x7f9e4503e810_0, L_0x7f9e45044960;
L_0x7f9e45044960 .functor MUXZ 1, L_0x7f9e45163290, L_0x7f9e45163248, L_0x7f9e45044b10, C4<>;
L_0x7f9e45044b10 .cmp/ge.s 64, v0x7f9e4503e810_0, L_0x7f9e451632d8;
L_0x7f9e45044bb0 .arith/sum 64, L_0x7f9e45044e10, L_0x7f9e45163368;
L_0x7f9e45044a00 .functor MUXZ 64, L_0x7f9e45044bb0, L_0x7f9e45163320, L_0x7f9e45044f40, C4<>;
L_0x7f9e45044f40 .functor MUXZ 1, L_0x7f9e451633f8, L_0x7f9e451633b0, L_0x7f9e45044d30, C4<>;
L_0x7f9e450451e0 .part v0x7f9e45040180_0, 64, 1;
L_0x7f9e45045280 .functor MUXZ 65, L_0x7f9e450456f0, L_0x7f9e45045500, L_0x7f9e45045320, C4<>;
L_0x7f9e45044fe0 .part v0x7f9e45040180_0, 0, 64;
L_0x7f9e45045460 .cmp/eq 64, L_0x7f9e45044fe0, L_0x7f9e45163440;
L_0x7f9e45045650 .part v0x7f9e4503eeb0_0, 64, 1;
L_0x7f9e450456f0 .concat [ 64 1 0 0], v0x7f9e4503f160_0, L_0x7f9e45045650;
L_0x7f9e45045500 .concat [ 64 1 0 0], v0x7f9e4503f160_0, L_0x7f9e45045a30;
L_0x7f9e45045a30 .functor MUXZ 1, L_0x7f9e451634d0, L_0x7f9e45163488, L_0x7f9e45045810, C4<>;
L_0x7f9e45045810 .cmp/ge.s 64, v0x7f9e4503f160_0, L_0x7f9e45163518;
L_0x7f9e45045c40 .arith/sum 64, L_0x7f9e45045ec0, L_0x7f9e451635a8;
L_0x7f9e45045ad0 .functor MUXZ 64, L_0x7f9e45045c40, L_0x7f9e45163560, L_0x7f9e45046050, C4<>;
L_0x7f9e45046050 .functor MUXZ 1, L_0x7f9e45163638, L_0x7f9e451635f0, L_0x7f9e45045d80, C4<>;
L_0x7f9e45046280 .part v0x7f9e45040180_0, 64, 1;
L_0x7f9e45046320 .functor MUXZ 65, L_0x7f9e450467f0, L_0x7f9e450465a0, L_0x7f9e450463c0, C4<>;
L_0x7f9e450460f0 .part v0x7f9e45040180_0, 0, 64;
L_0x7f9e45046190 .cmp/eq 64, L_0x7f9e450460f0, L_0x7f9e45163680;
L_0x7f9e45046750 .part v0x7f9e4503f2b0_0, 64, 1;
L_0x7f9e450467f0 .concat [ 64 1 0 0], v0x7f9e4503fcc0_0, L_0x7f9e45046750;
L_0x7f9e450465a0 .concat [ 64 1 0 0], v0x7f9e4503fcc0_0, L_0x7f9e45046a90;
L_0x7f9e45046a90 .functor MUXZ 1, L_0x7f9e45163710, L_0x7f9e451636c8, L_0x7f9e45046910, C4<>;
L_0x7f9e45046910 .cmp/ge.s 64, v0x7f9e4503fcc0_0, L_0x7f9e45163758;
L_0x7f9e45046d00 .arith/sum 64, L_0x7f9e45046c50, L_0x7f9e451637e8;
L_0x7f9e45046b30 .functor MUXZ 64, L_0x7f9e45046d00, L_0x7f9e451637a0, L_0x7f9e45047000, C4<>;
L_0x7f9e45047000 .functor MUXZ 1, L_0x7f9e45163878, L_0x7f9e45163830, L_0x7f9e45046e20, C4<>;
L_0x7f9e45047310 .part v0x7f9e45040180_0, 64, 1;
L_0x7f9e450473b0 .part v0x7f9e45040180_0, 64, 1;
L_0x7f9e450470a0 .part L_0x7f9e45041ee0, 1, 64;
L_0x7f9e45047140 .part v0x7f9e4503f2b0_0, 64, 1;
L_0x7f9e450471e0 .part v0x7f9e4503eeb0_0, 64, 1;
L_0x7f9e45047760 .part v0x7f9e4503e560_0, 64, 1;
LS_0x7f9e45047550_0_0 .concat [ 64 64 64 1], L_0x7f9e45047e90, L_0x7f9e45047df0, L_0x7f9e45048160, L_0x7f9e45047760;
LS_0x7f9e45047550_0_4 .concat [ 1 1 64 0], L_0x7f9e450471e0, L_0x7f9e45047140, L_0x7f9e450470a0;
L_0x7f9e45047550 .concat [ 193 66 0 0], LS_0x7f9e45047550_0_0, LS_0x7f9e45047550_0_4;
L_0x7f9e45047a20 .part v0x7f9e4503fec0_0, 195, 64;
L_0x7f9e45047800 .part v0x7f9e4503fec0_0, 194, 1;
L_0x7f9e450478a0 .part v0x7f9e4503fec0_0, 193, 1;
L_0x7f9e45047940 .part v0x7f9e4503fec0_0, 192, 1;
LS_0x7f9e45047ac0_0_0 .concat [ 64 64 64 1], L_0x7f9e45047e90, L_0x7f9e45047df0, L_0x7f9e45048160, L_0x7f9e45047940;
LS_0x7f9e45047ac0_0_4 .concat [ 1 1 64 0], L_0x7f9e450478a0, L_0x7f9e45047800, L_0x7f9e45047a20;
L_0x7f9e45047ac0 .concat [ 193 66 0 0], LS_0x7f9e45047ac0_0_0, LS_0x7f9e45047ac0_0_4;
L_0x7f9e45048040 .functor MUXZ 259, L_0x7f9e45047ac0, L_0x7f9e45047550, L_0x7f9e450473b0, C4<>;
L_0x7f9e45048160 .part v0x7f9e4503f2b0_0, 0, 64;
L_0x7f9e45047df0 .part v0x7f9e4503eeb0_0, 0, 64;
L_0x7f9e45047e90 .part v0x7f9e4503e560_0, 0, 64;
L_0x7f9e45047f30 .cmp/gt.s 64, L_0x7f9e451638c0, v0x7f9e450400d0_0;
L_0x7f9e45045930 .concat [ 64 1 0 0], v0x7f9e450400d0_0, L_0x7f9e45163908;
L_0x7f9e45048200 .concat [ 64 1 0 0], v0x7f9e450400d0_0, L_0x7f9e45163950;
L_0x7f9e450482e0 .functor MUXZ 65, L_0x7f9e45048200, L_0x7f9e45045930, L_0x7f9e45047f30, C4<>;
L_0x7f9e45048940 .cmp/gt.s 64, L_0x7f9e45163998, v0x7f9e450400d0_0;
L_0x7f9e45048aa0 .arith/sum 64, L_0x7f9e450487d0, L_0x7f9e451639e0;
L_0x7f9e450486b0 .functor MUXZ 64, L_0x7f9e45163a28, L_0x7f9e45048aa0, L_0x7f9e45048940, C4<>;
L_0x7f9e45048880 .part L_0x7f9e45042040, 518, 65;
L_0x7f9e45048b80 .part L_0x7f9e45042040, 259, 259;
L_0x7f9e45048c20 .part L_0x7f9e45042040, 0, 259;
L_0x7f9e45048d40 .part L_0x7f9e45048880, 64, 1;
L_0x7f9e45049140 .part L_0x7f9e45048880, 0, 64;
L_0x7f9e45048e80 .part L_0x7f9e45048b80, 195, 64;
L_0x7f9e45048fa0 .part L_0x7f9e45048b80, 194, 1;
L_0x7f9e45049080 .part L_0x7f9e45048b80, 193, 1;
L_0x7f9e450495c0 .part L_0x7f9e45048b80, 192, 1;
L_0x7f9e45049220 .part L_0x7f9e45048b80, 128, 64;
L_0x7f9e45049300 .part L_0x7f9e45048b80, 64, 64;
L_0x7f9e450493a0 .part L_0x7f9e45048b80, 0, 64;
L_0x7f9e45049a60 .part L_0x7f9e45048c20, 195, 64;
L_0x7f9e45049660 .part L_0x7f9e45048c20, 130, 65;
L_0x7f9e45049700 .part L_0x7f9e45048c20, 65, 65;
L_0x7f9e450497a0 .part L_0x7f9e45048c20, 0, 65;
L_0x7f9e45049840 .part L_0x7f9e45049660, 1, 64;
L_0x7f9e45049e30 .part L_0x7f9e45049660, 0, 1;
L_0x7f9e45049ed0 .part L_0x7f9e45049700, 1, 64;
L_0x7f9e45049b00 .part L_0x7f9e45049700, 0, 1;
L_0x7f9e45049be0 .part L_0x7f9e450497a0, 1, 64;
L_0x7f9e45049d00 .part L_0x7f9e450497a0, 0, 1;
S_0x7f9e4501d6b0 .scope begin, "c$app_arg_delay" "c$app_arg_delay" 3 235, 3 235 0, S_0x7f9e4501f270;
 .timescale -13 -13;
S_0x7f9e4502e360 .scope begin, "result_10_register" "result_10_register" 3 200, 3 200 0, S_0x7f9e4501f270;
 .timescale -13 -13;
S_0x7f9e4502e4d0 .scope begin, "result_11_register" "result_11_register" 3 210, 3 210 0, S_0x7f9e4501f270;
 .timescale -13 -13;
S_0x7f9e4502e640 .scope begin, "result_14_register" "result_14_register" 3 259, 3 259 0, S_0x7f9e4501f270;
 .timescale -13 -13;
S_0x7f9e4502e7b0 .scope begin, "result_18_register" "result_18_register" 3 285, 3 285 0, S_0x7f9e4501f270;
 .timescale -13 -13;
S_0x7f9e4502e920 .scope begin, "result_20_register" "result_20_register" 3 301, 3 301 0, S_0x7f9e4501f270;
 .timescale -13 -13;
S_0x7f9e4502ea90 .scope begin, "result_24_register" "result_24_register" 3 327, 3 327 0, S_0x7f9e4501f270;
 .timescale -13 -13;
S_0x7f9e4502ec00 .scope begin, "result_26_register" "result_26_register" 3 343, 3 343 0, S_0x7f9e4501f270;
 .timescale -13 -13;
S_0x7f9e4502ed70 .scope begin, "result_30_register" "result_30_register" 3 369, 3 369 0, S_0x7f9e4501f270;
 .timescale -13 -13;
S_0x7f9e4502eee0 .scope begin, "result_33_register" "result_33_register" 3 399, 3 399 0, S_0x7f9e4501f270;
 .timescale -13 -13;
S_0x7f9e4502f050 .scope begin, "result_36_register" "result_36_register" 3 420, 3 420 0, S_0x7f9e4501f270;
 .timescale -13 -13;
S_0x7f9e4502f1c0 .scope begin, "result_37_register" "result_37_register" 3 430, 3 430 0, S_0x7f9e4501f270;
 .timescale -13 -13;
S_0x7f9e4502f330 .scope begin, "result_5_register" "result_5_register" 3 170, 3 170 0, S_0x7f9e4501f270;
 .timescale -13 -13;
S_0x7f9e4502f4a0 .scope begin, "result_7_register" "result_7_register" 3 184, 3 184 0, S_0x7f9e4501f270;
 .timescale -13 -13;
S_0x7f9e4502f610 .scope begin, "s_register" "s_register" 3 243, 3 243 0, S_0x7f9e4501f270;
 .timescale -13 -13;
    .scope S_0x7f9e4501f270;
T_0 ;
    %pushi/vec4 10, 0, 64;
    %store/vec4 v0x7f9e450402e0_0, 0, 64;
    %pushi/vec4 10, 0, 64;
    %store/vec4 v0x7f9e45040440_0, 0, 64;
    %pushi/vec4 10, 0, 64;
    %store/vec4 v0x7f9e4503e2a0_0, 0, 64;
    %pushi/vec4 10, 0, 64;
    %store/vec4 v0x7f9e4503e350_0, 0, 64;
    %pushi/vec4 0, 0, 64;
    %store/vec4 v0x7f9e4503cfc0_0, 0, 64;
    %pushi/vec4 0, 0, 64;
    %store/vec4 v0x7f9e450406f0_0, 0, 64;
    %pushi/vec4 0, 0, 65;
    %store/vec4 v0x7f9e4503e560_0, 0, 65;
    %pushi/vec4 2000, 0, 64;
    %store/vec4 v0x7f9e4503e810_0, 0, 64;
    %pushi/vec4 0, 0, 65;
    %store/vec4 v0x7f9e4503eeb0_0, 0, 65;
    %pushi/vec4 2000, 0, 64;
    %store/vec4 v0x7f9e4503f160_0, 0, 64;
    %pushi/vec4 0, 0, 65;
    %store/vec4 v0x7f9e4503f2b0_0, 0, 65;
    %pushi/vec4 2000, 0, 64;
    %store/vec4 v0x7f9e4503fcc0_0, 0, 64;
    %pushi/vec4 0, 0, 259;
    %store/vec4 v0x7f9e4503fec0_0, 0, 259;
    %pushi/vec4 0, 0, 64;
    %store/vec4 v0x7f9e450400d0_0, 0, 64;
    %pushi/vec4 0, 0, 65;
    %store/vec4 v0x7f9e45040180_0, 0, 65;
    %end;
    .thread T_0;
    .scope S_0x7f9e4501f270;
T_1 ;
    %wait E_0x7f9e450210d0;
    %fork t_1, S_0x7f9e4502f330;
    %jmp t_0;
    .scope S_0x7f9e4502f330;
t_1 ;
    %load/vec4 v0x7f9e45040650_0;
    %flag_set/vec4 8;
    %jmp/0xz  T_1.0, 8;
    %pushi/vec4 10, 0, 64;
    %assign/vec4 v0x7f9e450402e0_0, 0;
    %jmp T_1.1;
T_1.0 ;
    %load/vec4 v0x7f9e4503d4f0_0;
    %flag_set/vec4 8;
    %jmp/0xz  T_1.2, 8;
    %load/vec4 v0x7f9e45040230_0;
    %assign/vec4 v0x7f9e450402e0_0, 0;
T_1.2 ;
T_1.1 ;
    %end;
    .scope S_0x7f9e4501f270;
t_0 %join;
    %jmp T_1;
    .thread T_1;
    .scope S_0x7f9e4501f270;
T_2 ;
    %wait E_0x7f9e450210d0;
    %fork t_3, S_0x7f9e4502f4a0;
    %jmp t_2;
    .scope S_0x7f9e4502f4a0;
t_3 ;
    %load/vec4 v0x7f9e45040650_0;
    %flag_set/vec4 8;
    %jmp/0xz  T_2.0, 8;
    %pushi/vec4 10, 0, 64;
    %assign/vec4 v0x7f9e45040440_0, 0;
    %jmp T_2.1;
T_2.0 ;
    %load/vec4 v0x7f9e4503d4f0_0;
    %flag_set/vec4 8;
    %jmp/0xz  T_2.2, 8;
    %load/vec4 v0x7f9e45040390_0;
    %assign/vec4 v0x7f9e45040440_0, 0;
T_2.2 ;
T_2.1 ;
    %end;
    .scope S_0x7f9e4501f270;
t_2 %join;
    %jmp T_2;
    .thread T_2;
    .scope S_0x7f9e4501f270;
T_3 ;
    %wait E_0x7f9e450210d0;
    %fork t_5, S_0x7f9e4502e360;
    %jmp t_4;
    .scope S_0x7f9e4502e360;
t_5 ;
    %load/vec4 v0x7f9e45040650_0;
    %flag_set/vec4 8;
    %jmp/0xz  T_3.0, 8;
    %pushi/vec4 10, 0, 64;
    %assign/vec4 v0x7f9e4503e2a0_0, 0;
    %jmp T_3.1;
T_3.0 ;
    %load/vec4 v0x7f9e4503d4f0_0;
    %flag_set/vec4 8;
    %jmp/0xz  T_3.2, 8;
    %load/vec4 v0x7f9e450405a0_0;
    %assign/vec4 v0x7f9e4503e2a0_0, 0;
T_3.2 ;
T_3.1 ;
    %end;
    .scope S_0x7f9e4501f270;
t_4 %join;
    %jmp T_3;
    .thread T_3;
    .scope S_0x7f9e4501f270;
T_4 ;
    %wait E_0x7f9e450210d0;
    %fork t_7, S_0x7f9e4502e4d0;
    %jmp t_6;
    .scope S_0x7f9e4502e4d0;
t_7 ;
    %load/vec4 v0x7f9e45040650_0;
    %flag_set/vec4 8;
    %jmp/0xz  T_4.0, 8;
    %pushi/vec4 10, 0, 64;
    %assign/vec4 v0x7f9e4503e350_0, 0;
    %jmp T_4.1;
T_4.0 ;
    %load/vec4 v0x7f9e4503d4f0_0;
    %flag_set/vec4 8;
    %jmp/0xz  T_4.2, 8;
    %load/vec4 v0x7f9e450404f0_0;
    %assign/vec4 v0x7f9e4503e350_0, 0;
T_4.2 ;
T_4.1 ;
    %end;
    .scope S_0x7f9e4501f270;
t_6 %join;
    %jmp T_4;
    .thread T_4;
    .scope S_0x7f9e4501f270;
T_5 ;
    %wait E_0x7f9e45020bf0;
    %fork t_9, S_0x7f9e4501d6b0;
    %jmp t_8;
    .scope S_0x7f9e4501d6b0;
t_9 ;
    %load/vec4 v0x7f9e4503d4f0_0;
    %flag_set/vec4 8;
    %jmp/0xz  T_5.0, 8;
    %load/vec4 v0x7f9e450406f0_0;
    %assign/vec4 v0x7f9e4503cfc0_0, 0;
T_5.0 ;
    %end;
    .scope S_0x7f9e4501f270;
t_8 %join;
    %jmp T_5;
    .thread T_5;
    .scope S_0x7f9e4501f270;
T_6 ;
    %wait E_0x7f9e450210d0;
    %fork t_11, S_0x7f9e4502f610;
    %jmp t_10;
    .scope S_0x7f9e4502f610;
t_11 ;
    %load/vec4 v0x7f9e45040650_0;
    %flag_set/vec4 8;
    %jmp/0xz  T_6.0, 8;
    %pushi/vec4 0, 0, 64;
    %assign/vec4 v0x7f9e450406f0_0, 0;
    %jmp T_6.1;
T_6.0 ;
    %load/vec4 v0x7f9e4503d4f0_0;
    %flag_set/vec4 8;
    %jmp/0xz  T_6.2, 8;
    %load/vec4 v0x7f9e4503e4b0_0;
    %assign/vec4 v0x7f9e450406f0_0, 0;
T_6.2 ;
T_6.1 ;
    %end;
    .scope S_0x7f9e4501f270;
t_10 %join;
    %jmp T_6;
    .thread T_6;
    .scope S_0x7f9e4501f270;
T_7 ;
    %wait E_0x7f9e450210d0;
    %fork t_13, S_0x7f9e4502e640;
    %jmp t_12;
    .scope S_0x7f9e4502e640;
t_13 ;
    %load/vec4 v0x7f9e45040650_0;
    %flag_set/vec4 8;
    %jmp/0xz  T_7.0, 8;
    %pushi/vec4 0, 0, 65;
    %assign/vec4 v0x7f9e4503e560_0, 0;
    %jmp T_7.1;
T_7.0 ;
    %load/vec4 v0x7f9e4503d4f0_0;
    %flag_set/vec4 8;
    %jmp/0xz  T_7.2, 8;
    %load/vec4 v0x7f9e4503e610_0;
    %assign/vec4 v0x7f9e4503e560_0, 0;
T_7.2 ;
T_7.1 ;
    %end;
    .scope S_0x7f9e4501f270;
t_12 %join;
    %jmp T_7;
    .thread T_7;
    .scope S_0x7f9e4501f270;
T_8 ;
    %wait E_0x7f9e450210d0;
    %fork t_15, S_0x7f9e4502e7b0;
    %jmp t_14;
    .scope S_0x7f9e4502e7b0;
t_15 ;
    %load/vec4 v0x7f9e45040650_0;
    %flag_set/vec4 8;
    %jmp/0xz  T_8.0, 8;
    %pushi/vec4 2000, 0, 64;
    %assign/vec4 v0x7f9e4503e810_0, 0;
    %jmp T_8.1;
T_8.0 ;
    %load/vec4 v0x7f9e4503d4f0_0;
    %flag_set/vec4 8;
    %jmp/0xz  T_8.2, 8;
    %load/vec4 v0x7f9e4503e760_0;
    %assign/vec4 v0x7f9e4503e810_0, 0;
T_8.2 ;
T_8.1 ;
    %end;
    .scope S_0x7f9e4501f270;
t_14 %join;
    %jmp T_8;
    .thread T_8;
    .scope S_0x7f9e4501f270;
T_9 ;
    %wait E_0x7f9e450210d0;
    %fork t_17, S_0x7f9e4502e920;
    %jmp t_16;
    .scope S_0x7f9e4502e920;
t_17 ;
    %load/vec4 v0x7f9e45040650_0;
    %flag_set/vec4 8;
    %jmp/0xz  T_9.0, 8;
    %pushi/vec4 0, 0, 65;
    %assign/vec4 v0x7f9e4503eeb0_0, 0;
    %jmp T_9.1;
T_9.0 ;
    %load/vec4 v0x7f9e4503d4f0_0;
    %flag_set/vec4 8;
    %jmp/0xz  T_9.2, 8;
    %load/vec4 v0x7f9e4503ef60_0;
    %assign/vec4 v0x7f9e4503eeb0_0, 0;
T_9.2 ;
T_9.1 ;
    %end;
    .scope S_0x7f9e4501f270;
t_16 %join;
    %jmp T_9;
    .thread T_9;
    .scope S_0x7f9e4501f270;
T_10 ;
    %wait E_0x7f9e450210d0;
    %fork t_19, S_0x7f9e4502ea90;
    %jmp t_18;
    .scope S_0x7f9e4502ea90;
t_19 ;
    %load/vec4 v0x7f9e45040650_0;
    %flag_set/vec4 8;
    %jmp/0xz  T_10.0, 8;
    %pushi/vec4 2000, 0, 64;
    %assign/vec4 v0x7f9e4503f160_0, 0;
    %jmp T_10.1;
T_10.0 ;
    %load/vec4 v0x7f9e4503d4f0_0;
    %flag_set/vec4 8;
    %jmp/0xz  T_10.2, 8;
    %load/vec4 v0x7f9e4503f0b0_0;
    %assign/vec4 v0x7f9e4503f160_0, 0;
T_10.2 ;
T_10.1 ;
    %end;
    .scope S_0x7f9e4501f270;
t_18 %join;
    %jmp T_10;
    .thread T_10;
    .scope S_0x7f9e4501f270;
T_11 ;
    %wait E_0x7f9e450210d0;
    %fork t_21, S_0x7f9e4502ec00;
    %jmp t_20;
    .scope S_0x7f9e4502ec00;
t_21 ;
    %load/vec4 v0x7f9e45040650_0;
    %flag_set/vec4 8;
    %jmp/0xz  T_11.0, 8;
    %pushi/vec4 0, 0, 65;
    %assign/vec4 v0x7f9e4503f2b0_0, 0;
    %jmp T_11.1;
T_11.0 ;
    %load/vec4 v0x7f9e4503d4f0_0;
    %flag_set/vec4 8;
    %jmp/0xz  T_11.2, 8;
    %load/vec4 v0x7f9e4503f360_0;
    %assign/vec4 v0x7f9e4503f2b0_0, 0;
T_11.2 ;
T_11.1 ;
    %end;
    .scope S_0x7f9e4501f270;
t_20 %join;
    %jmp T_11;
    .thread T_11;
    .scope S_0x7f9e4501f270;
T_12 ;
    %wait E_0x7f9e450210d0;
    %fork t_23, S_0x7f9e4502ed70;
    %jmp t_22;
    .scope S_0x7f9e4502ed70;
t_23 ;
    %load/vec4 v0x7f9e45040650_0;
    %flag_set/vec4 8;
    %jmp/0xz  T_12.0, 8;
    %pushi/vec4 2000, 0, 64;
    %assign/vec4 v0x7f9e4503fcc0_0, 0;
    %jmp T_12.1;
T_12.0 ;
    %load/vec4 v0x7f9e4503d4f0_0;
    %flag_set/vec4 8;
    %jmp/0xz  T_12.2, 8;
    %load/vec4 v0x7f9e4503f4b0_0;
    %assign/vec4 v0x7f9e4503fcc0_0, 0;
T_12.2 ;
T_12.1 ;
    %end;
    .scope S_0x7f9e4501f270;
t_22 %join;
    %jmp T_12;
    .thread T_12;
    .scope S_0x7f9e4501f270;
T_13 ;
    %wait E_0x7f9e450210d0;
    %fork t_25, S_0x7f9e4502eee0;
    %jmp t_24;
    .scope S_0x7f9e4502eee0;
t_25 ;
    %load/vec4 v0x7f9e45040650_0;
    %flag_set/vec4 8;
    %jmp/0xz  T_13.0, 8;
    %pushi/vec4 0, 0, 259;
    %assign/vec4 v0x7f9e4503fec0_0, 0;
    %jmp T_13.1;
T_13.0 ;
    %load/vec4 v0x7f9e4503d4f0_0;
    %flag_set/vec4 8;
    %jmp/0xz  T_13.2, 8;
    %load/vec4 v0x7f9e4503fe10_0;
    %assign/vec4 v0x7f9e4503fec0_0, 0;
T_13.2 ;
T_13.1 ;
    %end;
    .scope S_0x7f9e4501f270;
t_24 %join;
    %jmp T_13;
    .thread T_13;
    .scope S_0x7f9e4501f270;
T_14 ;
    %wait E_0x7f9e450210d0;
    %fork t_27, S_0x7f9e4502f050;
    %jmp t_26;
    .scope S_0x7f9e4502f050;
t_27 ;
    %load/vec4 v0x7f9e45040650_0;
    %flag_set/vec4 8;
    %jmp/0xz  T_14.0, 8;
    %pushi/vec4 0, 0, 64;
    %assign/vec4 v0x7f9e450400d0_0, 0;
    %jmp T_14.1;
T_14.0 ;
    %load/vec4 v0x7f9e4503d4f0_0;
    %flag_set/vec4 8;
    %jmp/0xz  T_14.2, 8;
    %load/vec4 v0x7f9e45040020_0;
    %assign/vec4 v0x7f9e450400d0_0, 0;
T_14.2 ;
T_14.1 ;
    %end;
    .scope S_0x7f9e4501f270;
t_26 %join;
    %jmp T_14;
    .thread T_14;
    .scope S_0x7f9e4501f270;
T_15 ;
    %wait E_0x7f9e450210d0;
    %fork t_29, S_0x7f9e4502f1c0;
    %jmp t_28;
    .scope S_0x7f9e4502f1c0;
t_29 ;
    %load/vec4 v0x7f9e45040650_0;
    %flag_set/vec4 8;
    %jmp/0xz  T_15.0, 8;
    %pushi/vec4 0, 0, 65;
    %assign/vec4 v0x7f9e45040180_0, 0;
    %jmp T_15.1;
T_15.0 ;
    %load/vec4 v0x7f9e4503d4f0_0;
    %flag_set/vec4 8;
    %jmp/0xz  T_15.2, 8;
    %load/vec4 v0x7f9e4503ff70_0;
    %assign/vec4 v0x7f9e45040180_0, 0;
T_15.2 ;
T_15.1 ;
    %end;
    .scope S_0x7f9e4501f270;
t_28 %join;
    %jmp T_15;
    .thread T_15;
    .scope S_0x7f9e4501e620;
T_16 ;
    %delay 10000000, 0;
    %load/vec4 v0x7f9e45041110_0;
    %inv;
    %store/vec4 v0x7f9e45041110_0, 0, 1;
    %jmp T_16;
    .thread T_16;
    .scope S_0x7f9e4501e620;
T_17 ;
    %wait E_0x7f9e4501d0b0;
    %vpi_call 2 44 "$display", "time: %0t, llc_stage: %0d, (a, newA): (%0d, %0d), output_aktv: (%0d, %0d, %0d), b: %0d, c: %0d, d: %0d", $time, v0x7f9e45041830_0, v0x7f9e45041780_0, v0x7f9e450418e0_0, v0x7f9e45041a40_0, v0x7f9e45041ca0_0, v0x7f9e45041dc0_0, v0x7f9e45041990_0, v0x7f9e45041af0_0, v0x7f9e45041d30_0 {0 0 0};
    %jmp T_17;
    .thread T_17, $push;
    .scope S_0x7f9e4501e620;
T_18 ;
    %pushi/vec4 0, 0, 1;
    %store/vec4 v0x7f9e45041110_0, 0, 1;
    %pushi/vec4 0, 0, 1;
    %store/vec4 v0x7f9e45041e50_0, 0, 1;
    %pushi/vec4 0, 0, 1;
    %store/vec4 v0x7f9e45041250_0, 0, 1;
    %pushi/vec4 0, 0, 1;
    %store/vec4 v0x7f9e450418e0_0, 0, 1;
    %vpi_call 2 58 "$printtimescale", S_0x7f9e4501e620 {0 0 0};
    %vpi_call 2 59 "$dumpvars", 32'sb00000000000000000000000000000000, S_0x7f9e4501e620 {0 0 0};
    %delay 80000000, 0;
    %pushi/vec4 1, 0, 64;
    %store/vec4 v0x7f9e45041780_0, 0, 64;
    %pushi/vec4 1, 0, 1;
    %store/vec4 v0x7f9e450418e0_0, 0, 1;
    %pushi/vec4 1, 0, 1;
    %store/vec4 v0x7f9e45041250_0, 0, 1;
    %delay 10000000, 0;
    %pushi/vec4 0, 0, 1;
    %store/vec4 v0x7f9e450418e0_0, 0, 1;
    %delay 1000000000, 0;
    %delay 80000000, 0;
    %pushi/vec4 2, 0, 64;
    %store/vec4 v0x7f9e45041780_0, 0, 64;
    %pushi/vec4 1, 0, 1;
    %store/vec4 v0x7f9e450418e0_0, 0, 1;
    %delay 10000000, 0;
    %pushi/vec4 0, 0, 1;
    %store/vec4 v0x7f9e450418e0_0, 0, 1;
    %delay 1000000000, 0;
    %delay 80000000, 0;
    %pushi/vec4 3, 0, 64;
    %store/vec4 v0x7f9e45041780_0, 0, 64;
    %pushi/vec4 1, 0, 1;
    %store/vec4 v0x7f9e450418e0_0, 0, 1;
    %delay 10000000, 0;
    %pushi/vec4 0, 0, 1;
    %store/vec4 v0x7f9e450418e0_0, 0, 1;
    %delay 1000000000, 0;
    %delay 80000000, 0;
    %pushi/vec4 4, 0, 64;
    %store/vec4 v0x7f9e45041780_0, 0, 64;
    %pushi/vec4 1, 0, 1;
    %store/vec4 v0x7f9e450418e0_0, 0, 1;
    %delay 10000000, 0;
    %pushi/vec4 0, 0, 1;
    %store/vec4 v0x7f9e450418e0_0, 0, 1;
    %delay 1000000000, 0;
    %delay 80000000, 0;
    %pushi/vec4 5, 0, 64;
    %store/vec4 v0x7f9e45041780_0, 0, 64;
    %pushi/vec4 1, 0, 1;
    %store/vec4 v0x7f9e450418e0_0, 0, 1;
    %delay 10000000, 0;
    %pushi/vec4 0, 0, 1;
    %store/vec4 v0x7f9e450418e0_0, 0, 1;
    %delay 1000000000, 0;
    %delay 80000000, 0;
    %pushi/vec4 6, 0, 64;
    %store/vec4 v0x7f9e45041780_0, 0, 64;
    %pushi/vec4 1, 0, 1;
    %store/vec4 v0x7f9e450418e0_0, 0, 1;
    %delay 10000000, 0;
    %pushi/vec4 0, 0, 1;
    %store/vec4 v0x7f9e450418e0_0, 0, 1;
    %delay 1000000000, 0;
    %delay 80000000, 0;
    %pushi/vec4 7, 0, 64;
    %store/vec4 v0x7f9e45041780_0, 0, 64;
    %pushi/vec4 1, 0, 1;
    %store/vec4 v0x7f9e450418e0_0, 0, 1;
    %delay 10000000, 0;
    %pushi/vec4 0, 0, 1;
    %store/vec4 v0x7f9e450418e0_0, 0, 1;
    %delay 1000000000, 0;
    %delay 80000000, 0;
    %pushi/vec4 8, 0, 64;
    %store/vec4 v0x7f9e45041780_0, 0, 64;
    %pushi/vec4 1, 0, 1;
    %store/vec4 v0x7f9e450418e0_0, 0, 1;
    %delay 10000000, 0;
    %pushi/vec4 0, 0, 1;
    %store/vec4 v0x7f9e450418e0_0, 0, 1;
    %delay 1000000000, 0;
    %delay 80000000, 0;
    %pushi/vec4 9, 0, 64;
    %store/vec4 v0x7f9e45041780_0, 0, 64;
    %pushi/vec4 1, 0, 1;
    %store/vec4 v0x7f9e450418e0_0, 0, 1;
    %delay 10000000, 0;
    %pushi/vec4 0, 0, 1;
    %store/vec4 v0x7f9e450418e0_0, 0, 1;
    %delay 1000000000, 0;
    %delay 80000000, 0;
    %pushi/vec4 10, 0, 64;
    %store/vec4 v0x7f9e45041780_0, 0, 64;
    %pushi/vec4 1, 0, 1;
    %store/vec4 v0x7f9e450418e0_0, 0, 1;
    %delay 10000000, 0;
    %pushi/vec4 0, 0, 1;
    %store/vec4 v0x7f9e450418e0_0, 0, 1;
    %delay 1000000000, 0;
    %delay 120000000, 0;
    %vpi_call 2 134 "$finish" {0 0 0};
    %end;
    .thread T_18;
# The file index is used to find the file name in the following table.
:file_names 4;
    "N/A";
    "<interactive>";
    "testbench.v";
    "./verilog/DifferentFrequencies.topEntity/topEntity.v";
