#! /usr/local/Cellar/icarus-verilog/12.0/bin/vvp
:ivl_version "12.0 (stable)";
:ivl_delay_selection "TYPICAL";
:vpi_time_precision - 13;
:vpi_module "/usr/local/Cellar/icarus-verilog/12.0/lib/ivl/system.vpi";
:vpi_module "/usr/local/Cellar/icarus-verilog/12.0/lib/ivl/vhdl_sys.vpi";
:vpi_module "/usr/local/Cellar/icarus-verilog/12.0/lib/ivl/vhdl_textio.vpi";
:vpi_module "/usr/local/Cellar/icarus-verilog/12.0/lib/ivl/v2005_math.vpi";
:vpi_module "/usr/local/Cellar/icarus-verilog/12.0/lib/ivl/va_math.vpi";
S_0x7f7808a04360 .scope module, "testbench" "testbench" 2 2;
 .timescale -6 -9;
v0x7f7808b35950_0 .var "clk", 0 0;
v0x7f7808b35a10_0 .var "en", 0 0;
v0x7f7808b35aa0_0 .var/s "input_a", 7 0;
v0x7f7808b35b30_0 .var/s "input_b", 7 0;
v0x7f7808b35bc0_0 .net/s "llc_a", 7 0, L_0x7f7808b3e940;  1 drivers
v0x7f7808b35c90_0 .net/s "llc_b", 7 0, L_0x7f7808b3ea20;  1 drivers
v0x7f7808b35d40_0 .net/s "llc_state", 2 0, L_0x7f7808b3e860;  1 drivers
v0x7f7808b35df0_0 .var "new_input_a", 0 0;
v0x7f7808b35ea0_0 .var "new_input_b", 0 0;
v0x7f7808b35fd0_0 .net/s "output_c", 7 0, L_0x7f7808b3d960;  1 drivers
v0x7f7808b36060_0 .net "output_c_aktv", 0 0, L_0x7f7808b3da40;  1 drivers
v0x7f7808b360f0_0 .net/s "output_d", 7 0, L_0x7f7808b3db20;  1 drivers
v0x7f7808b361a0_0 .net "output_d_aktv", 0 0, L_0x7f7808b3dc00;  1 drivers
v0x7f7808b36250_0 .net/s "output_e", 7 0, L_0x7f7808b3dce0;  1 drivers
v0x7f7808b36300_0 .net "output_e_aktv", 0 0, L_0x7f7808b3de00;  1 drivers
v0x7f7808b363b0_0 .net/s "output_f", 7 0, L_0x7f7808b3dee0;  1 drivers
v0x7f7808b36460_0 .net "output_f_aktv", 0 0, L_0x7f7808b3e000;  1 drivers
v0x7f7808b36610_0 .net/s "output_g", 7 0, L_0x7f7808b3e0e0;  1 drivers
v0x7f7808b366a0_0 .net "output_g_aktv", 0 0, L_0x7f7808b3e200;  1 drivers
v0x7f7808b36730_0 .net/s "output_ts", 7 0, L_0x7f7808b3e2e0;  1 drivers
v0x7f7808b367c0_0 .net "output_ts_aktv", 0 0, L_0x7f7808b3e3c0;  1 drivers
v0x7f7808b36850_0 .net "periodic_pacing", 0 0, L_0x7f7808b3ec00;  1 drivers
v0x7f7808b36900_0 .net "qPop", 0 0, L_0x7f7808b3e580;  1 drivers
v0x7f7808b369b0_0 .net "qPopValid", 0 0, L_0x7f7808b3e7c0;  1 drivers
v0x7f7808b36a60_0 .net "qPush", 0 0, L_0x7f7808b3e4a0;  1 drivers
v0x7f7808b36b10_0 .net "qPushValid", 0 0, L_0x7f7808b3e660;  1 drivers
v0x7f7808b36bc0_0 .var "rst", 0 0;
S_0x7f7808a15ed0 .scope module, "monitor" "topEntity" 2 35, 3 6 0, S_0x7f7808a04360;
 .timescale -13 -13;
    .port_info 0 /INPUT 1 "clk";
    .port_info 1 /INPUT 1 "rst";
    .port_info 2 /INPUT 1 "en";
    .port_info 3 /INPUT 8 "input0_0_0";
    .port_info 4 /INPUT 1 "input0_0_1";
    .port_info 5 /INPUT 8 "input0_1_0";
    .port_info 6 /INPUT 1 "input0_1_1";
    .port_info 7 /OUTPUT 8 "result_0_0_0";
    .port_info 8 /OUTPUT 1 "result_0_0_1";
    .port_info 9 /OUTPUT 8 "result_0_1_0";
    .port_info 10 /OUTPUT 1 "result_0_1_1";
    .port_info 11 /OUTPUT 8 "result_0_2_0";
    .port_info 12 /OUTPUT 1 "result_0_2_1";
    .port_info 13 /OUTPUT 8 "result_0_3_0";
    .port_info 14 /OUTPUT 1 "result_0_3_1";
    .port_info 15 /OUTPUT 8 "result_0_4_0";
    .port_info 16 /OUTPUT 1 "result_0_4_1";
    .port_info 17 /OUTPUT 8 "result_0_5_0";
    .port_info 18 /OUTPUT 1 "result_0_5_1";
    .port_info 19 /OUTPUT 1 "result_1_0";
    .port_info 20 /OUTPUT 1 "result_1_1";
    .port_info 21 /OUTPUT 1 "result_1_2";
    .port_info 22 /OUTPUT 1 "result_1_3";
    .port_info 23 /OUTPUT 3 "result_1_4";
    .port_info 24 /OUTPUT 8 "result_1_5";
    .port_info 25 /OUTPUT 8 "result_1_6";
    .port_info 26 /OUTPUT 1 "result_1_7";
L_0x7f7808b377f0 .functor BUFZ 64, v0x7f7808b34290_0, C4<0000000000000000000000000000000000000000000000000000000000000000>, C4<0000000000000000000000000000000000000000000000000000000000000000>, C4<0000000000000000000000000000000000000000000000000000000000000000>;
L_0x7f7808b378a0 .functor OR 1, L_0x7f7808b37fe0, L_0x7f7808b38180, C4<0>, C4<0>;
L_0x7f7808b37930 .functor OR 1, L_0x7f7808b37e90, L_0x7f7808b382a0, C4<0>, C4<0>;
L_0x7f7808b37a40 .functor OR 1, L_0x7f7808b37fe0, L_0x7f7808b37930, C4<0>, C4<0>;
L_0x7f7808b37b70 .functor OR 1, L_0x7f7808b378a0, L_0x7f7808b37a40, C4<0>, C4<0>;
L_0x7f7808b37e90 .functor AND 1, L_0x7f7808b37fe0, L_0x7f7808b38180, C4<1>, C4<1>;
L_0x7f7808b38a80 .functor AND 1, L_0x7f7808b3a360, L_0x7f7808906560, C4<1>, C4<1>;
L_0x7f7808b38e20 .functor AND 1, L_0x7f7808b3a360, L_0x7f7808b39be0, C4<1>, C4<1>;
L_0x7f7808b39500 .functor AND 1, L_0x7f7808906850, L_0x7f7808b39be0, C4<1>, C4<1>;
L_0x7f7808b39eb0 .functor AND 1, L_0x7f7808b3a360, L_0x7f7808905b50, C4<1>, C4<1>;
L_0x7f7808905400 .functor AND 1, L_0x7f7808906850, L_0x7f7808905b50, C4<1>, C4<1>;
L_0x7f7808905a60 .functor AND 1, L_0x7f7808906010, L_0x7f7808905b50, C4<1>, C4<1>;
L_0x7f7808905d10 .functor AND 1, L_0x7f7808906850, L_0x7f7808906560, C4<1>, C4<1>;
L_0x7f78088047d0 .functor BUFZ 21, L_0x7f78088046f0, C4<000000000000000000000>, C4<000000000000000000000>, C4<000000000000000000000>;
L_0x7f7808b3c4e0 .functor BUFZ 64, v0x7f7808b31030_0, C4<0000000000000000000000000000000000000000000000000000000000000000>, C4<0000000000000000000000000000000000000000000000000000000000000000>, C4<0000000000000000000000000000000000000000000000000000000000000000>;
v0x7f7808a0ae80_0 .net *"_ivl_100", 0 0, L_0x7f7808b39f60;  1 drivers
L_0x7f7808c73170 .functor BUFT 1, C4<0000000000000000000000000000000000000000000000000000000000000001>, C4<0>, C4<0>, C4<0>;
v0x7f7808b2b640_0 .net/2s *"_ivl_102", 63 0, L_0x7f7808c73170;  1 drivers
L_0x7f7808c731b8 .functor BUFT 1, C4<0000000000000000000000000000000000000000000000000000000000000000>, C4<0>, C4<0>, C4<0>;
v0x7f7808b2b700_0 .net/2s *"_ivl_104", 63 0, L_0x7f7808c731b8;  1 drivers
L_0x7f7808c73200 .functor BUFT 1, C4<0000000000000000000000000000000000000000000000000000000000000101>, C4<0>, C4<0>, C4<0>;
v0x7f7808b2b7b0_0 .net/2s *"_ivl_110", 63 0, L_0x7f7808c73200;  1 drivers
v0x7f7808b2b840_0 .net *"_ivl_112", 0 0, L_0x7f7808b3a040;  1 drivers
L_0x7f7808c73248 .functor BUFT 1, C4<0000000000000000000000000000000000000000000000000000000000000001>, C4<0>, C4<0>, C4<0>;
v0x7f7808b2b920_0 .net/2s *"_ivl_114", 63 0, L_0x7f7808c73248;  1 drivers
L_0x7f7808c73290 .functor BUFT 1, C4<0000000000000000000000000000000000000000000000000000000000000000>, C4<0>, C4<0>, C4<0>;
v0x7f7808b2b9d0_0 .net/2s *"_ivl_116", 63 0, L_0x7f7808c73290;  1 drivers
L_0x7f7808c73008 .functor BUFT 1, C4<0000000000000000000000000000000000000000000000000000011111010000>, C4<0>, C4<0>, C4<0>;
v0x7f7808b2ba80_0 .net/2s *"_ivl_12", 63 0, L_0x7f7808c73008;  1 drivers
L_0x7f7808c732d8 .functor BUFT 1, C4<00000001>, C4<0>, C4<0>, C4<0>;
v0x7f7808b2bb30_0 .net/2s *"_ivl_124", 7 0, L_0x7f7808c732d8;  1 drivers
L_0x7f7808c73320 .functor BUFT 1, C4<1>, C4<0>, C4<0>, C4<0>;
v0x7f7808b2bc40_0 .net/2u *"_ivl_136", 0 0, L_0x7f7808c73320;  1 drivers
L_0x7f7808c73050 .functor BUFT 1, C4<0000000000000000000000000000000000000000000000000000011111010000>, C4<0>, C4<0>, C4<0>;
v0x7f7808b2bcf0_0 .net/2s *"_ivl_14", 63 0, L_0x7f7808c73050;  1 drivers
v0x7f7808b2bda0_0 .net/s *"_ivl_142", 7 0, L_0x7f7808b3b010;  1 drivers
v0x7f7808b2be50_0 .net *"_ivl_153", 0 0, L_0x7f7808b3b320;  1 drivers
v0x7f7808b2bf00_0 .net *"_ivl_155", 7 0, L_0x7f7808b3b3c0;  1 drivers
L_0x7f7808c73368 .functor BUFT 1, C4<00000011>, C4<0>, C4<0>, C4<0>;
v0x7f7808b2bfb0_0 .net/2s *"_ivl_156", 7 0, L_0x7f7808c73368;  1 drivers
v0x7f7808b2c060_0 .net/s *"_ivl_16", 63 0, L_0x7f7808b375b0;  1 drivers
v0x7f7808b2c110_0 .net/s *"_ivl_162", 7 0, L_0x7f7808904a90;  1 drivers
L_0x7f7808c733b0 .functor BUFT 1, C4<1>, C4<0>, C4<0>, C4<0>;
v0x7f7808b2c2a0_0 .net/2u *"_ivl_166", 0 0, L_0x7f7808c733b0;  1 drivers
L_0x7f7808c733f8 .functor BUFT 1, C4<00000100>, C4<0>, C4<0>, C4<0>;
v0x7f7808b2c330_0 .net/2s *"_ivl_170", 7 0, L_0x7f7808c733f8;  1 drivers
L_0x7f7808c73440 .functor BUFT 1, C4<0000000000000000000000000000000000000000000000000000000000000100>, C4<0>, C4<0>, C4<0>;
v0x7f7808b2c3e0_0 .net/2s *"_ivl_196", 63 0, L_0x7f7808c73440;  1 drivers
v0x7f7808b2c490_0 .net *"_ivl_198", 0 0, L_0x7f7808905c70;  1 drivers
L_0x7f7808c73488 .functor BUFT 1, C4<0000000000000000000000000000000000000000000000000000000000000001>, C4<0>, C4<0>, C4<0>;
v0x7f7808b2c530_0 .net/2s *"_ivl_200", 63 0, L_0x7f7808c73488;  1 drivers
L_0x7f7808c734d0 .functor BUFT 1, C4<0000000000000000000000000000000000000000000000000000000000000000>, C4<0>, C4<0>, C4<0>;
v0x7f7808b2c5e0_0 .net/2s *"_ivl_202", 63 0, L_0x7f7808c734d0;  1 drivers
L_0x7f7808c73518 .functor BUFT 1, C4<00000000>, C4<0>, C4<0>, C4<0>;
v0x7f7808b2c690_0 .net/2s *"_ivl_210", 7 0, L_0x7f7808c73518;  1 drivers
v0x7f7808b2c740_0 .net *"_ivl_22", 0 0, L_0x7f7808b378a0;  1 drivers
L_0x7f7808c73560 .functor BUFT 1, C4<0000000000000000000000000000000000000000000000000000000000000011>, C4<0>, C4<0>, C4<0>;
v0x7f7808b2c7f0_0 .net/2s *"_ivl_228", 63 0, L_0x7f7808c73560;  1 drivers
v0x7f7808b2c8a0_0 .net *"_ivl_230", 0 0, L_0x7f7808906a80;  1 drivers
L_0x7f7808c735a8 .functor BUFT 1, C4<0000000000000000000000000000000000000000000000000000000000000001>, C4<0>, C4<0>, C4<0>;
v0x7f7808b2c940_0 .net/2s *"_ivl_232", 63 0, L_0x7f7808c735a8;  1 drivers
L_0x7f7808c735f0 .functor BUFT 1, C4<0000000000000000000000000000000000000000000000000000000000000000>, C4<0>, C4<0>, C4<0>;
v0x7f7808b2c9f0_0 .net/2s *"_ivl_234", 63 0, L_0x7f7808c735f0;  1 drivers
v0x7f7808b2caa0_0 .net *"_ivl_24", 0 0, L_0x7f7808b37930;  1 drivers
L_0x7f7808c73638 .functor BUFT 1, C4<1>, C4<0>, C4<0>, C4<0>;
v0x7f7808b2cb50_0 .net/2u *"_ivl_248", 0 0, L_0x7f7808c73638;  1 drivers
L_0x7f7808c73680 .functor BUFT 1, C4<0000000000000000000000000000000000000000000000000000000000000010>, C4<0>, C4<0>, C4<0>;
v0x7f7808b2cc00_0 .net/2s *"_ivl_258", 63 0, L_0x7f7808c73680;  1 drivers
v0x7f7808b2ccb0_0 .net *"_ivl_26", 0 0, L_0x7f7808b37a40;  1 drivers
v0x7f7808b2c1c0_0 .net *"_ivl_260", 0 0, L_0x7f78089071f0;  1 drivers
L_0x7f7808c736c8 .functor BUFT 1, C4<0000000000000000000000000000000000000000000000000000000000000001>, C4<0>, C4<0>, C4<0>;
v0x7f7808b2cf40_0 .net/2s *"_ivl_262", 63 0, L_0x7f7808c736c8;  1 drivers
L_0x7f7808c73710 .functor BUFT 1, C4<0000000000000000000000000000000000000000000000000000000000000000>, C4<0>, C4<0>, C4<0>;
v0x7f7808b2cfd0_0 .net/2s *"_ivl_264", 63 0, L_0x7f7808c73710;  1 drivers
L_0x7f7808c73758 .functor BUFT 1, C4<0000000000000000000000000000000000000000000000000000000000000>, C4<0>, C4<0>, C4<0>;
v0x7f7808b2d060_0 .net *"_ivl_273", 60 0, L_0x7f7808c73758;  1 drivers
L_0x7f7808c737a0 .functor BUFT 1, C4<010>, C4<0>, C4<0>, C4<0>;
v0x7f7808b2d110_0 .net/2u *"_ivl_274", 2 0, L_0x7f7808c737a0;  1 drivers
L_0x7f7808c737e8 .functor BUFT 1, C4<000>, C4<0>, C4<0>, C4<0>;
v0x7f7808b2d1c0_0 .net/2u *"_ivl_276", 2 0, L_0x7f7808c737e8;  1 drivers
v0x7f7808b2d270_0 .net *"_ivl_28", 0 0, L_0x7f7808b37b70;  1 drivers
v0x7f7808b2d320_0 .net *"_ivl_281", 20 0, L_0x7f78088042b0;  1 drivers
L_0x7f7808c73830 .functor BUFT 1, C4<000000000000000000000>, C4<0>, C4<0>, C4<0>;
v0x7f7808b2d3d0_0 .net/2u *"_ivl_286", 20 0, L_0x7f7808c73830;  1 drivers
v0x7f7808b2d480_0 .net *"_ivl_290", 20 0, L_0x7f78088046f0;  1 drivers
L_0x7f7808c73878 .functor BUFT 1, C4<0>, C4<0>, C4<0>, C4<0>;
v0x7f7808b2d530_0 .net/2u *"_ivl_294", 0 0, L_0x7f7808c73878;  1 drivers
L_0x7f7808c738c0 .functor BUFT 1, C4<0>, C4<0>, C4<0>, C4<0>;
v0x7f7808b2d5e0_0 .net/2u *"_ivl_298", 0 0, L_0x7f7808c738c0;  1 drivers
v0x7f7808b2d690_0 .net *"_ivl_30", 2 0, L_0x7f7808b37c90;  1 drivers
v0x7f7808b2d740_0 .net *"_ivl_307", 125 0, L_0x7f7808b3b900;  1 drivers
L_0x7f7808c73908 .functor BUFT 1, C4<0000000000000000000000000000000000000000000000000000000000000001>, C4<0>, C4<0>, C4<0>;
v0x7f7808b2d7f0_0 .net/2s *"_ivl_316", 63 0, L_0x7f7808c73908;  1 drivers
v0x7f7808b2d8a0_0 .net/s *"_ivl_318", 63 0, L_0x7f7808b3bf20;  1 drivers
v0x7f7808b2d950_0 .net *"_ivl_32", 20 0, L_0x7f7808b37d70;  1 drivers
L_0x7f7808c73950 .functor BUFT 1, C4<0000000000000000000000000000000000000000000000000000000000000110>, C4<0>, C4<0>, C4<0>;
v0x7f7808b2da00_0 .net/2s *"_ivl_322", 63 0, L_0x7f7808c73950;  1 drivers
v0x7f7808b2dab0_0 .net *"_ivl_324", 0 0, L_0x7f7808b3c140;  1 drivers
L_0x7f7808c73998 .functor BUFT 1, C4<0000000000000000000000000000000000000000000000000000000000000001>, C4<0>, C4<0>, C4<0>;
v0x7f7808b2db50_0 .net/2s *"_ivl_326", 63 0, L_0x7f7808c73998;  1 drivers
L_0x7f7808c739e0 .functor BUFT 1, C4<0000000000000000000000000000000000000000000000000000000000000000>, C4<0>, C4<0>, C4<0>;
v0x7f7808b2dc00_0 .net/2s *"_ivl_328", 63 0, L_0x7f7808c739e0;  1 drivers
L_0x7f7808c73a28 .functor BUFT 1, C4<0000000000000000000000000000000000000000000000000000000000000001>, C4<0>, C4<0>, C4<0>;
v0x7f7808b2dcb0_0 .net/2s *"_ivl_338", 63 0, L_0x7f7808c73a28;  1 drivers
v0x7f7808b2dd60_0 .net *"_ivl_343", 53 0, L_0x7f7808b3c8f0;  1 drivers
v0x7f7808b2de10_0 .net *"_ivl_345", 0 0, L_0x7f7808b3c990;  1 drivers
v0x7f7808b2dec0_0 .net *"_ivl_347", 2 0, L_0x7f7808b3ca30;  1 drivers
v0x7f7808b2df70_0 .net *"_ivl_349", 7 0, L_0x7f7808b3cad0;  1 drivers
v0x7f7808b2e020_0 .net *"_ivl_351", 7 0, L_0x7f7808b3cbf0;  1 drivers
v0x7f7808b2e0d0_0 .net *"_ivl_353", 0 0, L_0x7f7808b3cc90;  1 drivers
v0x7f7808b2e180_0 .net *"_ivl_354", 23 0, L_0x7f7808b3cd30;  1 drivers
L_0x7f7808c73098 .functor BUFT 1, C4<0000000000000000000000000000000000000000000011110100001001000000>, C4<0>, C4<0>, C4<0>;
v0x7f7808b2e230_0 .net/2s *"_ivl_42", 63 0, L_0x7f7808c73098;  1 drivers
v0x7f7808b2e2e0_0 .net *"_ivl_48", 8 0, L_0x7f7808b384f0;  1 drivers
v0x7f7808b2e390_0 .net *"_ivl_51", 7 0, L_0x7f7808b38630;  1 drivers
v0x7f7808b2cd60_0 .net *"_ivl_52", 8 0, L_0x7f7808b386d0;  1 drivers
v0x7f7808b2ce10_0 .net *"_ivl_55", 7 0, L_0x7f7808b38590;  1 drivers
v0x7f7808b2e420_0 .net *"_ivl_56", 8 0, L_0x7f7808b388e0;  1 drivers
v0x7f7808b2e4b0_0 .net *"_ivl_58", 0 0, L_0x7f7808b38a80;  1 drivers
v0x7f7808b2e540_0 .net *"_ivl_6", 8 0, L_0x7f7808b37170;  1 drivers
v0x7f7808b2e5d0_0 .net *"_ivl_60", 8 0, L_0x7f7808b38af0;  1 drivers
v0x7f7808b2e660_0 .net *"_ivl_62", 8 0, L_0x7f7808b38bf0;  1 drivers
v0x7f7808b2e710_0 .net *"_ivl_64", 0 0, L_0x7f7808b38e20;  1 drivers
v0x7f7808b2e7c0_0 .net *"_ivl_66", 8 0, L_0x7f7808b38e90;  1 drivers
v0x7f7808b2e870_0 .net *"_ivl_68", 53 0, L_0x7f7808b38f30;  1 drivers
v0x7f7808b2e920_0 .net *"_ivl_70", 19 0, L_0x7f7808b39290;  1 drivers
v0x7f7808b2e9d0_0 .net *"_ivl_8", 8 0, L_0x7f7808b372d0;  1 drivers
v0x7f7808b2ea80_0 .net *"_ivl_81", 0 0, L_0x7f7808b397b0;  1 drivers
v0x7f7808b2eb30_0 .net *"_ivl_83", 7 0, L_0x7f7808b39450;  1 drivers
L_0x7f7808c730e0 .functor BUFT 1, C4<00000110>, C4<0>, C4<0>, C4<0>;
v0x7f7808b2ebe0_0 .net/2s *"_ivl_84", 7 0, L_0x7f7808c730e0;  1 drivers
L_0x7f7808c73128 .functor BUFT 1, C4<0000000000000000000000000000000000000000000000000000000000000000>, C4<0>, C4<0>, C4<0>;
v0x7f7808b2ec90_0 .net/2s *"_ivl_98", 63 0, L_0x7f7808c73128;  1 drivers
v0x7f7808b2ed40_0 .net/s "a", 7 0, L_0x7f7808907150;  1 drivers
v0x7f7808b2edf0_0 .net/s "a#", 63 0, L_0x7f78089074a0;  1 drivers
v0x7f7808b2eea0_0 .net "b", 0 0, L_0x7f7808b3a9e0;  1 drivers
v0x7f7808b2ef40_0 .net "b_0", 0 0, L_0x7f7808904db0;  1 drivers
v0x7f7808b2efe0_0 .net/s "b_1", 7 0, L_0x7f7808905320;  1 drivers
v0x7f7808b2f090_0 .net "b_2", 0 0, L_0x7f78089061d0;  1 drivers
v0x7f7808b2f130_0 .var "buffer", 125 0;
v0x7f7808b2f1e0_0 .var "c$app_arg", 20 0;
v0x7f7808b2f290_0 .var "c$app_arg_0", 0 0;
v0x7f7808b2f330_0 .var "c$app_arg_1", 0 0;
v0x7f7808b2f3d0_0 .net "c$buffer_case_alt", 125 0, L_0x7f7808b3b620;  1 drivers
v0x7f7808b2f480_0 .net "c$buffer_case_alt_0", 125 0, L_0x7f7808b3b9a0;  1 drivers
v0x7f7808b2f530_0 .net "c$buffer_case_alt_sel_alt_t_1", 146 0, L_0x7f7808b3b6c0;  1 drivers
v0x7f7808b2f5e0_0 .net "c$case_alt", 20 0, L_0x7f78088045c0;  1 drivers
v0x7f7808b2f690_0 .var "c$case_alt_0", 20 0;
v0x7f7808b2f740_0 .net "c$case_alt_1", 20 0, L_0x7f78088047d0;  1 drivers
v0x7f7808b2f7f0_0 .net "c$case_alt_2", 0 0, L_0x7f7808b3a400;  1 drivers
v0x7f7808b2f890_0 .var "c$case_alt_3", 0 0;
v0x7f7808b2f930_0 .net "c$case_alt_4", 0 0, L_0x7f7808b3b580;  1 drivers
v0x7f7808b2f9d0_0 .net/s "c$cursor_case_alt", 63 0, L_0x7f7808b3bba0;  1 drivers
v0x7f7808b2fa80_0 .net/s "c$cursor_case_alt_0", 63 0, L_0x7f7808b3bc40;  1 drivers
v0x7f7808b2fb30_0 .var/s "c$cursor_case_alt_1", 63 0;
v0x7f7808b2fbe0_0 .net/s "c$cursor_case_alt_2", 63 0, L_0x7f7808b3c020;  1 drivers
v0x7f7808b2fc90_0 .net/s "c$cursor_case_alt_3", 63 0, L_0x7f7808b3c610;  1 drivers
v0x7f7808b2fd40_0 .var/s "c$cursor_case_alt_4", 63 0;
v0x7f7808b2fdf0_0 .net/s "c$cursor_case_alt_5", 63 0, L_0x7f7808b3c770;  1 drivers
v0x7f7808b2fea0_0 .net "c$cursor_case_scrut", 0 0, L_0x7f7808b3c3c0;  1 drivers
v0x7f7808b2ff40_0 .net "c$evalD_app_arg", 0 0, L_0x7f7808905400;  1 drivers
v0x7f7808b2ffe0_0 .net "c$evalE_app_arg", 0 0, L_0x7f7808905a60;  1 drivers
v0x7f7808b30080_0 .net "c$eventInfo_app_arg", 20 0, L_0x7f7808804350;  1 drivers
v0x7f7808b30130_0 .net "c$outValid_app_arg", 0 0, L_0x7f7808904830;  1 drivers
v0x7f7808b301d0_0 .net/s "c$out_app_arg", 7 0, L_0x7f7808b39a20;  1 drivers
v0x7f7808b30280_0 .net/s "c$out_case_alt", 7 0, L_0x7f7808b396b0;  1 drivers
v0x7f7808b30330_0 .var "c$state_app_arg", 2 0;
v0x7f7808b303e0_0 .net "c$state_case_alt", 2 0, L_0x7f7808804140;  1 drivers
v0x7f7808b30490_0 .net/s "c$t_app_arg", 7 0, L_0x7f7808b3b760;  1 drivers
v0x7f7808b30540_0 .net/s "c$tte_rhs", 63 0, L_0x7f7808b39da0;  1 drivers
v0x7f7808b305f0_0 .net/s "c$tte_rhs_0", 63 0, L_0x7f7808b3a4b0;  1 drivers
v0x7f7808b306a0_0 .net/s "c$tte_rhs_1", 63 0, L_0x7f7808905810;  1 drivers
v0x7f7808b30750_0 .net/s "c$tte_rhs_2", 63 0, L_0x7f7808906ba0;  1 drivers
v0x7f7808b30800_0 .net/s "c$tte_rhs_3", 63 0, L_0x7f78089072d0;  1 drivers
v0x7f7808b308b0_0 .net/s "c$tte_rhs_4", 63 0, L_0x7f7808b3c260;  1 drivers
v0x7f7808b30960_0 .net "c$vec", 15 0, L_0x7f7808b38450;  1 drivers
v0x7f7808b30a10_0 .net "c$vec_0", 1 0, L_0x7f7808b39570;  1 drivers
v0x7f7808b30ac0_0 .net "c$vec_1", 15 0, L_0x7f7808b39610;  1 drivers
v0x7f7808b30b70_0 .net "c$vec_2", 1 0, L_0x7f7808b3aba0;  1 drivers
v0x7f7808b30c20_0 .net "c$vec_3", 15 0, L_0x7f7808b3b0f0;  1 drivers
v0x7f7808b30cd0_0 .net "c$vec_4", 1 0, L_0x7f7808904d10;  1 drivers
v0x7f7808b30d80_0 .net "c$vec_5", 15 0, L_0x7f78089055d0;  1 drivers
v0x7f7808b30e30_0 .net "c$vec_6", 1 0, L_0x7f7808906130;  1 drivers
v0x7f7808b30ee0_0 .net "c$vec_7", 15 0, L_0x7f7808906730;  1 drivers
v0x7f7808b30f90_0 .net "clk", 0 0, v0x7f7808b35950_0;  1 drivers
v0x7f7808b31030_0 .var/s "cursor", 63 0;
v0x7f7808b310e0_0 .var "dataOut", 15 0;
v0x7f7808b31190_0 .net "en", 0 0, v0x7f7808b35a10_0;  1 drivers
v0x7f7808b31230_0 .net "eta", 0 0, L_0x7f7808b39500;  1 drivers
v0x7f7808b312d0_0 .net "eta_0", 0 0, L_0x7f7808905d10;  1 drivers
v0x7f7808b31370_0 .var "eventInfo", 20 0;
v0x7f7808b31420_0 .net "input0", 17 0, L_0x7f7808b373f0;  1 drivers
v0x7f7808b314d0_0 .net/s "input0_0_0", 7 0, v0x7f7808b35aa0_0;  1 drivers
v0x7f7808b31580_0 .net "input0_0_1", 0 0, v0x7f7808b35df0_0;  1 drivers
v0x7f7808b31620_0 .net/s "input0_1_0", 7 0, v0x7f7808b35b30_0;  1 drivers
v0x7f7808b316d0_0 .net "input0_1_1", 0 0, v0x7f7808b35ea0_0;  1 drivers
v0x7f7808b31770_0 .net "newA", 0 0, L_0x7f7808b37fe0;  1 drivers
v0x7f7808b31810_0 .net "newB", 0 0, L_0x7f7808b38180;  1 drivers
v0x7f7808b318b0_0 .var/s "out", 7 0;
v0x7f7808b31960_0 .net "outAktvCDEG", 0 0, L_0x7f7808b39eb0;  1 drivers
v0x7f7808b31a00_0 .var "outValid", 1 0;
v0x7f7808b31ab0_0 .var "outValid_0", 0 0;
v0x7f7808b31b50_0 .var/s "out_0", 7 0;
v0x7f7808b31c00_0 .var "out_1", 15 0;
v0x7f7808b31cb0_0 .var/s "out_2", 7 0;
v0x7f7808b31d60_0 .var/s "out_3", 7 0;
v0x7f7808b31e10_0 .var/s "out_4", 7 0;
v0x7f7808b31ec0_0 .net "pacing1Hz", 0 0, L_0x7f7808b39be0;  1 drivers
v0x7f7808b31f60_0 .net "pacingA", 0 0, L_0x7f7808906560;  1 drivers
v0x7f7808b32000_0 .net "pacingAAndB", 0 0, L_0x7f7808b37e90;  1 drivers
v0x7f7808b320a0_0 .net "pacingAAndB_0", 0 0, L_0x7f7808905b50;  1 drivers
v0x7f7808b32140_0 .net "qData", 20 0, L_0x7f7808b3ba80;  1 drivers
v0x7f7808b321f0_0 .net "qPop", 0 0, L_0x7f7808b3d2c0;  1 drivers
v0x7f7808b32290_0 .net "qPopValid", 0 0, L_0x7f7808b3d080;  1 drivers
v0x7f7808b32330_0 .net "qPush", 0 0, L_0x7f7808b3d220;  1 drivers
v0x7f7808b323d0_0 .net "result", 77 0, L_0x7f7808b3cfa0;  1 drivers
v0x7f7808b32480_0 .net "result_0", 53 0, L_0x7f7808b3d360;  1 drivers
v0x7f7808b32530_0 .net "result_0_0", 8 0, L_0x7f7808b3d4e0;  1 drivers
v0x7f7808b325e0_0 .net/s "result_0_0_0", 7 0, L_0x7f7808b3d960;  alias, 1 drivers
v0x7f7808b32690_0 .net "result_0_0_1", 0 0, L_0x7f7808b3da40;  alias, 1 drivers
v0x7f7808b32730_0 .net "result_0_1", 8 0, L_0x7f7808b3d5c0;  1 drivers
v0x7f7808b327e0_0 .net/s "result_0_1_0", 7 0, L_0x7f7808b3db20;  alias, 1 drivers
v0x7f7808b32890_0 .net "result_0_1_1", 0 0, L_0x7f7808b3dc00;  alias, 1 drivers
v0x7f7808b32930_0 .net "result_0_2", 8 0, L_0x7f7808b3d660;  1 drivers
v0x7f7808b329e0_0 .net/s "result_0_2_0", 7 0, L_0x7f7808b3dce0;  alias, 1 drivers
v0x7f7808b32a90_0 .net "result_0_2_1", 0 0, L_0x7f7808b3de00;  alias, 1 drivers
v0x7f7808b32b30_0 .net "result_0_3", 8 0, L_0x7f7808b3d780;  1 drivers
v0x7f7808b32be0_0 .net/s "result_0_3_0", 7 0, L_0x7f7808b3dee0;  alias, 1 drivers
v0x7f7808b32c90_0 .net "result_0_3_1", 0 0, L_0x7f7808b3e000;  alias, 1 drivers
v0x7f7808b32d30_0 .net "result_0_4", 8 0, L_0x7f7808b3d820;  1 drivers
v0x7f7808b32de0_0 .net/s "result_0_4_0", 7 0, L_0x7f7808b3e0e0;  alias, 1 drivers
v0x7f7808b32e90_0 .net "result_0_4_1", 0 0, L_0x7f7808b3e200;  alias, 1 drivers
v0x7f7808b32f30_0 .net "result_0_5", 8 0, L_0x7f7808b3d8c0;  1 drivers
v0x7f7808b32fe0_0 .net/s "result_0_5_0", 7 0, L_0x7f7808b3e2e0;  alias, 1 drivers
v0x7f7808b33090_0 .net "result_0_5_1", 0 0, L_0x7f7808b3e3c0;  alias, 1 drivers
v0x7f7808b33130_0 .net "result_1", 23 0, L_0x7f7808b3d440;  1 drivers
v0x7f7808b331e0_0 .net/s "result_10", 7 0, L_0x7f7808b3a590;  1 drivers
v0x7f7808b33290_0 .net "result_11", 15 0, L_0x7f7808b3a940;  1 drivers
v0x7f7808b33340_0 .net "result_12", 17 0, L_0x7f7808b3a7d0;  1 drivers
v0x7f7808b333f0_0 .net/s "result_13", 7 0, L_0x7f7808904790;  1 drivers
v0x7f7808b334a0_0 .net/s "result_14", 7 0, L_0x7f7808904950;  1 drivers
v0x7f7808b33550_0 .net/s "result_15", 7 0, L_0x7f7808904f80;  1 drivers
v0x7f7808b33600_0 .net "result_16", 8 0, L_0x7f7808905080;  1 drivers
v0x7f7808b336b0_0 .net "result_17", 0 0, L_0x7f7808906010;  1 drivers
v0x7f7808b33750_0 .net/s "result_18", 7 0, L_0x7f7808905e30;  1 drivers
v0x7f7808b33800_0 .net/s "result_19", 7 0, L_0x7f78089063a0;  1 drivers
v0x7f7808b338b0_0 .net "result_1_0", 0 0, L_0x7f7808b3e4a0;  alias, 1 drivers
v0x7f7808b33950_0 .net "result_1_1", 0 0, L_0x7f7808b3e580;  alias, 1 drivers
v0x7f7808b339f0_0 .net "result_1_2", 0 0, L_0x7f7808b3e660;  alias, 1 drivers
v0x7f7808b33a90_0 .net "result_1_3", 0 0, L_0x7f7808b3e7c0;  alias, 1 drivers
v0x7f7808b33b30_0 .net "result_1_4", 2 0, L_0x7f7808b3e860;  alias, 1 drivers
v0x7f7808b33be0_0 .net/s "result_1_5", 7 0, L_0x7f7808b3e940;  alias, 1 drivers
v0x7f7808b33c90_0 .net/s "result_1_6", 7 0, L_0x7f7808b3ea20;  alias, 1 drivers
v0x7f7808b33d40_0 .net "result_1_7", 0 0, L_0x7f7808b3ec00;  alias, 1 drivers
v0x7f7808b33de0_0 .net/s "result_2", 63 0, L_0x7f7808b376b0;  1 drivers
v0x7f7808b33e90_0 .net "result_20", 0 0, L_0x7f7808906850;  1 drivers
v0x7f7808b33f30_0 .net "result_21", 17 0, L_0x7f7808906970;  1 drivers
v0x7f7808b33fe0_0 .net "result_22", 15 0, L_0x7f7808906c40;  1 drivers
v0x7f7808b34090_0 .net "result_23", 1 0, L_0x7f7808907400;  1 drivers
v0x7f7808b34140_0 .net "result_24", 0 0, L_0x7f7808907870;  1 drivers
v0x7f7808b341e0_0 .net "result_25", 22 0, L_0x7f78088044a0;  1 drivers
v0x7f7808b34290_0 .var/s "result_3", 63 0;
v0x7f7808b34340_0 .net "result_4", 21 0, L_0x7f7808b37f00;  1 drivers
v0x7f7808b343f0_0 .net "result_5", 74 0, L_0x7f7808b39330;  1 drivers
v0x7f7808b344a0_0 .net/s "result_6", 7 0, L_0x7f7808b39ac0;  1 drivers
v0x7f7808b34550_0 .net "result_7", 0 0, L_0x7f7808b3a200;  1 drivers
v0x7f7808b345f0_0 .net "result_8", 0 0, L_0x7f7808b3a360;  1 drivers
v0x7f7808b34690_0 .net "result_9", 1 0, L_0x7f7808b3a730;  1 drivers
v0x7f7808b34740_0 .net "rst", 0 0, v0x7f7808b36bc0_0;  1 drivers
v0x7f7808b347e0_0 .var "state", 2 0;
v0x7f7808b34890_0 .net/s "t", 7 0, L_0x7f7808b39c80;  1 drivers
v0x7f7808b34940_0 .net "t_0", 1 0, L_0x7f7808b3ac40;  1 drivers
v0x7f7808b349f0_0 .net "t_1", 15 0, L_0x7f7808b3af50;  1 drivers
v0x7f7808b34aa0_0 .net/s "t_2", 7 0, L_0x7f7808b3b4e0;  1 drivers
v0x7f7808b34b50_0 .net/s "t_3", 7 0, L_0x7f7808904bf0;  1 drivers
v0x7f7808b34c00_0 .net/s "t_4", 7 0, L_0x7f7808905470;  1 drivers
v0x7f7808b34cb0_0 .net/s "t_5", 7 0, L_0x7f7808905240;  1 drivers
v0x7f7808b34d60_0 .net/s "t_6", 7 0, L_0x7f78089062b0;  1 drivers
v0x7f7808b34e10_0 .net/s "t_7", 7 0, L_0x7f7808906440;  1 drivers
v0x7f7808b34ec0_0 .net "t_8", 15 0, L_0x7f7808907030;  1 drivers
v0x7f7808b34f70_0 .net "t_9", 1 0, L_0x7f7808906e60;  1 drivers
v0x7f7808b35020_0 .net "t_projection", 2 0, L_0x7f7808b3add0;  1 drivers
v0x7f7808b350d0_0 .net "t_projection_0", 23 0, L_0x7f7808b3ae70;  1 drivers
v0x7f7808b35180_0 .net "t_projection_1", 23 0, L_0x7f7808906f10;  1 drivers
v0x7f7808b35230_0 .net "t_projection_2", 2 0, L_0x7f7808906d20;  1 drivers
v0x7f7808b352e0_0 .net "timer1Over", 0 0, L_0x7f7808b382a0;  1 drivers
v0x7f7808b35380_0 .var "validOut", 1 0;
v0x7f7808b35430 .array "vecArray", 5 0;
v0x7f7808b35430_0 .net v0x7f7808b35430 0, 20 0, L_0x7f7808b370d0; 1 drivers
v0x7f7808b35430_1 .net v0x7f7808b35430 1, 20 0, L_0x7f7808b37030; 1 drivers
v0x7f7808b35430_2 .net v0x7f7808b35430 2, 20 0, L_0x7f7808b36ef0; 1 drivers
v0x7f7808b35430_3 .net v0x7f7808b35430 3, 20 0, L_0x7f7808b36e50; 1 drivers
v0x7f7808b35430_4 .net v0x7f7808b35430 4, 20 0, L_0x7f7808b36d50; 1 drivers
v0x7f7808b35430_5 .net v0x7f7808b35430 5, 20 0, L_0x7f7808b36c70; 1 drivers
v0x7f7808b35560_0 .net/s "x", 63 0, L_0x7f7808b377f0;  1 drivers
v0x7f7808b35610_0 .net/s "x_0", 63 0, L_0x7f7808b3c4e0;  1 drivers
E_0x7f7808a05550 .event anyedge, v0x7f7808b35610_0, v0x7f7808b2fdf0_0;
E_0x7f7808a06070 .event anyedge, v0x7f7808b35610_0, v0x7f7808b31030_0;
E_0x7f7808a0f600 .event posedge, v0x7f7808b34740_0, v0x7f7808b30f90_0;
E_0x7f7808a051f0 .event anyedge, v0x7f7808b35610_0;
E_0x7f7808a04a40 .event anyedge, v0x7f7808b35610_0, v0x7f7808b2f740_0;
E_0x7f7808a05980 .event anyedge, v0x7f7808b347e0_0, v0x7f7808b303e0_0;
L_0x7f7808b36c70 .part v0x7f7808b2f130_0, 0, 21;
L_0x7f7808b36d50 .part v0x7f7808b2f130_0, 21, 21;
L_0x7f7808b36e50 .part v0x7f7808b2f130_0, 42, 21;
L_0x7f7808b36ef0 .part v0x7f7808b2f130_0, 63, 21;
L_0x7f7808b37030 .part v0x7f7808b2f130_0, 84, 21;
L_0x7f7808b370d0 .part v0x7f7808b2f130_0, 105, 21;
L_0x7f7808b37170 .concat [ 1 8 0 0], v0x7f7808b35df0_0, v0x7f7808b35aa0_0;
L_0x7f7808b372d0 .concat [ 1 8 0 0], v0x7f7808b35ea0_0, v0x7f7808b35b30_0;
L_0x7f7808b373f0 .concat [ 9 9 0 0], L_0x7f7808b372d0, L_0x7f7808b37170;
L_0x7f7808b375b0 .arith/sum 64, L_0x7f7808b377f0, L_0x7f7808c73050;
L_0x7f7808b376b0 .functor MUXZ 64, L_0x7f7808b375b0, L_0x7f7808c73008, L_0x7f7808b382a0, C4<>;
L_0x7f7808b37c90 .concat [ 1 1 1 0], L_0x7f7808b382a0, L_0x7f7808b37e90, L_0x7f7808b37fe0;
L_0x7f7808b37d70 .concat [ 3 18 0 0], L_0x7f7808b37c90, L_0x7f7808b373f0;
L_0x7f7808b37f00 .concat [ 21 1 0 0], L_0x7f7808b37d70, L_0x7f7808b37b70;
L_0x7f7808b37fe0 .part L_0x7f7808b373f0, 9, 1;
L_0x7f7808b38180 .part L_0x7f7808b373f0, 0, 1;
L_0x7f7808b382a0 .cmp/ge.s 64, v0x7f7808b34290_0, L_0x7f7808c73098;
L_0x7f7808b38450 .part L_0x7f7808b3a7d0, 2, 16;
L_0x7f7808b384f0 .concat [ 1 8 0 0], L_0x7f7808b39eb0, v0x7f7808b31cb0_0;
L_0x7f7808b38630 .part L_0x7f7808905080, 1, 8;
L_0x7f7808b386d0 .concat [ 1 8 0 0], L_0x7f7808b39eb0, L_0x7f7808b38630;
L_0x7f7808b38590 .part L_0x7f7808b38450, 0, 8;
L_0x7f7808b388e0 .concat [ 1 8 0 0], L_0x7f7808b39eb0, L_0x7f7808b38590;
L_0x7f7808b38af0 .concat [ 1 8 0 0], L_0x7f7808b38a80, v0x7f7808b31e10_0;
L_0x7f7808b38bf0 .concat [ 1 8 0 0], L_0x7f7808b39eb0, v0x7f7808b31b50_0;
L_0x7f7808b38e90 .concat [ 1 8 0 0], L_0x7f7808b38e20, v0x7f7808b318b0_0;
LS_0x7f7808b38f30_0_0 .concat [ 9 9 9 9], L_0x7f7808b38e90, L_0x7f7808b38bf0, L_0x7f7808b38af0, L_0x7f7808b388e0;
LS_0x7f7808b38f30_0_4 .concat [ 9 9 0 0], L_0x7f7808b386d0, L_0x7f7808b384f0;
L_0x7f7808b38f30 .concat [ 36 18 0 0], LS_0x7f7808b38f30_0_0, LS_0x7f7808b38f30_0_4;
L_0x7f7808b39290 .concat [ 1 8 8 3], L_0x7f7808b39be0, L_0x7f7808905320, L_0x7f7808907150, v0x7f7808b347e0_0;
L_0x7f7808b39330 .concat [ 20 54 1 0], L_0x7f7808b39290, L_0x7f7808b38f30, L_0x7f7808b3a200;
L_0x7f7808b39570 .part L_0x7f7808906970, 0, 2;
L_0x7f7808b39610 .part L_0x7f7808906970, 2, 16;
L_0x7f7808b397b0 .part L_0x7f7808b39570, 0, 1;
L_0x7f7808b39450 .part L_0x7f7808b39610, 0, 8;
L_0x7f7808b396b0 .functor MUXZ 8, L_0x7f7808c730e0, L_0x7f7808b39450, L_0x7f7808b397b0, C4<>;
L_0x7f7808b39a20 .functor MUXZ 8, v0x7f7808b318b0_0, L_0x7f7808b396b0, L_0x7f7808b39500, C4<>;
L_0x7f7808b39be0 .part v0x7f7808b31370_0, 0, 1;
L_0x7f7808b39c80 .arith/sum 8, L_0x7f7808905320, v0x7f7808b31e10_0;
L_0x7f7808b39ac0 .functor MUXZ 8, v0x7f7808b31b50_0, L_0x7f7808b39c80, L_0x7f7808905a60, C4<>;
L_0x7f7808b39f60 .cmp/eq 64, L_0x7f78089074a0, L_0x7f7808c73128;
L_0x7f7808b39da0 .functor MUXZ 64, L_0x7f7808c731b8, L_0x7f7808c73170, L_0x7f7808b39f60, C4<>;
L_0x7f7808b3a200 .part L_0x7f7808b39da0, 0, 1;
L_0x7f7808b3a040 .cmp/eq 64, L_0x7f78089074a0, L_0x7f7808c73200;
L_0x7f7808b3a4b0 .functor MUXZ 64, L_0x7f7808c73290, L_0x7f7808c73248, L_0x7f7808b3a040, C4<>;
L_0x7f7808b3a360 .part L_0x7f7808b3a4b0, 0, 1;
L_0x7f7808b3a730 .functor MUXZ 2, v0x7f7808b31a00_0, L_0x7f7808b3ac40, L_0x7f7808905a60, C4<>;
L_0x7f7808b3a590 .functor MUXZ 8, L_0x7f7808c732d8, L_0x7f7808b3b4e0, L_0x7f7808b3a9e0, C4<>;
L_0x7f7808b3a940 .functor MUXZ 16, v0x7f7808b31c00_0, L_0x7f7808b3af50, L_0x7f7808905a60, C4<>;
L_0x7f7808b3a7d0 .concat [ 2 16 0 0], v0x7f7808b31a00_0, v0x7f7808b31c00_0;
L_0x7f7808b3aba0 .part L_0x7f7808906970, 0, 2;
L_0x7f7808b3a9e0 .part L_0x7f7808b3aba0, 1, 1;
L_0x7f7808b3add0 .concat [ 1 2 0 0], L_0x7f7808c73320, v0x7f7808b31a00_0;
L_0x7f7808b3ac40 .part L_0x7f7808b3add0, 0, 2;
L_0x7f7808b3b010 .arith/sum 8, L_0x7f7808b3a590, v0x7f7808b31cb0_0;
L_0x7f7808b3ae70 .concat [ 8 16 0 0], L_0x7f7808b3b010, v0x7f7808b31c00_0;
L_0x7f7808b3af50 .part L_0x7f7808b3ae70, 0, 16;
L_0x7f7808b3b0f0 .part L_0x7f7808906970, 2, 16;
L_0x7f7808b3b4e0 .part L_0x7f7808b3b0f0, 8, 8;
L_0x7f7808b3b320 .part L_0x7f7808905080, 0, 1;
L_0x7f7808b3b3c0 .part L_0x7f7808905080, 1, 8;
L_0x7f7808b3b760 .functor MUXZ 8, L_0x7f7808c73368, L_0x7f7808b3b3c0, L_0x7f7808b3b320, C4<>;
L_0x7f7808904790 .functor MUXZ 8, v0x7f7808b31cb0_0, L_0x7f7808904bf0, L_0x7f7808905400, C4<>;
L_0x7f7808904a90 .arith/sum 8, L_0x7f7808907150, L_0x7f7808905320;
L_0x7f7808904bf0 .arith/sum 8, L_0x7f7808904a90, L_0x7f7808b3b760;
L_0x7f7808904830 .functor MUXZ 1, v0x7f7808b31ab0_0, L_0x7f7808c733b0, L_0x7f7808905400, C4<>;
L_0x7f7808904950 .functor MUXZ 8, L_0x7f7808c733f8, L_0x7f7808905240, L_0x7f7808904db0, C4<>;
L_0x7f7808904f80 .functor MUXZ 8, v0x7f7808b31d60_0, L_0x7f7808905470, L_0x7f7808905400, C4<>;
L_0x7f7808905080 .concat [ 1 8 0 0], v0x7f7808b31ab0_0, v0x7f7808b31d60_0;
L_0x7f7808904d10 .part L_0x7f7808b3a7d0, 0, 2;
L_0x7f7808904db0 .part L_0x7f7808904d10, 1, 1;
L_0x7f7808905470 .arith/sum 8, L_0x7f7808905320, L_0x7f7808904950;
L_0x7f78089055d0 .part L_0x7f7808b3a7d0, 2, 16;
L_0x7f7808905240 .part L_0x7f78089055d0, 8, 8;
L_0x7f7808905320 .part v0x7f7808b31370_0, 4, 8;
L_0x7f7808905b50 .part v0x7f7808b31370_0, 1, 1;
L_0x7f7808905c70 .cmp/eq 64, L_0x7f78089074a0, L_0x7f7808c73440;
L_0x7f7808905810 .functor MUXZ 64, L_0x7f7808c734d0, L_0x7f7808c73488, L_0x7f7808905c70, C4<>;
L_0x7f7808906010 .part L_0x7f7808905810, 0, 1;
L_0x7f7808905e30 .functor MUXZ 8, L_0x7f7808c73518, L_0x7f7808906440, L_0x7f78089061d0, C4<>;
L_0x7f78089063a0 .functor MUXZ 8, v0x7f7808b31e10_0, L_0x7f78089062b0, L_0x7f7808905d10, C4<>;
L_0x7f7808906130 .part L_0x7f7808906970, 0, 2;
L_0x7f78089061d0 .part L_0x7f7808906130, 1, 1;
L_0x7f78089062b0 .arith/sum 8, L_0x7f7808907150, L_0x7f7808905e30;
L_0x7f7808906730 .part L_0x7f7808906970, 2, 16;
L_0x7f7808906440 .part L_0x7f7808906730, 8, 8;
L_0x7f7808906560 .part v0x7f7808b31370_0, 2, 1;
L_0x7f7808906a80 .cmp/eq 64, L_0x7f78089074a0, L_0x7f7808c73560;
L_0x7f7808906ba0 .functor MUXZ 64, L_0x7f7808c735f0, L_0x7f7808c735a8, L_0x7f7808906a80, C4<>;
L_0x7f7808906850 .part L_0x7f7808906ba0, 0, 1;
L_0x7f7808906970 .concat [ 2 16 0 0], v0x7f7808b35380_0, v0x7f7808b310e0_0;
L_0x7f7808906f10 .concat [ 8 16 0 0], L_0x7f7808907150, v0x7f7808b310e0_0;
L_0x7f7808907030 .part L_0x7f7808906f10, 0, 16;
L_0x7f7808906c40 .functor MUXZ 16, v0x7f7808b310e0_0, L_0x7f7808907030, L_0x7f7808907870, C4<>;
L_0x7f7808906d20 .concat [ 1 2 0 0], L_0x7f7808c73638, v0x7f7808b35380_0;
L_0x7f7808906e60 .part L_0x7f7808906d20, 0, 2;
L_0x7f7808907400 .functor MUXZ 2, v0x7f7808b35380_0, L_0x7f7808906e60, L_0x7f7808907870, C4<>;
L_0x7f7808907150 .part v0x7f7808b31370_0, 13, 8;
L_0x7f78089071f0 .cmp/eq 64, L_0x7f78089074a0, L_0x7f7808c73680;
L_0x7f78089072d0 .functor MUXZ 64, L_0x7f7808c73710, L_0x7f7808c736c8, L_0x7f78089071f0, C4<>;
L_0x7f7808907870 .part L_0x7f78089072d0, 0, 1;
L_0x7f78089074a0 .concat [ 3 61 0 0], v0x7f7808b347e0_0, L_0x7f7808c73758;
L_0x7f7808804140 .functor MUXZ 3, L_0x7f7808c737e8, L_0x7f7808c737a0, L_0x7f7808b3d080, C4<>;
L_0x7f78088042b0 .part L_0x7f78088044a0, 0, 21;
L_0x7f7808804350 .functor MUXZ 21, v0x7f7808b31370_0, L_0x7f78088042b0, L_0x7f7808b3d080, C4<>;
L_0x7f78088044a0 .concat [ 21 1 1 0], v0x7f7808b2f1e0_0, v0x7f7808b2f290_0, v0x7f7808b2f330_0;
L_0x7f78088045c0 .functor MUXZ 21, L_0x7f7808c73830, v0x7f7808b2f690_0, L_0x7f7808b3d2c0, C4<>;
L_0x7f78088046f0 .array/port v0x7f7808b35430, L_0x7f7808b3c770;
L_0x7f7808b3a400 .functor MUXZ 1, L_0x7f7808c73878, v0x7f7808b2f890_0, L_0x7f7808b3d2c0, C4<>;
L_0x7f7808b3b580 .functor MUXZ 1, L_0x7f7808c738c0, L_0x7f7808b3c3c0, L_0x7f7808b3d220, C4<>;
L_0x7f7808b3b620 .functor MUXZ 126, v0x7f7808b2f130_0, L_0x7f7808b3b9a0, L_0x7f7808b3d220, C4<>;
L_0x7f7808b3b6c0 .concat [ 126 21 0 0], v0x7f7808b2f130_0, L_0x7f7808b3ba80;
L_0x7f7808b3b900 .part L_0x7f7808b3b6c0, 21, 126;
L_0x7f7808b3b9a0 .functor MUXZ 126, v0x7f7808b2f130_0, L_0x7f7808b3b900, L_0x7f7808b3c3c0, C4<>;
L_0x7f7808b3ba80 .part L_0x7f7808b37f00, 0, 21;
L_0x7f7808b3bba0 .functor MUXZ 64, L_0x7f7808b3c610, L_0x7f7808b3bc40, L_0x7f7808b3d220, C4<>;
L_0x7f7808b3bc40 .functor MUXZ 64, L_0x7f7808b3c020, v0x7f7808b2fb30_0, L_0x7f7808b3d2c0, C4<>;
L_0x7f7808b3bf20 .arith/sum 64, L_0x7f7808b3c4e0, L_0x7f7808c73908;
L_0x7f7808b3c020 .functor MUXZ 64, v0x7f7808b31030_0, L_0x7f7808b3bf20, L_0x7f7808b3c3c0, C4<>;
L_0x7f7808b3c140 .cmp/ne 64, L_0x7f7808b3c4e0, L_0x7f7808c73950;
L_0x7f7808b3c260 .functor MUXZ 64, L_0x7f7808c739e0, L_0x7f7808c73998, L_0x7f7808b3c140, C4<>;
L_0x7f7808b3c3c0 .part L_0x7f7808b3c260, 0, 1;
L_0x7f7808b3c610 .functor MUXZ 64, v0x7f7808b31030_0, v0x7f7808b2fd40_0, L_0x7f7808b3d2c0, C4<>;
L_0x7f7808b3c770 .arith/sub 64, L_0x7f7808b3c4e0, L_0x7f7808c73a28;
L_0x7f7808b3c8f0 .part L_0x7f7808b39330, 20, 54;
L_0x7f7808b3c990 .part L_0x7f78088044a0, 22, 1;
L_0x7f7808b3ca30 .part L_0x7f7808b39330, 17, 3;
L_0x7f7808b3cad0 .part L_0x7f7808b39330, 9, 8;
L_0x7f7808b3cbf0 .part L_0x7f7808b39330, 1, 8;
L_0x7f7808b3cc90 .part L_0x7f7808b39330, 0, 1;
LS_0x7f7808b3cd30_0_0 .concat [ 1 8 8 3], L_0x7f7808b3cc90, L_0x7f7808b3cbf0, L_0x7f7808b3cad0, L_0x7f7808b3ca30;
LS_0x7f7808b3cd30_0_4 .concat [ 1 1 1 1], L_0x7f7808b3d080, L_0x7f7808b3c990, L_0x7f7808b3d2c0, L_0x7f7808b3d220;
L_0x7f7808b3cd30 .concat [ 20 4 0 0], LS_0x7f7808b3cd30_0_0, LS_0x7f7808b3cd30_0_4;
L_0x7f7808b3cfa0 .concat [ 24 54 0 0], L_0x7f7808b3cd30, L_0x7f7808b3c8f0;
L_0x7f7808b3d080 .part L_0x7f78088044a0, 21, 1;
L_0x7f7808b3d220 .part L_0x7f7808b37f00, 21, 1;
L_0x7f7808b3d2c0 .part L_0x7f7808b39330, 74, 1;
L_0x7f7808b3d360 .part L_0x7f7808b3cfa0, 24, 54;
L_0x7f7808b3d440 .part L_0x7f7808b3cfa0, 0, 24;
L_0x7f7808b3d4e0 .part L_0x7f7808b3d360, 45, 9;
L_0x7f7808b3d5c0 .part L_0x7f7808b3d360, 36, 9;
L_0x7f7808b3d660 .part L_0x7f7808b3d360, 27, 9;
L_0x7f7808b3d780 .part L_0x7f7808b3d360, 18, 9;
L_0x7f7808b3d820 .part L_0x7f7808b3d360, 9, 9;
L_0x7f7808b3d8c0 .part L_0x7f7808b3d360, 0, 9;
L_0x7f7808b3d960 .part L_0x7f7808b3d4e0, 1, 8;
L_0x7f7808b3da40 .part L_0x7f7808b3d4e0, 0, 1;
L_0x7f7808b3db20 .part L_0x7f7808b3d5c0, 1, 8;
L_0x7f7808b3dc00 .part L_0x7f7808b3d5c0, 0, 1;
L_0x7f7808b3dce0 .part L_0x7f7808b3d660, 1, 8;
L_0x7f7808b3de00 .part L_0x7f7808b3d660, 0, 1;
L_0x7f7808b3dee0 .part L_0x7f7808b3d780, 1, 8;
L_0x7f7808b3e000 .part L_0x7f7808b3d780, 0, 1;
L_0x7f7808b3e0e0 .part L_0x7f7808b3d820, 1, 8;
L_0x7f7808b3e200 .part L_0x7f7808b3d820, 0, 1;
L_0x7f7808b3e2e0 .part L_0x7f7808b3d8c0, 1, 8;
L_0x7f7808b3e3c0 .part L_0x7f7808b3d8c0, 0, 1;
L_0x7f7808b3e4a0 .part L_0x7f7808b3d440, 23, 1;
L_0x7f7808b3e580 .part L_0x7f7808b3d440, 22, 1;
L_0x7f7808b3e660 .part L_0x7f7808b3d440, 21, 1;
L_0x7f7808b3e7c0 .part L_0x7f7808b3d440, 20, 1;
L_0x7f7808b3e860 .part L_0x7f7808b3d440, 17, 3;
L_0x7f7808b3e940 .part L_0x7f7808b3d440, 9, 8;
L_0x7f7808b3ea20 .part L_0x7f7808b3d440, 1, 8;
L_0x7f7808b3ec00 .part L_0x7f7808b3d440, 0, 1;
S_0x7f7808a163c0 .scope begin, "buffer_register" "buffer_register" 3 637, 3 637 0, S_0x7f7808a15ed0;
 .timescale -13 -13;
S_0x7f7808a16530 .scope begin, "c$app_arg_0_register" "c$app_arg_0_register" 3 606, 3 606 0, S_0x7f7808a15ed0;
 .timescale -13 -13;
S_0x7f7808a166a0 .scope begin, "c$app_arg_1_register" "c$app_arg_1_register" 3 625, 3 625 0, S_0x7f7808a15ed0;
 .timescale -13 -13;
S_0x7f7808a16810 .scope begin, "c$app_arg_register" "c$app_arg_register" 3 573, 3 573 0, S_0x7f7808a15ed0;
 .timescale -13 -13;
S_0x7f7808a16980 .scope begin, "cursor_register" "cursor_register" 3 675, 3 675 0, S_0x7f7808a15ed0;
 .timescale -13 -13;
S_0x7f7808a16af0 .scope begin, "dataOut_register" "dataOut_register" 3 503, 3 503 0, S_0x7f7808a15ed0;
 .timescale -13 -13;
S_0x7f7808a16c60 .scope begin, "eventInfo_register" "eventInfo_register" 3 560, 3 560 0, S_0x7f7808a15ed0;
 .timescale -13 -13;
S_0x7f7808a16dd0 .scope generate, "mk_array[0]" "mk_array[0]" 3 598, 3 598 0, S_0x7f7808a15ed0;
 .timescale -13 -13;
P_0x7f7808a0b3e0 .param/l "i" 1 3 598, +C4<00>;
S_0x7f7808a16f40 .scope generate, "mk_array[1]" "mk_array[1]" 3 598, 3 598 0, S_0x7f7808a15ed0;
 .timescale -13 -13;
P_0x7f7808a09a20 .param/l "i" 1 3 598, +C4<01>;
S_0x7f7808a170b0 .scope generate, "mk_array[2]" "mk_array[2]" 3 598, 3 598 0, S_0x7f7808a15ed0;
 .timescale -13 -13;
P_0x7f7808a0de10 .param/l "i" 1 3 598, +C4<010>;
S_0x7f7808a17220 .scope generate, "mk_array[3]" "mk_array[3]" 3 598, 3 598 0, S_0x7f7808a15ed0;
 .timescale -13 -13;
P_0x7f7808a0f830 .param/l "i" 1 3 598, +C4<011>;
S_0x7f7808a17390 .scope generate, "mk_array[4]" "mk_array[4]" 3 598, 3 598 0, S_0x7f7808a15ed0;
 .timescale -13 -13;
P_0x7f7808a04670 .param/l "i" 1 3 598, +C4<0100>;
S_0x7f7808a17500 .scope generate, "mk_array[5]" "mk_array[5]" 3 598, 3 598 0, S_0x7f7808a15ed0;
 .timescale -13 -13;
P_0x7f7808a09600 .param/l "i" 1 3 598, +C4<0101>;
S_0x7f7808a17670 .scope begin, "outValid_0_register" "outValid_0_register" 3 421, 3 421 0, S_0x7f7808a15ed0;
 .timescale -13 -13;
S_0x7f7808a177e0 .scope begin, "outValid_register" "outValid_register" 3 357, 3 357 0, S_0x7f7808a15ed0;
 .timescale -13 -13;
S_0x7f7808a17950 .scope begin, "out_0_register" "out_0_register" 3 315, 3 315 0, S_0x7f7808a15ed0;
 .timescale -13 -13;
S_0x7f7808a17ac0 .scope begin, "out_1_register" "out_1_register" 3 347, 3 347 0, S_0x7f7808a15ed0;
 .timescale -13 -13;
S_0x7f7808a17c30 .scope begin, "out_2_register" "out_2_register" 3 391, 3 391 0, S_0x7f7808a15ed0;
 .timescale -13 -13;
S_0x7f7808a17da0 .scope begin, "out_3_register" "out_3_register" 3 411, 3 411 0, S_0x7f7808a15ed0;
 .timescale -13 -13;
S_0x7f7808a17f10 .scope begin, "out_4_register" "out_4_register" 3 463, 3 463 0, S_0x7f7808a15ed0;
 .timescale -13 -13;
S_0x7f7808a18080 .scope begin, "out_register" "out_register" 3 303, 3 303 0, S_0x7f7808a15ed0;
 .timescale -13 -13;
S_0x7f7808a181f0 .scope begin, "result_3_register" "result_3_register" 3 261, 3 261 0, S_0x7f7808a15ed0;
 .timescale -13 -13;
S_0x7f7808a18360 .scope begin, "state_register" "state_register" 3 546, 3 546 0, S_0x7f7808a15ed0;
 .timescale -13 -13;
S_0x7f7808a184d0 .scope begin, "validOut_register" "validOut_register" 3 493, 3 493 0, S_0x7f7808a15ed0;
 .timescale -13 -13;
    .scope S_0x7f7808a15ed0;
T_0 ;
    %pushi/vec4 0, 0, 64;
    %store/vec4 v0x7f7808b34290_0, 0, 64;
    %pushi/vec4 0, 0, 8;
    %store/vec4 v0x7f7808b318b0_0, 0, 8;
    %pushi/vec4 0, 0, 8;
    %store/vec4 v0x7f7808b31b50_0, 0, 8;
    %pushi/vec4 0, 0, 16;
    %store/vec4 v0x7f7808b31c00_0, 0, 16;
    %pushi/vec4 0, 0, 2;
    %store/vec4 v0x7f7808b31a00_0, 0, 2;
    %pushi/vec4 0, 0, 8;
    %store/vec4 v0x7f7808b31cb0_0, 0, 8;
    %pushi/vec4 0, 0, 8;
    %store/vec4 v0x7f7808b31d60_0, 0, 8;
    %pushi/vec4 0, 0, 1;
    %store/vec4 v0x7f7808b31ab0_0, 0, 1;
    %pushi/vec4 0, 0, 8;
    %store/vec4 v0x7f7808b31e10_0, 0, 8;
    %pushi/vec4 0, 0, 2;
    %store/vec4 v0x7f7808b35380_0, 0, 2;
    %pushi/vec4 0, 0, 16;
    %store/vec4 v0x7f7808b310e0_0, 0, 16;
    %pushi/vec4 0, 0, 3;
    %store/vec4 v0x7f7808b347e0_0, 0, 3;
    %pushi/vec4 0, 0, 21;
    %store/vec4 v0x7f7808b31370_0, 0, 21;
    %pushi/vec4 0, 0, 21;
    %store/vec4 v0x7f7808b2f1e0_0, 0, 21;
    %pushi/vec4 0, 0, 1;
    %store/vec4 v0x7f7808b2f290_0, 0, 1;
    %pushi/vec4 0, 0, 1;
    %store/vec4 v0x7f7808b2f330_0, 0, 1;
    %pushi/vec4 0, 0, 126;
    %store/vec4 v0x7f7808b2f130_0, 0, 126;
    %pushi/vec4 0, 0, 64;
    %store/vec4 v0x7f7808b31030_0, 0, 64;
    %end;
    .thread T_0;
    .scope S_0x7f7808a15ed0;
T_1 ;
    %wait E_0x7f7808a0f600;
    %fork t_1, S_0x7f7808a181f0;
    %jmp t_0;
    .scope S_0x7f7808a181f0;
t_1 ;
    %load/vec4 v0x7f7808b34740_0;
    %flag_set/vec4 8;
    %jmp/0xz  T_1.0, 8;
    %pushi/vec4 0, 0, 64;
    %assign/vec4 v0x7f7808b34290_0, 0;
    %jmp T_1.1;
T_1.0 ;
    %load/vec4 v0x7f7808b31190_0;
    %flag_set/vec4 8;
    %jmp/0xz  T_1.2, 8;
    %load/vec4 v0x7f7808b33de0_0;
    %assign/vec4 v0x7f7808b34290_0, 0;
T_1.2 ;
T_1.1 ;
    %end;
    .scope S_0x7f7808a15ed0;
t_0 %join;
    %jmp T_1;
    .thread T_1;
    .scope S_0x7f7808a15ed0;
T_2 ;
    %wait E_0x7f7808a0f600;
    %fork t_3, S_0x7f7808a18080;
    %jmp t_2;
    .scope S_0x7f7808a18080;
t_3 ;
    %load/vec4 v0x7f7808b34740_0;
    %flag_set/vec4 8;
    %jmp/0xz  T_2.0, 8;
    %pushi/vec4 0, 0, 8;
    %assign/vec4 v0x7f7808b318b0_0, 0;
    %jmp T_2.1;
T_2.0 ;
    %load/vec4 v0x7f7808b31190_0;
    %flag_set/vec4 8;
    %jmp/0xz  T_2.2, 8;
    %load/vec4 v0x7f7808b301d0_0;
    %assign/vec4 v0x7f7808b318b0_0, 0;
T_2.2 ;
T_2.1 ;
    %end;
    .scope S_0x7f7808a15ed0;
t_2 %join;
    %jmp T_2;
    .thread T_2;
    .scope S_0x7f7808a15ed0;
T_3 ;
    %wait E_0x7f7808a0f600;
    %fork t_5, S_0x7f7808a17950;
    %jmp t_4;
    .scope S_0x7f7808a17950;
t_5 ;
    %load/vec4 v0x7f7808b34740_0;
    %flag_set/vec4 8;
    %jmp/0xz  T_3.0, 8;
    %pushi/vec4 0, 0, 8;
    %assign/vec4 v0x7f7808b31b50_0, 0;
    %jmp T_3.1;
T_3.0 ;
    %load/vec4 v0x7f7808b31190_0;
    %flag_set/vec4 8;
    %jmp/0xz  T_3.2, 8;
    %load/vec4 v0x7f7808b344a0_0;
    %assign/vec4 v0x7f7808b31b50_0, 0;
T_3.2 ;
T_3.1 ;
    %end;
    .scope S_0x7f7808a15ed0;
t_4 %join;
    %jmp T_3;
    .thread T_3;
    .scope S_0x7f7808a15ed0;
T_4 ;
    %wait E_0x7f7808a0f600;
    %fork t_7, S_0x7f7808a17ac0;
    %jmp t_6;
    .scope S_0x7f7808a17ac0;
t_7 ;
    %load/vec4 v0x7f7808b34740_0;
    %flag_set/vec4 8;
    %jmp/0xz  T_4.0, 8;
    %pushi/vec4 0, 0, 16;
    %assign/vec4 v0x7f7808b31c00_0, 0;
    %jmp T_4.1;
T_4.0 ;
    %load/vec4 v0x7f7808b31190_0;
    %flag_set/vec4 8;
    %jmp/0xz  T_4.2, 8;
    %load/vec4 v0x7f7808b33290_0;
    %assign/vec4 v0x7f7808b31c00_0, 0;
T_4.2 ;
T_4.1 ;
    %end;
    .scope S_0x7f7808a15ed0;
t_6 %join;
    %jmp T_4;
    .thread T_4;
    .scope S_0x7f7808a15ed0;
T_5 ;
    %wait E_0x7f7808a0f600;
    %fork t_9, S_0x7f7808a177e0;
    %jmp t_8;
    .scope S_0x7f7808a177e0;
t_9 ;
    %load/vec4 v0x7f7808b34740_0;
    %flag_set/vec4 8;
    %jmp/0xz  T_5.0, 8;
    %pushi/vec4 0, 0, 2;
    %assign/vec4 v0x7f7808b31a00_0, 0;
    %jmp T_5.1;
T_5.0 ;
    %load/vec4 v0x7f7808b31190_0;
    %flag_set/vec4 8;
    %jmp/0xz  T_5.2, 8;
    %load/vec4 v0x7f7808b34690_0;
    %assign/vec4 v0x7f7808b31a00_0, 0;
T_5.2 ;
T_5.1 ;
    %end;
    .scope S_0x7f7808a15ed0;
t_8 %join;
    %jmp T_5;
    .thread T_5;
    .scope S_0x7f7808a15ed0;
T_6 ;
    %wait E_0x7f7808a0f600;
    %fork t_11, S_0x7f7808a17c30;
    %jmp t_10;
    .scope S_0x7f7808a17c30;
t_11 ;
    %load/vec4 v0x7f7808b34740_0;
    %flag_set/vec4 8;
    %jmp/0xz  T_6.0, 8;
    %pushi/vec4 0, 0, 8;
    %assign/vec4 v0x7f7808b31cb0_0, 0;
    %jmp T_6.1;
T_6.0 ;
    %load/vec4 v0x7f7808b31190_0;
    %flag_set/vec4 8;
    %jmp/0xz  T_6.2, 8;
    %load/vec4 v0x7f7808b333f0_0;
    %assign/vec4 v0x7f7808b31cb0_0, 0;
T_6.2 ;
T_6.1 ;
    %end;
    .scope S_0x7f7808a15ed0;
t_10 %join;
    %jmp T_6;
    .thread T_6;
    .scope S_0x7f7808a15ed0;
T_7 ;
    %wait E_0x7f7808a0f600;
    %fork t_13, S_0x7f7808a17da0;
    %jmp t_12;
    .scope S_0x7f7808a17da0;
t_13 ;
    %load/vec4 v0x7f7808b34740_0;
    %flag_set/vec4 8;
    %jmp/0xz  T_7.0, 8;
    %pushi/vec4 0, 0, 8;
    %assign/vec4 v0x7f7808b31d60_0, 0;
    %jmp T_7.1;
T_7.0 ;
    %load/vec4 v0x7f7808b31190_0;
    %flag_set/vec4 8;
    %jmp/0xz  T_7.2, 8;
    %load/vec4 v0x7f7808b33550_0;
    %assign/vec4 v0x7f7808b31d60_0, 0;
T_7.2 ;
T_7.1 ;
    %end;
    .scope S_0x7f7808a15ed0;
t_12 %join;
    %jmp T_7;
    .thread T_7;
    .scope S_0x7f7808a15ed0;
T_8 ;
    %wait E_0x7f7808a0f600;
    %fork t_15, S_0x7f7808a17670;
    %jmp t_14;
    .scope S_0x7f7808a17670;
t_15 ;
    %load/vec4 v0x7f7808b34740_0;
    %flag_set/vec4 8;
    %jmp/0xz  T_8.0, 8;
    %pushi/vec4 0, 0, 1;
    %assign/vec4 v0x7f7808b31ab0_0, 0;
    %jmp T_8.1;
T_8.0 ;
    %load/vec4 v0x7f7808b31190_0;
    %flag_set/vec4 8;
    %jmp/0xz  T_8.2, 8;
    %load/vec4 v0x7f7808b30130_0;
    %assign/vec4 v0x7f7808b31ab0_0, 0;
T_8.2 ;
T_8.1 ;
    %end;
    .scope S_0x7f7808a15ed0;
t_14 %join;
    %jmp T_8;
    .thread T_8;
    .scope S_0x7f7808a15ed0;
T_9 ;
    %wait E_0x7f7808a0f600;
    %fork t_17, S_0x7f7808a17f10;
    %jmp t_16;
    .scope S_0x7f7808a17f10;
t_17 ;
    %load/vec4 v0x7f7808b34740_0;
    %flag_set/vec4 8;
    %jmp/0xz  T_9.0, 8;
    %pushi/vec4 0, 0, 8;
    %assign/vec4 v0x7f7808b31e10_0, 0;
    %jmp T_9.1;
T_9.0 ;
    %load/vec4 v0x7f7808b31190_0;
    %flag_set/vec4 8;
    %jmp/0xz  T_9.2, 8;
    %load/vec4 v0x7f7808b33800_0;
    %assign/vec4 v0x7f7808b31e10_0, 0;
T_9.2 ;
T_9.1 ;
    %end;
    .scope S_0x7f7808a15ed0;
t_16 %join;
    %jmp T_9;
    .thread T_9;
    .scope S_0x7f7808a15ed0;
T_10 ;
    %wait E_0x7f7808a0f600;
    %fork t_19, S_0x7f7808a184d0;
    %jmp t_18;
    .scope S_0x7f7808a184d0;
t_19 ;
    %load/vec4 v0x7f7808b34740_0;
    %flag_set/vec4 8;
    %jmp/0xz  T_10.0, 8;
    %pushi/vec4 0, 0, 2;
    %assign/vec4 v0x7f7808b35380_0, 0;
    %jmp T_10.1;
T_10.0 ;
    %load/vec4 v0x7f7808b31190_0;
    %flag_set/vec4 8;
    %jmp/0xz  T_10.2, 8;
    %load/vec4 v0x7f7808b34090_0;
    %assign/vec4 v0x7f7808b35380_0, 0;
T_10.2 ;
T_10.1 ;
    %end;
    .scope S_0x7f7808a15ed0;
t_18 %join;
    %jmp T_10;
    .thread T_10;
    .scope S_0x7f7808a15ed0;
T_11 ;
    %wait E_0x7f7808a0f600;
    %fork t_21, S_0x7f7808a16af0;
    %jmp t_20;
    .scope S_0x7f7808a16af0;
t_21 ;
    %load/vec4 v0x7f7808b34740_0;
    %flag_set/vec4 8;
    %jmp/0xz  T_11.0, 8;
    %pushi/vec4 0, 0, 16;
    %assign/vec4 v0x7f7808b310e0_0, 0;
    %jmp T_11.1;
T_11.0 ;
    %load/vec4 v0x7f7808b31190_0;
    %flag_set/vec4 8;
    %jmp/0xz  T_11.2, 8;
    %load/vec4 v0x7f7808b33fe0_0;
    %assign/vec4 v0x7f7808b310e0_0, 0;
T_11.2 ;
T_11.1 ;
    %end;
    .scope S_0x7f7808a15ed0;
t_20 %join;
    %jmp T_11;
    .thread T_11;
    .scope S_0x7f7808a15ed0;
T_12 ;
    %wait E_0x7f7808a05980;
    %load/vec4 v0x7f7808b347e0_0;
    %dup/vec4;
    %pushi/vec4 0, 0, 3;
    %cmp/u;
    %jmp/1 T_12.0, 6;
    %dup/vec4;
    %pushi/vec4 1, 0, 3;
    %cmp/u;
    %jmp/1 T_12.1, 6;
    %dup/vec4;
    %pushi/vec4 2, 0, 3;
    %cmp/u;
    %jmp/1 T_12.2, 6;
    %dup/vec4;
    %pushi/vec4 3, 0, 3;
    %cmp/u;
    %jmp/1 T_12.3, 6;
    %dup/vec4;
    %pushi/vec4 4, 0, 3;
    %cmp/u;
    %jmp/1 T_12.4, 6;
    %pushi/vec4 0, 0, 3;
    %store/vec4 v0x7f7808b30330_0, 0, 3;
    %jmp T_12.6;
T_12.0 ;
    %pushi/vec4 1, 0, 3;
    %store/vec4 v0x7f7808b30330_0, 0, 3;
    %jmp T_12.6;
T_12.1 ;
    %load/vec4 v0x7f7808b303e0_0;
    %store/vec4 v0x7f7808b30330_0, 0, 3;
    %jmp T_12.6;
T_12.2 ;
    %pushi/vec4 3, 0, 3;
    %store/vec4 v0x7f7808b30330_0, 0, 3;
    %jmp T_12.6;
T_12.3 ;
    %pushi/vec4 4, 0, 3;
    %store/vec4 v0x7f7808b30330_0, 0, 3;
    %jmp T_12.6;
T_12.4 ;
    %pushi/vec4 5, 0, 3;
    %store/vec4 v0x7f7808b30330_0, 0, 3;
    %jmp T_12.6;
T_12.6 ;
    %pop/vec4 1;
    %jmp T_12;
    .thread T_12, $push;
    .scope S_0x7f7808a15ed0;
T_13 ;
    %wait E_0x7f7808a0f600;
    %fork t_23, S_0x7f7808a18360;
    %jmp t_22;
    .scope S_0x7f7808a18360;
t_23 ;
    %load/vec4 v0x7f7808b34740_0;
    %flag_set/vec4 8;
    %jmp/0xz  T_13.0, 8;
    %pushi/vec4 0, 0, 3;
    %assign/vec4 v0x7f7808b347e0_0, 0;
    %jmp T_13.1;
T_13.0 ;
    %load/vec4 v0x7f7808b31190_0;
    %flag_set/vec4 8;
    %jmp/0xz  T_13.2, 8;
    %load/vec4 v0x7f7808b30330_0;
    %assign/vec4 v0x7f7808b347e0_0, 0;
T_13.2 ;
T_13.1 ;
    %end;
    .scope S_0x7f7808a15ed0;
t_22 %join;
    %jmp T_13;
    .thread T_13;
    .scope S_0x7f7808a15ed0;
T_14 ;
    %wait E_0x7f7808a0f600;
    %fork t_25, S_0x7f7808a16c60;
    %jmp t_24;
    .scope S_0x7f7808a16c60;
t_25 ;
    %load/vec4 v0x7f7808b34740_0;
    %flag_set/vec4 8;
    %jmp/0xz  T_14.0, 8;
    %pushi/vec4 0, 0, 21;
    %assign/vec4 v0x7f7808b31370_0, 0;
    %jmp T_14.1;
T_14.0 ;
    %load/vec4 v0x7f7808b31190_0;
    %flag_set/vec4 8;
    %jmp/0xz  T_14.2, 8;
    %load/vec4 v0x7f7808b30080_0;
    %assign/vec4 v0x7f7808b31370_0, 0;
T_14.2 ;
T_14.1 ;
    %end;
    .scope S_0x7f7808a15ed0;
t_24 %join;
    %jmp T_14;
    .thread T_14;
    .scope S_0x7f7808a15ed0;
T_15 ;
    %wait E_0x7f7808a0f600;
    %fork t_27, S_0x7f7808a16810;
    %jmp t_26;
    .scope S_0x7f7808a16810;
t_27 ;
    %load/vec4 v0x7f7808b34740_0;
    %flag_set/vec4 8;
    %jmp/0xz  T_15.0, 8;
    %pushi/vec4 0, 0, 21;
    %assign/vec4 v0x7f7808b2f1e0_0, 0;
    %jmp T_15.1;
T_15.0 ;
    %load/vec4 v0x7f7808b31190_0;
    %flag_set/vec4 8;
    %jmp/0xz  T_15.2, 8;
    %load/vec4 v0x7f7808b2f5e0_0;
    %assign/vec4 v0x7f7808b2f1e0_0, 0;
T_15.2 ;
T_15.1 ;
    %end;
    .scope S_0x7f7808a15ed0;
t_26 %join;
    %jmp T_15;
    .thread T_15;
    .scope S_0x7f7808a15ed0;
T_16 ;
    %wait E_0x7f7808a04a40;
    %load/vec4 v0x7f7808b35610_0;
    %dup/vec4;
    %pushi/vec4 0, 0, 64;
    %cmp/u;
    %jmp/1 T_16.0, 6;
    %load/vec4 v0x7f7808b2f740_0;
    %store/vec4 v0x7f7808b2f690_0, 0, 21;
    %jmp T_16.2;
T_16.0 ;
    %pushi/vec4 0, 0, 21;
    %store/vec4 v0x7f7808b2f690_0, 0, 21;
    %jmp T_16.2;
T_16.2 ;
    %pop/vec4 1;
    %jmp T_16;
    .thread T_16, $push;
    .scope S_0x7f7808a15ed0;
T_17 ;
    %wait E_0x7f7808a0f600;
    %fork t_29, S_0x7f7808a16530;
    %jmp t_28;
    .scope S_0x7f7808a16530;
t_29 ;
    %load/vec4 v0x7f7808b34740_0;
    %flag_set/vec4 8;
    %jmp/0xz  T_17.0, 8;
    %pushi/vec4 0, 0, 1;
    %assign/vec4 v0x7f7808b2f290_0, 0;
    %jmp T_17.1;
T_17.0 ;
    %load/vec4 v0x7f7808b31190_0;
    %flag_set/vec4 8;
    %jmp/0xz  T_17.2, 8;
    %load/vec4 v0x7f7808b2f7f0_0;
    %assign/vec4 v0x7f7808b2f290_0, 0;
T_17.2 ;
T_17.1 ;
    %end;
    .scope S_0x7f7808a15ed0;
t_28 %join;
    %jmp T_17;
    .thread T_17;
    .scope S_0x7f7808a15ed0;
T_18 ;
    %wait E_0x7f7808a051f0;
    %load/vec4 v0x7f7808b35610_0;
    %dup/vec4;
    %pushi/vec4 0, 0, 64;
    %cmp/u;
    %jmp/1 T_18.0, 6;
    %pushi/vec4 1, 0, 1;
    %store/vec4 v0x7f7808b2f890_0, 0, 1;
    %jmp T_18.2;
T_18.0 ;
    %pushi/vec4 0, 0, 1;
    %store/vec4 v0x7f7808b2f890_0, 0, 1;
    %jmp T_18.2;
T_18.2 ;
    %pop/vec4 1;
    %jmp T_18;
    .thread T_18, $push;
    .scope S_0x7f7808a15ed0;
T_19 ;
    %wait E_0x7f7808a0f600;
    %fork t_31, S_0x7f7808a166a0;
    %jmp t_30;
    .scope S_0x7f7808a166a0;
t_31 ;
    %load/vec4 v0x7f7808b34740_0;
    %flag_set/vec4 8;
    %jmp/0xz  T_19.0, 8;
    %pushi/vec4 0, 0, 1;
    %assign/vec4 v0x7f7808b2f330_0, 0;
    %jmp T_19.1;
T_19.0 ;
    %load/vec4 v0x7f7808b31190_0;
    %flag_set/vec4 8;
    %jmp/0xz  T_19.2, 8;
    %load/vec4 v0x7f7808b2f930_0;
    %assign/vec4 v0x7f7808b2f330_0, 0;
T_19.2 ;
T_19.1 ;
    %end;
    .scope S_0x7f7808a15ed0;
t_30 %join;
    %jmp T_19;
    .thread T_19;
    .scope S_0x7f7808a15ed0;
T_20 ;
    %wait E_0x7f7808a0f600;
    %fork t_33, S_0x7f7808a163c0;
    %jmp t_32;
    .scope S_0x7f7808a163c0;
t_33 ;
    %load/vec4 v0x7f7808b34740_0;
    %flag_set/vec4 8;
    %jmp/0xz  T_20.0, 8;
    %pushi/vec4 0, 0, 126;
    %assign/vec4 v0x7f7808b2f130_0, 0;
    %jmp T_20.1;
T_20.0 ;
    %load/vec4 v0x7f7808b31190_0;
    %flag_set/vec4 8;
    %jmp/0xz  T_20.2, 8;
    %load/vec4 v0x7f7808b2f3d0_0;
    %assign/vec4 v0x7f7808b2f130_0, 0;
T_20.2 ;
T_20.1 ;
    %end;
    .scope S_0x7f7808a15ed0;
t_32 %join;
    %jmp T_20;
    .thread T_20;
    .scope S_0x7f7808a15ed0;
T_21 ;
    %wait E_0x7f7808a0f600;
    %fork t_35, S_0x7f7808a16980;
    %jmp t_34;
    .scope S_0x7f7808a16980;
t_35 ;
    %load/vec4 v0x7f7808b34740_0;
    %flag_set/vec4 8;
    %jmp/0xz  T_21.0, 8;
    %pushi/vec4 0, 0, 64;
    %assign/vec4 v0x7f7808b31030_0, 0;
    %jmp T_21.1;
T_21.0 ;
    %load/vec4 v0x7f7808b31190_0;
    %flag_set/vec4 8;
    %jmp/0xz  T_21.2, 8;
    %load/vec4 v0x7f7808b2f9d0_0;
    %assign/vec4 v0x7f7808b31030_0, 0;
T_21.2 ;
T_21.1 ;
    %end;
    .scope S_0x7f7808a15ed0;
t_34 %join;
    %jmp T_21;
    .thread T_21;
    .scope S_0x7f7808a15ed0;
T_22 ;
    %wait E_0x7f7808a06070;
    %load/vec4 v0x7f7808b35610_0;
    %dup/vec4;
    %pushi/vec4 0, 0, 64;
    %cmp/u;
    %jmp/1 T_22.0, 6;
    %load/vec4 v0x7f7808b31030_0;
    %store/vec4 v0x7f7808b2fb30_0, 0, 64;
    %jmp T_22.2;
T_22.0 ;
    %pushi/vec4 1, 0, 64;
    %store/vec4 v0x7f7808b2fb30_0, 0, 64;
    %jmp T_22.2;
T_22.2 ;
    %pop/vec4 1;
    %jmp T_22;
    .thread T_22, $push;
    .scope S_0x7f7808a15ed0;
T_23 ;
    %wait E_0x7f7808a05550;
    %load/vec4 v0x7f7808b35610_0;
    %dup/vec4;
    %pushi/vec4 0, 0, 64;
    %cmp/u;
    %jmp/1 T_23.0, 6;
    %load/vec4 v0x7f7808b2fdf0_0;
    %store/vec4 v0x7f7808b2fd40_0, 0, 64;
    %jmp T_23.2;
T_23.0 ;
    %pushi/vec4 0, 0, 64;
    %store/vec4 v0x7f7808b2fd40_0, 0, 64;
    %jmp T_23.2;
T_23.2 ;
    %pop/vec4 1;
    %jmp T_23;
    .thread T_23, $push;
    .scope S_0x7f7808a04360;
T_24 ;
    %delay 10000000, 0;
    %load/vec4 v0x7f7808b35950_0;
    %inv;
    %store/vec4 v0x7f7808b35950_0, 0, 1;
    %jmp T_24;
    .thread T_24;
    .scope S_0x7f7808a04360;
T_25 ;
    %pushi/vec4 0, 0, 1;
    %store/vec4 v0x7f7808b35950_0, 0, 1;
    %pushi/vec4 0, 0, 1;
    %store/vec4 v0x7f7808b36bc0_0, 0, 1;
    %pushi/vec4 1, 0, 1;
    %store/vec4 v0x7f7808b35a10_0, 0, 1;
    %pushi/vec4 0, 0, 8;
    %store/vec4 v0x7f7808b35aa0_0, 0, 8;
    %pushi/vec4 0, 0, 8;
    %store/vec4 v0x7f7808b35b30_0, 0, 8;
    %pushi/vec4 0, 0, 1;
    %store/vec4 v0x7f7808b35df0_0, 0, 1;
    %pushi/vec4 0, 0, 1;
    %store/vec4 v0x7f7808b35ea0_0, 0, 1;
    %vpi_call 2 61 "$printtimescale", S_0x7f7808a04360 {0 0 0};
    %vpi_call 2 62 "$dumpvars", 32'sb00000000000000000000000000000000, S_0x7f7808a04360 {0 0 0};
    %delay 100000000, 0;
    %pushi/vec4 1, 0, 8;
    %store/vec4 v0x7f7808b35aa0_0, 0, 8;
    %pushi/vec4 1, 0, 8;
    %store/vec4 v0x7f7808b35b30_0, 0, 8;
    %pushi/vec4 1, 0, 1;
    %store/vec4 v0x7f7808b35df0_0, 0, 1;
    %pushi/vec4 1, 0, 1;
    %store/vec4 v0x7f7808b35ea0_0, 0, 1;
    %delay 20000000, 0;
    %pushi/vec4 0, 0, 1;
    %store/vec4 v0x7f7808b35df0_0, 0, 1;
    %pushi/vec4 0, 0, 1;
    %store/vec4 v0x7f7808b35ea0_0, 0, 1;
    %delay 1410065408, 2;
    %pushi/vec4 2, 0, 8;
    %store/vec4 v0x7f7808b35b30_0, 0, 8;
    %pushi/vec4 0, 0, 1;
    %store/vec4 v0x7f7808b35df0_0, 0, 1;
    %pushi/vec4 1, 0, 1;
    %store/vec4 v0x7f7808b35ea0_0, 0, 1;
    %delay 20000000, 0;
    %pushi/vec4 0, 0, 1;
    %store/vec4 v0x7f7808b35df0_0, 0, 1;
    %pushi/vec4 0, 0, 1;
    %store/vec4 v0x7f7808b35ea0_0, 0, 1;
    %delay 1410065408, 2;
    %pushi/vec4 3, 0, 8;
    %store/vec4 v0x7f7808b35aa0_0, 0, 8;
    %pushi/vec4 3, 0, 8;
    %store/vec4 v0x7f7808b35b30_0, 0, 8;
    %pushi/vec4 1, 0, 1;
    %store/vec4 v0x7f7808b35df0_0, 0, 1;
    %pushi/vec4 1, 0, 1;
    %store/vec4 v0x7f7808b35ea0_0, 0, 1;
    %delay 20000000, 0;
    %pushi/vec4 0, 0, 1;
    %store/vec4 v0x7f7808b35df0_0, 0, 1;
    %pushi/vec4 0, 0, 1;
    %store/vec4 v0x7f7808b35ea0_0, 0, 1;
    %delay 2820130816, 4;
    %pushi/vec4 4, 0, 8;
    %store/vec4 v0x7f7808b35aa0_0, 0, 8;
    %pushi/vec4 4, 0, 8;
    %store/vec4 v0x7f7808b35b30_0, 0, 8;
    %pushi/vec4 1, 0, 1;
    %store/vec4 v0x7f7808b35df0_0, 0, 1;
    %pushi/vec4 1, 0, 1;
    %store/vec4 v0x7f7808b35ea0_0, 0, 1;
    %delay 20000000, 0;
    %pushi/vec4 0, 0, 1;
    %store/vec4 v0x7f7808b35df0_0, 0, 1;
    %pushi/vec4 0, 0, 1;
    %store/vec4 v0x7f7808b35ea0_0, 0, 1;
    %delay 1410065408, 2;
    %pushi/vec4 5, 0, 8;
    %store/vec4 v0x7f7808b35aa0_0, 0, 8;
    %pushi/vec4 1, 0, 1;
    %store/vec4 v0x7f7808b35df0_0, 0, 1;
    %pushi/vec4 0, 0, 1;
    %store/vec4 v0x7f7808b35ea0_0, 0, 1;
    %delay 20000000, 0;
    %pushi/vec4 0, 0, 1;
    %store/vec4 v0x7f7808b35df0_0, 0, 1;
    %pushi/vec4 0, 0, 1;
    %store/vec4 v0x7f7808b35ea0_0, 0, 1;
    %delay 1410065408, 2;
    %pushi/vec4 6, 0, 8;
    %store/vec4 v0x7f7808b35aa0_0, 0, 8;
    %pushi/vec4 6, 0, 8;
    %store/vec4 v0x7f7808b35b30_0, 0, 8;
    %pushi/vec4 1, 0, 1;
    %store/vec4 v0x7f7808b35df0_0, 0, 1;
    %pushi/vec4 1, 0, 1;
    %store/vec4 v0x7f7808b35ea0_0, 0, 1;
    %delay 20000000, 0;
    %pushi/vec4 0, 0, 1;
    %store/vec4 v0x7f7808b35df0_0, 0, 1;
    %pushi/vec4 0, 0, 1;
    %store/vec4 v0x7f7808b35ea0_0, 0, 1;
    %delay 1410065408, 2;
    %pushi/vec4 7, 0, 8;
    %store/vec4 v0x7f7808b35aa0_0, 0, 8;
    %pushi/vec4 7, 0, 8;
    %store/vec4 v0x7f7808b35b30_0, 0, 8;
    %pushi/vec4 1, 0, 1;
    %store/vec4 v0x7f7808b35df0_0, 0, 1;
    %pushi/vec4 1, 0, 1;
    %store/vec4 v0x7f7808b35ea0_0, 0, 1;
    %delay 20000000, 0;
    %pushi/vec4 0, 0, 1;
    %store/vec4 v0x7f7808b35df0_0, 0, 1;
    %pushi/vec4 0, 0, 1;
    %store/vec4 v0x7f7808b35ea0_0, 0, 1;
    %delay 120000000, 0;
    %vpi_call 2 126 "$finish" {0 0 0};
    %end;
    .thread T_25;
# The file index is used to find the file name in the following table.
:file_names 4;
    "N/A";
    "<interactive>";
    "testbench.v";
    "./verilog/CycleComplexLoop.topEntity/topEntity.v";
