#! /usr/local/Cellar/icarus-verilog/12.0/bin/vvp
:ivl_version "12.0 (stable)";
:ivl_delay_selection "TYPICAL";
:vpi_time_precision - 13;
:vpi_module "/usr/local/Cellar/icarus-verilog/12.0/lib/ivl/system.vpi";
:vpi_module "/usr/local/Cellar/icarus-verilog/12.0/lib/ivl/vhdl_sys.vpi";
:vpi_module "/usr/local/Cellar/icarus-verilog/12.0/lib/ivl/vhdl_textio.vpi";
:vpi_module "/usr/local/Cellar/icarus-verilog/12.0/lib/ivl/v2005_math.vpi";
:vpi_module "/usr/local/Cellar/icarus-verilog/12.0/lib/ivl/va_math.vpi";
S_0x7fc56b74fc50 .scope module, "testbench" "testbench" 2 2;
 .timescale -6 -9;
v0x7fc56b766750_0 .var "clk", 0 0;
v0x7fc56b74fdc0_0 .var "en", 0 0;
v0x7fc56b7667e0_0 .var/s "input_x", 63 0;
v0x7fc56b766870_0 .var "new_input", 0 0;
v0x7fc56b766920_0 .net/s "output_a", 63 0, L_0x7fc56b76dcb0;  1 drivers
v0x7fc56b7669f0_0 .net "output_a_aktv", 0 0, L_0x7fc56b76d850;  1 drivers
v0x7fc56b766aa0_0 .net/s "output_b", 63 0, L_0x7fc56b76d8f0;  1 drivers
v0x7fc56b766b50_0 .net "output_b_aktv", 0 0, L_0x7fc56b76da10;  1 drivers
v0x7fc56b766c00_0 .net/s "output_c", 63 0, L_0x7fc56b76e070;  1 drivers
v0x7fc56b766d30_0 .net "output_c_aktv", 0 0, L_0x7fc56b76dd90;  1 drivers
v0x7fc56b766dc0_0 .net/s "output_d", 63 0, L_0x7fc56b76de70;  1 drivers
v0x7fc56b766e50_0 .net "output_d_aktv", 0 0, L_0x7fc56b76df90;  1 drivers
v0x7fc56b766f00_0 .net/s "output_e", 63 0, L_0x7fc56b76e490;  1 drivers
v0x7fc56b766fb0_0 .net "output_e_aktv", 0 0, L_0x7fc56b76e190;  1 drivers
v0x7fc56b767060_0 .net/s "output_f", 63 0, L_0x7fc56b76e270;  1 drivers
v0x7fc56b767110_0 .net "output_f_aktv", 0 0, L_0x7fc56b76e390;  1 drivers
v0x7fc56b7671c0_0 .net/s "output_g", 63 0, L_0x7fc56b76e890;  1 drivers
v0x7fc56b767370_0 .net "output_g_aktv", 0 0, L_0x7fc56b76e570;  1 drivers
v0x7fc56b767400_0 .net "pipeline_ready", 0 0, L_0x7fc56b76e650;  1 drivers
v0x7fc56b767490_0 .var "rst", 0 0;
v0x7fc56b767520_0 .net "start_new_pipeline", 0 0, L_0x7fc56b76e730;  1 drivers
S_0x7fc56b73ea50 .scope module, "monitor" "topEntity" 2 28, 3 6 0, S_0x7fc56b74fc50;
 .timescale -13 -13;
    .port_info 0 /INPUT 1 "clk";
    .port_info 1 /INPUT 1 "rst";
    .port_info 2 /INPUT 1 "en";
    .port_info 3 /INPUT 64 "input0_0";
    .port_info 4 /INPUT 1 "input0_1";
    .port_info 5 /OUTPUT 64 "result_0_0_0";
    .port_info 6 /OUTPUT 1 "result_0_0_1";
    .port_info 7 /OUTPUT 64 "result_0_1_0";
    .port_info 8 /OUTPUT 1 "result_0_1_1";
    .port_info 9 /OUTPUT 64 "result_0_2_0";
    .port_info 10 /OUTPUT 1 "result_0_2_1";
    .port_info 11 /OUTPUT 64 "result_0_3_0";
    .port_info 12 /OUTPUT 1 "result_0_3_1";
    .port_info 13 /OUTPUT 64 "result_0_4_0";
    .port_info 14 /OUTPUT 1 "result_0_4_1";
    .port_info 15 /OUTPUT 64 "result_0_5_0";
    .port_info 16 /OUTPUT 1 "result_0_5_1";
    .port_info 17 /OUTPUT 64 "result_0_6_0";
    .port_info 18 /OUTPUT 1 "result_0_6_1";
    .port_info 19 /OUTPUT 1 "result_1_0";
    .port_info 20 /OUTPUT 1 "result_1_1";
L_0x7fc56b768240 .functor NOT 1, L_0x7fc56b76b660, C4<0>, C4<0>, C4<0>;
L_0x7fc56b768560 .functor AND 1, L_0x7fc56b76af70, L_0x7fc56b768240, C4<1>, C4<1>;
L_0x7fc56b769a70 .functor BUFZ 64, v0x7fc56b7637f0_0, C4<0000000000000000000000000000000000000000000000000000000000000000>, C4<0000000000000000000000000000000000000000000000000000000000000000>, C4<0000000000000000000000000000000000000000000000000000000000000000>;
L_0x7fc56b769d80 .functor BUFZ 64, v0x7fc56b7638a0_0, C4<0000000000000000000000000000000000000000000000000000000000000000>, C4<0000000000000000000000000000000000000000000000000000000000000000>, C4<0000000000000000000000000000000000000000000000000000000000000000>;
L_0x7fc56b76a0a0 .functor BUFZ 64, v0x7fc56b763950_0, C4<0000000000000000000000000000000000000000000000000000000000000000>, C4<0000000000000000000000000000000000000000000000000000000000000000>, C4<0000000000000000000000000000000000000000000000000000000000000000>;
L_0x7fc56b76a390 .functor BUFZ 64, v0x7fc56b763a00_0, C4<0000000000000000000000000000000000000000000000000000000000000000>, C4<0000000000000000000000000000000000000000000000000000000000000000>, C4<0000000000000000000000000000000000000000000000000000000000000000>;
L_0x7fc56b76a710 .functor BUFZ 64, v0x7fc56b763ab0_0, C4<0000000000000000000000000000000000000000000000000000000000000000>, C4<0000000000000000000000000000000000000000000000000000000000000000>, C4<0000000000000000000000000000000000000000000000000000000000000000>;
L_0x7fc56b76aa70 .functor BUFZ 64, v0x7fc56b763b60_0, C4<0000000000000000000000000000000000000000000000000000000000000000>, C4<0000000000000000000000000000000000000000000000000000000000000000>, C4<0000000000000000000000000000000000000000000000000000000000000000>;
L_0x7fc56b76a920 .functor BUFZ 64, v0x7fc56b763a00_0, C4<0000000000000000000000000000000000000000000000000000000000000000>, C4<0000000000000000000000000000000000000000000000000000000000000000>, C4<0000000000000000000000000000000000000000000000000000000000000000>;
L_0x7fc56b76b530 .functor BUFZ 64, v0x7fc56b765b40_0, C4<0000000000000000000000000000000000000000000000000000000000000000>, C4<0000000000000000000000000000000000000000000000000000000000000000>, C4<0000000000000000000000000000000000000000000000000000000000000000>;
L_0x7fc56b76b2c0 .functor AND 1, L_0x7fc56b76af70, L_0x7fc56b76b780, C4<1>, C4<1>;
L_0x7fc56b76b8c0 .functor BUFZ 66, L_0x7fc56b76b820, C4<000000000000000000000000000000000000000000000000000000000000000000>, C4<000000000000000000000000000000000000000000000000000000000000000000>, C4<000000000000000000000000000000000000000000000000000000000000000000>;
L_0x7fc56b76cd20 .functor BUFZ 64, v0x7fc56b763350_0, C4<0000000000000000000000000000000000000000000000000000000000000000>, C4<0000000000000000000000000000000000000000000000000000000000000000>, C4<0000000000000000000000000000000000000000000000000000000000000000>;
L_0x7fc56c3731b8 .functor BUFT 1, C4<0000000000000000000000000000000000000000000000000000000000000000>, C4<0>, C4<0>, C4<0>;
v0x7fc56b7123a0_0 .net/2s *"_ivl_106", 63 0, L_0x7fc56c3731b8;  1 drivers
L_0x7fc56c373200 .functor BUFT 1, C4<0000000000000000000000000000000000000000000000000000000000000010>, C4<0>, C4<0>, C4<0>;
v0x7fc56b760190_0 .net/2s *"_ivl_110", 63 0, L_0x7fc56c373200;  1 drivers
L_0x7fc56c373248 .functor BUFT 1, C4<0000000000000000000000000000000000000000000000000000000000000000>, C4<0>, C4<0>, C4<0>;
v0x7fc56b760230_0 .net/2s *"_ivl_114", 63 0, L_0x7fc56c373248;  1 drivers
L_0x7fc56c373290 .functor BUFT 1, C4<0000000000000000000000000000000000000000000000000000000000000001>, C4<0>, C4<0>, C4<0>;
v0x7fc56b7602e0_0 .net/2s *"_ivl_118", 63 0, L_0x7fc56c373290;  1 drivers
v0x7fc56b760390_0 .net/s *"_ivl_120", 63 0, L_0x7fc56b76b050;  1 drivers
L_0x7fc56c3732d8 .functor BUFT 1, C4<1>, C4<0>, C4<0>, C4<0>;
v0x7fc56b760480_0 .net/2u *"_ivl_126", 0 0, L_0x7fc56c3732d8;  1 drivers
L_0x7fc56c373320 .functor BUFT 1, C4<0>, C4<0>, C4<0>, C4<0>;
v0x7fc56b760530_0 .net/2u *"_ivl_128", 0 0, L_0x7fc56c373320;  1 drivers
v0x7fc56b7605e0_0 .net *"_ivl_133", 0 0, L_0x7fc56b76b780;  1 drivers
L_0x7fc56c373368 .functor BUFT 1, C4<000000000000000000000000000000000000000000000000000000000000000000>, C4<0>, C4<0>, C4<0>;
v0x7fc56b760690_0 .net/2u *"_ivl_138", 65 0, L_0x7fc56c373368;  1 drivers
v0x7fc56b7607a0_0 .net *"_ivl_142", 65 0, L_0x7fc56b76b820;  1 drivers
L_0x7fc56c3733b0 .functor BUFT 1, C4<0>, C4<0>, C4<0>, C4<0>;
v0x7fc56b760850_0 .net/2u *"_ivl_146", 0 0, L_0x7fc56c3733b0;  1 drivers
L_0x7fc56c3733f8 .functor BUFT 1, C4<0>, C4<0>, C4<0>, C4<0>;
v0x7fc56b760900_0 .net/2u *"_ivl_150", 0 0, L_0x7fc56c3733f8;  1 drivers
v0x7fc56b7609b0_0 .net *"_ivl_159", 1319 0, L_0x7fc56b76bcc0;  1 drivers
L_0x7fc56c373440 .functor BUFT 1, C4<0000000000000000000000000000000000000000000000000000000000000001>, C4<0>, C4<0>, C4<0>;
v0x7fc56b760a60_0 .net/2s *"_ivl_168", 63 0, L_0x7fc56c373440;  1 drivers
v0x7fc56b760b10_0 .net/s *"_ivl_170", 63 0, L_0x7fc56b76c670;  1 drivers
L_0x7fc56c373488 .functor BUFT 1, C4<0000000000000000000000000000000000000000000000000000000000010100>, C4<0>, C4<0>, C4<0>;
v0x7fc56b760bc0_0 .net/2s *"_ivl_174", 63 0, L_0x7fc56c373488;  1 drivers
v0x7fc56b760c70_0 .net *"_ivl_176", 0 0, L_0x7fc56b76c5d0;  1 drivers
L_0x7fc56c3734d0 .functor BUFT 1, C4<0000000000000000000000000000000000000000000000000000000000000001>, C4<0>, C4<0>, C4<0>;
v0x7fc56b760e00_0 .net/2s *"_ivl_178", 63 0, L_0x7fc56c3734d0;  1 drivers
L_0x7fc56c373518 .functor BUFT 1, C4<0000000000000000000000000000000000000000000000000000000000000000>, C4<0>, C4<0>, C4<0>;
v0x7fc56b760e90_0 .net/2s *"_ivl_180", 63 0, L_0x7fc56c373518;  1 drivers
L_0x7fc56c373560 .functor BUFT 1, C4<0000000000000000000000000000000000000000000000000000000000000001>, C4<0>, C4<0>, C4<0>;
v0x7fc56b760f30_0 .net/2s *"_ivl_192", 63 0, L_0x7fc56c373560;  1 drivers
v0x7fc56b760fe0_0 .net *"_ivl_197", 454 0, L_0x7fc56b76cea0;  1 drivers
v0x7fc56b761090_0 .net *"_ivl_199", 1 0, L_0x7fc56b76cf40;  1 drivers
v0x7fc56b761140_0 .net *"_ivl_22", 0 0, L_0x7fc56b768240;  1 drivers
v0x7fc56b7611f0_0 .net *"_ivl_24", 0 0, L_0x7fc56b768560;  1 drivers
v0x7fc56b7612a0_0 .net *"_ivl_26", 64 0, L_0x7fc56b7689c0;  1 drivers
v0x7fc56b761350_0 .net *"_ivl_28", 64 0, L_0x7fc56b768a60;  1 drivers
v0x7fc56b761400_0 .net *"_ivl_30", 64 0, L_0x7fc56b768c40;  1 drivers
v0x7fc56b7614b0_0 .net *"_ivl_32", 64 0, L_0x7fc56b768d20;  1 drivers
v0x7fc56b761560_0 .net *"_ivl_34", 64 0, L_0x7fc56b768ed0;  1 drivers
v0x7fc56b761610_0 .net *"_ivl_36", 64 0, L_0x7fc56b768f90;  1 drivers
v0x7fc56b7616c0_0 .net *"_ivl_38", 64 0, L_0x7fc56b769110;  1 drivers
v0x7fc56b761770_0 .net *"_ivl_40", 454 0, L_0x7fc56b7691f0;  1 drivers
v0x7fc56b761820_0 .net *"_ivl_42", 455 0, L_0x7fc56b769540;  1 drivers
v0x7fc56b760d20_0 .net *"_ivl_44", 1 0, L_0x7fc56b7695e0;  1 drivers
L_0x7fc56c373008 .functor BUFT 1, C4<0000000000000000000000000000000000000000000000000000000000000001>, C4<0>, C4<0>, C4<0>;
v0x7fc56b761ab0_0 .net/2s *"_ivl_48", 63 0, L_0x7fc56c373008;  1 drivers
v0x7fc56b761b40_0 .net/s *"_ivl_50", 63 0, L_0x7fc56b769820;  1 drivers
L_0x7fc56c373050 .functor BUFT 1, C4<0000000000000000000000000000000000000000000000000000000000000001>, C4<0>, C4<0>, C4<0>;
v0x7fc56b761be0_0 .net/2s *"_ivl_56", 63 0, L_0x7fc56c373050;  1 drivers
v0x7fc56b761c90_0 .net/s *"_ivl_58", 63 0, L_0x7fc56b769b60;  1 drivers
L_0x7fc56c373098 .functor BUFT 1, C4<0000000000000000000000000000000000000000000000000000000000000001>, C4<0>, C4<0>, C4<0>;
v0x7fc56b761d40_0 .net/2s *"_ivl_64", 63 0, L_0x7fc56c373098;  1 drivers
v0x7fc56b761df0_0 .net/s *"_ivl_66", 63 0, L_0x7fc56b769e70;  1 drivers
L_0x7fc56c3730e0 .functor BUFT 1, C4<0000000000000000000000000000000000000000000000000000000000000001>, C4<0>, C4<0>, C4<0>;
v0x7fc56b761ea0_0 .net/2s *"_ivl_72", 63 0, L_0x7fc56c3730e0;  1 drivers
v0x7fc56b761f50_0 .net/s *"_ivl_74", 63 0, L_0x7fc56b76a150;  1 drivers
L_0x7fc56c373128 .functor BUFT 1, C4<0000000000000000000000000000000000000000000000000000000000000001>, C4<0>, C4<0>, C4<0>;
v0x7fc56b762000_0 .net/2s *"_ivl_80", 63 0, L_0x7fc56c373128;  1 drivers
v0x7fc56b7620b0_0 .net/s *"_ivl_82", 63 0, L_0x7fc56b76a4c0;  1 drivers
v0x7fc56b762160_0 .net/s *"_ivl_88", 63 0, L_0x7fc56b76a800;  1 drivers
L_0x7fc56c373170 .functor BUFT 1, C4<0000000000000000000000000000000000000000000000000000000000000001>, C4<0>, C4<0>, C4<0>;
v0x7fc56b762210_0 .net/2s *"_ivl_96", 63 0, L_0x7fc56c373170;  1 drivers
v0x7fc56b7622c0_0 .net/s *"_ivl_98", 63 0, L_0x7fc56b76ab60;  1 drivers
v0x7fc56b762370_0 .var "aktvOutF", 0 0;
v0x7fc56b762410_0 .net "b", 0 0, L_0x7fc56b76b1e0;  1 drivers
v0x7fc56b7624b0_0 .net "b_0", 0 0, L_0x7fc56b76b2c0;  1 drivers
v0x7fc56b762550_0 .var "buffer", 1319 0;
v0x7fc56b762600_0 .var "c$app_arg", 0 0;
v0x7fc56b7626a0_0 .var "c$app_arg_0", 65 0;
v0x7fc56b762750_0 .var "c$app_arg_1", 0 0;
v0x7fc56b7627f0_0 .var "c$app_arg_2", 0 0;
v0x7fc56b762890_0 .net "c$buffer_case_alt", 1319 0, L_0x7fc56b76bee0;  1 drivers
v0x7fc56b762940_0 .net "c$buffer_case_alt_0", 1319 0, L_0x7fc56b76bf80;  1 drivers
v0x7fc56b7629f0_0 .net "c$buffer_case_alt_sel_alt_t_1", 1385 0, L_0x7fc56b76bbe0;  1 drivers
v0x7fc56b762aa0_0 .net "c$case_alt", 65 0, L_0x7fc56b76bb00;  1 drivers
v0x7fc56b762b50_0 .var "c$case_alt_0", 65 0;
v0x7fc56b762c00_0 .net "c$case_alt_1", 65 0, L_0x7fc56b76b8c0;  1 drivers
v0x7fc56b762cb0_0 .net "c$case_alt_2", 0 0, L_0x7fc56b76b930;  1 drivers
v0x7fc56b762d50_0 .var "c$case_alt_3", 0 0;
v0x7fc56b762df0_0 .net "c$case_alt_4", 0 0, L_0x7fc56b76be00;  1 drivers
v0x7fc56b762e90_0 .net/s "c$cursor_case_alt", 63 0, L_0x7fc56b76c1b0;  1 drivers
v0x7fc56b7618d0_0 .net/s "c$cursor_case_alt_0", 63 0, L_0x7fc56b76c2d0;  1 drivers
v0x7fc56b761980_0 .var/s "c$cursor_case_alt_1", 63 0;
v0x7fc56b762f20_0 .net/s "c$cursor_case_alt_2", 63 0, L_0x7fc56b76c770;  1 drivers
v0x7fc56b762fb0_0 .net/s "c$cursor_case_alt_3", 63 0, L_0x7fc56b76ce00;  1 drivers
v0x7fc56b763040_0 .var/s "c$cursor_case_alt_4", 63 0;
v0x7fc56b7630d0_0 .net/s "c$cursor_case_alt_5", 63 0, L_0x7fc56b76cc00;  1 drivers
v0x7fc56b763160_0 .net "c$cursor_case_scrut", 0 0, L_0x7fc56b76c8d0;  1 drivers
v0x7fc56b763200_0 .net/s "c$tte_rhs", 63 0, L_0x7fc56b76ca40;  1 drivers
v0x7fc56b7632b0_0 .net "clk", 0 0, v0x7fc56b766750_0;  1 drivers
v0x7fc56b763350_0 .var/s "cursor", 63 0;
v0x7fc56b763400_0 .net "en", 0 0, v0x7fc56b74fdc0_0;  1 drivers
v0x7fc56b7634a0_0 .net "input0", 64 0, L_0x7fc56b768870;  1 drivers
v0x7fc56b763550_0 .net/s "input0_0", 63 0, v0x7fc56b7667e0_0;  1 drivers
v0x7fc56b763600_0 .net "input0_1", 0 0, v0x7fc56b766870_0;  1 drivers
v0x7fc56b7636a0_0 .net "newX", 0 0, L_0x7fc56b76d480;  1 drivers
v0x7fc56b763740_0 .var/s "out", 63 0;
v0x7fc56b7637f0_0 .var/s "out_0", 63 0;
v0x7fc56b7638a0_0 .var/s "out_1", 63 0;
v0x7fc56b763950_0 .var/s "out_2", 63 0;
v0x7fc56b763a00_0 .var/s "out_3", 63 0;
v0x7fc56b763ab0_0 .var/s "out_4", 63 0;
v0x7fc56b763b60_0 .var/s "out_5", 63 0;
v0x7fc56b763c10_0 .var "pacingB", 0 0;
v0x7fc56b763cb0_0 .var "pacingC", 0 0;
v0x7fc56b763d50_0 .var "pacingE", 0 0;
v0x7fc56b763df0_0 .var "pacingF", 0 0;
v0x7fc56b763e90_0 .net "pacings", 0 0, L_0x7fc56b76aed0;  1 drivers
v0x7fc56b763f30_0 .net "pop", 0 0, L_0x7fc56b76cb60;  1 drivers
v0x7fc56b763fd0_0 .net "qData", 65 0, L_0x7fc56b76c3b0;  1 drivers
v0x7fc56b764080_0 .net "result", 456 0, L_0x7fc56b76d3e0;  1 drivers
v0x7fc56b764130_0 .net "result_0", 454 0, L_0x7fc56b76d170;  1 drivers
v0x7fc56b7641e0_0 .net "result_0_0", 64 0, L_0x7fc56b76d2b0;  1 drivers
v0x7fc56b764290_0 .net/s "result_0_0_0", 63 0, L_0x7fc56b76dcb0;  alias, 1 drivers
v0x7fc56b764340_0 .net "result_0_0_1", 0 0, L_0x7fc56b76d850;  alias, 1 drivers
v0x7fc56b7643e0_0 .net "result_0_1", 64 0, L_0x7fc56b76d7b0;  1 drivers
v0x7fc56b764490_0 .net/s "result_0_1_0", 63 0, L_0x7fc56b76d8f0;  alias, 1 drivers
v0x7fc56b764540_0 .net "result_0_1_1", 0 0, L_0x7fc56b76da10;  alias, 1 drivers
v0x7fc56b7645e0_0 .net "result_0_2", 64 0, L_0x7fc56b76d520;  1 drivers
v0x7fc56b764690_0 .net/s "result_0_2_0", 63 0, L_0x7fc56b76e070;  alias, 1 drivers
v0x7fc56b764740_0 .net "result_0_2_1", 0 0, L_0x7fc56b76dd90;  alias, 1 drivers
v0x7fc56b7647e0_0 .net "result_0_3", 64 0, L_0x7fc56b76d5c0;  1 drivers
v0x7fc56b764890_0 .net/s "result_0_3_0", 63 0, L_0x7fc56b76de70;  alias, 1 drivers
v0x7fc56b764940_0 .net "result_0_3_1", 0 0, L_0x7fc56b76df90;  alias, 1 drivers
v0x7fc56b7649e0_0 .net "result_0_4", 64 0, L_0x7fc56b76d660;  1 drivers
v0x7fc56b764a90_0 .net/s "result_0_4_0", 63 0, L_0x7fc56b76e490;  alias, 1 drivers
v0x7fc56b764b40_0 .net "result_0_4_1", 0 0, L_0x7fc56b76e190;  alias, 1 drivers
v0x7fc56b764be0_0 .net "result_0_5", 64 0, L_0x7fc56b76d700;  1 drivers
v0x7fc56b764c90_0 .net/s "result_0_5_0", 63 0, L_0x7fc56b76e270;  alias, 1 drivers
v0x7fc56b764d40_0 .net "result_0_5_1", 0 0, L_0x7fc56b76e390;  alias, 1 drivers
v0x7fc56b764de0_0 .net "result_0_6", 64 0, L_0x7fc56b76db10;  1 drivers
v0x7fc56b764e90_0 .net/s "result_0_6_0", 63 0, L_0x7fc56b76e890;  alias, 1 drivers
v0x7fc56b764f40_0 .net "result_0_6_1", 0 0, L_0x7fc56b76e570;  alias, 1 drivers
v0x7fc56b764fe0_0 .net "result_1", 1 0, L_0x7fc56b76d210;  1 drivers
v0x7fc56b765090_0 .net "result_10", 0 0, L_0x7fc56b76af70;  1 drivers
v0x7fc56b765130_0 .net/s "result_11", 63 0, L_0x7fc56b76ad00;  1 drivers
v0x7fc56b7651e0_0 .net/s "result_12", 63 0, L_0x7fc56b76b130;  1 drivers
v0x7fc56b765290_0 .net "result_13", 0 0, L_0x7fc56b76b660;  1 drivers
v0x7fc56b765330_0 .net "result_14", 67 0, L_0x7fc56b76b9e0;  1 drivers
v0x7fc56b7653e0_0 .net "result_1_0", 0 0, L_0x7fc56b76e650;  alias, 1 drivers
v0x7fc56b765480_0 .net "result_1_1", 0 0, L_0x7fc56b76e730;  alias, 1 drivers
v0x7fc56b765520_0 .net "result_2", 457 0, L_0x7fc56b769780;  1 drivers
v0x7fc56b7655d0_0 .net/s "result_3", 63 0, L_0x7fc56b769680;  1 drivers
v0x7fc56b765680_0 .net/s "result_4", 63 0, L_0x7fc56b769900;  1 drivers
v0x7fc56b765730_0 .net/s "result_5", 63 0, L_0x7fc56b769c40;  1 drivers
v0x7fc56b7657e0_0 .net/s "result_6", 63 0, L_0x7fc56b769f50;  1 drivers
v0x7fc56b765890_0 .net/s "result_7", 63 0, L_0x7fc56b76a230;  1 drivers
v0x7fc56b765940_0 .net/s "result_8", 63 0, L_0x7fc56b76a5c0;  1 drivers
v0x7fc56b7659f0_0 .net/s "result_9", 63 0, L_0x7fc56b76ac60;  1 drivers
v0x7fc56b765aa0_0 .net "rst", 0 0, v0x7fc56b767490_0;  1 drivers
v0x7fc56b765b40_0 .var/s "toWait", 63 0;
v0x7fc56b765bf0 .array "vecArray", 19 0;
v0x7fc56b765bf0_0 .net v0x7fc56b765bf0 0, 65 0, L_0x7fc56b7687d0; 1 drivers
v0x7fc56b765bf0_1 .net v0x7fc56b765bf0 1, 65 0, L_0x7fc56b768690; 1 drivers
v0x7fc56b765bf0_2 .net v0x7fc56b765bf0 2, 65 0, L_0x7fc56b7685f0; 1 drivers
v0x7fc56b765bf0_3 .net v0x7fc56b765bf0 3, 65 0, L_0x7fc56b767c10; 1 drivers
v0x7fc56b765bf0_4 .net v0x7fc56b765bf0 4, 65 0, L_0x7fc56b7682c0; 1 drivers
v0x7fc56b765bf0_5 .net v0x7fc56b765bf0 5, 65 0, L_0x7fc56b7681a0; 1 drivers
v0x7fc56b765bf0_6 .net v0x7fc56b765bf0 6, 65 0, L_0x7fc56b768100; 1 drivers
v0x7fc56b765bf0_7 .net v0x7fc56b765bf0 7, 65 0, L_0x7fc56b767ff0; 1 drivers
v0x7fc56b765bf0_8 .net v0x7fc56b765bf0 8, 65 0, L_0x7fc56b767f50; 1 drivers
v0x7fc56b765bf0_9 .net v0x7fc56b765bf0 9, 65 0, L_0x7fc56b767e50; 1 drivers
v0x7fc56b765bf0_10 .net v0x7fc56b765bf0 10, 65 0, L_0x7fc56b767db0; 1 drivers
v0x7fc56b765bf0_11 .net v0x7fc56b765bf0 11, 65 0, L_0x7fc56b767d10; 1 drivers
v0x7fc56b765bf0_12 .net v0x7fc56b765bf0 12, 65 0, L_0x7fc56b767b70; 1 drivers
v0x7fc56b765bf0_13 .net v0x7fc56b765bf0 13, 65 0, L_0x7fc56b767ab0; 1 drivers
v0x7fc56b765bf0_14 .net v0x7fc56b765bf0 14, 65 0, L_0x7fc56b767a10; 1 drivers
v0x7fc56b765bf0_15 .net v0x7fc56b765bf0 15, 65 0, L_0x7fc56b767970; 1 drivers
v0x7fc56b765bf0_16 .net v0x7fc56b765bf0 16, 65 0, L_0x7fc56b767830; 1 drivers
v0x7fc56b765bf0_17 .net v0x7fc56b765bf0 17, 65 0, L_0x7fc56b767790; 1 drivers
v0x7fc56b765bf0_18 .net v0x7fc56b765bf0 18, 65 0, L_0x7fc56b767690; 1 drivers
v0x7fc56b765bf0_19 .net v0x7fc56b765bf0 19, 65 0, L_0x7fc56b7675b0; 1 drivers
v0x7fc56b765e70_0 .net/s "x", 63 0, L_0x7fc56b769a70;  1 drivers
v0x7fc56b765f20_0 .net/s "x_0", 63 0, L_0x7fc56b769d80;  1 drivers
v0x7fc56b765fd0_0 .net/s "x_1", 63 0, L_0x7fc56b76a0a0;  1 drivers
v0x7fc56b766080_0 .net/s "x_2", 63 0, L_0x7fc56b76a390;  1 drivers
v0x7fc56b766130_0 .net/s "x_3", 63 0, L_0x7fc56b76a710;  1 drivers
v0x7fc56b7661e0_0 .net/s "x_4", 63 0, L_0x7fc56b76a660;  1 drivers
v0x7fc56b766290_0 .net/s "x_5", 63 0, L_0x7fc56b76a920;  1 drivers
v0x7fc56b766340_0 .net/s "x_6", 63 0, L_0x7fc56b76b530;  1 drivers
v0x7fc56b7663f0_0 .net/s "x_7", 63 0, L_0x7fc56b76cd20;  1 drivers
v0x7fc56b7664a0_0 .net/s "y", 63 0, L_0x7fc56b76aa70;  1 drivers
E_0x7fc56b7397b0 .event anyedge, v0x7fc56b7663f0_0, v0x7fc56b7630d0_0;
E_0x7fc56b71acf0 .event anyedge, v0x7fc56b7663f0_0, v0x7fc56b763350_0;
E_0x7fc56b7062a0 .event posedge, v0x7fc56b765aa0_0, v0x7fc56b7632b0_0;
E_0x7fc56b706aa0 .event anyedge, v0x7fc56b7663f0_0;
E_0x7fc56b70cff0 .event anyedge, v0x7fc56b7663f0_0, v0x7fc56b762c00_0;
E_0x7fc56b70e3d0 .event posedge, v0x7fc56b7632b0_0;
L_0x7fc56b7675b0 .part v0x7fc56b762550_0, 0, 66;
L_0x7fc56b767690 .part v0x7fc56b762550_0, 66, 66;
L_0x7fc56b767790 .part v0x7fc56b762550_0, 132, 66;
L_0x7fc56b767830 .part v0x7fc56b762550_0, 198, 66;
L_0x7fc56b767970 .part v0x7fc56b762550_0, 264, 66;
L_0x7fc56b767a10 .part v0x7fc56b762550_0, 330, 66;
L_0x7fc56b767ab0 .part v0x7fc56b762550_0, 396, 66;
L_0x7fc56b767b70 .part v0x7fc56b762550_0, 462, 66;
L_0x7fc56b767d10 .part v0x7fc56b762550_0, 528, 66;
L_0x7fc56b767db0 .part v0x7fc56b762550_0, 594, 66;
L_0x7fc56b767e50 .part v0x7fc56b762550_0, 660, 66;
L_0x7fc56b767f50 .part v0x7fc56b762550_0, 726, 66;
L_0x7fc56b767ff0 .part v0x7fc56b762550_0, 792, 66;
L_0x7fc56b768100 .part v0x7fc56b762550_0, 858, 66;
L_0x7fc56b7681a0 .part v0x7fc56b762550_0, 924, 66;
L_0x7fc56b7682c0 .part v0x7fc56b762550_0, 990, 66;
L_0x7fc56b767c10 .part v0x7fc56b762550_0, 1056, 66;
L_0x7fc56b7685f0 .part v0x7fc56b762550_0, 1122, 66;
L_0x7fc56b768690 .part v0x7fc56b762550_0, 1188, 66;
L_0x7fc56b7687d0 .part v0x7fc56b762550_0, 1254, 66;
L_0x7fc56b768870 .concat [ 1 64 0 0], v0x7fc56b766870_0, v0x7fc56b7667e0_0;
L_0x7fc56b7689c0 .concat [ 1 64 0 0], v0x7fc56b763c10_0, v0x7fc56b763ab0_0;
L_0x7fc56b768a60 .concat [ 1 64 0 0], v0x7fc56b763cb0_0, v0x7fc56b763a00_0;
L_0x7fc56b768c40 .concat [ 1 64 0 0], v0x7fc56b763d50_0, v0x7fc56b763b60_0;
L_0x7fc56b768d20 .concat [ 1 64 0 0], v0x7fc56b763d50_0, v0x7fc56b763950_0;
L_0x7fc56b768ed0 .concat [ 1 64 0 0], v0x7fc56b763df0_0, v0x7fc56b7638a0_0;
L_0x7fc56b768f90 .concat [ 1 64 0 0], v0x7fc56b762370_0, v0x7fc56b7637f0_0;
L_0x7fc56b769110 .concat [ 1 64 0 0], v0x7fc56b762600_0, v0x7fc56b763740_0;
LS_0x7fc56b7691f0_0_0 .concat [ 65 65 65 65], L_0x7fc56b769110, L_0x7fc56b768f90, L_0x7fc56b768ed0, L_0x7fc56b768d20;
LS_0x7fc56b7691f0_0_4 .concat [ 65 65 65 0], L_0x7fc56b768c40, L_0x7fc56b768a60, L_0x7fc56b7689c0;
L_0x7fc56b7691f0 .concat [ 260 195 0 0], LS_0x7fc56b7691f0_0_0, LS_0x7fc56b7691f0_0_4;
L_0x7fc56b769540 .concat [ 455 1 0 0], L_0x7fc56b7691f0, L_0x7fc56b768560;
L_0x7fc56b7695e0 .concat [ 1 1 0 0], L_0x7fc56b76b660, L_0x7fc56b76af70;
L_0x7fc56b769780 .concat [ 2 456 0 0], L_0x7fc56b7695e0, L_0x7fc56b769540;
L_0x7fc56b769820 .arith/sum 64, L_0x7fc56b769a70, L_0x7fc56c373008;
L_0x7fc56b769680 .functor MUXZ 64, v0x7fc56b763740_0, L_0x7fc56b769820, v0x7fc56b762370_0, C4<>;
L_0x7fc56b769b60 .arith/sum 64, L_0x7fc56b769d80, L_0x7fc56c373050;
L_0x7fc56b769900 .functor MUXZ 64, v0x7fc56b7637f0_0, L_0x7fc56b769b60, v0x7fc56b763df0_0, C4<>;
L_0x7fc56b769e70 .arith/sum 64, L_0x7fc56b76a0a0, L_0x7fc56c373098;
L_0x7fc56b769c40 .functor MUXZ 64, v0x7fc56b7638a0_0, L_0x7fc56b769e70, v0x7fc56b763d50_0, C4<>;
L_0x7fc56b76a150 .arith/sum 64, L_0x7fc56b76a390, L_0x7fc56c3730e0;
L_0x7fc56b769f50 .functor MUXZ 64, v0x7fc56b763950_0, L_0x7fc56b76a150, v0x7fc56b763cb0_0, C4<>;
L_0x7fc56b76a4c0 .arith/sum 64, L_0x7fc56b76a710, L_0x7fc56c373128;
L_0x7fc56b76a230 .functor MUXZ 64, v0x7fc56b763a00_0, L_0x7fc56b76a4c0, v0x7fc56b763c10_0, C4<>;
L_0x7fc56b76a800 .arith/sum 64, L_0x7fc56b76a660, L_0x7fc56b76aa70;
L_0x7fc56b76a5c0 .functor MUXZ 64, v0x7fc56b763ab0_0, L_0x7fc56b76a800, L_0x7fc56b76aed0, C4<>;
L_0x7fc56b76a660 .part L_0x7fc56b76b9e0, 2, 64;
L_0x7fc56b76ab60 .arith/sum 64, L_0x7fc56b76a920, L_0x7fc56c373170;
L_0x7fc56b76ac60 .functor MUXZ 64, v0x7fc56b763b60_0, L_0x7fc56b76ab60, v0x7fc56b763cb0_0, C4<>;
L_0x7fc56b76aed0 .part L_0x7fc56b76b9e0, 0, 1;
L_0x7fc56b76af70 .cmp/eq 64, v0x7fc56b765b40_0, L_0x7fc56c3731b8;
L_0x7fc56b76ad00 .functor MUXZ 64, L_0x7fc56b76b130, L_0x7fc56c373200, L_0x7fc56b76b660, C4<>;
L_0x7fc56b76b1e0 .cmp/gt.s 64, v0x7fc56b765b40_0, L_0x7fc56c373248;
L_0x7fc56b76b050 .arith/sub 64, L_0x7fc56b76b530, L_0x7fc56c373290;
L_0x7fc56b76b130 .functor MUXZ 64, v0x7fc56b765b40_0, L_0x7fc56b76b050, L_0x7fc56b76b1e0, C4<>;
L_0x7fc56b76b660 .functor MUXZ 1, L_0x7fc56c373320, L_0x7fc56c3732d8, L_0x7fc56b76b2c0, C4<>;
L_0x7fc56b76b780 .part L_0x7fc56b76b9e0, 66, 1;
L_0x7fc56b76b9e0 .concat [ 66 1 1 0], v0x7fc56b7626a0_0, v0x7fc56b762750_0, v0x7fc56b7627f0_0;
L_0x7fc56b76bb00 .functor MUXZ 66, L_0x7fc56c373368, v0x7fc56b762b50_0, L_0x7fc56b76cb60, C4<>;
L_0x7fc56b76b820 .array/port v0x7fc56b765bf0, L_0x7fc56b76cc00;
L_0x7fc56b76b930 .functor MUXZ 1, L_0x7fc56c3733b0, v0x7fc56b762d50_0, L_0x7fc56b76cb60, C4<>;
L_0x7fc56b76be00 .functor MUXZ 1, L_0x7fc56c3733f8, L_0x7fc56b76c8d0, L_0x7fc56b76d480, C4<>;
L_0x7fc56b76bee0 .functor MUXZ 1320, v0x7fc56b762550_0, L_0x7fc56b76bf80, L_0x7fc56b76d480, C4<>;
L_0x7fc56b76bbe0 .concat [ 1320 66 0 0], v0x7fc56b762550_0, L_0x7fc56b76c3b0;
L_0x7fc56b76bcc0 .part L_0x7fc56b76bbe0, 66, 1320;
L_0x7fc56b76bf80 .functor MUXZ 1320, v0x7fc56b762550_0, L_0x7fc56b76bcc0, L_0x7fc56b76c8d0, C4<>;
L_0x7fc56b76c3b0 .concat [ 1 65 0 0], L_0x7fc56b76d480, L_0x7fc56b768870;
L_0x7fc56b76c1b0 .functor MUXZ 64, L_0x7fc56b76ce00, L_0x7fc56b76c2d0, L_0x7fc56b76d480, C4<>;
L_0x7fc56b76c2d0 .functor MUXZ 64, L_0x7fc56b76c770, v0x7fc56b761980_0, L_0x7fc56b76cb60, C4<>;
L_0x7fc56b76c670 .arith/sum 64, L_0x7fc56b76cd20, L_0x7fc56c373440;
L_0x7fc56b76c770 .functor MUXZ 64, v0x7fc56b763350_0, L_0x7fc56b76c670, L_0x7fc56b76c8d0, C4<>;
L_0x7fc56b76c5d0 .cmp/ne 64, L_0x7fc56b76cd20, L_0x7fc56c373488;
L_0x7fc56b76ca40 .functor MUXZ 64, L_0x7fc56c373518, L_0x7fc56c3734d0, L_0x7fc56b76c5d0, C4<>;
L_0x7fc56b76c8d0 .part L_0x7fc56b76ca40, 0, 1;
L_0x7fc56b76ce00 .functor MUXZ 64, v0x7fc56b763350_0, v0x7fc56b763040_0, L_0x7fc56b76cb60, C4<>;
L_0x7fc56b76cb60 .part L_0x7fc56b769780, 457, 1;
L_0x7fc56b76cc00 .arith/sub 64, L_0x7fc56b76cd20, L_0x7fc56c373560;
L_0x7fc56b76cea0 .part L_0x7fc56b769780, 2, 455;
L_0x7fc56b76cf40 .part L_0x7fc56b769780, 0, 2;
L_0x7fc56b76d3e0 .concat [ 2 455 0 0], L_0x7fc56b76cf40, L_0x7fc56b76cea0;
L_0x7fc56b76d480 .part L_0x7fc56b768870, 0, 1;
L_0x7fc56b76d170 .part L_0x7fc56b76d3e0, 2, 455;
L_0x7fc56b76d210 .part L_0x7fc56b76d3e0, 0, 2;
L_0x7fc56b76d2b0 .part L_0x7fc56b76d170, 390, 65;
L_0x7fc56b76d7b0 .part L_0x7fc56b76d170, 325, 65;
L_0x7fc56b76d520 .part L_0x7fc56b76d170, 260, 65;
L_0x7fc56b76d5c0 .part L_0x7fc56b76d170, 195, 65;
L_0x7fc56b76d660 .part L_0x7fc56b76d170, 130, 65;
L_0x7fc56b76d700 .part L_0x7fc56b76d170, 65, 65;
L_0x7fc56b76db10 .part L_0x7fc56b76d170, 0, 65;
L_0x7fc56b76dcb0 .part L_0x7fc56b76d2b0, 1, 64;
L_0x7fc56b76d850 .part L_0x7fc56b76d2b0, 0, 1;
L_0x7fc56b76d8f0 .part L_0x7fc56b76d7b0, 1, 64;
L_0x7fc56b76da10 .part L_0x7fc56b76d7b0, 0, 1;
L_0x7fc56b76e070 .part L_0x7fc56b76d520, 1, 64;
L_0x7fc56b76dd90 .part L_0x7fc56b76d520, 0, 1;
L_0x7fc56b76de70 .part L_0x7fc56b76d5c0, 1, 64;
L_0x7fc56b76df90 .part L_0x7fc56b76d5c0, 0, 1;
L_0x7fc56b76e490 .part L_0x7fc56b76d660, 1, 64;
L_0x7fc56b76e190 .part L_0x7fc56b76d660, 0, 1;
L_0x7fc56b76e270 .part L_0x7fc56b76d700, 1, 64;
L_0x7fc56b76e390 .part L_0x7fc56b76d700, 0, 1;
L_0x7fc56b76e890 .part L_0x7fc56b76db10, 1, 64;
L_0x7fc56b76e570 .part L_0x7fc56b76db10, 0, 1;
L_0x7fc56b76e650 .part L_0x7fc56b76d210, 1, 1;
L_0x7fc56b76e730 .part L_0x7fc56b76d210, 0, 1;
S_0x7fc56b73ebc0 .scope begin, "aktvOutF_delay" "aktvOutF_delay" 3 186, 3 186 0, S_0x7fc56b73ea50;
 .timescale -13 -13;
S_0x7fc56b74fea0 .scope begin, "buffer_register" "buffer_register" 3 404, 3 404 0, S_0x7fc56b73ea50;
 .timescale -13 -13;
S_0x7fc56b750010 .scope begin, "c$app_arg_0_register" "c$app_arg_0_register" 3 341, 3 341 0, S_0x7fc56b73ea50;
 .timescale -13 -13;
S_0x7fc56b750180 .scope begin, "c$app_arg_1_register" "c$app_arg_1_register" 3 373, 3 373 0, S_0x7fc56b73ea50;
 .timescale -13 -13;
S_0x7fc56b7502f0 .scope begin, "c$app_arg_2_register" "c$app_arg_2_register" 3 392, 3 392 0, S_0x7fc56b73ea50;
 .timescale -13 -13;
S_0x7fc56b750460 .scope begin, "c$app_arg_delay" "c$app_arg_delay" 3 164, 3 164 0, S_0x7fc56b73ea50;
 .timescale -13 -13;
S_0x7fc56b7505d0 .scope begin, "cursor_register" "cursor_register" 3 434, 3 434 0, S_0x7fc56b73ea50;
 .timescale -13 -13;
S_0x7fc56b750740 .scope generate, "mk_array[0]" "mk_array[0]" 3 365, 3 365 0, S_0x7fc56b73ea50;
 .timescale -13 -13;
P_0x7fc56b70fb90 .param/l "i" 1 3 365, +C4<00>;
S_0x7fc56b7508b0 .scope generate, "mk_array[1]" "mk_array[1]" 3 365, 3 365 0, S_0x7fc56b73ea50;
 .timescale -13 -13;
P_0x7fc56b70b690 .param/l "i" 1 3 365, +C4<01>;
S_0x7fc56b750a20 .scope generate, "mk_array[2]" "mk_array[2]" 3 365, 3 365 0, S_0x7fc56b73ea50;
 .timescale -13 -13;
P_0x7fc56b70cd70 .param/l "i" 1 3 365, +C4<010>;
S_0x7fc56b750b90 .scope generate, "mk_array[3]" "mk_array[3]" 3 365, 3 365 0, S_0x7fc56b73ea50;
 .timescale -13 -13;
P_0x7fc56b709d50 .param/l "i" 1 3 365, +C4<011>;
S_0x7fc56b750d00 .scope generate, "mk_array[4]" "mk_array[4]" 3 365, 3 365 0, S_0x7fc56b73ea50;
 .timescale -13 -13;
P_0x7fc56b709950 .param/l "i" 1 3 365, +C4<0100>;
S_0x7fc56b750e70 .scope generate, "mk_array[5]" "mk_array[5]" 3 365, 3 365 0, S_0x7fc56b73ea50;
 .timescale -13 -13;
P_0x7fc56b709770 .param/l "i" 1 3 365, +C4<0101>;
S_0x7fc56b750fe0 .scope generate, "mk_array[6]" "mk_array[6]" 3 365, 3 365 0, S_0x7fc56b73ea50;
 .timescale -13 -13;
P_0x7fc56b71a8b0 .param/l "i" 1 3 365, +C4<0110>;
S_0x7fc56b751150 .scope generate, "mk_array[7]" "mk_array[7]" 3 365, 3 365 0, S_0x7fc56b73ea50;
 .timescale -13 -13;
P_0x7fc56b708f90 .param/l "i" 1 3 365, +C4<0111>;
S_0x7fc56b7512c0 .scope generate, "mk_array[8]" "mk_array[8]" 3 365, 3 365 0, S_0x7fc56b73ea50;
 .timescale -13 -13;
P_0x7fc56b71a3b0 .param/l "i" 1 3 365, +C4<01000>;
S_0x7fc56b751430 .scope generate, "mk_array[9]" "mk_array[9]" 3 365, 3 365 0, S_0x7fc56b73ea50;
 .timescale -13 -13;
P_0x7fc56b71a130 .param/l "i" 1 3 365, +C4<01001>;
S_0x7fc56b7515a0 .scope generate, "mk_array[10]" "mk_array[10]" 3 365, 3 365 0, S_0x7fc56b73ea50;
 .timescale -13 -13;
P_0x7fc56b70ca80 .param/l "i" 1 3 365, +C4<01010>;
S_0x7fc56b751710 .scope generate, "mk_array[11]" "mk_array[11]" 3 365, 3 365 0, S_0x7fc56b73ea50;
 .timescale -13 -13;
P_0x7fc56b707730 .param/l "i" 1 3 365, +C4<01011>;
S_0x7fc56b751880 .scope generate, "mk_array[12]" "mk_array[12]" 3 365, 3 365 0, S_0x7fc56b73ea50;
 .timescale -13 -13;
P_0x7fc56b707510 .param/l "i" 1 3 365, +C4<01100>;
S_0x7fc56b7519f0 .scope generate, "mk_array[13]" "mk_array[13]" 3 365, 3 365 0, S_0x7fc56b73ea50;
 .timescale -13 -13;
P_0x7fc56b7194a0 .param/l "i" 1 3 365, +C4<01101>;
S_0x7fc56b751b60 .scope generate, "mk_array[14]" "mk_array[14]" 3 365, 3 365 0, S_0x7fc56b73ea50;
 .timescale -13 -13;
P_0x7fc56b70c5d0 .param/l "i" 1 3 365, +C4<01110>;
S_0x7fc56b751cd0 .scope generate, "mk_array[15]" "mk_array[15]" 3 365, 3 365 0, S_0x7fc56b73ea50;
 .timescale -13 -13;
P_0x7fc56b70eab0 .param/l "i" 1 3 365, +C4<01111>;
S_0x7fc56b751e40 .scope generate, "mk_array[16]" "mk_array[16]" 3 365, 3 365 0, S_0x7fc56b73ea50;
 .timescale -13 -13;
P_0x7fc56b706890 .param/l "i" 1 3 365, +C4<010000>;
S_0x7fc56b751fb0 .scope generate, "mk_array[17]" "mk_array[17]" 3 365, 3 365 0, S_0x7fc56b73ea50;
 .timescale -13 -13;
P_0x7fc56b70bde0 .param/l "i" 1 3 365, +C4<010001>;
S_0x7fc56b752120 .scope generate, "mk_array[18]" "mk_array[18]" 3 365, 3 365 0, S_0x7fc56b73ea50;
 .timescale -13 -13;
P_0x7fc56b706c80 .param/l "i" 1 3 365, +C4<010010>;
S_0x7fc56b752290 .scope generate, "mk_array[19]" "mk_array[19]" 3 365, 3 365 0, S_0x7fc56b73ea50;
 .timescale -13 -13;
P_0x7fc56b72ce90 .param/l "i" 1 3 365, +C4<010011>;
S_0x7fc56b752400 .scope begin, "out_0_register" "out_0_register" 3 194, 3 194 0, S_0x7fc56b73ea50;
 .timescale -13 -13;
S_0x7fc56b752570 .scope begin, "out_1_register" "out_1_register" 3 216, 3 216 0, S_0x7fc56b73ea50;
 .timescale -13 -13;
S_0x7fc56b7526e0 .scope begin, "out_2_register" "out_2_register" 3 238, 3 238 0, S_0x7fc56b73ea50;
 .timescale -13 -13;
S_0x7fc56b752850 .scope begin, "out_3_register" "out_3_register" 3 252, 3 252 0, S_0x7fc56b73ea50;
 .timescale -13 -13;
S_0x7fc56b7529c0 .scope begin, "out_4_register" "out_4_register" 3 266, 3 266 0, S_0x7fc56b73ea50;
 .timescale -13 -13;
S_0x7fc56b752b30 .scope begin, "out_5_register" "out_5_register" 3 282, 3 282 0, S_0x7fc56b73ea50;
 .timescale -13 -13;
S_0x7fc56b752ea0 .scope begin, "out_register" "out_register" 3 172, 3 172 0, S_0x7fc56b73ea50;
 .timescale -13 -13;
S_0x7fc56b753010 .scope begin, "pacingB_delay" "pacingB_delay" 3 304, 3 304 0, S_0x7fc56b73ea50;
 .timescale -13 -13;
S_0x7fc56b753180 .scope begin, "pacingC_delay" "pacingC_delay" 3 296, 3 296 0, S_0x7fc56b73ea50;
 .timescale -13 -13;
S_0x7fc56b7532f0 .scope begin, "pacingE_delay" "pacingE_delay" 3 230, 3 230 0, S_0x7fc56b73ea50;
 .timescale -13 -13;
S_0x7fc56b753460 .scope begin, "pacingF_delay" "pacingF_delay" 3 208, 3 208 0, S_0x7fc56b73ea50;
 .timescale -13 -13;
S_0x7fc56b7535d0 .scope begin, "toWait_register" "toWait_register" 3 314, 3 314 0, S_0x7fc56b73ea50;
 .timescale -13 -13;
    .scope S_0x7fc56b73ea50;
T_0 ;
    %pushi/vec4 0, 0, 1;
    %store/vec4 v0x7fc56b762600_0, 0, 1;
    %pushi/vec4 0, 0, 64;
    %store/vec4 v0x7fc56b763740_0, 0, 64;
    %pushi/vec4 0, 0, 1;
    %store/vec4 v0x7fc56b762370_0, 0, 1;
    %pushi/vec4 0, 0, 64;
    %store/vec4 v0x7fc56b7637f0_0, 0, 64;
    %pushi/vec4 0, 0, 1;
    %store/vec4 v0x7fc56b763df0_0, 0, 1;
    %pushi/vec4 0, 0, 64;
    %store/vec4 v0x7fc56b7638a0_0, 0, 64;
    %pushi/vec4 0, 0, 1;
    %store/vec4 v0x7fc56b763d50_0, 0, 1;
    %pushi/vec4 0, 0, 64;
    %store/vec4 v0x7fc56b763950_0, 0, 64;
    %pushi/vec4 0, 0, 64;
    %store/vec4 v0x7fc56b763a00_0, 0, 64;
    %pushi/vec4 0, 0, 64;
    %store/vec4 v0x7fc56b763ab0_0, 0, 64;
    %pushi/vec4 0, 0, 64;
    %store/vec4 v0x7fc56b763b60_0, 0, 64;
    %pushi/vec4 0, 0, 1;
    %store/vec4 v0x7fc56b763cb0_0, 0, 1;
    %pushi/vec4 0, 0, 1;
    %store/vec4 v0x7fc56b763c10_0, 0, 1;
    %pushi/vec4 0, 0, 64;
    %store/vec4 v0x7fc56b765b40_0, 0, 64;
    %pushi/vec4 0, 0, 66;
    %store/vec4 v0x7fc56b7626a0_0, 0, 66;
    %pushi/vec4 0, 0, 1;
    %store/vec4 v0x7fc56b762750_0, 0, 1;
    %pushi/vec4 0, 0, 1;
    %store/vec4 v0x7fc56b7627f0_0, 0, 1;
    %pushi/vec4 0, 0, 1320;
    %store/vec4 v0x7fc56b762550_0, 0, 1320;
    %pushi/vec4 0, 0, 64;
    %store/vec4 v0x7fc56b763350_0, 0, 64;
    %end;
    .thread T_0;
    .scope S_0x7fc56b73ea50;
T_1 ;
    %wait E_0x7fc56b70e3d0;
    %fork t_1, S_0x7fc56b750460;
    %jmp t_0;
    .scope S_0x7fc56b750460;
t_1 ;
    %load/vec4 v0x7fc56b763400_0;
    %flag_set/vec4 8;
    %jmp/0xz  T_1.0, 8;
    %load/vec4 v0x7fc56b762370_0;
    %assign/vec4 v0x7fc56b762600_0, 0;
T_1.0 ;
    %end;
    .scope S_0x7fc56b73ea50;
t_0 %join;
    %jmp T_1;
    .thread T_1;
    .scope S_0x7fc56b73ea50;
T_2 ;
    %wait E_0x7fc56b7062a0;
    %fork t_3, S_0x7fc56b752ea0;
    %jmp t_2;
    .scope S_0x7fc56b752ea0;
t_3 ;
    %load/vec4 v0x7fc56b765aa0_0;
    %flag_set/vec4 8;
    %jmp/0xz  T_2.0, 8;
    %pushi/vec4 0, 0, 64;
    %assign/vec4 v0x7fc56b763740_0, 0;
    %jmp T_2.1;
T_2.0 ;
    %load/vec4 v0x7fc56b763400_0;
    %flag_set/vec4 8;
    %jmp/0xz  T_2.2, 8;
    %load/vec4 v0x7fc56b7655d0_0;
    %assign/vec4 v0x7fc56b763740_0, 0;
T_2.2 ;
T_2.1 ;
    %end;
    .scope S_0x7fc56b73ea50;
t_2 %join;
    %jmp T_2;
    .thread T_2;
    .scope S_0x7fc56b73ea50;
T_3 ;
    %wait E_0x7fc56b70e3d0;
    %fork t_5, S_0x7fc56b73ebc0;
    %jmp t_4;
    .scope S_0x7fc56b73ebc0;
t_5 ;
    %load/vec4 v0x7fc56b763400_0;
    %flag_set/vec4 8;
    %jmp/0xz  T_3.0, 8;
    %load/vec4 v0x7fc56b763df0_0;
    %assign/vec4 v0x7fc56b762370_0, 0;
T_3.0 ;
    %end;
    .scope S_0x7fc56b73ea50;
t_4 %join;
    %jmp T_3;
    .thread T_3;
    .scope S_0x7fc56b73ea50;
T_4 ;
    %wait E_0x7fc56b7062a0;
    %fork t_7, S_0x7fc56b752400;
    %jmp t_6;
    .scope S_0x7fc56b752400;
t_7 ;
    %load/vec4 v0x7fc56b765aa0_0;
    %flag_set/vec4 8;
    %jmp/0xz  T_4.0, 8;
    %pushi/vec4 0, 0, 64;
    %assign/vec4 v0x7fc56b7637f0_0, 0;
    %jmp T_4.1;
T_4.0 ;
    %load/vec4 v0x7fc56b763400_0;
    %flag_set/vec4 8;
    %jmp/0xz  T_4.2, 8;
    %load/vec4 v0x7fc56b765680_0;
    %assign/vec4 v0x7fc56b7637f0_0, 0;
T_4.2 ;
T_4.1 ;
    %end;
    .scope S_0x7fc56b73ea50;
t_6 %join;
    %jmp T_4;
    .thread T_4;
    .scope S_0x7fc56b73ea50;
T_5 ;
    %wait E_0x7fc56b70e3d0;
    %fork t_9, S_0x7fc56b753460;
    %jmp t_8;
    .scope S_0x7fc56b753460;
t_9 ;
    %load/vec4 v0x7fc56b763400_0;
    %flag_set/vec4 8;
    %jmp/0xz  T_5.0, 8;
    %load/vec4 v0x7fc56b763d50_0;
    %assign/vec4 v0x7fc56b763df0_0, 0;
T_5.0 ;
    %end;
    .scope S_0x7fc56b73ea50;
t_8 %join;
    %jmp T_5;
    .thread T_5;
    .scope S_0x7fc56b73ea50;
T_6 ;
    %wait E_0x7fc56b7062a0;
    %fork t_11, S_0x7fc56b752570;
    %jmp t_10;
    .scope S_0x7fc56b752570;
t_11 ;
    %load/vec4 v0x7fc56b765aa0_0;
    %flag_set/vec4 8;
    %jmp/0xz  T_6.0, 8;
    %pushi/vec4 0, 0, 64;
    %assign/vec4 v0x7fc56b7638a0_0, 0;
    %jmp T_6.1;
T_6.0 ;
    %load/vec4 v0x7fc56b763400_0;
    %flag_set/vec4 8;
    %jmp/0xz  T_6.2, 8;
    %load/vec4 v0x7fc56b765730_0;
    %assign/vec4 v0x7fc56b7638a0_0, 0;
T_6.2 ;
T_6.1 ;
    %end;
    .scope S_0x7fc56b73ea50;
t_10 %join;
    %jmp T_6;
    .thread T_6;
    .scope S_0x7fc56b73ea50;
T_7 ;
    %wait E_0x7fc56b70e3d0;
    %fork t_13, S_0x7fc56b7532f0;
    %jmp t_12;
    .scope S_0x7fc56b7532f0;
t_13 ;
    %load/vec4 v0x7fc56b763400_0;
    %flag_set/vec4 8;
    %jmp/0xz  T_7.0, 8;
    %load/vec4 v0x7fc56b763cb0_0;
    %assign/vec4 v0x7fc56b763d50_0, 0;
T_7.0 ;
    %end;
    .scope S_0x7fc56b73ea50;
t_12 %join;
    %jmp T_7;
    .thread T_7;
    .scope S_0x7fc56b73ea50;
T_8 ;
    %wait E_0x7fc56b7062a0;
    %fork t_15, S_0x7fc56b7526e0;
    %jmp t_14;
    .scope S_0x7fc56b7526e0;
t_15 ;
    %load/vec4 v0x7fc56b765aa0_0;
    %flag_set/vec4 8;
    %jmp/0xz  T_8.0, 8;
    %pushi/vec4 0, 0, 64;
    %assign/vec4 v0x7fc56b763950_0, 0;
    %jmp T_8.1;
T_8.0 ;
    %load/vec4 v0x7fc56b763400_0;
    %flag_set/vec4 8;
    %jmp/0xz  T_8.2, 8;
    %load/vec4 v0x7fc56b7657e0_0;
    %assign/vec4 v0x7fc56b763950_0, 0;
T_8.2 ;
T_8.1 ;
    %end;
    .scope S_0x7fc56b73ea50;
t_14 %join;
    %jmp T_8;
    .thread T_8;
    .scope S_0x7fc56b73ea50;
T_9 ;
    %wait E_0x7fc56b7062a0;
    %fork t_17, S_0x7fc56b752850;
    %jmp t_16;
    .scope S_0x7fc56b752850;
t_17 ;
    %load/vec4 v0x7fc56b765aa0_0;
    %flag_set/vec4 8;
    %jmp/0xz  T_9.0, 8;
    %pushi/vec4 0, 0, 64;
    %assign/vec4 v0x7fc56b763a00_0, 0;
    %jmp T_9.1;
T_9.0 ;
    %load/vec4 v0x7fc56b763400_0;
    %flag_set/vec4 8;
    %jmp/0xz  T_9.2, 8;
    %load/vec4 v0x7fc56b765890_0;
    %assign/vec4 v0x7fc56b763a00_0, 0;
T_9.2 ;
T_9.1 ;
    %end;
    .scope S_0x7fc56b73ea50;
t_16 %join;
    %jmp T_9;
    .thread T_9;
    .scope S_0x7fc56b73ea50;
T_10 ;
    %wait E_0x7fc56b7062a0;
    %fork t_19, S_0x7fc56b7529c0;
    %jmp t_18;
    .scope S_0x7fc56b7529c0;
t_19 ;
    %load/vec4 v0x7fc56b765aa0_0;
    %flag_set/vec4 8;
    %jmp/0xz  T_10.0, 8;
    %pushi/vec4 0, 0, 64;
    %assign/vec4 v0x7fc56b763ab0_0, 0;
    %jmp T_10.1;
T_10.0 ;
    %load/vec4 v0x7fc56b763400_0;
    %flag_set/vec4 8;
    %jmp/0xz  T_10.2, 8;
    %load/vec4 v0x7fc56b765940_0;
    %assign/vec4 v0x7fc56b763ab0_0, 0;
T_10.2 ;
T_10.1 ;
    %end;
    .scope S_0x7fc56b73ea50;
t_18 %join;
    %jmp T_10;
    .thread T_10;
    .scope S_0x7fc56b73ea50;
T_11 ;
    %wait E_0x7fc56b7062a0;
    %fork t_21, S_0x7fc56b752b30;
    %jmp t_20;
    .scope S_0x7fc56b752b30;
t_21 ;
    %load/vec4 v0x7fc56b765aa0_0;
    %flag_set/vec4 8;
    %jmp/0xz  T_11.0, 8;
    %pushi/vec4 0, 0, 64;
    %assign/vec4 v0x7fc56b763b60_0, 0;
    %jmp T_11.1;
T_11.0 ;
    %load/vec4 v0x7fc56b763400_0;
    %flag_set/vec4 8;
    %jmp/0xz  T_11.2, 8;
    %load/vec4 v0x7fc56b7659f0_0;
    %assign/vec4 v0x7fc56b763b60_0, 0;
T_11.2 ;
T_11.1 ;
    %end;
    .scope S_0x7fc56b73ea50;
t_20 %join;
    %jmp T_11;
    .thread T_11;
    .scope S_0x7fc56b73ea50;
T_12 ;
    %wait E_0x7fc56b70e3d0;
    %fork t_23, S_0x7fc56b753180;
    %jmp t_22;
    .scope S_0x7fc56b753180;
t_23 ;
    %load/vec4 v0x7fc56b763400_0;
    %flag_set/vec4 8;
    %jmp/0xz  T_12.0, 8;
    %load/vec4 v0x7fc56b763c10_0;
    %assign/vec4 v0x7fc56b763cb0_0, 0;
T_12.0 ;
    %end;
    .scope S_0x7fc56b73ea50;
t_22 %join;
    %jmp T_12;
    .thread T_12;
    .scope S_0x7fc56b73ea50;
T_13 ;
    %wait E_0x7fc56b70e3d0;
    %fork t_25, S_0x7fc56b753010;
    %jmp t_24;
    .scope S_0x7fc56b753010;
t_25 ;
    %load/vec4 v0x7fc56b763400_0;
    %flag_set/vec4 8;
    %jmp/0xz  T_13.0, 8;
    %load/vec4 v0x7fc56b763e90_0;
    %assign/vec4 v0x7fc56b763c10_0, 0;
T_13.0 ;
    %end;
    .scope S_0x7fc56b73ea50;
t_24 %join;
    %jmp T_13;
    .thread T_13;
    .scope S_0x7fc56b73ea50;
T_14 ;
    %wait E_0x7fc56b7062a0;
    %fork t_27, S_0x7fc56b7535d0;
    %jmp t_26;
    .scope S_0x7fc56b7535d0;
t_27 ;
    %load/vec4 v0x7fc56b765aa0_0;
    %flag_set/vec4 8;
    %jmp/0xz  T_14.0, 8;
    %pushi/vec4 0, 0, 64;
    %assign/vec4 v0x7fc56b765b40_0, 0;
    %jmp T_14.1;
T_14.0 ;
    %load/vec4 v0x7fc56b763400_0;
    %flag_set/vec4 8;
    %jmp/0xz  T_14.2, 8;
    %load/vec4 v0x7fc56b765130_0;
    %assign/vec4 v0x7fc56b765b40_0, 0;
T_14.2 ;
T_14.1 ;
    %end;
    .scope S_0x7fc56b73ea50;
t_26 %join;
    %jmp T_14;
    .thread T_14;
    .scope S_0x7fc56b73ea50;
T_15 ;
    %wait E_0x7fc56b7062a0;
    %fork t_29, S_0x7fc56b750010;
    %jmp t_28;
    .scope S_0x7fc56b750010;
t_29 ;
    %load/vec4 v0x7fc56b765aa0_0;
    %flag_set/vec4 8;
    %jmp/0xz  T_15.0, 8;
    %pushi/vec4 0, 0, 66;
    %assign/vec4 v0x7fc56b7626a0_0, 0;
    %jmp T_15.1;
T_15.0 ;
    %load/vec4 v0x7fc56b763400_0;
    %flag_set/vec4 8;
    %jmp/0xz  T_15.2, 8;
    %load/vec4 v0x7fc56b762aa0_0;
    %assign/vec4 v0x7fc56b7626a0_0, 0;
T_15.2 ;
T_15.1 ;
    %end;
    .scope S_0x7fc56b73ea50;
t_28 %join;
    %jmp T_15;
    .thread T_15;
    .scope S_0x7fc56b73ea50;
T_16 ;
    %wait E_0x7fc56b70cff0;
    %load/vec4 v0x7fc56b7663f0_0;
    %dup/vec4;
    %pushi/vec4 0, 0, 64;
    %cmp/u;
    %jmp/1 T_16.0, 6;
    %load/vec4 v0x7fc56b762c00_0;
    %store/vec4 v0x7fc56b762b50_0, 0, 66;
    %jmp T_16.2;
T_16.0 ;
    %pushi/vec4 0, 0, 66;
    %store/vec4 v0x7fc56b762b50_0, 0, 66;
    %jmp T_16.2;
T_16.2 ;
    %pop/vec4 1;
    %jmp T_16;
    .thread T_16, $push;
    .scope S_0x7fc56b73ea50;
T_17 ;
    %wait E_0x7fc56b7062a0;
    %fork t_31, S_0x7fc56b750180;
    %jmp t_30;
    .scope S_0x7fc56b750180;
t_31 ;
    %load/vec4 v0x7fc56b765aa0_0;
    %flag_set/vec4 8;
    %jmp/0xz  T_17.0, 8;
    %pushi/vec4 0, 0, 1;
    %assign/vec4 v0x7fc56b762750_0, 0;
    %jmp T_17.1;
T_17.0 ;
    %load/vec4 v0x7fc56b763400_0;
    %flag_set/vec4 8;
    %jmp/0xz  T_17.2, 8;
    %load/vec4 v0x7fc56b762cb0_0;
    %assign/vec4 v0x7fc56b762750_0, 0;
T_17.2 ;
T_17.1 ;
    %end;
    .scope S_0x7fc56b73ea50;
t_30 %join;
    %jmp T_17;
    .thread T_17;
    .scope S_0x7fc56b73ea50;
T_18 ;
    %wait E_0x7fc56b706aa0;
    %load/vec4 v0x7fc56b7663f0_0;
    %dup/vec4;
    %pushi/vec4 0, 0, 64;
    %cmp/u;
    %jmp/1 T_18.0, 6;
    %pushi/vec4 1, 0, 1;
    %store/vec4 v0x7fc56b762d50_0, 0, 1;
    %jmp T_18.2;
T_18.0 ;
    %pushi/vec4 0, 0, 1;
    %store/vec4 v0x7fc56b762d50_0, 0, 1;
    %jmp T_18.2;
T_18.2 ;
    %pop/vec4 1;
    %jmp T_18;
    .thread T_18, $push;
    .scope S_0x7fc56b73ea50;
T_19 ;
    %wait E_0x7fc56b7062a0;
    %fork t_33, S_0x7fc56b7502f0;
    %jmp t_32;
    .scope S_0x7fc56b7502f0;
t_33 ;
    %load/vec4 v0x7fc56b765aa0_0;
    %flag_set/vec4 8;
    %jmp/0xz  T_19.0, 8;
    %pushi/vec4 0, 0, 1;
    %assign/vec4 v0x7fc56b7627f0_0, 0;
    %jmp T_19.1;
T_19.0 ;
    %load/vec4 v0x7fc56b763400_0;
    %flag_set/vec4 8;
    %jmp/0xz  T_19.2, 8;
    %load/vec4 v0x7fc56b762df0_0;
    %assign/vec4 v0x7fc56b7627f0_0, 0;
T_19.2 ;
T_19.1 ;
    %end;
    .scope S_0x7fc56b73ea50;
t_32 %join;
    %jmp T_19;
    .thread T_19;
    .scope S_0x7fc56b73ea50;
T_20 ;
    %wait E_0x7fc56b7062a0;
    %fork t_35, S_0x7fc56b74fea0;
    %jmp t_34;
    .scope S_0x7fc56b74fea0;
t_35 ;
    %load/vec4 v0x7fc56b765aa0_0;
    %flag_set/vec4 8;
    %jmp/0xz  T_20.0, 8;
    %pushi/vec4 0, 0, 1320;
    %assign/vec4 v0x7fc56b762550_0, 0;
    %jmp T_20.1;
T_20.0 ;
    %load/vec4 v0x7fc56b763400_0;
    %flag_set/vec4 8;
    %jmp/0xz  T_20.2, 8;
    %load/vec4 v0x7fc56b762890_0;
    %assign/vec4 v0x7fc56b762550_0, 0;
T_20.2 ;
T_20.1 ;
    %end;
    .scope S_0x7fc56b73ea50;
t_34 %join;
    %jmp T_20;
    .thread T_20;
    .scope S_0x7fc56b73ea50;
T_21 ;
    %wait E_0x7fc56b7062a0;
    %fork t_37, S_0x7fc56b7505d0;
    %jmp t_36;
    .scope S_0x7fc56b7505d0;
t_37 ;
    %load/vec4 v0x7fc56b765aa0_0;
    %flag_set/vec4 8;
    %jmp/0xz  T_21.0, 8;
    %pushi/vec4 0, 0, 64;
    %assign/vec4 v0x7fc56b763350_0, 0;
    %jmp T_21.1;
T_21.0 ;
    %load/vec4 v0x7fc56b763400_0;
    %flag_set/vec4 8;
    %jmp/0xz  T_21.2, 8;
    %load/vec4 v0x7fc56b762e90_0;
    %assign/vec4 v0x7fc56b763350_0, 0;
T_21.2 ;
T_21.1 ;
    %end;
    .scope S_0x7fc56b73ea50;
t_36 %join;
    %jmp T_21;
    .thread T_21;
    .scope S_0x7fc56b73ea50;
T_22 ;
    %wait E_0x7fc56b71acf0;
    %load/vec4 v0x7fc56b7663f0_0;
    %dup/vec4;
    %pushi/vec4 0, 0, 64;
    %cmp/u;
    %jmp/1 T_22.0, 6;
    %load/vec4 v0x7fc56b763350_0;
    %store/vec4 v0x7fc56b761980_0, 0, 64;
    %jmp T_22.2;
T_22.0 ;
    %pushi/vec4 1, 0, 64;
    %store/vec4 v0x7fc56b761980_0, 0, 64;
    %jmp T_22.2;
T_22.2 ;
    %pop/vec4 1;
    %jmp T_22;
    .thread T_22, $push;
    .scope S_0x7fc56b73ea50;
T_23 ;
    %wait E_0x7fc56b7397b0;
    %load/vec4 v0x7fc56b7663f0_0;
    %dup/vec4;
    %pushi/vec4 0, 0, 64;
    %cmp/u;
    %jmp/1 T_23.0, 6;
    %load/vec4 v0x7fc56b7630d0_0;
    %store/vec4 v0x7fc56b763040_0, 0, 64;
    %jmp T_23.2;
T_23.0 ;
    %pushi/vec4 0, 0, 64;
    %store/vec4 v0x7fc56b763040_0, 0, 64;
    %jmp T_23.2;
T_23.2 ;
    %pop/vec4 1;
    %jmp T_23;
    .thread T_23, $push;
    .scope S_0x7fc56b74fc50;
T_24 ;
    %delay 10000000, 0;
    %load/vec4 v0x7fc56b766750_0;
    %inv;
    %store/vec4 v0x7fc56b766750_0, 0, 1;
    %jmp T_24;
    .thread T_24;
    .scope S_0x7fc56b74fc50;
T_25 ;
    %pushi/vec4 0, 0, 1;
    %store/vec4 v0x7fc56b766750_0, 0, 1;
    %pushi/vec4 0, 0, 1;
    %store/vec4 v0x7fc56b767490_0, 0, 1;
    %pushi/vec4 1, 0, 1;
    %store/vec4 v0x7fc56b74fdc0_0, 0, 1;
    %pushi/vec4 0, 0, 1;
    %store/vec4 v0x7fc56b766870_0, 0, 1;
    %vpi_call 2 50 "$printtimescale", S_0x7fc56b74fc50 {0 0 0};
    %vpi_call 2 51 "$dumpvars", 32'sb00000000000000000000000000000000, S_0x7fc56b74fc50 {0 0 0};
    %delay 100000000, 0;
    %pushi/vec4 1, 0, 64;
    %store/vec4 v0x7fc56b7667e0_0, 0, 64;
    %pushi/vec4 1, 0, 1;
    %store/vec4 v0x7fc56b766870_0, 0, 1;
    %delay 20000000, 0;
    %pushi/vec4 2, 0, 64;
    %store/vec4 v0x7fc56b7667e0_0, 0, 64;
    %pushi/vec4 1, 0, 1;
    %store/vec4 v0x7fc56b766870_0, 0, 1;
    %delay 20000000, 0;
    %pushi/vec4 3, 0, 64;
    %store/vec4 v0x7fc56b7667e0_0, 0, 64;
    %pushi/vec4 1, 0, 1;
    %store/vec4 v0x7fc56b766870_0, 0, 1;
    %delay 20000000, 0;
    %pushi/vec4 4, 0, 64;
    %store/vec4 v0x7fc56b7667e0_0, 0, 64;
    %pushi/vec4 1, 0, 1;
    %store/vec4 v0x7fc56b766870_0, 0, 1;
    %delay 20000000, 0;
    %pushi/vec4 5, 0, 64;
    %store/vec4 v0x7fc56b7667e0_0, 0, 64;
    %pushi/vec4 1, 0, 1;
    %store/vec4 v0x7fc56b766870_0, 0, 1;
    %delay 20000000, 0;
    %pushi/vec4 0, 0, 1;
    %store/vec4 v0x7fc56b766870_0, 0, 1;
    %delay 40000000, 0;
    %pushi/vec4 6, 0, 64;
    %store/vec4 v0x7fc56b7667e0_0, 0, 64;
    %pushi/vec4 1, 0, 1;
    %store/vec4 v0x7fc56b766870_0, 0, 1;
    %delay 20000000, 0;
    %pushi/vec4 0, 0, 1;
    %store/vec4 v0x7fc56b766870_0, 0, 1;
    %delay 20000000, 0;
    %pushi/vec4 7, 0, 64;
    %store/vec4 v0x7fc56b7667e0_0, 0, 64;
    %pushi/vec4 1, 0, 1;
    %store/vec4 v0x7fc56b766870_0, 0, 1;
    %delay 20000000, 0;
    %pushi/vec4 0, 0, 1;
    %store/vec4 v0x7fc56b766870_0, 0, 1;
    %delay 100000000, 0;
    %pushi/vec4 8, 0, 64;
    %store/vec4 v0x7fc56b7667e0_0, 0, 64;
    %pushi/vec4 1, 0, 1;
    %store/vec4 v0x7fc56b766870_0, 0, 1;
    %delay 20000000, 0;
    %pushi/vec4 0, 0, 1;
    %store/vec4 v0x7fc56b766870_0, 0, 1;
    %delay 40000000, 0;
    %pushi/vec4 9, 0, 64;
    %store/vec4 v0x7fc56b7667e0_0, 0, 64;
    %pushi/vec4 1, 0, 1;
    %store/vec4 v0x7fc56b766870_0, 0, 1;
    %delay 20000000, 0;
    %pushi/vec4 10, 0, 64;
    %store/vec4 v0x7fc56b7667e0_0, 0, 64;
    %pushi/vec4 1, 0, 1;
    %store/vec4 v0x7fc56b766870_0, 0, 1;
    %delay 20000000, 0;
    %pushi/vec4 11, 0, 64;
    %store/vec4 v0x7fc56b7667e0_0, 0, 64;
    %pushi/vec4 1, 0, 1;
    %store/vec4 v0x7fc56b766870_0, 0, 1;
    %delay 20000000, 0;
    %pushi/vec4 12, 0, 64;
    %store/vec4 v0x7fc56b7667e0_0, 0, 64;
    %pushi/vec4 1, 0, 1;
    %store/vec4 v0x7fc56b766870_0, 0, 1;
    %delay 20000000, 0;
    %pushi/vec4 13, 0, 64;
    %store/vec4 v0x7fc56b7667e0_0, 0, 64;
    %pushi/vec4 1, 0, 1;
    %store/vec4 v0x7fc56b766870_0, 0, 1;
    %delay 20000000, 0;
    %pushi/vec4 14, 0, 64;
    %store/vec4 v0x7fc56b7667e0_0, 0, 64;
    %pushi/vec4 1, 0, 1;
    %store/vec4 v0x7fc56b766870_0, 0, 1;
    %delay 20000000, 0;
    %pushi/vec4 15, 0, 64;
    %store/vec4 v0x7fc56b7667e0_0, 0, 64;
    %pushi/vec4 1, 0, 1;
    %store/vec4 v0x7fc56b766870_0, 0, 1;
    %delay 20000000, 0;
    %pushi/vec4 16, 0, 64;
    %store/vec4 v0x7fc56b7667e0_0, 0, 64;
    %pushi/vec4 1, 0, 1;
    %store/vec4 v0x7fc56b766870_0, 0, 1;
    %delay 20000000, 0;
    %pushi/vec4 0, 0, 1;
    %store/vec4 v0x7fc56b766870_0, 0, 1;
    %delay 100000000, 0;
    %pushi/vec4 17, 0, 64;
    %store/vec4 v0x7fc56b7667e0_0, 0, 64;
    %pushi/vec4 1, 0, 1;
    %store/vec4 v0x7fc56b766870_0, 0, 1;
    %delay 20000000, 0;
    %pushi/vec4 18, 0, 64;
    %store/vec4 v0x7fc56b7667e0_0, 0, 64;
    %pushi/vec4 1, 0, 1;
    %store/vec4 v0x7fc56b766870_0, 0, 1;
    %delay 20000000, 0;
    %pushi/vec4 0, 0, 1;
    %store/vec4 v0x7fc56b766870_0, 0, 1;
    %delay 400000000, 0;
    %vpi_call 2 132 "$finish" {0 0 0};
    %end;
    .thread T_25;
# The file index is used to find the file name in the following table.
:file_names 4;
    "N/A";
    "<interactive>";
    "testbench.v";
    "./verilog/Pipeline1.topEntity/topEntity.v";
