#! /usr/local/Cellar/icarus-verilog/12.0/bin/vvp
:ivl_version "12.0 (stable)";
:ivl_delay_selection "TYPICAL";
:vpi_time_precision - 13;
:vpi_module "/usr/local/Cellar/icarus-verilog/12.0/lib/ivl/system.vpi";
:vpi_module "/usr/local/Cellar/icarus-verilog/12.0/lib/ivl/vhdl_sys.vpi";
:vpi_module "/usr/local/Cellar/icarus-verilog/12.0/lib/ivl/vhdl_textio.vpi";
:vpi_module "/usr/local/Cellar/icarus-verilog/12.0/lib/ivl/v2005_math.vpi";
:vpi_module "/usr/local/Cellar/icarus-verilog/12.0/lib/ivl/va_math.vpi";
S_0x7f9e8540b440 .scope module, "testbench" "testbench" 2 2;
 .timescale -6 -9;
v0x7f9e8543a960_0 .var "clk", 0 0;
v0x7f9e8543a9f0_0 .net "clk1", 0 0, L_0x7f9e8543cf60;  1 drivers
v0x7f9e8543aa80_0 .net "clk2", 0 0, L_0x7f9e8543d160;  1 drivers
v0x7f9e8543ab10_0 .net "clk3", 0 0, L_0x7f9e8543cda0;  1 drivers
v0x7f9e8543aba0_0 .net "clk4", 0 0, L_0x7f9e8543d3f0;  1 drivers
v0x7f9e8543ac70_0 .net "clk5", 0 0, L_0x7f9e8543d080;  1 drivers
v0x7f9e8543ad20_0 .var "en", 0 0;
v0x7f9e8543add0_0 .var "rst", 0 0;
S_0x7f9e8540b5b0 .scope module, "monitor" "topEntity" 2 13, 3 5 0, S_0x7f9e8540b440;
 .timescale -13 -13;
    .port_info 0 /INPUT 1 "eta";
    .port_info 1 /INPUT 1 "eta1";
    .port_info 2 /INPUT 1 "eta2";
    .port_info 3 /OUTPUT 1 "result_0";
    .port_info 4 /OUTPUT 1 "result_1";
    .port_info 5 /OUTPUT 1 "result_2";
    .port_info 6 /OUTPUT 1 "result_3";
    .port_info 7 /OUTPUT 1 "result_4";
L_0x7f9e85163008 .functor BUFT 1, C4<0000000000000000000000000000000000000000000000000000000000000000>, C4<0>, C4<0>, C4<0>;
v0x7f9e854276e0_0 .net/2s *"_ivl_0", 63 0, L_0x7f9e85163008;  1 drivers
L_0x7f9e851630e0 .functor BUFT 1, C4<0000000000000000000000000000000000000000000000000000000000000000>, C4<0>, C4<0>, C4<0>;
v0x7f9e85437800_0 .net/2s *"_ivl_10", 63 0, L_0x7f9e851630e0;  1 drivers
L_0x7f9e851637e8 .functor BUFT 1, C4<0000000000000000000000000000000000000000000000000000000000000001>, C4<0>, C4<0>, C4<0>;
v0x7f9e854378a0_0 .net/2s *"_ivl_102", 63 0, L_0x7f9e851637e8;  1 drivers
L_0x7f9e85163830 .functor BUFT 1, C4<0000000000000000000000000000000000000000000000000000000000000000>, C4<0>, C4<0>, C4<0>;
v0x7f9e85437930_0 .net/2s *"_ivl_106", 63 0, L_0x7f9e85163830;  1 drivers
L_0x7f9e85163128 .functor BUFT 1, C4<0000000000000000000000000000000000000000000000000000000000000001>, C4<0>, C4<0>, C4<0>;
v0x7f9e854379e0_0 .net/2s *"_ivl_14", 63 0, L_0x7f9e85163128;  1 drivers
L_0x7f9e85163170 .functor BUFT 1, C4<0000000000000000000000000000000000000000000000000000000000000000>, C4<0>, C4<0>, C4<0>;
v0x7f9e85437ad0_0 .net/2s *"_ivl_18", 63 0, L_0x7f9e85163170;  1 drivers
L_0x7f9e851631b8 .functor BUFT 1, C4<0000000000000000000000000000000000000000000000000000000000000011>, C4<0>, C4<0>, C4<0>;
v0x7f9e85437b80_0 .net/2s *"_ivl_22", 63 0, L_0x7f9e851631b8;  1 drivers
L_0x7f9e85163200 .functor BUFT 1, C4<1>, C4<0>, C4<0>, C4<0>;
v0x7f9e85437c30_0 .net/2u *"_ivl_26", 0 0, L_0x7f9e85163200;  1 drivers
L_0x7f9e85163248 .functor BUFT 1, C4<0>, C4<0>, C4<0>, C4<0>;
v0x7f9e85437ce0_0 .net/2u *"_ivl_28", 0 0, L_0x7f9e85163248;  1 drivers
L_0x7f9e85163290 .functor BUFT 1, C4<0000000000000000000000000000000000000000000000000000000000000101>, C4<0>, C4<0>, C4<0>;
v0x7f9e85437df0_0 .net/2s *"_ivl_32", 63 0, L_0x7f9e85163290;  1 drivers
L_0x7f9e851632d8 .functor BUFT 1, C4<0000000000000000000000000000000000000000000000000000000000000001>, C4<0>, C4<0>, C4<0>;
v0x7f9e85437ea0_0 .net/2s *"_ivl_36", 63 0, L_0x7f9e851632d8;  1 drivers
L_0x7f9e85163050 .functor BUFT 1, C4<1>, C4<0>, C4<0>, C4<0>;
v0x7f9e85437f50_0 .net/2u *"_ivl_4", 0 0, L_0x7f9e85163050;  1 drivers
L_0x7f9e85163320 .functor BUFT 1, C4<0000000000000000000000000000000000000000000000000000000000000000>, C4<0>, C4<0>, C4<0>;
v0x7f9e85438000_0 .net/2s *"_ivl_40", 63 0, L_0x7f9e85163320;  1 drivers
L_0x7f9e85163368 .functor BUFT 1, C4<0000000000000000000000000000000000000000000000000000000000000010>, C4<0>, C4<0>, C4<0>;
v0x7f9e854380b0_0 .net/2s *"_ivl_44", 63 0, L_0x7f9e85163368;  1 drivers
L_0x7f9e851633b0 .functor BUFT 1, C4<1>, C4<0>, C4<0>, C4<0>;
v0x7f9e85438160_0 .net/2u *"_ivl_48", 0 0, L_0x7f9e851633b0;  1 drivers
L_0x7f9e851633f8 .functor BUFT 1, C4<0>, C4<0>, C4<0>, C4<0>;
v0x7f9e85438210_0 .net/2u *"_ivl_50", 0 0, L_0x7f9e851633f8;  1 drivers
L_0x7f9e85163440 .functor BUFT 1, C4<0000000000000000000000000000000000000000000000000000000000000100>, C4<0>, C4<0>, C4<0>;
v0x7f9e854382c0_0 .net/2s *"_ivl_54", 63 0, L_0x7f9e85163440;  1 drivers
L_0x7f9e85163488 .functor BUFT 1, C4<0000000000000000000000000000000000000000000000000000000000000001>, C4<0>, C4<0>, C4<0>;
v0x7f9e85438450_0 .net/2s *"_ivl_58", 63 0, L_0x7f9e85163488;  1 drivers
L_0x7f9e85163098 .functor BUFT 1, C4<0>, C4<0>, C4<0>, C4<0>;
v0x7f9e854384e0_0 .net/2u *"_ivl_6", 0 0, L_0x7f9e85163098;  1 drivers
L_0x7f9e851634d0 .functor BUFT 1, C4<0000000000000000000000000000000000000000000000000000000000000000>, C4<0>, C4<0>, C4<0>;
v0x7f9e85438590_0 .net/2s *"_ivl_62", 63 0, L_0x7f9e851634d0;  1 drivers
L_0x7f9e85163518 .functor BUFT 1, C4<0000000000000000000000000000000000000000000000000000000000000001>, C4<0>, C4<0>, C4<0>;
v0x7f9e85438640_0 .net/2s *"_ivl_66", 63 0, L_0x7f9e85163518;  1 drivers
L_0x7f9e85163560 .functor BUFT 1, C4<1>, C4<0>, C4<0>, C4<0>;
v0x7f9e854386f0_0 .net/2u *"_ivl_70", 0 0, L_0x7f9e85163560;  1 drivers
L_0x7f9e851635a8 .functor BUFT 1, C4<0>, C4<0>, C4<0>, C4<0>;
v0x7f9e854387a0_0 .net/2u *"_ivl_72", 0 0, L_0x7f9e851635a8;  1 drivers
L_0x7f9e851635f0 .functor BUFT 1, C4<0000000000000000000000000000000000000000000000000000000000000001>, C4<0>, C4<0>, C4<0>;
v0x7f9e85438850_0 .net/2s *"_ivl_76", 63 0, L_0x7f9e851635f0;  1 drivers
L_0x7f9e85163638 .functor BUFT 1, C4<0000000000000000000000000000000000000000000000000000000000000001>, C4<0>, C4<0>, C4<0>;
v0x7f9e85438900_0 .net/2s *"_ivl_80", 63 0, L_0x7f9e85163638;  1 drivers
L_0x7f9e85163680 .functor BUFT 1, C4<0000000000000000000000000000000000000000000000000000000000000000>, C4<0>, C4<0>, C4<0>;
v0x7f9e854389b0_0 .net/2s *"_ivl_84", 63 0, L_0x7f9e85163680;  1 drivers
L_0x7f9e851636c8 .functor BUFT 1, C4<0000000000000000000000000000000000000000000000000000000000000010>, C4<0>, C4<0>, C4<0>;
v0x7f9e85438a60_0 .net/2s *"_ivl_88", 63 0, L_0x7f9e851636c8;  1 drivers
L_0x7f9e85163710 .functor BUFT 1, C4<1>, C4<0>, C4<0>, C4<0>;
v0x7f9e85438b10_0 .net/2u *"_ivl_92", 0 0, L_0x7f9e85163710;  1 drivers
L_0x7f9e85163758 .functor BUFT 1, C4<0>, C4<0>, C4<0>, C4<0>;
v0x7f9e85438bc0_0 .net/2u *"_ivl_94", 0 0, L_0x7f9e85163758;  1 drivers
L_0x7f9e851637a0 .functor BUFT 1, C4<0000000000000000000000000000000000000000000000000000000000000011>, C4<0>, C4<0>, C4<0>;
v0x7f9e85438c70_0 .net/2s *"_ivl_98", 63 0, L_0x7f9e851637a0;  1 drivers
v0x7f9e85438d20_0 .net "b", 0 0, L_0x7f9e8543aef0;  1 drivers
v0x7f9e85438dc0_0 .net "b_0", 0 0, L_0x7f9e8543b1d0;  1 drivers
v0x7f9e85438e60_0 .net "b_1", 0 0, L_0x7f9e8543b5c0;  1 drivers
v0x7f9e85438360_0 .net "b_2", 0 0, L_0x7f9e8543b880;  1 drivers
v0x7f9e854390f0_0 .net "b_3", 0 0, L_0x7f9e8543bc10;  1 drivers
v0x7f9e85439180_0 .net "b_4", 0 0, L_0x7f9e8543be70;  1 drivers
v0x7f9e85439210_0 .net "b_5", 0 0, L_0x7f9e8543c2c0;  1 drivers
v0x7f9e854392a0_0 .net "b_6", 0 0, L_0x7f9e8543c4d0;  1 drivers
v0x7f9e85439330_0 .net "b_7", 0 0, L_0x7f9e8543c870;  1 drivers
v0x7f9e854393c0_0 .net "b_8", 0 0, L_0x7f9e8543cac0;  1 drivers
v0x7f9e85439460_0 .net "eta", 0 0, v0x7f9e8543a960_0;  1 drivers
v0x7f9e85439500_0 .net "eta1", 0 0, v0x7f9e8543add0_0;  1 drivers
v0x7f9e854395a0_0 .net "eta2", 0 0, v0x7f9e8543ad20_0;  1 drivers
v0x7f9e85439640_0 .net "result", 4 0, L_0x7f9e8543ce70;  1 drivers
v0x7f9e854396f0_0 .net "result_0", 0 0, L_0x7f9e8543cf60;  alias, 1 drivers
v0x7f9e85439790_0 .net "result_1", 0 0, L_0x7f9e8543d160;  alias, 1 drivers
v0x7f9e85439830_0 .net "result_10", 0 0, L_0x7f9e8543b050;  1 drivers
v0x7f9e854398d0_0 .net/s "result_11", 63 0, L_0x7f9e8543b430;  1 drivers
v0x7f9e85439980_0 .var/s "result_12", 63 0;
v0x7f9e85439a30_0 .var "result_13", 0 0;
v0x7f9e85439ad0_0 .net "result_14", 0 0, L_0x7f9e8543b700;  1 drivers
v0x7f9e85439b70_0 .net/s "result_15", 63 0, L_0x7f9e8543baf0;  1 drivers
v0x7f9e85439c20_0 .var/s "result_16", 63 0;
v0x7f9e85439cd0_0 .var "result_17", 0 0;
v0x7f9e85439d70_0 .net "result_18", 0 0, L_0x7f9e8543bd50;  1 drivers
v0x7f9e85439e10_0 .net/s "result_19", 63 0, L_0x7f9e8543c1a0;  1 drivers
v0x7f9e85439ec0_0 .net "result_2", 0 0, L_0x7f9e8543cda0;  alias, 1 drivers
v0x7f9e85439f60_0 .var/s "result_20", 63 0;
v0x7f9e8543a010_0 .var "result_21", 0 0;
v0x7f9e8543a0b0_0 .net "result_22", 0 0, L_0x7f9e8543c3a0;  1 drivers
v0x7f9e8543a150_0 .net/s "result_23", 63 0, L_0x7f9e8543c790;  1 drivers
v0x7f9e8543a200_0 .var/s "result_24", 63 0;
v0x7f9e8543a2b0_0 .var "result_25", 0 0;
v0x7f9e8543a350_0 .net "result_26", 0 0, L_0x7f9e8543c6f0;  1 drivers
v0x7f9e8543a3f0_0 .net/s "result_27", 63 0, L_0x7f9e8543cd00;  1 drivers
v0x7f9e85438f10_0 .var/s "result_28", 63 0;
v0x7f9e85438fc0_0 .var "result_29", 0 0;
v0x7f9e85439060_0 .net "result_3", 0 0, L_0x7f9e8543d3f0;  alias, 1 drivers
v0x7f9e8543a490_0 .net "result_4", 0 0, L_0x7f9e8543d080;  alias, 1 drivers
v0x7f9e8543a530_0 .net/s "t", 63 0, L_0x7f9e8543b330;  1 drivers
v0x7f9e8543a5e0_0 .net/s "t_0", 63 0, L_0x7f9e8543b9a0;  1 drivers
v0x7f9e8543a690_0 .net/s "t_1", 63 0, L_0x7f9e8543c100;  1 drivers
v0x7f9e8543a740_0 .net/s "t_2", 63 0, L_0x7f9e8543c5f0;  1 drivers
v0x7f9e8543a7f0_0 .net/s "t_3", 63 0, L_0x7f9e8543c950;  1 drivers
E_0x7f9e85424a40 .event posedge, v0x7f9e85439500_0, v0x7f9e85439460_0;
L_0x7f9e8543aef0 .cmp/gt.s 64, L_0x7f9e85163008, v0x7f9e85439980_0;
L_0x7f9e8543b050 .functor MUXZ 1, L_0x7f9e85163098, L_0x7f9e85163050, L_0x7f9e8543aef0, C4<>;
L_0x7f9e8543b1d0 .cmp/gt.s 64, L_0x7f9e851630e0, v0x7f9e85439980_0;
L_0x7f9e8543b330 .arith/sum 64, v0x7f9e85439980_0, L_0x7f9e85163128;
L_0x7f9e8543b430 .functor MUXZ 64, L_0x7f9e85163170, L_0x7f9e8543b330, L_0x7f9e8543b1d0, C4<>;
L_0x7f9e8543b5c0 .cmp/gt.s 64, L_0x7f9e851631b8, v0x7f9e85439c20_0;
L_0x7f9e8543b700 .functor MUXZ 1, L_0x7f9e85163248, L_0x7f9e85163200, L_0x7f9e8543b5c0, C4<>;
L_0x7f9e8543b880 .cmp/gt.s 64, L_0x7f9e85163290, v0x7f9e85439c20_0;
L_0x7f9e8543b9a0 .arith/sum 64, v0x7f9e85439c20_0, L_0x7f9e851632d8;
L_0x7f9e8543baf0 .functor MUXZ 64, L_0x7f9e85163320, L_0x7f9e8543b9a0, L_0x7f9e8543b880, C4<>;
L_0x7f9e8543bc10 .cmp/gt.s 64, L_0x7f9e85163368, v0x7f9e85439f60_0;
L_0x7f9e8543bd50 .functor MUXZ 1, L_0x7f9e851633f8, L_0x7f9e851633b0, L_0x7f9e8543bc10, C4<>;
L_0x7f9e8543be70 .cmp/gt.s 64, L_0x7f9e85163440, v0x7f9e85439f60_0;
L_0x7f9e8543c100 .arith/sum 64, v0x7f9e85439f60_0, L_0x7f9e85163488;
L_0x7f9e8543c1a0 .functor MUXZ 64, L_0x7f9e851634d0, L_0x7f9e8543c100, L_0x7f9e8543be70, C4<>;
L_0x7f9e8543c2c0 .cmp/gt.s 64, L_0x7f9e85163518, v0x7f9e8543a200_0;
L_0x7f9e8543c3a0 .functor MUXZ 1, L_0x7f9e851635a8, L_0x7f9e85163560, L_0x7f9e8543c2c0, C4<>;
L_0x7f9e8543c4d0 .cmp/gt.s 64, L_0x7f9e851635f0, v0x7f9e8543a200_0;
L_0x7f9e8543c5f0 .arith/sum 64, v0x7f9e8543a200_0, L_0x7f9e85163638;
L_0x7f9e8543c790 .functor MUXZ 64, L_0x7f9e85163680, L_0x7f9e8543c5f0, L_0x7f9e8543c4d0, C4<>;
L_0x7f9e8543c870 .cmp/gt.s 64, L_0x7f9e851636c8, v0x7f9e85438f10_0;
L_0x7f9e8543c6f0 .functor MUXZ 1, L_0x7f9e85163758, L_0x7f9e85163710, L_0x7f9e8543c870, C4<>;
L_0x7f9e8543cac0 .cmp/gt.s 64, L_0x7f9e851637a0, v0x7f9e85438f10_0;
L_0x7f9e8543c950 .arith/sum 64, v0x7f9e85438f10_0, L_0x7f9e851637e8;
L_0x7f9e8543cd00 .functor MUXZ 64, L_0x7f9e85163830, L_0x7f9e8543c950, L_0x7f9e8543cac0, C4<>;
LS_0x7f9e8543ce70_0_0 .concat [ 1 1 1 1], v0x7f9e85439a30_0, v0x7f9e85439cd0_0, v0x7f9e8543a010_0, v0x7f9e8543a2b0_0;
LS_0x7f9e8543ce70_0_4 .concat [ 1 0 0 0], v0x7f9e85438fc0_0;
L_0x7f9e8543ce70 .concat [ 4 1 0 0], LS_0x7f9e8543ce70_0_0, LS_0x7f9e8543ce70_0_4;
L_0x7f9e8543cf60 .part L_0x7f9e8543ce70, 4, 1;
L_0x7f9e8543d160 .part L_0x7f9e8543ce70, 3, 1;
L_0x7f9e8543cda0 .part L_0x7f9e8543ce70, 2, 1;
L_0x7f9e8543d3f0 .part L_0x7f9e8543ce70, 1, 1;
L_0x7f9e8543d080 .part L_0x7f9e8543ce70, 0, 1;
S_0x7f9e8542ac50 .scope begin, "result_12_register" "result_12_register" 3 81, 3 81 0, S_0x7f9e8540b5b0;
 .timescale -13 -13;
S_0x7f9e8542adc0 .scope begin, "result_13_register" "result_13_register" 3 91, 3 91 0, S_0x7f9e8540b5b0;
 .timescale -13 -13;
S_0x7f9e8542af30 .scope begin, "result_16_register" "result_16_register" 3 111, 3 111 0, S_0x7f9e8540b5b0;
 .timescale -13 -13;
S_0x7f9e8542b0a0 .scope begin, "result_17_register" "result_17_register" 3 121, 3 121 0, S_0x7f9e8540b5b0;
 .timescale -13 -13;
S_0x7f9e8542b210 .scope begin, "result_20_register" "result_20_register" 3 141, 3 141 0, S_0x7f9e8540b5b0;
 .timescale -13 -13;
S_0x7f9e8542b380 .scope begin, "result_21_register" "result_21_register" 3 151, 3 151 0, S_0x7f9e8540b5b0;
 .timescale -13 -13;
S_0x7f9e8542b4f0 .scope begin, "result_24_register" "result_24_register" 3 171, 3 171 0, S_0x7f9e8540b5b0;
 .timescale -13 -13;
S_0x7f9e8542b660 .scope begin, "result_25_register" "result_25_register" 3 181, 3 181 0, S_0x7f9e8540b5b0;
 .timescale -13 -13;
S_0x7f9e8542b7d0 .scope begin, "result_28_register" "result_28_register" 3 201, 3 201 0, S_0x7f9e8540b5b0;
 .timescale -13 -13;
S_0x7f9e8542b940 .scope begin, "result_29_register" "result_29_register" 3 211, 3 211 0, S_0x7f9e8540b5b0;
 .timescale -13 -13;
    .scope S_0x7f9e8540b5b0;
T_0 ;
    %pushi/vec4 0, 0, 64;
    %store/vec4 v0x7f9e85439980_0, 0, 64;
    %pushi/vec4 0, 0, 1;
    %store/vec4 v0x7f9e85439a30_0, 0, 1;
    %pushi/vec4 0, 0, 64;
    %store/vec4 v0x7f9e85439c20_0, 0, 64;
    %pushi/vec4 0, 0, 1;
    %store/vec4 v0x7f9e85439cd0_0, 0, 1;
    %pushi/vec4 0, 0, 64;
    %store/vec4 v0x7f9e85439f60_0, 0, 64;
    %pushi/vec4 0, 0, 1;
    %store/vec4 v0x7f9e8543a010_0, 0, 1;
    %pushi/vec4 0, 0, 64;
    %store/vec4 v0x7f9e8543a200_0, 0, 64;
    %pushi/vec4 0, 0, 1;
    %store/vec4 v0x7f9e8543a2b0_0, 0, 1;
    %pushi/vec4 0, 0, 64;
    %store/vec4 v0x7f9e85438f10_0, 0, 64;
    %pushi/vec4 0, 0, 1;
    %store/vec4 v0x7f9e85438fc0_0, 0, 1;
    %end;
    .thread T_0;
    .scope S_0x7f9e8540b5b0;
T_1 ;
    %wait E_0x7f9e85424a40;
    %fork t_1, S_0x7f9e8542ac50;
    %jmp t_0;
    .scope S_0x7f9e8542ac50;
t_1 ;
    %load/vec4 v0x7f9e85439500_0;
    %flag_set/vec4 8;
    %jmp/0xz  T_1.0, 8;
    %pushi/vec4 0, 0, 64;
    %assign/vec4 v0x7f9e85439980_0, 0;
    %jmp T_1.1;
T_1.0 ;
    %load/vec4 v0x7f9e854395a0_0;
    %flag_set/vec4 8;
    %jmp/0xz  T_1.2, 8;
    %load/vec4 v0x7f9e854398d0_0;
    %assign/vec4 v0x7f9e85439980_0, 0;
T_1.2 ;
T_1.1 ;
    %end;
    .scope S_0x7f9e8540b5b0;
t_0 %join;
    %jmp T_1;
    .thread T_1;
    .scope S_0x7f9e8540b5b0;
T_2 ;
    %wait E_0x7f9e85424a40;
    %fork t_3, S_0x7f9e8542adc0;
    %jmp t_2;
    .scope S_0x7f9e8542adc0;
t_3 ;
    %load/vec4 v0x7f9e85439500_0;
    %flag_set/vec4 8;
    %jmp/0xz  T_2.0, 8;
    %pushi/vec4 0, 0, 1;
    %assign/vec4 v0x7f9e85439a30_0, 0;
    %jmp T_2.1;
T_2.0 ;
    %load/vec4 v0x7f9e854395a0_0;
    %flag_set/vec4 8;
    %jmp/0xz  T_2.2, 8;
    %load/vec4 v0x7f9e85439830_0;
    %assign/vec4 v0x7f9e85439a30_0, 0;
T_2.2 ;
T_2.1 ;
    %end;
    .scope S_0x7f9e8540b5b0;
t_2 %join;
    %jmp T_2;
    .thread T_2;
    .scope S_0x7f9e8540b5b0;
T_3 ;
    %wait E_0x7f9e85424a40;
    %fork t_5, S_0x7f9e8542af30;
    %jmp t_4;
    .scope S_0x7f9e8542af30;
t_5 ;
    %load/vec4 v0x7f9e85439500_0;
    %flag_set/vec4 8;
    %jmp/0xz  T_3.0, 8;
    %pushi/vec4 0, 0, 64;
    %assign/vec4 v0x7f9e85439c20_0, 0;
    %jmp T_3.1;
T_3.0 ;
    %load/vec4 v0x7f9e854395a0_0;
    %flag_set/vec4 8;
    %jmp/0xz  T_3.2, 8;
    %load/vec4 v0x7f9e85439b70_0;
    %assign/vec4 v0x7f9e85439c20_0, 0;
T_3.2 ;
T_3.1 ;
    %end;
    .scope S_0x7f9e8540b5b0;
t_4 %join;
    %jmp T_3;
    .thread T_3;
    .scope S_0x7f9e8540b5b0;
T_4 ;
    %wait E_0x7f9e85424a40;
    %fork t_7, S_0x7f9e8542b0a0;
    %jmp t_6;
    .scope S_0x7f9e8542b0a0;
t_7 ;
    %load/vec4 v0x7f9e85439500_0;
    %flag_set/vec4 8;
    %jmp/0xz  T_4.0, 8;
    %pushi/vec4 0, 0, 1;
    %assign/vec4 v0x7f9e85439cd0_0, 0;
    %jmp T_4.1;
T_4.0 ;
    %load/vec4 v0x7f9e854395a0_0;
    %flag_set/vec4 8;
    %jmp/0xz  T_4.2, 8;
    %load/vec4 v0x7f9e85439ad0_0;
    %assign/vec4 v0x7f9e85439cd0_0, 0;
T_4.2 ;
T_4.1 ;
    %end;
    .scope S_0x7f9e8540b5b0;
t_6 %join;
    %jmp T_4;
    .thread T_4;
    .scope S_0x7f9e8540b5b0;
T_5 ;
    %wait E_0x7f9e85424a40;
    %fork t_9, S_0x7f9e8542b210;
    %jmp t_8;
    .scope S_0x7f9e8542b210;
t_9 ;
    %load/vec4 v0x7f9e85439500_0;
    %flag_set/vec4 8;
    %jmp/0xz  T_5.0, 8;
    %pushi/vec4 0, 0, 64;
    %assign/vec4 v0x7f9e85439f60_0, 0;
    %jmp T_5.1;
T_5.0 ;
    %load/vec4 v0x7f9e854395a0_0;
    %flag_set/vec4 8;
    %jmp/0xz  T_5.2, 8;
    %load/vec4 v0x7f9e85439e10_0;
    %assign/vec4 v0x7f9e85439f60_0, 0;
T_5.2 ;
T_5.1 ;
    %end;
    .scope S_0x7f9e8540b5b0;
t_8 %join;
    %jmp T_5;
    .thread T_5;
    .scope S_0x7f9e8540b5b0;
T_6 ;
    %wait E_0x7f9e85424a40;
    %fork t_11, S_0x7f9e8542b380;
    %jmp t_10;
    .scope S_0x7f9e8542b380;
t_11 ;
    %load/vec4 v0x7f9e85439500_0;
    %flag_set/vec4 8;
    %jmp/0xz  T_6.0, 8;
    %pushi/vec4 0, 0, 1;
    %assign/vec4 v0x7f9e8543a010_0, 0;
    %jmp T_6.1;
T_6.0 ;
    %load/vec4 v0x7f9e854395a0_0;
    %flag_set/vec4 8;
    %jmp/0xz  T_6.2, 8;
    %load/vec4 v0x7f9e85439d70_0;
    %assign/vec4 v0x7f9e8543a010_0, 0;
T_6.2 ;
T_6.1 ;
    %end;
    .scope S_0x7f9e8540b5b0;
t_10 %join;
    %jmp T_6;
    .thread T_6;
    .scope S_0x7f9e8540b5b0;
T_7 ;
    %wait E_0x7f9e85424a40;
    %fork t_13, S_0x7f9e8542b4f0;
    %jmp t_12;
    .scope S_0x7f9e8542b4f0;
t_13 ;
    %load/vec4 v0x7f9e85439500_0;
    %flag_set/vec4 8;
    %jmp/0xz  T_7.0, 8;
    %pushi/vec4 0, 0, 64;
    %assign/vec4 v0x7f9e8543a200_0, 0;
    %jmp T_7.1;
T_7.0 ;
    %load/vec4 v0x7f9e854395a0_0;
    %flag_set/vec4 8;
    %jmp/0xz  T_7.2, 8;
    %load/vec4 v0x7f9e8543a150_0;
    %assign/vec4 v0x7f9e8543a200_0, 0;
T_7.2 ;
T_7.1 ;
    %end;
    .scope S_0x7f9e8540b5b0;
t_12 %join;
    %jmp T_7;
    .thread T_7;
    .scope S_0x7f9e8540b5b0;
T_8 ;
    %wait E_0x7f9e85424a40;
    %fork t_15, S_0x7f9e8542b660;
    %jmp t_14;
    .scope S_0x7f9e8542b660;
t_15 ;
    %load/vec4 v0x7f9e85439500_0;
    %flag_set/vec4 8;
    %jmp/0xz  T_8.0, 8;
    %pushi/vec4 0, 0, 1;
    %assign/vec4 v0x7f9e8543a2b0_0, 0;
    %jmp T_8.1;
T_8.0 ;
    %load/vec4 v0x7f9e854395a0_0;
    %flag_set/vec4 8;
    %jmp/0xz  T_8.2, 8;
    %load/vec4 v0x7f9e8543a0b0_0;
    %assign/vec4 v0x7f9e8543a2b0_0, 0;
T_8.2 ;
T_8.1 ;
    %end;
    .scope S_0x7f9e8540b5b0;
t_14 %join;
    %jmp T_8;
    .thread T_8;
    .scope S_0x7f9e8540b5b0;
T_9 ;
    %wait E_0x7f9e85424a40;
    %fork t_17, S_0x7f9e8542b7d0;
    %jmp t_16;
    .scope S_0x7f9e8542b7d0;
t_17 ;
    %load/vec4 v0x7f9e85439500_0;
    %flag_set/vec4 8;
    %jmp/0xz  T_9.0, 8;
    %pushi/vec4 0, 0, 64;
    %assign/vec4 v0x7f9e85438f10_0, 0;
    %jmp T_9.1;
T_9.0 ;
    %load/vec4 v0x7f9e854395a0_0;
    %flag_set/vec4 8;
    %jmp/0xz  T_9.2, 8;
    %load/vec4 v0x7f9e8543a3f0_0;
    %assign/vec4 v0x7f9e85438f10_0, 0;
T_9.2 ;
T_9.1 ;
    %end;
    .scope S_0x7f9e8540b5b0;
t_16 %join;
    %jmp T_9;
    .thread T_9;
    .scope S_0x7f9e8540b5b0;
T_10 ;
    %wait E_0x7f9e85424a40;
    %fork t_19, S_0x7f9e8542b940;
    %jmp t_18;
    .scope S_0x7f9e8542b940;
t_19 ;
    %load/vec4 v0x7f9e85439500_0;
    %flag_set/vec4 8;
    %jmp/0xz  T_10.0, 8;
    %pushi/vec4 0, 0, 1;
    %assign/vec4 v0x7f9e85438fc0_0, 0;
    %jmp T_10.1;
T_10.0 ;
    %load/vec4 v0x7f9e854395a0_0;
    %flag_set/vec4 8;
    %jmp/0xz  T_10.2, 8;
    %load/vec4 v0x7f9e8543a350_0;
    %assign/vec4 v0x7f9e85438fc0_0, 0;
T_10.2 ;
T_10.1 ;
    %end;
    .scope S_0x7f9e8540b5b0;
t_18 %join;
    %jmp T_10;
    .thread T_10;
    .scope S_0x7f9e8540b440;
T_11 ;
    %delay 50000, 0;
    %load/vec4 v0x7f9e8543a960_0;
    %inv;
    %store/vec4 v0x7f9e8543a960_0, 0, 1;
    %jmp T_11;
    .thread T_11;
    .scope S_0x7f9e8540b440;
T_12 ;
    %vpi_call 2 23 "$printtimescale", S_0x7f9e8540b440 {0 0 0};
    %vpi_call 2 24 "$dumpvars", 32'sb00000000000000000000000000000000, S_0x7f9e8540b440 {0 0 0};
    %end;
    .thread T_12;
    .scope S_0x7f9e8540b440;
T_13 ;
    %pushi/vec4 0, 0, 1;
    %store/vec4 v0x7f9e8543a960_0, 0, 1;
    %pushi/vec4 0, 0, 1;
    %store/vec4 v0x7f9e8543add0_0, 0, 1;
    %pushi/vec4 1, 0, 1;
    %store/vec4 v0x7f9e8543ad20_0, 0, 1;
    %delay 1000000000, 0;
    %vpi_call 2 34 "$finish" {0 0 0};
    %end;
    .thread T_13;
# The file index is used to find the file name in the following table.
:file_names 4;
    "N/A";
    "<interactive>";
    "testbench.v";
    "./verilog/ClockDivider.topEntity/topEntity.v";
