#! /usr/local/Cellar/icarus-verilog/12.0/bin/vvp
:ivl_version "12.0 (stable)";
:ivl_delay_selection "TYPICAL";
:vpi_time_precision - 13;
:vpi_module "/usr/local/Cellar/icarus-verilog/12.0/lib/ivl/system.vpi";
:vpi_module "/usr/local/Cellar/icarus-verilog/12.0/lib/ivl/vhdl_sys.vpi";
:vpi_module "/usr/local/Cellar/icarus-verilog/12.0/lib/ivl/vhdl_textio.vpi";
:vpi_module "/usr/local/Cellar/icarus-verilog/12.0/lib/ivl/v2005_math.vpi";
:vpi_module "/usr/local/Cellar/icarus-verilog/12.0/lib/ivl/va_math.vpi";
S_0x7fd1e2905020 .scope module, "testbench" "testbench" 2 2;
 .timescale -6 -9;
v0x7fd1e1f36150_0 .var/s "a", 31 0;
v0x7fd1e1f36220_0 .var "clk", 0 0;
v0x7fd1e1f362b0_0 .var "en", 0 0;
v0x7fd1e1f36340_0 .net/s "result_0", 31 0, L_0x7fd1e1f378a0;  1 drivers
v0x7fd1e1f363d0_0 .net/s "result_1", 31 0, L_0x7fd1e1f37a40;  1 drivers
v0x7fd1e1f364a0_0 .net/s "result_2", 31 0, L_0x7fd1e1f37b20;  1 drivers
v0x7fd1e1f36550_0 .net/s "result_3", 31 0, L_0x7fd1e1f37cd0;  1 drivers
v0x7fd1e1f36600_0 .var "rst", 0 0;
S_0x7fd1e29051a0 .scope module, "monitor" "topEntity" 2 13, 3 5 0, S_0x7fd1e2905020;
 .timescale -13 -13;
    .port_info 0 /INPUT 1 "clk";
    .port_info 1 /INPUT 1 "rst";
    .port_info 2 /INPUT 1 "en";
    .port_info 3 /INPUT 32 "a";
    .port_info 4 /OUTPUT 32 "result_0";
    .port_info 5 /OUTPUT 32 "result_1";
    .port_info 6 /OUTPUT 32 "result_2";
    .port_info 7 /OUTPUT 32 "result_3";
v0x7fd1e2905d00_0 .net/s *"_ivl_0", 31 0, L_0x7fd1e1f366b0;  1 drivers
L_0x7fd1e2a63098 .functor BUFT 1, C4<1>, C4<0>, C4<0>, C4<0>;
v0x7fd1e1f34430_0 .net/2u *"_ivl_12", 0 0, L_0x7fd1e2a63098;  1 drivers
L_0x7fd1e2a630e0 .functor BUFT 1, C4<0>, C4<0>, C4<0>, C4<0>;
v0x7fd1e1f344f0_0 .net/2u *"_ivl_14", 0 0, L_0x7fd1e2a630e0;  1 drivers
L_0x7fd1e2a63128 .functor BUFT 1, C4<0000000000000000000000000000000000000000100110001001011001111111>, C4<0>, C4<0>, C4<0>;
v0x7fd1e1f345a0_0 .net/2s *"_ivl_18", 63 0, L_0x7fd1e2a63128;  1 drivers
L_0x7fd1e2a63170 .functor BUFT 1, C4<0000000000000000000000000000000000000000000000000000000000000001>, C4<0>, C4<0>, C4<0>;
v0x7fd1e1f34630_0 .net/2s *"_ivl_22", 63 0, L_0x7fd1e2a63170;  1 drivers
L_0x7fd1e2a631b8 .functor BUFT 1, C4<0000000000000000000000000000000000000000000000000000000000000000>, C4<0>, C4<0>, C4<0>;
v0x7fd1e1f34710_0 .net/2s *"_ivl_26", 63 0, L_0x7fd1e2a631b8;  1 drivers
L_0x7fd1e2a63200 .functor BUFT 1, C4<0000000000000000000000000000000000000001001100010010110011111111>, C4<0>, C4<0>, C4<0>;
v0x7fd1e1f347c0_0 .net/2s *"_ivl_32", 63 0, L_0x7fd1e2a63200;  1 drivers
L_0x7fd1e2a63248 .functor BUFT 1, C4<1>, C4<0>, C4<0>, C4<0>;
v0x7fd1e1f34870_0 .net/2u *"_ivl_36", 0 0, L_0x7fd1e2a63248;  1 drivers
L_0x7fd1e2a63290 .functor BUFT 1, C4<0>, C4<0>, C4<0>, C4<0>;
v0x7fd1e1f34920_0 .net/2u *"_ivl_38", 0 0, L_0x7fd1e2a63290;  1 drivers
L_0x7fd1e2a63008 .functor BUFT 1, C4<11111111111111111111111111111111>, C4<0>, C4<0>, C4<0>;
v0x7fd1e1f34a30_0 .net/2s *"_ivl_4", 31 0, L_0x7fd1e2a63008;  1 drivers
L_0x7fd1e2a632d8 .functor BUFT 1, C4<0000000000000000000000000000000000000001001100010010110011111111>, C4<0>, C4<0>, C4<0>;
v0x7fd1e1f34ae0_0 .net/2s *"_ivl_42", 63 0, L_0x7fd1e2a632d8;  1 drivers
L_0x7fd1e2a63320 .functor BUFT 1, C4<0000000000000000000000000000000000000000000000000000000000000001>, C4<0>, C4<0>, C4<0>;
v0x7fd1e1f34b90_0 .net/2s *"_ivl_46", 63 0, L_0x7fd1e2a63320;  1 drivers
L_0x7fd1e2a63368 .functor BUFT 1, C4<0000000000000000000000000000000000000000000000000000000000000000>, C4<0>, C4<0>, C4<0>;
v0x7fd1e1f34c40_0 .net/2s *"_ivl_50", 63 0, L_0x7fd1e2a63368;  1 drivers
L_0x7fd1e2a63050 .functor BUFT 1, C4<0000000000000000000000000000000000000000100110001001011001111111>, C4<0>, C4<0>, C4<0>;
v0x7fd1e1f34cf0_0 .net/2s *"_ivl_8", 63 0, L_0x7fd1e2a63050;  1 drivers
v0x7fd1e1f34da0_0 .net/s "a", 31 0, v0x7fd1e1f36150_0;  1 drivers
v0x7fd1e1f34e50_0 .net "b", 0 0, L_0x7fd1e1f36af0;  1 drivers
v0x7fd1e1f34ef0_0 .net "b_0", 0 0, L_0x7fd1e1f36de0;  1 drivers
v0x7fd1e1f35080_0 .net "b_1", 0 0, L_0x7fd1e1f37290;  1 drivers
v0x7fd1e1f35110_0 .net "b_2", 0 0, L_0x7fd1e1f37530;  1 drivers
v0x7fd1e1f351a0_0 .net "clk", 0 0, v0x7fd1e1f36220_0;  1 drivers
v0x7fd1e1f35230_0 .net "en", 0 0, v0x7fd1e1f362b0_0;  1 drivers
v0x7fd1e1f352d0_0 .net "result", 127 0, L_0x7fd1e1f367d0;  1 drivers
v0x7fd1e1f35380_0 .net/s "result_0", 31 0, L_0x7fd1e1f378a0;  alias, 1 drivers
v0x7fd1e1f35430_0 .net/s "result_1", 31 0, L_0x7fd1e1f37a40;  alias, 1 drivers
v0x7fd1e1f354e0_0 .net/s "result_10", 63 0, L_0x7fd1e1f37040;  1 drivers
v0x7fd1e1f35590_0 .var/s "result_11", 63 0;
v0x7fd1e1f35640_0 .var "result_12", 0 0;
v0x7fd1e1f356e0_0 .net/s "result_13", 31 0, L_0x7fd1e1f37120;  1 drivers
v0x7fd1e1f35790_0 .var/s "result_14", 31 0;
v0x7fd1e1f35840_0 .net "result_15", 0 0, L_0x7fd1e1f373b0;  1 drivers
v0x7fd1e1f358e0_0 .net/s "result_16", 63 0, L_0x7fd1e1f377c0;  1 drivers
v0x7fd1e1f35990_0 .var/s "result_17", 63 0;
v0x7fd1e1f35a40_0 .var "result_18", 0 0;
v0x7fd1e1f34f90_0 .net/s "result_2", 31 0, L_0x7fd1e1f37b20;  alias, 1 drivers
v0x7fd1e1f35cd0_0 .net/s "result_3", 31 0, L_0x7fd1e1f37cd0;  alias, 1 drivers
v0x7fd1e1f35d60_0 .net/s "result_8", 31 0, L_0x7fd1e1f369a0;  1 drivers
v0x7fd1e1f35df0_0 .net "result_9", 0 0, L_0x7fd1e1f36c10;  1 drivers
v0x7fd1e1f35e90_0 .net "rst", 0 0, v0x7fd1e1f36600_0;  1 drivers
v0x7fd1e1f35f30_0 .net/s "t", 63 0, L_0x7fd1e1f36f00;  1 drivers
v0x7fd1e1f35fe0_0 .net/s "t_0", 63 0, L_0x7fd1e1f37650;  1 drivers
E_0x7fd1e2904aa0 .event posedge, v0x7fd1e1f35e90_0, v0x7fd1e1f351a0_0;
L_0x7fd1e1f366b0 .arith/sum 32, L_0x7fd1e1f369a0, v0x7fd1e1f35790_0;
L_0x7fd1e1f367d0 .concat [ 32 32 32 32], L_0x7fd1e1f366b0, v0x7fd1e1f35790_0, L_0x7fd1e1f369a0, v0x7fd1e1f36150_0;
L_0x7fd1e1f369a0 .functor MUXZ 32, L_0x7fd1e2a63008, v0x7fd1e1f36150_0, v0x7fd1e1f35640_0, C4<>;
L_0x7fd1e1f36af0 .cmp/eq 64, v0x7fd1e1f35590_0, L_0x7fd1e2a63050;
L_0x7fd1e1f36c10 .functor MUXZ 1, L_0x7fd1e2a630e0, L_0x7fd1e2a63098, L_0x7fd1e1f36af0, C4<>;
L_0x7fd1e1f36de0 .cmp/gt.s 64, L_0x7fd1e2a63128, v0x7fd1e1f35590_0;
L_0x7fd1e1f36f00 .arith/sum 64, v0x7fd1e1f35590_0, L_0x7fd1e2a63170;
L_0x7fd1e1f37040 .functor MUXZ 64, L_0x7fd1e2a631b8, L_0x7fd1e1f36f00, L_0x7fd1e1f36de0, C4<>;
L_0x7fd1e1f37120 .functor MUXZ 32, v0x7fd1e1f35790_0, v0x7fd1e1f36150_0, v0x7fd1e1f35a40_0, C4<>;
L_0x7fd1e1f37290 .cmp/eq 64, v0x7fd1e1f35990_0, L_0x7fd1e2a63200;
L_0x7fd1e1f373b0 .functor MUXZ 1, L_0x7fd1e2a63290, L_0x7fd1e2a63248, L_0x7fd1e1f37290, C4<>;
L_0x7fd1e1f37530 .cmp/gt.s 64, L_0x7fd1e2a632d8, v0x7fd1e1f35990_0;
L_0x7fd1e1f37650 .arith/sum 64, v0x7fd1e1f35990_0, L_0x7fd1e2a63320;
L_0x7fd1e1f377c0 .functor MUXZ 64, L_0x7fd1e2a63368, L_0x7fd1e1f37650, L_0x7fd1e1f37530, C4<>;
L_0x7fd1e1f378a0 .part L_0x7fd1e1f367d0, 96, 32;
L_0x7fd1e1f37a40 .part L_0x7fd1e1f367d0, 64, 32;
L_0x7fd1e1f37b20 .part L_0x7fd1e1f367d0, 32, 32;
L_0x7fd1e1f37cd0 .part L_0x7fd1e1f367d0, 0, 32;
S_0x7fd1e29053e0 .scope begin, "result_11_register" "result_11_register" 3 59, 3 59 0, S_0x7fd1e29051a0;
 .timescale -13 -13;
S_0x7fd1e29055b0 .scope begin, "result_12_register" "result_12_register" 3 69, 3 69 0, S_0x7fd1e29051a0;
 .timescale -13 -13;
S_0x7fd1e2905780 .scope begin, "result_14_register" "result_14_register" 3 81, 3 81 0, S_0x7fd1e29051a0;
 .timescale -13 -13;
S_0x7fd1e2905940 .scope begin, "result_17_register" "result_17_register" 3 101, 3 101 0, S_0x7fd1e29051a0;
 .timescale -13 -13;
S_0x7fd1e2905b00 .scope begin, "result_18_register" "result_18_register" 3 111, 3 111 0, S_0x7fd1e29051a0;
 .timescale -13 -13;
    .scope S_0x7fd1e29051a0;
T_0 ;
    %pushi/vec4 0, 0, 64;
    %store/vec4 v0x7fd1e1f35590_0, 0, 64;
    %pushi/vec4 0, 0, 1;
    %store/vec4 v0x7fd1e1f35640_0, 0, 1;
    %pushi/vec4 10, 0, 32;
    %store/vec4 v0x7fd1e1f35790_0, 0, 32;
    %pushi/vec4 0, 0, 64;
    %store/vec4 v0x7fd1e1f35990_0, 0, 64;
    %pushi/vec4 0, 0, 1;
    %store/vec4 v0x7fd1e1f35a40_0, 0, 1;
    %end;
    .thread T_0;
    .scope S_0x7fd1e29051a0;
T_1 ;
    %wait E_0x7fd1e2904aa0;
    %fork t_1, S_0x7fd1e29053e0;
    %jmp t_0;
    .scope S_0x7fd1e29053e0;
t_1 ;
    %load/vec4 v0x7fd1e1f35e90_0;
    %flag_set/vec4 8;
    %jmp/0xz  T_1.0, 8;
    %pushi/vec4 0, 0, 64;
    %assign/vec4 v0x7fd1e1f35590_0, 0;
    %jmp T_1.1;
T_1.0 ;
    %load/vec4 v0x7fd1e1f35230_0;
    %flag_set/vec4 8;
    %jmp/0xz  T_1.2, 8;
    %load/vec4 v0x7fd1e1f354e0_0;
    %assign/vec4 v0x7fd1e1f35590_0, 0;
T_1.2 ;
T_1.1 ;
    %end;
    .scope S_0x7fd1e29051a0;
t_0 %join;
    %jmp T_1;
    .thread T_1;
    .scope S_0x7fd1e29051a0;
T_2 ;
    %wait E_0x7fd1e2904aa0;
    %fork t_3, S_0x7fd1e29055b0;
    %jmp t_2;
    .scope S_0x7fd1e29055b0;
t_3 ;
    %load/vec4 v0x7fd1e1f35e90_0;
    %flag_set/vec4 8;
    %jmp/0xz  T_2.0, 8;
    %pushi/vec4 0, 0, 1;
    %assign/vec4 v0x7fd1e1f35640_0, 0;
    %jmp T_2.1;
T_2.0 ;
    %load/vec4 v0x7fd1e1f35230_0;
    %flag_set/vec4 8;
    %jmp/0xz  T_2.2, 8;
    %load/vec4 v0x7fd1e1f35df0_0;
    %assign/vec4 v0x7fd1e1f35640_0, 0;
T_2.2 ;
T_2.1 ;
    %end;
    .scope S_0x7fd1e29051a0;
t_2 %join;
    %jmp T_2;
    .thread T_2;
    .scope S_0x7fd1e29051a0;
T_3 ;
    %wait E_0x7fd1e2904aa0;
    %fork t_5, S_0x7fd1e2905780;
    %jmp t_4;
    .scope S_0x7fd1e2905780;
t_5 ;
    %load/vec4 v0x7fd1e1f35e90_0;
    %flag_set/vec4 8;
    %jmp/0xz  T_3.0, 8;
    %pushi/vec4 10, 0, 32;
    %assign/vec4 v0x7fd1e1f35790_0, 0;
    %jmp T_3.1;
T_3.0 ;
    %load/vec4 v0x7fd1e1f35230_0;
    %flag_set/vec4 8;
    %jmp/0xz  T_3.2, 8;
    %load/vec4 v0x7fd1e1f356e0_0;
    %assign/vec4 v0x7fd1e1f35790_0, 0;
T_3.2 ;
T_3.1 ;
    %end;
    .scope S_0x7fd1e29051a0;
t_4 %join;
    %jmp T_3;
    .thread T_3;
    .scope S_0x7fd1e29051a0;
T_4 ;
    %wait E_0x7fd1e2904aa0;
    %fork t_7, S_0x7fd1e2905940;
    %jmp t_6;
    .scope S_0x7fd1e2905940;
t_7 ;
    %load/vec4 v0x7fd1e1f35e90_0;
    %flag_set/vec4 8;
    %jmp/0xz  T_4.0, 8;
    %pushi/vec4 0, 0, 64;
    %assign/vec4 v0x7fd1e1f35990_0, 0;
    %jmp T_4.1;
T_4.0 ;
    %load/vec4 v0x7fd1e1f35230_0;
    %flag_set/vec4 8;
    %jmp/0xz  T_4.2, 8;
    %load/vec4 v0x7fd1e1f358e0_0;
    %assign/vec4 v0x7fd1e1f35990_0, 0;
T_4.2 ;
T_4.1 ;
    %end;
    .scope S_0x7fd1e29051a0;
t_6 %join;
    %jmp T_4;
    .thread T_4;
    .scope S_0x7fd1e29051a0;
T_5 ;
    %wait E_0x7fd1e2904aa0;
    %fork t_9, S_0x7fd1e2905b00;
    %jmp t_8;
    .scope S_0x7fd1e2905b00;
t_9 ;
    %load/vec4 v0x7fd1e1f35e90_0;
    %flag_set/vec4 8;
    %jmp/0xz  T_5.0, 8;
    %pushi/vec4 0, 0, 1;
    %assign/vec4 v0x7fd1e1f35a40_0, 0;
    %jmp T_5.1;
T_5.0 ;
    %load/vec4 v0x7fd1e1f35230_0;
    %flag_set/vec4 8;
    %jmp/0xz  T_5.2, 8;
    %load/vec4 v0x7fd1e1f35840_0;
    %assign/vec4 v0x7fd1e1f35a40_0, 0;
T_5.2 ;
T_5.1 ;
    %end;
    .scope S_0x7fd1e29051a0;
t_8 %join;
    %jmp T_5;
    .thread T_5;
    .scope S_0x7fd1e2905020;
T_6 ;
    %delay 50000, 0;
    %load/vec4 v0x7fd1e1f36220_0;
    %inv;
    %store/vec4 v0x7fd1e1f36220_0, 0, 1;
    %jmp T_6;
    .thread T_6;
    .scope S_0x7fd1e2905020;
T_7 ;
    %vpi_call 2 23 "$monitor", "time: %t, a: %d, b: %d, c: %d, d: %d", $time, v0x7fd1e1f36340_0, v0x7fd1e1f363d0_0, v0x7fd1e1f364a0_0, v0x7fd1e1f36550_0 {0 0 0};
    %end;
    .thread T_7;
    .scope S_0x7fd1e2905020;
T_8 ;
    %pushi/vec4 0, 0, 1;
    %store/vec4 v0x7fd1e1f36220_0, 0, 1;
    %pushi/vec4 0, 0, 1;
    %store/vec4 v0x7fd1e1f36600_0, 0, 1;
    %pushi/vec4 1, 0, 1;
    %store/vec4 v0x7fd1e1f362b0_0, 0, 1;
    %pushi/vec4 0, 0, 32;
    %store/vec4 v0x7fd1e1f36150_0, 0, 32;
    %delay 1000000000, 0;
    %pushi/vec4 0, 0, 1;
    %store/vec4 v0x7fd1e1f36600_0, 0, 1;
    %pushi/vec4 1, 0, 32;
    %store/vec4 v0x7fd1e1f36150_0, 0, 32;
    %delay 1000000000, 0;
    %pushi/vec4 2, 0, 32;
    %store/vec4 v0x7fd1e1f36150_0, 0, 32;
    %delay 1000000000, 0;
    %pushi/vec4 3, 0, 32;
    %store/vec4 v0x7fd1e1f36150_0, 0, 32;
    %delay 1000000000, 0;
    %pushi/vec4 4, 0, 32;
    %store/vec4 v0x7fd1e1f36150_0, 0, 32;
    %delay 1000000000, 0;
    %pushi/vec4 5, 0, 32;
    %store/vec4 v0x7fd1e1f36150_0, 0, 32;
    %delay 1000000000, 0;
    %pushi/vec4 6, 0, 32;
    %store/vec4 v0x7fd1e1f36150_0, 0, 32;
    %delay 1000000000, 0;
    %pushi/vec4 7, 0, 32;
    %store/vec4 v0x7fd1e1f36150_0, 0, 32;
    %delay 1000000000, 0;
    %pushi/vec4 8, 0, 32;
    %store/vec4 v0x7fd1e1f36150_0, 0, 32;
    %delay 1000000000, 0;
    %pushi/vec4 9, 0, 32;
    %store/vec4 v0x7fd1e1f36150_0, 0, 32;
    %delay 1000000000, 0;
    %pushi/vec4 10, 0, 32;
    %store/vec4 v0x7fd1e1f36150_0, 0, 32;
    %delay 1000000000, 0;
    %pushi/vec4 11, 0, 32;
    %store/vec4 v0x7fd1e1f36150_0, 0, 32;
    %delay 1000000000, 0;
    %pushi/vec4 12, 0, 32;
    %store/vec4 v0x7fd1e1f36150_0, 0, 32;
    %delay 1000000000, 0;
    %pushi/vec4 13, 0, 32;
    %store/vec4 v0x7fd1e1f36150_0, 0, 32;
    %delay 1000000000, 0;
    %vpi_call 2 62 "$finish" {0 0 0};
    %end;
    .thread T_8;
# The file index is used to find the file name in the following table.
:file_names 4;
    "N/A";
    "<interactive>";
    "test_generated_diff_freqs_simple.v";
    "./verilog/DiffFreqsSimple.topEntity/topEntity.v";
