#! /usr/local/Cellar/icarus-verilog/12.0/bin/vvp
:ivl_version "12.0 (stable)";
:ivl_delay_selection "TYPICAL";
:vpi_time_precision - 13;
:vpi_module "/usr/local/Cellar/icarus-verilog/12.0/lib/ivl/system.vpi";
:vpi_module "/usr/local/Cellar/icarus-verilog/12.0/lib/ivl/vhdl_sys.vpi";
:vpi_module "/usr/local/Cellar/icarus-verilog/12.0/lib/ivl/vhdl_textio.vpi";
:vpi_module "/usr/local/Cellar/icarus-verilog/12.0/lib/ivl/v2005_math.vpi";
:vpi_module "/usr/local/Cellar/icarus-verilog/12.0/lib/ivl/va_math.vpi";
S_0x7fb758404160 .scope module, "testbench" "testbench" 2 2;
 .timescale -6 -9;
v0x7fb75841d210_0 .var "clk", 0 0;
v0x7fb75841d2a0_0 .var "en", 0 0;
v0x7fb75841d330_0 .var/s "input_x", 63 0;
v0x7fb75841d3c0_0 .var "new_input", 0 0;
v0x7fb75841d450_0 .net/s "output_a", 63 0, L_0x7fb758422470;  1 drivers
v0x7fb75841d520_0 .net "output_a_aktv", 0 0, L_0x7fb758422510;  1 drivers
v0x7fb75841d5b0_0 .net/s "output_b", 63 0, L_0x7fb758422250;  1 drivers
v0x7fb75841d660_0 .net "output_b_aktv", 0 0, L_0x7fb758422370;  1 drivers
v0x7fb75841d710_0 .net/s "output_c", 63 0, L_0x7fb758422830;  1 drivers
v0x7fb75841d820_0 .net "output_c_aktv", 0 0, L_0x7fb758422950;  1 drivers
v0x7fb75841d8b0_0 .net/s "output_d", 63 0, L_0x7fb7584225f0;  1 drivers
v0x7fb75841d940_0 .net "output_d_aktv", 0 0, L_0x7fb758422710;  1 drivers
v0x7fb75841d9f0_0 .var "rst", 0 0;
S_0x7fb7584042e0 .scope module, "monitor" "topEntity" 2 19, 3 6 0, S_0x7fb758404160;
 .timescale -13 -13;
    .port_info 0 /INPUT 1 "clk";
    .port_info 1 /INPUT 1 "rst";
    .port_info 2 /INPUT 1 "en";
    .port_info 3 /INPUT 64 "input0_0";
    .port_info 4 /INPUT 1 "input0_1";
    .port_info 5 /OUTPUT 64 "result_0_0";
    .port_info 6 /OUTPUT 1 "result_0_1";
    .port_info 7 /OUTPUT 64 "result_1_0";
    .port_info 8 /OUTPUT 1 "result_1_1";
    .port_info 9 /OUTPUT 64 "result_2_0";
    .port_info 10 /OUTPUT 1 "result_2_1";
    .port_info 11 /OUTPUT 64 "result_3_0";
    .port_info 12 /OUTPUT 1 "result_3_1";
L_0x7fb75841f9b0 .functor BUFZ 64, L_0x7fb75841f810, C4<0000000000000000000000000000000000000000000000000000000000000000>, C4<0000000000000000000000000000000000000000000000000000000000000000>, C4<0000000000000000000000000000000000000000000000000000000000000000>;
L_0x7fb75841f6c0 .functor BUFZ 64, v0x7fb75841b810_0, C4<0000000000000000000000000000000000000000000000000000000000000000>, C4<0000000000000000000000000000000000000000000000000000000000000000>, C4<0000000000000000000000000000000000000000000000000000000000000000>;
L_0x7fb75841fd00 .functor BUFZ 64, L_0x7fb7584205c0, C4<0000000000000000000000000000000000000000000000000000000000000000>, C4<0000000000000000000000000000000000000000000000000000000000000000>, C4<0000000000000000000000000000000000000000000000000000000000000000>;
L_0x7fb75841fe70 .functor BUFZ 64, v0x7fb75841b8c0_0, C4<0000000000000000000000000000000000000000000000000000000000000000>, C4<0000000000000000000000000000000000000000000000000000000000000000>, C4<0000000000000000000000000000000000000000000000000000000000000000>;
L_0x7fb7584201b0 .functor BUFZ 64, L_0x7fb7584205c0, C4<0000000000000000000000000000000000000000000000000000000000000000>, C4<0000000000000000000000000000000000000000000000000000000000000000>, C4<0000000000000000000000000000000000000000000000000000000000000000>;
L_0x7fb7584207e0 .functor BUFZ 66, L_0x7fb758420740, C4<000000000000000000000000000000000000000000000000000000000000000000>, C4<000000000000000000000000000000000000000000000000000000000000000000>, C4<000000000000000000000000000000000000000000000000000000000000000000>;
L_0x7fb758421b60 .functor BUFZ 64, v0x7fb75841b2c0_0, C4<0000000000000000000000000000000000000000000000000000000000000000>, C4<0000000000000000000000000000000000000000000000000000000000000000>, C4<0000000000000000000000000000000000000000000000000000000000000000>;
v0x7fb758408df0_0 .net *"_ivl_103", 1319 0, L_0x7fb758420f20;  1 drivers
L_0x7fb758263200 .functor BUFT 1, C4<0000000000000000000000000000000000000000000000000000000000000001>, C4<0>, C4<0>, C4<0>;
v0x7fb758418eb0_0 .net/2s *"_ivl_112", 63 0, L_0x7fb758263200;  1 drivers
v0x7fb758418f50_0 .net/s *"_ivl_114", 63 0, L_0x7fb7584212d0;  1 drivers
L_0x7fb758263248 .functor BUFT 1, C4<0000000000000000000000000000000000000000000000000000000000010100>, C4<0>, C4<0>, C4<0>;
v0x7fb758419000_0 .net/2s *"_ivl_118", 63 0, L_0x7fb758263248;  1 drivers
v0x7fb7584190b0_0 .net *"_ivl_120", 0 0, L_0x7fb758421790;  1 drivers
L_0x7fb758263290 .functor BUFT 1, C4<0000000000000000000000000000000000000000000000000000000000000001>, C4<0>, C4<0>, C4<0>;
v0x7fb758419190_0 .net/2s *"_ivl_122", 63 0, L_0x7fb758263290;  1 drivers
L_0x7fb7582632d8 .functor BUFT 1, C4<0000000000000000000000000000000000000000000000000000000000000000>, C4<0>, C4<0>, C4<0>;
v0x7fb758419240_0 .net/2s *"_ivl_124", 63 0, L_0x7fb7582632d8;  1 drivers
L_0x7fb758263320 .functor BUFT 1, C4<0000000000000000000000000000000000000000000000000000000000000001>, C4<0>, C4<0>, C4<0>;
v0x7fb7584192f0_0 .net/2s *"_ivl_136", 63 0, L_0x7fb758263320;  1 drivers
L_0x7fb758263008 .functor BUFT 1, C4<1>, C4<0>, C4<0>, C4<0>;
v0x7fb7584193a0_0 .net/2u *"_ivl_22", 0 0, L_0x7fb758263008;  1 drivers
v0x7fb7584194b0_0 .net *"_ivl_24", 64 0, L_0x7fb75841ec20;  1 drivers
v0x7fb758419560_0 .net *"_ivl_27", 63 0, L_0x7fb75841eeb0;  1 drivers
v0x7fb758419610_0 .net *"_ivl_28", 64 0, L_0x7fb75841f010;  1 drivers
v0x7fb7584196c0_0 .net *"_ivl_30", 64 0, L_0x7fb75841f0b0;  1 drivers
v0x7fb758419770_0 .net *"_ivl_32", 64 0, L_0x7fb75841f220;  1 drivers
v0x7fb758419820_0 .net *"_ivl_34", 259 0, L_0x7fb75841f2c0;  1 drivers
v0x7fb7584198d0_0 .net/s *"_ivl_38", 63 0, L_0x7fb75841f5e0;  1 drivers
L_0x7fb758263050 .functor BUFT 1, C4<0000000000000000000000000000000000000000000000000000000000000001>, C4<0>, C4<0>, C4<0>;
v0x7fb758419980_0 .net/2s *"_ivl_48", 63 0, L_0x7fb758263050;  1 drivers
v0x7fb758419b10_0 .net/s *"_ivl_50", 63 0, L_0x7fb75841faa0;  1 drivers
L_0x7fb758263098 .functor BUFT 1, C4<0000000000000000000000000000000000000000000000000000000000000001>, C4<0>, C4<0>, C4<0>;
v0x7fb758419ba0_0 .net/2s *"_ivl_60", 63 0, L_0x7fb758263098;  1 drivers
v0x7fb758419c50_0 .net/s *"_ivl_62", 63 0, L_0x7fb75841ff90;  1 drivers
L_0x7fb7582630e0 .functor BUFT 1, C4<0000000000000000000000000000000000000000000000000000000000000001>, C4<0>, C4<0>, C4<0>;
v0x7fb758419d00_0 .net/2s *"_ivl_68", 63 0, L_0x7fb7582630e0;  1 drivers
v0x7fb758419db0_0 .net/s *"_ivl_70", 63 0, L_0x7fb7584202a0;  1 drivers
L_0x7fb758263128 .functor BUFT 1, C4<000000000000000000000000000000000000000000000000000000000000000000>, C4<0>, C4<0>, C4<0>;
v0x7fb758419e60_0 .net/2u *"_ivl_82", 65 0, L_0x7fb758263128;  1 drivers
v0x7fb758419f10_0 .net *"_ivl_86", 65 0, L_0x7fb758420740;  1 drivers
L_0x7fb758263170 .functor BUFT 1, C4<0>, C4<0>, C4<0>, C4<0>;
v0x7fb758419fc0_0 .net/2u *"_ivl_90", 0 0, L_0x7fb758263170;  1 drivers
L_0x7fb7582631b8 .functor BUFT 1, C4<0>, C4<0>, C4<0>, C4<0>;
v0x7fb75841a070_0 .net/2u *"_ivl_94", 0 0, L_0x7fb7582631b8;  1 drivers
v0x7fb75841a120_0 .var "aktvOutC", 0 0;
v0x7fb75841a1c0_0 .var "buffer", 1319 0;
v0x7fb75841a270_0 .var "c$app_arg", 0 0;
v0x7fb75841a310_0 .var "c$app_arg_0", 65 0;
v0x7fb75841a3c0_0 .var "c$app_arg_1", 0 0;
v0x7fb75841a460_0 .var "c$app_arg_2", 0 0;
v0x7fb75841a500_0 .net "c$buffer_case_alt", 1319 0, L_0x7fb758420d00;  1 drivers
v0x7fb758419a30_0 .net "c$buffer_case_alt_0", 1319 0, L_0x7fb758420da0;  1 drivers
v0x7fb75841a790_0 .net "c$buffer_case_alt_sel_alt_t_1", 1385 0, L_0x7fb758420b90;  1 drivers
v0x7fb75841a820_0 .net "c$case_alt", 65 0, L_0x7fb758420890;  1 drivers
v0x7fb75841a8c0_0 .var "c$case_alt_0", 65 0;
v0x7fb75841a970_0 .net "c$case_alt_1", 65 0, L_0x7fb7584207e0;  1 drivers
v0x7fb75841aa20_0 .net "c$case_alt_2", 0 0, L_0x7fb758420a90;  1 drivers
v0x7fb75841aac0_0 .var "c$case_alt_3", 0 0;
v0x7fb75841ab60_0 .net "c$case_alt_4", 0 0, L_0x7fb7584209d0;  1 drivers
v0x7fb75841ac00_0 .net/s "c$cursor_case_alt", 63 0, L_0x7fb758421020;  1 drivers
v0x7fb75841acb0_0 .net/s "c$cursor_case_alt_0", 63 0, L_0x7fb758421470;  1 drivers
v0x7fb75841ad60_0 .var/s "c$cursor_case_alt_1", 63 0;
v0x7fb75841ae10_0 .net/s "c$cursor_case_alt_2", 63 0, L_0x7fb758421370;  1 drivers
v0x7fb75841aec0_0 .net/s "c$cursor_case_alt_3", 63 0, L_0x7fb758421bd0;  1 drivers
v0x7fb75841af70_0 .var/s "c$cursor_case_alt_4", 63 0;
v0x7fb75841b020_0 .net/s "c$cursor_case_alt_5", 63 0, L_0x7fb758421e50;  1 drivers
v0x7fb75841b0d0_0 .net "c$cursor_case_scrut", 0 0, L_0x7fb7584215d0;  1 drivers
v0x7fb75841b170_0 .net/s "c$tte_rhs", 63 0, L_0x7fb758421870;  1 drivers
v0x7fb75841b220_0 .net "clk", 0 0, v0x7fb75841d210_0;  1 drivers
v0x7fb75841b2c0_0 .var/s "cursor", 63 0;
v0x7fb75841b370_0 .net "en", 0 0, v0x7fb75841d2a0_0;  1 drivers
v0x7fb75841b410_0 .net "input0", 64 0, L_0x7fb75841ed60;  1 drivers
v0x7fb75841b4c0_0 .net/s "input0_0", 63 0, v0x7fb75841d330_0;  1 drivers
v0x7fb75841b570_0 .net "input0_1", 0 0, v0x7fb75841d3c0_0;  1 drivers
v0x7fb75841b610_0 .net "newX", 0 0, L_0x7fb758421d10;  1 drivers
v0x7fb75841b6b0_0 .var/s "out", 63 0;
v0x7fb75841b760_0 .var "out_0", 191 0;
v0x7fb75841b810_0 .var/s "out_1", 63 0;
v0x7fb75841b8c0_0 .var/s "out_2", 63 0;
v0x7fb75841b970_0 .var "pacingC", 0 0;
v0x7fb75841ba10_0 .net "pacings", 0 0, L_0x7fb758420660;  1 drivers
v0x7fb75841bab0_0 .net "pop", 0 0, L_0x7fb7584219d0;  1 drivers
v0x7fb75841bb50_0 .net "qData", 65 0, L_0x7fb7584211b0;  1 drivers
v0x7fb75841a5b0_0 .net "result", 259 0, L_0x7fb758421c70;  1 drivers
v0x7fb75841a660_0 .net "result_0", 64 0, L_0x7fb758421db0;  1 drivers
v0x7fb75841bbe0_0 .net/s "result_0_0", 63 0, L_0x7fb758422470;  alias, 1 drivers
v0x7fb75841bc70_0 .net "result_0_1", 0 0, L_0x7fb758422510;  alias, 1 drivers
v0x7fb75841bd00_0 .net "result_1", 64 0, L_0x7fb7584221b0;  1 drivers
v0x7fb75841bd90_0 .net/s "result_1_0", 63 0, L_0x7fb758422250;  alias, 1 drivers
v0x7fb75841be20_0 .net "result_1_1", 0 0, L_0x7fb758422370;  alias, 1 drivers
v0x7fb75841beb0_0 .net "result_2", 64 0, L_0x7fb758421fb0;  1 drivers
v0x7fb75841bf60_0 .net/s "result_2_0", 63 0, L_0x7fb758422830;  alias, 1 drivers
v0x7fb75841c010_0 .net "result_2_1", 0 0, L_0x7fb758422950;  alias, 1 drivers
v0x7fb75841c0b0_0 .net "result_3", 64 0, L_0x7fb7584220d0;  1 drivers
v0x7fb75841c160_0 .net/s "result_3_0", 63 0, L_0x7fb7584225f0;  alias, 1 drivers
v0x7fb75841c210_0 .net "result_3_1", 0 0, L_0x7fb758422710;  alias, 1 drivers
v0x7fb75841c2b0_0 .net "result_4", 260 0, L_0x7fb75841f540;  1 drivers
v0x7fb75841c360_0 .net/s "result_5", 63 0, L_0x7fb75841f770;  1 drivers
v0x7fb75841c410_0 .net "result_6", 191 0, L_0x7fb75841fd90;  1 drivers
v0x7fb75841c4c0_0 .net/s "result_7", 63 0, L_0x7fb758420090;  1 drivers
v0x7fb75841c570_0 .net/s "result_8", 63 0, L_0x7fb7584203a0;  1 drivers
v0x7fb75841c620_0 .net "result_9", 67 0, L_0x7fb758420440;  1 drivers
v0x7fb75841c6d0_0 .net "rst", 0 0, v0x7fb75841d9f0_0;  1 drivers
v0x7fb75841c770_0 .net "t", 191 0, L_0x7fb75841f8b0;  1 drivers
v0x7fb75841c820_0 .net "t_projection", 255 0, L_0x7fb75841fba0;  1 drivers
v0x7fb75841c8d0 .array "vecArray", 19 0;
v0x7fb75841c8d0_0 .net v0x7fb75841c8d0 0, 65 0, L_0x7fb75841ecc0; 1 drivers
v0x7fb75841c8d0_1 .net v0x7fb75841c8d0 1, 65 0, L_0x7fb75841eb80; 1 drivers
v0x7fb75841c8d0_2 .net v0x7fb75841c8d0 2, 65 0, L_0x7fb75841eae0; 1 drivers
v0x7fb75841c8d0_3 .net v0x7fb75841c8d0 3, 65 0, L_0x7fb75841e100; 1 drivers
v0x7fb75841c8d0_4 .net v0x7fb75841c8d0 4, 65 0, L_0x7fb75841e7b0; 1 drivers
v0x7fb75841c8d0_5 .net v0x7fb75841c8d0 5, 65 0, L_0x7fb75841e690; 1 drivers
v0x7fb75841c8d0_6 .net v0x7fb75841c8d0 6, 65 0, L_0x7fb75841e5f0; 1 drivers
v0x7fb75841c8d0_7 .net v0x7fb75841c8d0 7, 65 0, L_0x7fb75841e4e0; 1 drivers
v0x7fb75841c8d0_8 .net v0x7fb75841c8d0 8, 65 0, L_0x7fb75841e440; 1 drivers
v0x7fb75841c8d0_9 .net v0x7fb75841c8d0 9, 65 0, L_0x7fb75841e340; 1 drivers
v0x7fb75841c8d0_10 .net v0x7fb75841c8d0 10, 65 0, L_0x7fb75841e2a0; 1 drivers
v0x7fb75841c8d0_11 .net v0x7fb75841c8d0 11, 65 0, L_0x7fb75841e200; 1 drivers
v0x7fb75841c8d0_12 .net v0x7fb75841c8d0 12, 65 0, L_0x7fb75841e060; 1 drivers
v0x7fb75841c8d0_13 .net v0x7fb75841c8d0 13, 65 0, L_0x7fb75841dfa0; 1 drivers
v0x7fb75841c8d0_14 .net v0x7fb75841c8d0 14, 65 0, L_0x7fb75841df00; 1 drivers
v0x7fb75841c8d0_15 .net v0x7fb75841c8d0 15, 65 0, L_0x7fb75841de60; 1 drivers
v0x7fb75841c8d0_16 .net v0x7fb75841c8d0 16, 65 0, L_0x7fb75841dd20; 1 drivers
v0x7fb75841c8d0_17 .net v0x7fb75841c8d0 17, 65 0, L_0x7fb75841dc80; 1 drivers
v0x7fb75841c8d0_18 .net v0x7fb75841c8d0 18, 65 0, L_0x7fb75841db80; 1 drivers
v0x7fb75841c8d0_19 .net v0x7fb75841c8d0 19, 65 0, L_0x7fb75841daa0; 1 drivers
v0x7fb75841cb50_0 .net/s "x", 63 0, L_0x7fb75841f9b0;  1 drivers
v0x7fb75841cc00_0 .net/s "x_0", 63 0, L_0x7fb75841fd00;  1 drivers
v0x7fb75841ccb0_0 .net/s "x_1", 63 0, L_0x7fb75841fe70;  1 drivers
v0x7fb75841cd60_0 .net/s "x_2", 63 0, L_0x7fb7584201b0;  1 drivers
v0x7fb75841ce10_0 .net/s "x_3", 63 0, L_0x7fb7584205c0;  1 drivers
v0x7fb75841cec0_0 .net/s "x_4", 63 0, L_0x7fb758421b60;  1 drivers
v0x7fb75841cf70_0 .net/s "x_projection", 63 0, L_0x7fb75841f810;  1 drivers
v0x7fb75841d020_0 .net/s "y", 63 0, L_0x7fb75841f6c0;  1 drivers
E_0x7fb758404660 .event anyedge, v0x7fb75841cec0_0, v0x7fb75841b020_0;
E_0x7fb7584046c0 .event anyedge, v0x7fb75841cec0_0, v0x7fb75841b2c0_0;
E_0x7fb758404710 .event posedge, v0x7fb75841c6d0_0, v0x7fb75841b220_0;
E_0x7fb758404750 .event anyedge, v0x7fb75841cec0_0;
E_0x7fb7584047a0 .event anyedge, v0x7fb75841cec0_0, v0x7fb75841a970_0;
E_0x7fb758404820 .event posedge, v0x7fb75841b220_0;
L_0x7fb75841daa0 .part v0x7fb75841a1c0_0, 0, 66;
L_0x7fb75841db80 .part v0x7fb75841a1c0_0, 66, 66;
L_0x7fb75841dc80 .part v0x7fb75841a1c0_0, 132, 66;
L_0x7fb75841dd20 .part v0x7fb75841a1c0_0, 198, 66;
L_0x7fb75841de60 .part v0x7fb75841a1c0_0, 264, 66;
L_0x7fb75841df00 .part v0x7fb75841a1c0_0, 330, 66;
L_0x7fb75841dfa0 .part v0x7fb75841a1c0_0, 396, 66;
L_0x7fb75841e060 .part v0x7fb75841a1c0_0, 462, 66;
L_0x7fb75841e200 .part v0x7fb75841a1c0_0, 528, 66;
L_0x7fb75841e2a0 .part v0x7fb75841a1c0_0, 594, 66;
L_0x7fb75841e340 .part v0x7fb75841a1c0_0, 660, 66;
L_0x7fb75841e440 .part v0x7fb75841a1c0_0, 726, 66;
L_0x7fb75841e4e0 .part v0x7fb75841a1c0_0, 792, 66;
L_0x7fb75841e5f0 .part v0x7fb75841a1c0_0, 858, 66;
L_0x7fb75841e690 .part v0x7fb75841a1c0_0, 924, 66;
L_0x7fb75841e7b0 .part v0x7fb75841a1c0_0, 990, 66;
L_0x7fb75841e100 .part v0x7fb75841a1c0_0, 1056, 66;
L_0x7fb75841eae0 .part v0x7fb75841a1c0_0, 1122, 66;
L_0x7fb75841eb80 .part v0x7fb75841a1c0_0, 1188, 66;
L_0x7fb75841ecc0 .part v0x7fb75841a1c0_0, 1254, 66;
L_0x7fb75841ed60 .concat [ 1 64 0 0], v0x7fb75841d3c0_0, v0x7fb75841d330_0;
L_0x7fb75841ec20 .concat [ 1 64 0 0], v0x7fb75841b970_0, v0x7fb75841b8c0_0;
L_0x7fb75841eeb0 .part v0x7fb75841b760_0, 128, 64;
L_0x7fb75841f010 .concat [ 1 64 0 0], v0x7fb75841b970_0, L_0x7fb75841eeb0;
L_0x7fb75841f0b0 .concat [ 1 64 0 0], v0x7fb75841a120_0, v0x7fb75841b810_0;
L_0x7fb75841f220 .concat [ 1 64 0 0], v0x7fb75841a270_0, v0x7fb75841b6b0_0;
L_0x7fb75841f2c0 .concat [ 65 65 65 65], L_0x7fb75841f220, L_0x7fb75841f0b0, L_0x7fb75841f010, L_0x7fb75841ec20;
L_0x7fb75841f540 .concat [ 260 1 0 0], L_0x7fb75841f2c0, L_0x7fb758263008;
L_0x7fb75841f5e0 .arith/sum 64, L_0x7fb75841f9b0, L_0x7fb75841f6c0;
L_0x7fb75841f770 .functor MUXZ 64, v0x7fb75841b6b0_0, L_0x7fb75841f5e0, v0x7fb75841a120_0, C4<>;
L_0x7fb75841f810 .part v0x7fb75841b760_0, 0, 64;
L_0x7fb75841faa0 .arith/sum 64, L_0x7fb75841fd00, L_0x7fb758263050;
L_0x7fb75841fba0 .concat [ 192 64 0 0], v0x7fb75841b760_0, L_0x7fb75841faa0;
L_0x7fb75841f8b0 .part L_0x7fb75841fba0, 64, 192;
L_0x7fb75841fd90 .functor MUXZ 192, v0x7fb75841b760_0, L_0x7fb75841f8b0, L_0x7fb758420660, C4<>;
L_0x7fb75841ff90 .arith/sum 64, L_0x7fb75841fe70, L_0x7fb758263098;
L_0x7fb758420090 .functor MUXZ 64, v0x7fb75841b810_0, L_0x7fb75841ff90, v0x7fb75841b970_0, C4<>;
L_0x7fb7584202a0 .arith/sum 64, L_0x7fb7584201b0, L_0x7fb7582630e0;
L_0x7fb7584203a0 .functor MUXZ 64, v0x7fb75841b8c0_0, L_0x7fb7584202a0, L_0x7fb758420660, C4<>;
L_0x7fb7584205c0 .part L_0x7fb758420440, 2, 64;
L_0x7fb758420660 .part L_0x7fb758420440, 0, 1;
L_0x7fb758420440 .concat [ 66 1 1 0], v0x7fb75841a310_0, v0x7fb75841a3c0_0, v0x7fb75841a460_0;
L_0x7fb758420890 .functor MUXZ 66, L_0x7fb758263128, v0x7fb75841a8c0_0, L_0x7fb7584219d0, C4<>;
L_0x7fb758420740 .array/port v0x7fb75841c8d0, L_0x7fb758421e50;
L_0x7fb758420a90 .functor MUXZ 1, L_0x7fb758263170, v0x7fb75841aac0_0, L_0x7fb7584219d0, C4<>;
L_0x7fb7584209d0 .functor MUXZ 1, L_0x7fb7582631b8, L_0x7fb7584215d0, L_0x7fb758421d10, C4<>;
L_0x7fb758420d00 .functor MUXZ 1320, v0x7fb75841a1c0_0, L_0x7fb758420da0, L_0x7fb758421d10, C4<>;
L_0x7fb758420b90 .concat [ 1320 66 0 0], v0x7fb75841a1c0_0, L_0x7fb7584211b0;
L_0x7fb758420f20 .part L_0x7fb758420b90, 66, 1320;
L_0x7fb758420da0 .functor MUXZ 1320, v0x7fb75841a1c0_0, L_0x7fb758420f20, L_0x7fb7584215d0, C4<>;
L_0x7fb7584211b0 .concat [ 1 65 0 0], L_0x7fb758421d10, L_0x7fb75841ed60;
L_0x7fb758421020 .functor MUXZ 64, L_0x7fb758421bd0, L_0x7fb758421470, L_0x7fb758421d10, C4<>;
L_0x7fb758421470 .functor MUXZ 64, L_0x7fb758421370, v0x7fb75841ad60_0, L_0x7fb7584219d0, C4<>;
L_0x7fb7584212d0 .arith/sum 64, L_0x7fb758421b60, L_0x7fb758263200;
L_0x7fb758421370 .functor MUXZ 64, v0x7fb75841b2c0_0, L_0x7fb7584212d0, L_0x7fb7584215d0, C4<>;
L_0x7fb758421790 .cmp/ne 64, L_0x7fb758421b60, L_0x7fb758263248;
L_0x7fb758421870 .functor MUXZ 64, L_0x7fb7582632d8, L_0x7fb758263290, L_0x7fb758421790, C4<>;
L_0x7fb7584215d0 .part L_0x7fb758421870, 0, 1;
L_0x7fb758421bd0 .functor MUXZ 64, v0x7fb75841b2c0_0, v0x7fb75841af70_0, L_0x7fb7584219d0, C4<>;
L_0x7fb7584219d0 .part L_0x7fb75841f540, 260, 1;
L_0x7fb758421e50 .arith/sub 64, L_0x7fb758421b60, L_0x7fb758263320;
L_0x7fb758421c70 .part L_0x7fb75841f540, 0, 260;
L_0x7fb758421d10 .part L_0x7fb75841ed60, 0, 1;
L_0x7fb758421db0 .part L_0x7fb758421c70, 195, 65;
L_0x7fb7584221b0 .part L_0x7fb758421c70, 130, 65;
L_0x7fb758421fb0 .part L_0x7fb758421c70, 65, 65;
L_0x7fb7584220d0 .part L_0x7fb758421c70, 0, 65;
L_0x7fb758422470 .part L_0x7fb758421db0, 1, 64;
L_0x7fb758422510 .part L_0x7fb758421db0, 0, 1;
L_0x7fb758422250 .part L_0x7fb7584221b0, 1, 64;
L_0x7fb758422370 .part L_0x7fb7584221b0, 0, 1;
L_0x7fb758422830 .part L_0x7fb758421fb0, 1, 64;
L_0x7fb758422950 .part L_0x7fb758421fb0, 0, 1;
L_0x7fb7584225f0 .part L_0x7fb7584220d0, 1, 64;
L_0x7fb758422710 .part L_0x7fb7584220d0, 0, 1;
S_0x7fb758404870 .scope begin, "aktvOutC_delay" "aktvOutC_delay" 3 151, 3 151 0, S_0x7fb7584042e0;
 .timescale -13 -13;
S_0x7fb758404a40 .scope begin, "buffer_register" "buffer_register" 3 283, 3 283 0, S_0x7fb7584042e0;
 .timescale -13 -13;
S_0x7fb758404c10 .scope begin, "c$app_arg_0_register" "c$app_arg_0_register" 3 220, 3 220 0, S_0x7fb7584042e0;
 .timescale -13 -13;
S_0x7fb758404dd0 .scope begin, "c$app_arg_1_register" "c$app_arg_1_register" 3 252, 3 252 0, S_0x7fb7584042e0;
 .timescale -13 -13;
S_0x7fb758404f90 .scope begin, "c$app_arg_2_register" "c$app_arg_2_register" 3 271, 3 271 0, S_0x7fb7584042e0;
 .timescale -13 -13;
S_0x7fb758405190 .scope begin, "c$app_arg_delay" "c$app_arg_delay" 3 125, 3 125 0, S_0x7fb7584042e0;
 .timescale -13 -13;
S_0x7fb758405350 .scope begin, "cursor_register" "cursor_register" 3 313, 3 313 0, S_0x7fb7584042e0;
 .timescale -13 -13;
S_0x7fb758405510 .scope generate, "mk_array[0]" "mk_array[0]" 3 244, 3 244 0, S_0x7fb7584042e0;
 .timescale -13 -13;
P_0x7fb7584056d0 .param/l "i" 1 3 244, +C4<00>;
S_0x7fb758405760 .scope generate, "mk_array[1]" "mk_array[1]" 3 244, 3 244 0, S_0x7fb7584042e0;
 .timescale -13 -13;
P_0x7fb758405150 .param/l "i" 1 3 244, +C4<01>;
S_0x7fb7584059e0 .scope generate, "mk_array[2]" "mk_array[2]" 3 244, 3 244 0, S_0x7fb7584042e0;
 .timescale -13 -13;
P_0x7fb758405ba0 .param/l "i" 1 3 244, +C4<010>;
S_0x7fb758405c40 .scope generate, "mk_array[3]" "mk_array[3]" 3 244, 3 244 0, S_0x7fb7584042e0;
 .timescale -13 -13;
P_0x7fb758405e00 .param/l "i" 1 3 244, +C4<011>;
S_0x7fb758405ea0 .scope generate, "mk_array[4]" "mk_array[4]" 3 244, 3 244 0, S_0x7fb7584042e0;
 .timescale -13 -13;
P_0x7fb758406060 .param/l "i" 1 3 244, +C4<0100>;
S_0x7fb758406100 .scope generate, "mk_array[5]" "mk_array[5]" 3 244, 3 244 0, S_0x7fb7584042e0;
 .timescale -13 -13;
P_0x7fb7584062c0 .param/l "i" 1 3 244, +C4<0101>;
S_0x7fb758406360 .scope generate, "mk_array[6]" "mk_array[6]" 3 244, 3 244 0, S_0x7fb7584042e0;
 .timescale -13 -13;
P_0x7fb758406520 .param/l "i" 1 3 244, +C4<0110>;
S_0x7fb7584065c0 .scope generate, "mk_array[7]" "mk_array[7]" 3 244, 3 244 0, S_0x7fb7584042e0;
 .timescale -13 -13;
P_0x7fb758406780 .param/l "i" 1 3 244, +C4<0111>;
S_0x7fb758406820 .scope generate, "mk_array[8]" "mk_array[8]" 3 244, 3 244 0, S_0x7fb7584042e0;
 .timescale -13 -13;
P_0x7fb7584069e0 .param/l "i" 1 3 244, +C4<01000>;
S_0x7fb758406a90 .scope generate, "mk_array[9]" "mk_array[9]" 3 244, 3 244 0, S_0x7fb7584042e0;
 .timescale -13 -13;
P_0x7fb758406d60 .param/l "i" 1 3 244, +C4<01001>;
S_0x7fb758406df0 .scope generate, "mk_array[10]" "mk_array[10]" 3 244, 3 244 0, S_0x7fb7584042e0;
 .timescale -13 -13;
P_0x7fb758406f60 .param/l "i" 1 3 244, +C4<01010>;
S_0x7fb758406fe0 .scope generate, "mk_array[11]" "mk_array[11]" 3 244, 3 244 0, S_0x7fb7584042e0;
 .timescale -13 -13;
P_0x7fb7584071a0 .param/l "i" 1 3 244, +C4<01011>;
S_0x7fb758407230 .scope generate, "mk_array[12]" "mk_array[12]" 3 244, 3 244 0, S_0x7fb7584042e0;
 .timescale -13 -13;
P_0x7fb758407400 .param/l "i" 1 3 244, +C4<01100>;
S_0x7fb758407490 .scope generate, "mk_array[13]" "mk_array[13]" 3 244, 3 244 0, S_0x7fb7584042e0;
 .timescale -13 -13;
P_0x7fb758407660 .param/l "i" 1 3 244, +C4<01101>;
S_0x7fb7584076f0 .scope generate, "mk_array[14]" "mk_array[14]" 3 244, 3 244 0, S_0x7fb7584042e0;
 .timescale -13 -13;
P_0x7fb7584078c0 .param/l "i" 1 3 244, +C4<01110>;
S_0x7fb758407950 .scope generate, "mk_array[15]" "mk_array[15]" 3 244, 3 244 0, S_0x7fb7584042e0;
 .timescale -13 -13;
P_0x7fb758407b20 .param/l "i" 1 3 244, +C4<01111>;
S_0x7fb758407bb0 .scope generate, "mk_array[16]" "mk_array[16]" 3 244, 3 244 0, S_0x7fb7584042e0;
 .timescale -13 -13;
P_0x7fb758407d80 .param/l "i" 1 3 244, +C4<010000>;
S_0x7fb758407e10 .scope generate, "mk_array[17]" "mk_array[17]" 3 244, 3 244 0, S_0x7fb7584042e0;
 .timescale -13 -13;
P_0x7fb758407fe0 .param/l "i" 1 3 244, +C4<010001>;
S_0x7fb758408070 .scope generate, "mk_array[18]" "mk_array[18]" 3 244, 3 244 0, S_0x7fb7584042e0;
 .timescale -13 -13;
P_0x7fb758408240 .param/l "i" 1 3 244, +C4<010010>;
S_0x7fb7584082d0 .scope generate, "mk_array[19]" "mk_array[19]" 3 244, 3 244 0, S_0x7fb7584042e0;
 .timescale -13 -13;
P_0x7fb7584084a0 .param/l "i" 1 3 244, +C4<010011>;
S_0x7fb758408530 .scope begin, "out_0_register" "out_0_register" 3 159, 3 159 0, S_0x7fb7584042e0;
 .timescale -13 -13;
S_0x7fb7584086f0 .scope begin, "out_1_register" "out_1_register" 3 177, 3 177 0, S_0x7fb7584042e0;
 .timescale -13 -13;
S_0x7fb7584088b0 .scope begin, "out_2_register" "out_2_register" 3 199, 3 199 0, S_0x7fb7584042e0;
 .timescale -13 -13;
S_0x7fb758408a70 .scope begin, "out_register" "out_register" 3 133, 3 133 0, S_0x7fb7584042e0;
 .timescale -13 -13;
S_0x7fb758408c30 .scope begin, "pacingC_delay" "pacingC_delay" 3 191, 3 191 0, S_0x7fb7584042e0;
 .timescale -13 -13;
    .scope S_0x7fb7584042e0;
T_0 ;
    %pushi/vec4 0, 0, 1;
    %store/vec4 v0x7fb75841a270_0, 0, 1;
    %pushi/vec4 0, 0, 64;
    %store/vec4 v0x7fb75841b6b0_0, 0, 64;
    %pushi/vec4 0, 0, 1;
    %store/vec4 v0x7fb75841a120_0, 0, 1;
    %pushi/vec4 0, 0, 192;
    %store/vec4 v0x7fb75841b760_0, 0, 192;
    %pushi/vec4 0, 0, 64;
    %store/vec4 v0x7fb75841b810_0, 0, 64;
    %pushi/vec4 0, 0, 1;
    %store/vec4 v0x7fb75841b970_0, 0, 1;
    %pushi/vec4 0, 0, 64;
    %store/vec4 v0x7fb75841b8c0_0, 0, 64;
    %pushi/vec4 0, 0, 66;
    %store/vec4 v0x7fb75841a310_0, 0, 66;
    %pushi/vec4 0, 0, 1;
    %store/vec4 v0x7fb75841a3c0_0, 0, 1;
    %pushi/vec4 0, 0, 1;
    %store/vec4 v0x7fb75841a460_0, 0, 1;
    %pushi/vec4 0, 0, 1320;
    %store/vec4 v0x7fb75841a1c0_0, 0, 1320;
    %pushi/vec4 0, 0, 64;
    %store/vec4 v0x7fb75841b2c0_0, 0, 64;
    %end;
    .thread T_0;
    .scope S_0x7fb7584042e0;
T_1 ;
    %wait E_0x7fb758404820;
    %fork t_1, S_0x7fb758405190;
    %jmp t_0;
    .scope S_0x7fb758405190;
t_1 ;
    %load/vec4 v0x7fb75841b370_0;
    %flag_set/vec4 8;
    %jmp/0xz  T_1.0, 8;
    %load/vec4 v0x7fb75841a120_0;
    %assign/vec4 v0x7fb75841a270_0, 0;
T_1.0 ;
    %end;
    .scope S_0x7fb7584042e0;
t_0 %join;
    %jmp T_1;
    .thread T_1;
    .scope S_0x7fb7584042e0;
T_2 ;
    %wait E_0x7fb758404710;
    %fork t_3, S_0x7fb758408a70;
    %jmp t_2;
    .scope S_0x7fb758408a70;
t_3 ;
    %load/vec4 v0x7fb75841c6d0_0;
    %flag_set/vec4 8;
    %jmp/0xz  T_2.0, 8;
    %pushi/vec4 0, 0, 64;
    %assign/vec4 v0x7fb75841b6b0_0, 0;
    %jmp T_2.1;
T_2.0 ;
    %load/vec4 v0x7fb75841b370_0;
    %flag_set/vec4 8;
    %jmp/0xz  T_2.2, 8;
    %load/vec4 v0x7fb75841c360_0;
    %assign/vec4 v0x7fb75841b6b0_0, 0;
T_2.2 ;
T_2.1 ;
    %end;
    .scope S_0x7fb7584042e0;
t_2 %join;
    %jmp T_2;
    .thread T_2;
    .scope S_0x7fb7584042e0;
T_3 ;
    %wait E_0x7fb758404820;
    %fork t_5, S_0x7fb758404870;
    %jmp t_4;
    .scope S_0x7fb758404870;
t_5 ;
    %load/vec4 v0x7fb75841b370_0;
    %flag_set/vec4 8;
    %jmp/0xz  T_3.0, 8;
    %load/vec4 v0x7fb75841b970_0;
    %assign/vec4 v0x7fb75841a120_0, 0;
T_3.0 ;
    %end;
    .scope S_0x7fb7584042e0;
t_4 %join;
    %jmp T_3;
    .thread T_3;
    .scope S_0x7fb7584042e0;
T_4 ;
    %wait E_0x7fb758404710;
    %fork t_7, S_0x7fb758408530;
    %jmp t_6;
    .scope S_0x7fb758408530;
t_7 ;
    %load/vec4 v0x7fb75841c6d0_0;
    %flag_set/vec4 8;
    %jmp/0xz  T_4.0, 8;
    %pushi/vec4 0, 0, 192;
    %assign/vec4 v0x7fb75841b760_0, 0;
    %jmp T_4.1;
T_4.0 ;
    %load/vec4 v0x7fb75841b370_0;
    %flag_set/vec4 8;
    %jmp/0xz  T_4.2, 8;
    %load/vec4 v0x7fb75841c410_0;
    %assign/vec4 v0x7fb75841b760_0, 0;
T_4.2 ;
T_4.1 ;
    %end;
    .scope S_0x7fb7584042e0;
t_6 %join;
    %jmp T_4;
    .thread T_4;
    .scope S_0x7fb7584042e0;
T_5 ;
    %wait E_0x7fb758404710;
    %fork t_9, S_0x7fb7584086f0;
    %jmp t_8;
    .scope S_0x7fb7584086f0;
t_9 ;
    %load/vec4 v0x7fb75841c6d0_0;
    %flag_set/vec4 8;
    %jmp/0xz  T_5.0, 8;
    %pushi/vec4 0, 0, 64;
    %assign/vec4 v0x7fb75841b810_0, 0;
    %jmp T_5.1;
T_5.0 ;
    %load/vec4 v0x7fb75841b370_0;
    %flag_set/vec4 8;
    %jmp/0xz  T_5.2, 8;
    %load/vec4 v0x7fb75841c4c0_0;
    %assign/vec4 v0x7fb75841b810_0, 0;
T_5.2 ;
T_5.1 ;
    %end;
    .scope S_0x7fb7584042e0;
t_8 %join;
    %jmp T_5;
    .thread T_5;
    .scope S_0x7fb7584042e0;
T_6 ;
    %wait E_0x7fb758404820;
    %fork t_11, S_0x7fb758408c30;
    %jmp t_10;
    .scope S_0x7fb758408c30;
t_11 ;
    %load/vec4 v0x7fb75841b370_0;
    %flag_set/vec4 8;
    %jmp/0xz  T_6.0, 8;
    %load/vec4 v0x7fb75841ba10_0;
    %assign/vec4 v0x7fb75841b970_0, 0;
T_6.0 ;
    %end;
    .scope S_0x7fb7584042e0;
t_10 %join;
    %jmp T_6;
    .thread T_6;
    .scope S_0x7fb7584042e0;
T_7 ;
    %wait E_0x7fb758404710;
    %fork t_13, S_0x7fb7584088b0;
    %jmp t_12;
    .scope S_0x7fb7584088b0;
t_13 ;
    %load/vec4 v0x7fb75841c6d0_0;
    %flag_set/vec4 8;
    %jmp/0xz  T_7.0, 8;
    %pushi/vec4 0, 0, 64;
    %assign/vec4 v0x7fb75841b8c0_0, 0;
    %jmp T_7.1;
T_7.0 ;
    %load/vec4 v0x7fb75841b370_0;
    %flag_set/vec4 8;
    %jmp/0xz  T_7.2, 8;
    %load/vec4 v0x7fb75841c570_0;
    %assign/vec4 v0x7fb75841b8c0_0, 0;
T_7.2 ;
T_7.1 ;
    %end;
    .scope S_0x7fb7584042e0;
t_12 %join;
    %jmp T_7;
    .thread T_7;
    .scope S_0x7fb7584042e0;
T_8 ;
    %wait E_0x7fb758404710;
    %fork t_15, S_0x7fb758404c10;
    %jmp t_14;
    .scope S_0x7fb758404c10;
t_15 ;
    %load/vec4 v0x7fb75841c6d0_0;
    %flag_set/vec4 8;
    %jmp/0xz  T_8.0, 8;
    %pushi/vec4 0, 0, 66;
    %assign/vec4 v0x7fb75841a310_0, 0;
    %jmp T_8.1;
T_8.0 ;
    %load/vec4 v0x7fb75841b370_0;
    %flag_set/vec4 8;
    %jmp/0xz  T_8.2, 8;
    %load/vec4 v0x7fb75841a820_0;
    %assign/vec4 v0x7fb75841a310_0, 0;
T_8.2 ;
T_8.1 ;
    %end;
    .scope S_0x7fb7584042e0;
t_14 %join;
    %jmp T_8;
    .thread T_8;
    .scope S_0x7fb7584042e0;
T_9 ;
    %wait E_0x7fb7584047a0;
    %load/vec4 v0x7fb75841cec0_0;
    %dup/vec4;
    %pushi/vec4 0, 0, 64;
    %cmp/u;
    %jmp/1 T_9.0, 6;
    %load/vec4 v0x7fb75841a970_0;
    %store/vec4 v0x7fb75841a8c0_0, 0, 66;
    %jmp T_9.2;
T_9.0 ;
    %pushi/vec4 0, 0, 66;
    %store/vec4 v0x7fb75841a8c0_0, 0, 66;
    %jmp T_9.2;
T_9.2 ;
    %pop/vec4 1;
    %jmp T_9;
    .thread T_9, $push;
    .scope S_0x7fb7584042e0;
T_10 ;
    %wait E_0x7fb758404710;
    %fork t_17, S_0x7fb758404dd0;
    %jmp t_16;
    .scope S_0x7fb758404dd0;
t_17 ;
    %load/vec4 v0x7fb75841c6d0_0;
    %flag_set/vec4 8;
    %jmp/0xz  T_10.0, 8;
    %pushi/vec4 0, 0, 1;
    %assign/vec4 v0x7fb75841a3c0_0, 0;
    %jmp T_10.1;
T_10.0 ;
    %load/vec4 v0x7fb75841b370_0;
    %flag_set/vec4 8;
    %jmp/0xz  T_10.2, 8;
    %load/vec4 v0x7fb75841aa20_0;
    %assign/vec4 v0x7fb75841a3c0_0, 0;
T_10.2 ;
T_10.1 ;
    %end;
    .scope S_0x7fb7584042e0;
t_16 %join;
    %jmp T_10;
    .thread T_10;
    .scope S_0x7fb7584042e0;
T_11 ;
    %wait E_0x7fb758404750;
    %load/vec4 v0x7fb75841cec0_0;
    %dup/vec4;
    %pushi/vec4 0, 0, 64;
    %cmp/u;
    %jmp/1 T_11.0, 6;
    %pushi/vec4 1, 0, 1;
    %store/vec4 v0x7fb75841aac0_0, 0, 1;
    %jmp T_11.2;
T_11.0 ;
    %pushi/vec4 0, 0, 1;
    %store/vec4 v0x7fb75841aac0_0, 0, 1;
    %jmp T_11.2;
T_11.2 ;
    %pop/vec4 1;
    %jmp T_11;
    .thread T_11, $push;
    .scope S_0x7fb7584042e0;
T_12 ;
    %wait E_0x7fb758404710;
    %fork t_19, S_0x7fb758404f90;
    %jmp t_18;
    .scope S_0x7fb758404f90;
t_19 ;
    %load/vec4 v0x7fb75841c6d0_0;
    %flag_set/vec4 8;
    %jmp/0xz  T_12.0, 8;
    %pushi/vec4 0, 0, 1;
    %assign/vec4 v0x7fb75841a460_0, 0;
    %jmp T_12.1;
T_12.0 ;
    %load/vec4 v0x7fb75841b370_0;
    %flag_set/vec4 8;
    %jmp/0xz  T_12.2, 8;
    %load/vec4 v0x7fb75841ab60_0;
    %assign/vec4 v0x7fb75841a460_0, 0;
T_12.2 ;
T_12.1 ;
    %end;
    .scope S_0x7fb7584042e0;
t_18 %join;
    %jmp T_12;
    .thread T_12;
    .scope S_0x7fb7584042e0;
T_13 ;
    %wait E_0x7fb758404710;
    %fork t_21, S_0x7fb758404a40;
    %jmp t_20;
    .scope S_0x7fb758404a40;
t_21 ;
    %load/vec4 v0x7fb75841c6d0_0;
    %flag_set/vec4 8;
    %jmp/0xz  T_13.0, 8;
    %pushi/vec4 0, 0, 1320;
    %assign/vec4 v0x7fb75841a1c0_0, 0;
    %jmp T_13.1;
T_13.0 ;
    %load/vec4 v0x7fb75841b370_0;
    %flag_set/vec4 8;
    %jmp/0xz  T_13.2, 8;
    %load/vec4 v0x7fb75841a500_0;
    %assign/vec4 v0x7fb75841a1c0_0, 0;
T_13.2 ;
T_13.1 ;
    %end;
    .scope S_0x7fb7584042e0;
t_20 %join;
    %jmp T_13;
    .thread T_13;
    .scope S_0x7fb7584042e0;
T_14 ;
    %wait E_0x7fb758404710;
    %fork t_23, S_0x7fb758405350;
    %jmp t_22;
    .scope S_0x7fb758405350;
t_23 ;
    %load/vec4 v0x7fb75841c6d0_0;
    %flag_set/vec4 8;
    %jmp/0xz  T_14.0, 8;
    %pushi/vec4 0, 0, 64;
    %assign/vec4 v0x7fb75841b2c0_0, 0;
    %jmp T_14.1;
T_14.0 ;
    %load/vec4 v0x7fb75841b370_0;
    %flag_set/vec4 8;
    %jmp/0xz  T_14.2, 8;
    %load/vec4 v0x7fb75841ac00_0;
    %assign/vec4 v0x7fb75841b2c0_0, 0;
T_14.2 ;
T_14.1 ;
    %end;
    .scope S_0x7fb7584042e0;
t_22 %join;
    %jmp T_14;
    .thread T_14;
    .scope S_0x7fb7584042e0;
T_15 ;
    %wait E_0x7fb7584046c0;
    %load/vec4 v0x7fb75841cec0_0;
    %dup/vec4;
    %pushi/vec4 0, 0, 64;
    %cmp/u;
    %jmp/1 T_15.0, 6;
    %load/vec4 v0x7fb75841b2c0_0;
    %store/vec4 v0x7fb75841ad60_0, 0, 64;
    %jmp T_15.2;
T_15.0 ;
    %pushi/vec4 1, 0, 64;
    %store/vec4 v0x7fb75841ad60_0, 0, 64;
    %jmp T_15.2;
T_15.2 ;
    %pop/vec4 1;
    %jmp T_15;
    .thread T_15, $push;
    .scope S_0x7fb7584042e0;
T_16 ;
    %wait E_0x7fb758404660;
    %load/vec4 v0x7fb75841cec0_0;
    %dup/vec4;
    %pushi/vec4 0, 0, 64;
    %cmp/u;
    %jmp/1 T_16.0, 6;
    %load/vec4 v0x7fb75841b020_0;
    %store/vec4 v0x7fb75841af70_0, 0, 64;
    %jmp T_16.2;
T_16.0 ;
    %pushi/vec4 0, 0, 64;
    %store/vec4 v0x7fb75841af70_0, 0, 64;
    %jmp T_16.2;
T_16.2 ;
    %pop/vec4 1;
    %jmp T_16;
    .thread T_16, $push;
    .scope S_0x7fb758404160;
T_17 ;
    %delay 10000000, 0;
    %load/vec4 v0x7fb75841d210_0;
    %inv;
    %store/vec4 v0x7fb75841d210_0, 0, 1;
    %jmp T_17;
    .thread T_17;
    .scope S_0x7fb758404160;
T_18 ;
    %pushi/vec4 0, 0, 1;
    %store/vec4 v0x7fb75841d210_0, 0, 1;
    %pushi/vec4 0, 0, 1;
    %store/vec4 v0x7fb75841d9f0_0, 0, 1;
    %pushi/vec4 1, 0, 1;
    %store/vec4 v0x7fb75841d2a0_0, 0, 1;
    %pushi/vec4 0, 0, 1;
    %store/vec4 v0x7fb75841d3c0_0, 0, 1;
    %vpi_call 2 37 "$printtimescale", S_0x7fb758404160 {0 0 0};
    %vpi_call 2 38 "$dumpvars", 32'sb00000000000000000000000000000000, S_0x7fb758404160 {0 0 0};
    %delay 100000000, 0;
    %pushi/vec4 1, 0, 64;
    %store/vec4 v0x7fb75841d330_0, 0, 64;
    %pushi/vec4 1, 0, 1;
    %store/vec4 v0x7fb75841d3c0_0, 0, 1;
    %delay 20000000, 0;
    %pushi/vec4 2, 0, 64;
    %store/vec4 v0x7fb75841d330_0, 0, 64;
    %pushi/vec4 1, 0, 1;
    %store/vec4 v0x7fb75841d3c0_0, 0, 1;
    %delay 20000000, 0;
    %pushi/vec4 3, 0, 64;
    %store/vec4 v0x7fb75841d330_0, 0, 64;
    %pushi/vec4 1, 0, 1;
    %store/vec4 v0x7fb75841d3c0_0, 0, 1;
    %delay 20000000, 0;
    %pushi/vec4 4, 0, 64;
    %store/vec4 v0x7fb75841d330_0, 0, 64;
    %pushi/vec4 1, 0, 1;
    %store/vec4 v0x7fb75841d3c0_0, 0, 1;
    %delay 20000000, 0;
    %pushi/vec4 5, 0, 64;
    %store/vec4 v0x7fb75841d330_0, 0, 64;
    %pushi/vec4 1, 0, 1;
    %store/vec4 v0x7fb75841d3c0_0, 0, 1;
    %delay 20000000, 0;
    %pushi/vec4 0, 0, 1;
    %store/vec4 v0x7fb75841d3c0_0, 0, 1;
    %delay 40000000, 0;
    %pushi/vec4 6, 0, 64;
    %store/vec4 v0x7fb75841d330_0, 0, 64;
    %pushi/vec4 1, 0, 1;
    %store/vec4 v0x7fb75841d3c0_0, 0, 1;
    %delay 20000000, 0;
    %pushi/vec4 0, 0, 1;
    %store/vec4 v0x7fb75841d3c0_0, 0, 1;
    %delay 20000000, 0;
    %pushi/vec4 7, 0, 64;
    %store/vec4 v0x7fb75841d330_0, 0, 64;
    %pushi/vec4 1, 0, 1;
    %store/vec4 v0x7fb75841d3c0_0, 0, 1;
    %delay 20000000, 0;
    %pushi/vec4 0, 0, 1;
    %store/vec4 v0x7fb75841d3c0_0, 0, 1;
    %delay 100000000, 0;
    %pushi/vec4 8, 0, 64;
    %store/vec4 v0x7fb75841d330_0, 0, 64;
    %pushi/vec4 1, 0, 1;
    %store/vec4 v0x7fb75841d3c0_0, 0, 1;
    %delay 20000000, 0;
    %pushi/vec4 0, 0, 1;
    %store/vec4 v0x7fb75841d3c0_0, 0, 1;
    %delay 40000000, 0;
    %pushi/vec4 9, 0, 64;
    %store/vec4 v0x7fb75841d330_0, 0, 64;
    %pushi/vec4 1, 0, 1;
    %store/vec4 v0x7fb75841d3c0_0, 0, 1;
    %delay 20000000, 0;
    %pushi/vec4 10, 0, 64;
    %store/vec4 v0x7fb75841d330_0, 0, 64;
    %pushi/vec4 1, 0, 1;
    %store/vec4 v0x7fb75841d3c0_0, 0, 1;
    %delay 20000000, 0;
    %pushi/vec4 11, 0, 64;
    %store/vec4 v0x7fb75841d330_0, 0, 64;
    %pushi/vec4 1, 0, 1;
    %store/vec4 v0x7fb75841d3c0_0, 0, 1;
    %delay 20000000, 0;
    %pushi/vec4 12, 0, 64;
    %store/vec4 v0x7fb75841d330_0, 0, 64;
    %pushi/vec4 1, 0, 1;
    %store/vec4 v0x7fb75841d3c0_0, 0, 1;
    %delay 20000000, 0;
    %pushi/vec4 13, 0, 64;
    %store/vec4 v0x7fb75841d330_0, 0, 64;
    %pushi/vec4 1, 0, 1;
    %store/vec4 v0x7fb75841d3c0_0, 0, 1;
    %delay 20000000, 0;
    %pushi/vec4 14, 0, 64;
    %store/vec4 v0x7fb75841d330_0, 0, 64;
    %pushi/vec4 1, 0, 1;
    %store/vec4 v0x7fb75841d3c0_0, 0, 1;
    %delay 20000000, 0;
    %pushi/vec4 15, 0, 64;
    %store/vec4 v0x7fb75841d330_0, 0, 64;
    %pushi/vec4 1, 0, 1;
    %store/vec4 v0x7fb75841d3c0_0, 0, 1;
    %delay 20000000, 0;
    %pushi/vec4 16, 0, 64;
    %store/vec4 v0x7fb75841d330_0, 0, 64;
    %pushi/vec4 1, 0, 1;
    %store/vec4 v0x7fb75841d3c0_0, 0, 1;
    %delay 20000000, 0;
    %pushi/vec4 0, 0, 1;
    %store/vec4 v0x7fb75841d3c0_0, 0, 1;
    %delay 100000000, 0;
    %pushi/vec4 17, 0, 64;
    %store/vec4 v0x7fb75841d330_0, 0, 64;
    %pushi/vec4 1, 0, 1;
    %store/vec4 v0x7fb75841d3c0_0, 0, 1;
    %delay 20000000, 0;
    %pushi/vec4 18, 0, 64;
    %store/vec4 v0x7fb75841d330_0, 0, 64;
    %pushi/vec4 1, 0, 1;
    %store/vec4 v0x7fb75841d3c0_0, 0, 1;
    %delay 20000000, 0;
    %pushi/vec4 0, 0, 1;
    %store/vec4 v0x7fb75841d3c0_0, 0, 1;
    %delay 400000000, 0;
    %vpi_call 2 119 "$finish" {0 0 0};
    %end;
    .thread T_18;
# The file index is used to find the file name in the following table.
:file_names 4;
    "N/A";
    "<interactive>";
    "testbench.v";
    "./verilog/Pipeline2.topEntity/topEntity.v";
