#! /usr/local/Cellar/icarus-verilog/12.0/bin/vvp
:ivl_version "12.0 (stable)";
:ivl_delay_selection "TYPICAL";
:vpi_time_precision - 13;
:vpi_module "/usr/local/Cellar/icarus-verilog/12.0/lib/ivl/system.vpi";
:vpi_module "/usr/local/Cellar/icarus-verilog/12.0/lib/ivl/vhdl_sys.vpi";
:vpi_module "/usr/local/Cellar/icarus-verilog/12.0/lib/ivl/vhdl_textio.vpi";
:vpi_module "/usr/local/Cellar/icarus-verilog/12.0/lib/ivl/v2005_math.vpi";
:vpi_module "/usr/local/Cellar/icarus-verilog/12.0/lib/ivl/va_math.vpi";
S_0x7f80b0904bb0 .scope module, "testbench" "testbench" 2 2;
 .timescale -6 -9;
v0x7f80aff23a40_0 .var "clk", 0 0;
v0x7f80aff23b00_0 .var "en", 0 0;
v0x7f80aff23b90_0 .net "result_0", 0 0, L_0x7f80aff24be0;  1 drivers
v0x7f80aff23c20_0 .net "result_1", 0 0, L_0x7f80aff24cc0;  1 drivers
v0x7f80aff23cb0_0 .var "rst", 0 0;
S_0x7f80b0904d20 .scope module, "monitor" "topEntity" 2 10, 3 5 0, S_0x7f80b0904bb0;
 .timescale -13 -13;
    .port_info 0 /INPUT 1 "eta";
    .port_info 1 /INPUT 1 "eta1";
    .port_info 2 /INPUT 1 "eta2";
    .port_info 3 /OUTPUT 1 "result_0";
    .port_info 4 /OUTPUT 1 "result_1";
L_0x7f80b0a63008 .functor BUFT 1, C4<0000000000000000000000000000000000000000000000000000000000000001>, C4<0>, C4<0>, C4<0>;
v0x7f80b09056e0_0 .net/2s *"_ivl_0", 63 0, L_0x7f80b0a63008;  1 drivers
L_0x7f80b0a630e0 .functor BUFT 1, C4<0000000000000000000000000000000000000000000000000000000000000001>, C4<0>, C4<0>, C4<0>;
v0x7f80aff22400_0 .net/2s *"_ivl_10", 63 0, L_0x7f80b0a630e0;  1 drivers
L_0x7f80b0a63128 .functor BUFT 1, C4<0000000000000000000000000000000000000000000000000000000000000001>, C4<0>, C4<0>, C4<0>;
v0x7f80aff224c0_0 .net/2s *"_ivl_14", 63 0, L_0x7f80b0a63128;  1 drivers
L_0x7f80b0a63170 .functor BUFT 1, C4<0000000000000000000000000000000000000000000000000000000000000000>, C4<0>, C4<0>, C4<0>;
v0x7f80aff22570_0 .net/2s *"_ivl_18", 63 0, L_0x7f80b0a63170;  1 drivers
L_0x7f80b0a631b8 .functor BUFT 1, C4<0000000000000000000000000000000000000000000000000000000000000010>, C4<0>, C4<0>, C4<0>;
v0x7f80aff22600_0 .net/2s *"_ivl_22", 63 0, L_0x7f80b0a631b8;  1 drivers
L_0x7f80b0a63200 .functor BUFT 1, C4<1>, C4<0>, C4<0>, C4<0>;
v0x7f80aff226e0_0 .net/2u *"_ivl_26", 0 0, L_0x7f80b0a63200;  1 drivers
L_0x7f80b0a63248 .functor BUFT 1, C4<0>, C4<0>, C4<0>, C4<0>;
v0x7f80aff22790_0 .net/2u *"_ivl_28", 0 0, L_0x7f80b0a63248;  1 drivers
L_0x7f80b0a63290 .functor BUFT 1, C4<0000000000000000000000000000000000000000000000000000000000000011>, C4<0>, C4<0>, C4<0>;
v0x7f80aff22840_0 .net/2s *"_ivl_32", 63 0, L_0x7f80b0a63290;  1 drivers
L_0x7f80b0a632d8 .functor BUFT 1, C4<0000000000000000000000000000000000000000000000000000000000000001>, C4<0>, C4<0>, C4<0>;
v0x7f80aff228f0_0 .net/2s *"_ivl_36", 63 0, L_0x7f80b0a632d8;  1 drivers
L_0x7f80b0a63050 .functor BUFT 1, C4<1>, C4<0>, C4<0>, C4<0>;
v0x7f80aff22a00_0 .net/2u *"_ivl_4", 0 0, L_0x7f80b0a63050;  1 drivers
L_0x7f80b0a63320 .functor BUFT 1, C4<0000000000000000000000000000000000000000000000000000000000000000>, C4<0>, C4<0>, C4<0>;
v0x7f80aff22ab0_0 .net/2s *"_ivl_40", 63 0, L_0x7f80b0a63320;  1 drivers
L_0x7f80b0a63098 .functor BUFT 1, C4<0>, C4<0>, C4<0>, C4<0>;
v0x7f80aff22b60_0 .net/2u *"_ivl_6", 0 0, L_0x7f80b0a63098;  1 drivers
v0x7f80aff22c10_0 .net "b", 0 0, L_0x7f80aff23df0;  1 drivers
v0x7f80aff22cb0_0 .net "b_0", 0 0, L_0x7f80aff240b0;  1 drivers
v0x7f80aff22d50_0 .net "b_1", 0 0, L_0x7f80aff24470;  1 drivers
v0x7f80aff22df0_0 .net "b_2", 0 0, L_0x7f80aff24750;  1 drivers
v0x7f80aff22e90_0 .net "eta", 0 0, v0x7f80aff23a40_0;  1 drivers
v0x7f80aff23020_0 .net "eta1", 0 0, v0x7f80aff23cb0_0;  1 drivers
v0x7f80aff230b0_0 .net "eta2", 0 0, v0x7f80aff23b00_0;  1 drivers
v0x7f80aff23140_0 .net "result", 1 0, L_0x7f80aff24ae0;  1 drivers
v0x7f80aff231e0_0 .net "result_0", 0 0, L_0x7f80aff24be0;  alias, 1 drivers
v0x7f80aff23280_0 .net "result_1", 0 0, L_0x7f80aff24cc0;  alias, 1 drivers
v0x7f80aff23320_0 .var/s "result_10", 63 0;
v0x7f80aff233d0_0 .var "result_11", 0 0;
v0x7f80aff23470_0 .net "result_4", 0 0, L_0x7f80aff23f30;  1 drivers
v0x7f80aff23510_0 .net/s "result_5", 63 0, L_0x7f80aff24310;  1 drivers
v0x7f80aff235c0_0 .var/s "result_6", 63 0;
v0x7f80aff23670_0 .var "result_7", 0 0;
v0x7f80aff23710_0 .net "result_8", 0 0, L_0x7f80aff245d0;  1 drivers
v0x7f80aff237b0_0 .net/s "result_9", 63 0, L_0x7f80aff249c0;  1 drivers
v0x7f80aff23860_0 .net/s "t", 63 0, L_0x7f80aff24210;  1 drivers
v0x7f80aff23910_0 .net/s "t_0", 63 0, L_0x7f80aff24870;  1 drivers
E_0x7f80b0904f60 .event posedge, v0x7f80aff23020_0, v0x7f80aff22e90_0;
L_0x7f80aff23df0 .cmp/gt.s 64, L_0x7f80b0a63008, v0x7f80aff235c0_0;
L_0x7f80aff23f30 .functor MUXZ 1, L_0x7f80b0a63098, L_0x7f80b0a63050, L_0x7f80aff23df0, C4<>;
L_0x7f80aff240b0 .cmp/gt.s 64, L_0x7f80b0a630e0, v0x7f80aff235c0_0;
L_0x7f80aff24210 .arith/sum 64, v0x7f80aff235c0_0, L_0x7f80b0a63128;
L_0x7f80aff24310 .functor MUXZ 64, L_0x7f80b0a63170, L_0x7f80aff24210, L_0x7f80aff240b0, C4<>;
L_0x7f80aff24470 .cmp/gt.s 64, L_0x7f80b0a631b8, v0x7f80aff23320_0;
L_0x7f80aff245d0 .functor MUXZ 1, L_0x7f80b0a63248, L_0x7f80b0a63200, L_0x7f80aff24470, C4<>;
L_0x7f80aff24750 .cmp/gt.s 64, L_0x7f80b0a63290, v0x7f80aff23320_0;
L_0x7f80aff24870 .arith/sum 64, v0x7f80aff23320_0, L_0x7f80b0a632d8;
L_0x7f80aff249c0 .functor MUXZ 64, L_0x7f80b0a63320, L_0x7f80aff24870, L_0x7f80aff24750, C4<>;
L_0x7f80aff24ae0 .concat [ 1 1 0 0], v0x7f80aff23670_0, v0x7f80aff233d0_0;
L_0x7f80aff24be0 .part L_0x7f80aff24ae0, 1, 1;
L_0x7f80aff24cc0 .part L_0x7f80aff24ae0, 0, 1;
S_0x7f80b0904fc0 .scope begin, "result_10_register" "result_10_register" 3 78, 3 78 0, S_0x7f80b0904d20;
 .timescale -13 -13;
S_0x7f80b0905190 .scope begin, "result_11_register" "result_11_register" 3 88, 3 88 0, S_0x7f80b0904d20;
 .timescale -13 -13;
S_0x7f80b0905360 .scope begin, "result_6_register" "result_6_register" 3 48, 3 48 0, S_0x7f80b0904d20;
 .timescale -13 -13;
S_0x7f80b0905520 .scope begin, "result_7_register" "result_7_register" 3 58, 3 58 0, S_0x7f80b0904d20;
 .timescale -13 -13;
    .scope S_0x7f80b0904d20;
T_0 ;
    %pushi/vec4 0, 0, 64;
    %store/vec4 v0x7f80aff235c0_0, 0, 64;
    %pushi/vec4 0, 0, 1;
    %store/vec4 v0x7f80aff23670_0, 0, 1;
    %pushi/vec4 0, 0, 64;
    %store/vec4 v0x7f80aff23320_0, 0, 64;
    %pushi/vec4 0, 0, 1;
    %store/vec4 v0x7f80aff233d0_0, 0, 1;
    %end;
    .thread T_0;
    .scope S_0x7f80b0904d20;
T_1 ;
    %wait E_0x7f80b0904f60;
    %fork t_1, S_0x7f80b0905360;
    %jmp t_0;
    .scope S_0x7f80b0905360;
t_1 ;
    %load/vec4 v0x7f80aff23020_0;
    %flag_set/vec4 8;
    %jmp/0xz  T_1.0, 8;
    %pushi/vec4 0, 0, 64;
    %assign/vec4 v0x7f80aff235c0_0, 0;
    %jmp T_1.1;
T_1.0 ;
    %load/vec4 v0x7f80aff230b0_0;
    %flag_set/vec4 8;
    %jmp/0xz  T_1.2, 8;
    %load/vec4 v0x7f80aff23510_0;
    %assign/vec4 v0x7f80aff235c0_0, 0;
T_1.2 ;
T_1.1 ;
    %end;
    .scope S_0x7f80b0904d20;
t_0 %join;
    %jmp T_1;
    .thread T_1;
    .scope S_0x7f80b0904d20;
T_2 ;
    %wait E_0x7f80b0904f60;
    %fork t_3, S_0x7f80b0905520;
    %jmp t_2;
    .scope S_0x7f80b0905520;
t_3 ;
    %load/vec4 v0x7f80aff23020_0;
    %flag_set/vec4 8;
    %jmp/0xz  T_2.0, 8;
    %pushi/vec4 0, 0, 1;
    %assign/vec4 v0x7f80aff23670_0, 0;
    %jmp T_2.1;
T_2.0 ;
    %load/vec4 v0x7f80aff230b0_0;
    %flag_set/vec4 8;
    %jmp/0xz  T_2.2, 8;
    %load/vec4 v0x7f80aff23470_0;
    %assign/vec4 v0x7f80aff23670_0, 0;
T_2.2 ;
T_2.1 ;
    %end;
    .scope S_0x7f80b0904d20;
t_2 %join;
    %jmp T_2;
    .thread T_2;
    .scope S_0x7f80b0904d20;
T_3 ;
    %wait E_0x7f80b0904f60;
    %fork t_5, S_0x7f80b0904fc0;
    %jmp t_4;
    .scope S_0x7f80b0904fc0;
t_5 ;
    %load/vec4 v0x7f80aff23020_0;
    %flag_set/vec4 8;
    %jmp/0xz  T_3.0, 8;
    %pushi/vec4 0, 0, 64;
    %assign/vec4 v0x7f80aff23320_0, 0;
    %jmp T_3.1;
T_3.0 ;
    %load/vec4 v0x7f80aff230b0_0;
    %flag_set/vec4 8;
    %jmp/0xz  T_3.2, 8;
    %load/vec4 v0x7f80aff237b0_0;
    %assign/vec4 v0x7f80aff23320_0, 0;
T_3.2 ;
T_3.1 ;
    %end;
    .scope S_0x7f80b0904d20;
t_4 %join;
    %jmp T_3;
    .thread T_3;
    .scope S_0x7f80b0904d20;
T_4 ;
    %wait E_0x7f80b0904f60;
    %fork t_7, S_0x7f80b0905190;
    %jmp t_6;
    .scope S_0x7f80b0905190;
t_7 ;
    %load/vec4 v0x7f80aff23020_0;
    %flag_set/vec4 8;
    %jmp/0xz  T_4.0, 8;
    %pushi/vec4 0, 0, 1;
    %assign/vec4 v0x7f80aff233d0_0, 0;
    %jmp T_4.1;
T_4.0 ;
    %load/vec4 v0x7f80aff230b0_0;
    %flag_set/vec4 8;
    %jmp/0xz  T_4.2, 8;
    %load/vec4 v0x7f80aff23710_0;
    %assign/vec4 v0x7f80aff233d0_0, 0;
T_4.2 ;
T_4.1 ;
    %end;
    .scope S_0x7f80b0904d20;
t_6 %join;
    %jmp T_4;
    .thread T_4;
    .scope S_0x7f80b0904bb0;
T_5 ;
    %delay 50000, 0;
    %load/vec4 v0x7f80aff23a40_0;
    %inv;
    %store/vec4 v0x7f80aff23a40_0, 0, 1;
    %jmp T_5;
    .thread T_5;
    .scope S_0x7f80b0904bb0;
T_6 ;
    %vpi_call 2 20 "$printtimescale", S_0x7f80b0904bb0 {0 0 0};
    %vpi_call 2 21 "$dumpvars", 32'sb00000000000000000000000000000000, S_0x7f80b0904bb0 {0 0 0};
    %vpi_call 2 22 "$monitor", "clk: %b, clk1: %b, clk2: %b", v0x7f80aff23a40_0, v0x7f80aff23b90_0, v0x7f80aff23c20_0 {0 0 0};
    %end;
    .thread T_6;
    .scope S_0x7f80b0904bb0;
T_7 ;
    %pushi/vec4 0, 0, 1;
    %store/vec4 v0x7f80aff23a40_0, 0, 1;
    %pushi/vec4 0, 0, 1;
    %store/vec4 v0x7f80aff23cb0_0, 0, 1;
    %pushi/vec4 1, 0, 1;
    %store/vec4 v0x7f80aff23b00_0, 0, 1;
    %delay 1000000000, 0;
    %vpi_call 2 31 "$finish" {0 0 0};
    %end;
    .thread T_7;
# The file index is used to find the file name in the following table.
:file_names 4;
    "N/A";
    "<interactive>";
    "testbench.v";
    "../verilog/ClockDivider.topEntity/topEntity.v";
