#! /usr/local/Cellar/icarus-verilog/12.0/bin/vvp
:ivl_version "12.0 (stable)";
:ivl_delay_selection "TYPICAL";
:vpi_time_precision - 13;
:vpi_module "/usr/local/Cellar/icarus-verilog/12.0/lib/ivl/system.vpi";
:vpi_module "/usr/local/Cellar/icarus-verilog/12.0/lib/ivl/vhdl_sys.vpi";
:vpi_module "/usr/local/Cellar/icarus-verilog/12.0/lib/ivl/vhdl_textio.vpi";
:vpi_module "/usr/local/Cellar/icarus-verilog/12.0/lib/ivl/v2005_math.vpi";
:vpi_module "/usr/local/Cellar/icarus-verilog/12.0/lib/ivl/va_math.vpi";
S_0x7ff38e805580 .scope module, "testbench" "testbench" 2 2;
 .timescale -6 -9;
v0x7ff38df175f0_0 .var "clk", 0 0;
v0x7ff38df176b0_0 .var "en", 0 0;
v0x7ff38df17740_0 .net "hlc_a", 0 0, L_0x7ff38df1ee40;  1 drivers
v0x7ff38df177d0_0 .net "hlc_b", 0 0, L_0x7ff38df1ef60;  1 drivers
v0x7ff38df17860_0 .net "hlc_clock", 0 0, L_0x7ff38df1ed60;  1 drivers
v0x7ff38df17930_0 .net/s "hlc_clock_cnt", 63 0, L_0x7ff38df1f0e0;  1 drivers
v0x7ff38df179e0_0 .net "hlc_en_a_impl_b", 0 0, L_0x7ff38df1f980;  1 drivers
v0x7ff38df17a90_0 .net "hlc_en_gt", 0 0, L_0x7ff38df1f1c0;  1 drivers
v0x7ff38df17b40_0 .net "hlc_en_lt", 0 0, L_0x7ff38df1f500;  1 drivers
v0x7ff38df17c70_0 .net "hlc_en_neq", 0 0, L_0x7ff38df1f2a0;  1 drivers
v0x7ff38df17d00_0 .net "hlc_en_not_a", 0 0, L_0x7ff38df1f380;  1 drivers
v0x7ff38df17d90_0 .net "hlc_en_time_stream", 0 0, L_0x7ff38df1f5a0;  1 drivers
v0x7ff38df17e40_0 .net/s "hlc_id", 63 0, L_0x7ff38df1f000;  1 drivers
v0x7ff38df17ef0_0 .var "input_a", 0 0;
v0x7ff38df17fa0_0 .var "input_b", 0 0;
v0x7ff38df18050_0 .var/s "input_id", 63 0;
v0x7ff38df18100_0 .net/s "llc_stage", 63 0, L_0x7ff38df1f640;  1 drivers
v0x7ff38df182b0_0 .var "new_input_a", 0 0;
v0x7ff38df18340_0 .var "new_input_b", 0 0;
v0x7ff38df183d0_0 .var "new_input_id", 0 0;
v0x7ff38df18460_0 .net "output_a_impl_b", 0 0, L_0x7ff38df20360;  1 drivers
v0x7ff38df184f0_0 .net "output_a_impl_b_aktv", 0 0, L_0x7ff38df209e0;  1 drivers
v0x7ff38df185a0_0 .net "output_gt", 0 0, L_0x7ff38df1fec0;  1 drivers
v0x7ff38df18650_0 .net "output_gt_aktv", 0 0, L_0x7ff38df1ff60;  1 drivers
v0x7ff38df18700_0 .net "output_lt", 0 0, L_0x7ff38df1fd80;  1 drivers
v0x7ff38df187b0_0 .net "output_lt_aktv", 0 0, L_0x7ff38df1fe20;  1 drivers
v0x7ff38df18860_0 .net "output_neq", 0 0, L_0x7ff38df20470;  1 drivers
v0x7ff38df18910_0 .net "output_neq_aktv", 0 0, L_0x7ff38df20590;  1 drivers
v0x7ff38df189c0_0 .net "output_not_a", 0 0, L_0x7ff38df20160;  1 drivers
v0x7ff38df18a70_0 .net "output_not_a_aktv", 0 0, L_0x7ff38df20280;  1 drivers
v0x7ff38df18b20_0 .net/s "output_time_stream", 63 0, L_0x7ff38df20670;  1 drivers
v0x7ff38df18bd0_0 .net "output_time_stream_aktv", 0 0, L_0x7ff38df20790;  1 drivers
v0x7ff38df18c80_0 .var "rst", 0 0;
S_0x7ff38e8056f0 .scope module, "monitor" "topEntity" 2 44, 3 5 0, S_0x7ff38e805580;
 .timescale -13 -13;
    .port_info 0 /INPUT 1 "clk";
    .port_info 1 /INPUT 1 "rst";
    .port_info 2 /INPUT 1 "en";
    .port_info 3 /INPUT 1 "input0_0_0";
    .port_info 4 /INPUT 1 "input0_0_1";
    .port_info 5 /INPUT 1 "input0_1_0";
    .port_info 6 /INPUT 1 "input0_1_1";
    .port_info 7 /INPUT 64 "input0_2_0";
    .port_info 8 /INPUT 1 "input0_2_1";
    .port_info 9 /OUTPUT 1 "result_0_0";
    .port_info 10 /OUTPUT 64 "result_0_1";
    .port_info 11 /OUTPUT 1 "result_1_0";
    .port_info 12 /OUTPUT 1 "result_1_1";
    .port_info 13 /OUTPUT 64 "result_1_2";
    .port_info 14 /OUTPUT 1 "result_1_3";
    .port_info 15 /OUTPUT 1 "result_1_4";
    .port_info 16 /OUTPUT 1 "result_1_5";
    .port_info 17 /OUTPUT 1 "result_1_6";
    .port_info 18 /OUTPUT 1 "result_1_7";
    .port_info 19 /OUTPUT 1 "result_1_8";
    .port_info 20 /OUTPUT 64 "result_2_0";
    .port_info 21 /OUTPUT 1 "result_2_1_0";
    .port_info 22 /OUTPUT 1 "result_2_1_1";
    .port_info 23 /OUTPUT 1 "result_2_2_0";
    .port_info 24 /OUTPUT 1 "result_2_2_1";
    .port_info 25 /OUTPUT 1 "result_2_3_0";
    .port_info 26 /OUTPUT 1 "result_2_3_1";
    .port_info 27 /OUTPUT 1 "result_2_4_0";
    .port_info 28 /OUTPUT 1 "result_2_4_1";
    .port_info 29 /OUTPUT 1 "result_2_5_0";
    .port_info 30 /OUTPUT 1 "result_2_5_1";
    .port_info 31 /OUTPUT 64 "result_2_6_0";
    .port_info 32 /OUTPUT 1 "result_2_6_1";
L_0x7ff38df1a310 .functor AND 1, L_0x7ff38df1ba10, L_0x7ff38df1c240, C4<1>, C4<1>;
L_0x7ff38df1a4c0 .functor AND 1, L_0x7ff38df1ba10, L_0x7ff38df1c470, C4<1>, C4<1>;
L_0x7ff38df1a6d0 .functor NOT 1, L_0x7ff38df1ac90, C4<0>, C4<0>, C4<0>;
L_0x7ff38df1a930 .functor OR 1, L_0x7ff38df1a6d0, L_0x7ff38df1a780, C4<0>, C4<0>;
L_0x7ff38df1a9e0 .functor AND 1, L_0x7ff38df1ba10, L_0x7ff38df1c080, C4<1>, C4<1>;
L_0x7ff38df1aa80 .functor NOT 1, L_0x7ff38df1ac90, C4<0>, C4<0>, C4<0>;
L_0x7ff38df1aec0 .functor AND 1, L_0x7ff38df1a880, L_0x7ff38df1c1a0, C4<1>, C4<1>;
L_0x7ff38df1b120 .functor OR 1, v0x7ff38df14a30_0, v0x7ff38df148f0_0, C4<0>, C4<0>;
L_0x7ff38df1b210 .functor AND 1, L_0x7ff38df1ba10, L_0x7ff38df1bdb0, C4<1>, C4<1>;
L_0x7ff38df1b570 .functor AND 1, L_0x7ff38df1ba10, L_0x7ff38df1bfe0, C4<1>, C4<1>;
L_0x7ff38df1c2e0 .functor BUFZ 64, v0x7ff38df16c40_0, C4<0000000000000000000000000000000000000000000000000000000000000000>, C4<0000000000000000000000000000000000000000000000000000000000000000>, C4<0000000000000000000000000000000000000000000000000000000000000000>;
L_0x7ff38df1cbe0 .functor AND 1, L_0x7ff38df1d860, L_0x7ff38df1c6f0, C4<1>, C4<1>;
L_0x7ff38df1d470 .functor BUFZ 64, v0x7ff38df15540_0, C4<0000000000000000000000000000000000000000000000000000000000000000>, C4<0000000000000000000000000000000000000000000000000000000000000000>, C4<0000000000000000000000000000000000000000000000000000000000000000>;
L_0x7ff38df1d7b0 .functor AND 1, L_0x7ff38df1d860, L_0x7ff38df1d120, C4<1>, C4<1>;
L_0x7ff38df1d360 .functor AND 1, L_0x7ff38df1e490, L_0x7ff38df1dd40, C4<1>, C4<1>;
L_0x7ff38df1e970 .functor BUFZ 64, v0x7ff38df15950_0, C4<0000000000000000000000000000000000000000000000000000000000000000>, C4<0000000000000000000000000000000000000000000000000000000000000000>, C4<0000000000000000000000000000000000000000000000000000000000000000>;
v0x7ff38e86e9c0_0 .net *"_ivl_0", 1 0, L_0x7ff38df181b0;  1 drivers
v0x7ff38df10550_0 .net *"_ivl_11", 0 0, L_0x7ff38df19460;  1 drivers
L_0x7ff38e9631b8 .functor BUFT 1, C4<0000000000000000000000000000000000000000000000000000000000000100>, C4<0>, C4<0>, C4<0>;
v0x7ff38df10610_0 .net/2s *"_ivl_112", 63 0, L_0x7ff38e9631b8;  1 drivers
L_0x7ff38e963200 .functor BUFT 1, C4<0000000000000000000000000000000000000000000000000000000000000000>, C4<0>, C4<0>, C4<0>;
v0x7ff38df106d0_0 .net/2s *"_ivl_116", 63 0, L_0x7ff38e963200;  1 drivers
L_0x7ff38e963248 .functor BUFT 1, C4<0000000000000000000000000000000000000000000000000000000000000001>, C4<0>, C4<0>, C4<0>;
v0x7ff38df10780_0 .net/2s *"_ivl_118", 63 0, L_0x7ff38e963248;  1 drivers
v0x7ff38df10870_0 .net *"_ivl_12", 1 0, L_0x7ff38df19520;  1 drivers
v0x7ff38df10920_0 .net/s *"_ivl_120", 63 0, L_0x7ff38df1c510;  1 drivers
v0x7ff38df109d0_0 .net *"_ivl_129", 63 0, L_0x7ff38df1c9d0;  1 drivers
L_0x7ff38e963290 .functor BUFT 1, C4<0000000000000000000000000000000000000000000000000000000000000000>, C4<0>, C4<0>, C4<0>;
v0x7ff38df10a80_0 .net/2s *"_ivl_130", 63 0, L_0x7ff38e963290;  1 drivers
v0x7ff38df10b90_0 .net *"_ivl_132", 0 0, L_0x7ff38df1c6f0;  1 drivers
v0x7ff38df10c30_0 .net *"_ivl_137", 0 0, L_0x7ff38df1cc90;  1 drivers
L_0x7ff38e9632d8 .functor BUFT 1, C4<1>, C4<0>, C4<0>, C4<0>;
v0x7ff38df10ce0_0 .net/2u *"_ivl_142", 0 0, L_0x7ff38e9632d8;  1 drivers
L_0x7ff38e963320 .functor BUFT 1, C4<0>, C4<0>, C4<0>, C4<0>;
v0x7ff38df10d90_0 .net/2u *"_ivl_144", 0 0, L_0x7ff38e963320;  1 drivers
L_0x7ff38e963368 .functor BUFT 1, C4<0000000000000000000000000000000000111011100110101100101000000000>, C4<0>, C4<0>, C4<0>;
v0x7ff38df10e40_0 .net/2s *"_ivl_148", 63 0, L_0x7ff38e963368;  1 drivers
v0x7ff38df10ef0_0 .net *"_ivl_15", 0 0, L_0x7ff38df19680;  1 drivers
L_0x7ff38e9633b0 .functor BUFT 1, C4<0000000000000000000000000000000000000000000000000000011111010000>, C4<0>, C4<0>, C4<0>;
v0x7ff38df10fa0_0 .net/2s *"_ivl_152", 63 0, L_0x7ff38e9633b0;  1 drivers
L_0x7ff38e9633f8 .functor BUFT 1, C4<0000000000000000000000000000000000000000000000000000011111010000>, C4<0>, C4<0>, C4<0>;
v0x7ff38df11050_0 .net/2s *"_ivl_154", 63 0, L_0x7ff38e9633f8;  1 drivers
v0x7ff38df111e0_0 .net/s *"_ivl_156", 63 0, L_0x7ff38df1cf90;  1 drivers
v0x7ff38df11270_0 .net *"_ivl_16", 1 0, L_0x7ff38df19780;  1 drivers
L_0x7ff38e963440 .functor BUFT 1, C4<1>, C4<0>, C4<0>, C4<0>;
v0x7ff38df11320_0 .net/2u *"_ivl_162", 0 0, L_0x7ff38e963440;  1 drivers
L_0x7ff38e963488 .functor BUFT 1, C4<0>, C4<0>, C4<0>, C4<0>;
v0x7ff38df113d0_0 .net/2u *"_ivl_164", 0 0, L_0x7ff38e963488;  1 drivers
v0x7ff38df11480_0 .net *"_ivl_173", 0 0, L_0x7ff38df1d240;  1 drivers
v0x7ff38df11530_0 .net *"_ivl_175", 0 0, L_0x7ff38df1dac0;  1 drivers
v0x7ff38df115e0_0 .net *"_ivl_177", 0 0, L_0x7ff38df1d900;  1 drivers
v0x7ff38df11690_0 .net *"_ivl_179", 63 0, L_0x7ff38df1d9a0;  1 drivers
v0x7ff38df11740_0 .net *"_ivl_181", 0 0, L_0x7ff38df1dd40;  1 drivers
v0x7ff38df117f0_0 .net *"_ivl_182", 0 0, L_0x7ff38df1d360;  1 drivers
v0x7ff38df118a0_0 .net *"_ivl_185", 0 0, L_0x7ff38df1de60;  1 drivers
v0x7ff38df11950_0 .net *"_ivl_186", 71 0, L_0x7ff38df1db60;  1 drivers
v0x7ff38df11a00_0 .net *"_ivl_19", 0 0, L_0x7ff38df198b0;  1 drivers
L_0x7ff38e9634d0 .functor BUFT 1, C4<0000000000000000000000000000000000000000000000000000000000000010>, C4<0>, C4<0>, C4<0>;
v0x7ff38df11ab0_0 .net/2s *"_ivl_194", 63 0, L_0x7ff38e9634d0;  1 drivers
L_0x7ff38e963518 .functor BUFT 1, C4<1>, C4<0>, C4<0>, C4<0>;
v0x7ff38df11b60_0 .net/2u *"_ivl_198", 0 0, L_0x7ff38e963518;  1 drivers
v0x7ff38df11c10_0 .net *"_ivl_2", 1 0, L_0x7ff38df18f90;  1 drivers
v0x7ff38df11100_0 .net *"_ivl_20", 1 0, L_0x7ff38df19970;  1 drivers
v0x7ff38df11ea0_0 .net *"_ivl_200", 64 0, L_0x7ff38df1e330;  1 drivers
L_0x7ff38e963560 .functor BUFT 1, C4<0>, C4<0>, C4<0>, C4<0>;
v0x7ff38df11f30_0 .net/2u *"_ivl_202", 0 0, L_0x7ff38e963560;  1 drivers
v0x7ff38df11fd0_0 .net *"_ivl_204", 64 0, L_0x7ff38df1e750;  1 drivers
L_0x7ff38e9635a8 .functor BUFT 1, C4<0000000000000000000000000000000000000000000000000000000000000100>, C4<0>, C4<0>, C4<0>;
v0x7ff38df12080_0 .net/2s *"_ivl_208", 63 0, L_0x7ff38e9635a8;  1 drivers
L_0x7ff38e9635f0 .functor BUFT 1, C4<0000000000000000000000000000000000000000000000000000000000000001>, C4<0>, C4<0>, C4<0>;
v0x7ff38df12130_0 .net/2s *"_ivl_212", 63 0, L_0x7ff38e9635f0;  1 drivers
v0x7ff38df121e0_0 .net/s *"_ivl_214", 63 0, L_0x7ff38df1eac0;  1 drivers
L_0x7ff38e963638 .functor BUFT 1, C4<0000000000000000000000000000000000000000000000000000000000000000>, C4<0>, C4<0>, C4<0>;
v0x7ff38df12290_0 .net/2s *"_ivl_216", 63 0, L_0x7ff38e963638;  1 drivers
v0x7ff38df12340_0 .net *"_ivl_23", 0 0, L_0x7ff38df19ab0;  1 drivers
v0x7ff38df123f0_0 .net *"_ivl_24", 1 0, L_0x7ff38df19bf0;  1 drivers
v0x7ff38df124a0_0 .net *"_ivl_27", 0 0, L_0x7ff38df19d00;  1 drivers
v0x7ff38df12550_0 .net *"_ivl_28", 1 0, L_0x7ff38df19dc0;  1 drivers
v0x7ff38df12600_0 .net *"_ivl_31", 0 0, L_0x7ff38df19f20;  1 drivers
v0x7ff38df126b0_0 .net *"_ivl_32", 64 0, L_0x7ff38df19fc0;  1 drivers
v0x7ff38df12760_0 .net *"_ivl_4", 64 0, L_0x7ff38df190b0;  1 drivers
v0x7ff38df12810_0 .net *"_ivl_44", 0 0, L_0x7ff38df1a6d0;  1 drivers
v0x7ff38df128c0_0 .net *"_ivl_47", 0 0, L_0x7ff38df1a780;  1 drivers
L_0x7ff38e963008 .functor BUFT 1, C4<0000000000000000000000000000000000000000000000000000000000000011>, C4<0>, C4<0>, C4<0>;
v0x7ff38df12970_0 .net/2s *"_ivl_58", 63 0, L_0x7ff38e963008;  1 drivers
v0x7ff38df12a20_0 .net *"_ivl_60", 0 0, L_0x7ff38df1a880;  1 drivers
L_0x7ff38e963050 .functor BUFT 1, C4<0000000000000000000000000000000000000000000000000000000000000101>, C4<0>, C4<0>, C4<0>;
v0x7ff38df12ac0_0 .net/2s *"_ivl_70", 63 0, L_0x7ff38e963050;  1 drivers
L_0x7ff38e963098 .functor BUFT 1, C4<0000000000000000000000000000000000000000000000000000000000000101>, C4<0>, C4<0>, C4<0>;
v0x7ff38df12b70_0 .net/2s *"_ivl_78", 63 0, L_0x7ff38e963098;  1 drivers
L_0x7ff38e9630e0 .functor BUFT 1, C4<0000000000000000000000000000000000000000000000000000000000000010>, C4<0>, C4<0>, C4<0>;
v0x7ff38df12c20_0 .net/2s *"_ivl_86", 63 0, L_0x7ff38e9630e0;  1 drivers
v0x7ff38df12cd0_0 .net *"_ivl_90", 5 0, L_0x7ff38df1bbb0;  1 drivers
L_0x7ff38e963128 .functor BUFT 1, C4<000000>, C4<0>, C4<0>, C4<0>;
v0x7ff38df12d80_0 .net/2u *"_ivl_92", 5 0, L_0x7ff38e963128;  1 drivers
L_0x7ff38e963170 .functor BUFT 1, C4<0000000000000000000000000000000000000000000000000000000000000100>, C4<0>, C4<0>, C4<0>;
v0x7ff38df12e30_0 .net/2s *"_ivl_96", 63 0, L_0x7ff38e963170;  1 drivers
v0x7ff38df12ee0_0 .net "a", 0 0, L_0x7ff38df1ac90;  1 drivers
v0x7ff38df12f80_0 .net "aktvA", 0 0, L_0x7ff38df1e490;  1 drivers
v0x7ff38df13020_0 .net "aktvId", 0 0, L_0x7ff38df1df80;  1 drivers
v0x7ff38df130c0_0 .net "b", 0 0, L_0x7ff38df1bec0;  1 drivers
v0x7ff38df13160_0 .net "b_0", 0 0, L_0x7ff38df1c650;  1 drivers
v0x7ff38df13200_0 .net "b_1", 0 0, L_0x7ff38df1cbe0;  1 drivers
v0x7ff38df132a0_0 .net "b_2", 0 0, L_0x7ff38df1d7b0;  1 drivers
v0x7ff38df11cb0_0 .net "b_3", 0 0, L_0x7ff38df1e290;  1 drivers
v0x7ff38df11d50_0 .net "b_4", 0 0, L_0x7ff38df1e5b0;  1 drivers
v0x7ff38df11df0_0 .var/s "c$app_arg", 63 0;
v0x7ff38df13330_0 .net "c$b_app_arg", 0 0, L_0x7ff38df1d120;  1 drivers
v0x7ff38df133d0_0 .net "c$outLt_app_arg", 0 0, L_0x7ff38df1ba10;  1 drivers
v0x7ff38df13470_0 .net "clk", 0 0, v0x7ff38df175f0_0;  1 drivers
v0x7ff38df13510_0 .net "en", 0 0, v0x7ff38df176b0_0;  1 drivers
v0x7ff38df135b0_0 .net "enAImplB", 0 0, L_0x7ff38df1c470;  1 drivers
v0x7ff38df13650_0 .net "enGt", 0 0, L_0x7ff38df1bdb0;  1 drivers
v0x7ff38df136f0_0 .net "enLt", 0 0, L_0x7ff38df1bfe0;  1 drivers
v0x7ff38df13790_0 .net "enNeq", 0 0, L_0x7ff38df1c1a0;  1 drivers
v0x7ff38df13830_0 .net "enNotA", 0 0, L_0x7ff38df1c080;  1 drivers
v0x7ff38df138d0_0 .net "enTimeStream", 0 0, L_0x7ff38df1c240;  1 drivers
v0x7ff38df13970_0 .net "en_0", 0 0, L_0x7ff38df1d860;  1 drivers
v0x7ff38df13a10_0 .net "eta", 0 0, L_0x7ff38df1a310;  1 drivers
v0x7ff38df13ab0_0 .net "eta_0", 0 0, L_0x7ff38df1a4c0;  1 drivers
v0x7ff38df13b50_0 .net "eta_1", 0 0, L_0x7ff38df1a9e0;  1 drivers
v0x7ff38df13bf0_0 .net "eta_2", 0 0, L_0x7ff38df1aec0;  1 drivers
v0x7ff38df13c90_0 .net "eta_3", 0 0, L_0x7ff38df1b210;  1 drivers
v0x7ff38df13d30_0 .net "eta_4", 0 0, L_0x7ff38df1b570;  1 drivers
v0x7ff38df13dd0_0 .net "f1", 64 0, L_0x7ff38df1ca70;  1 drivers
v0x7ff38df13e80_0 .net/s "id", 63 0, L_0x7ff38df1b870;  1 drivers
v0x7ff38df13f30_0 .net "input0", 68 0, L_0x7ff38df191d0;  1 drivers
v0x7ff38df13fe0_0 .net "input0_0_0", 0 0, v0x7ff38df17ef0_0;  1 drivers
v0x7ff38df14080_0 .net "input0_0_1", 0 0, v0x7ff38df182b0_0;  1 drivers
v0x7ff38df14120_0 .net "input0_1_0", 0 0, v0x7ff38df17fa0_0;  1 drivers
v0x7ff38df141c0_0 .net "input0_1_1", 0 0, v0x7ff38df18340_0;  1 drivers
v0x7ff38df14260_0 .net/s "input0_2_0", 63 0, v0x7ff38df18050_0;  1 drivers
v0x7ff38df14310_0 .net "input0_2_1", 0 0, v0x7ff38df183d0_0;  1 drivers
v0x7ff38df143b0_0 .net "result", 275 0, L_0x7ff38df19350;  1 drivers
v0x7ff38df14460_0 .net "result_0", 64 0, L_0x7ff38df1ea20;  1 drivers
v0x7ff38df14510_0 .net "result_0_0", 0 0, L_0x7ff38df1ed60;  alias, 1 drivers
v0x7ff38df145b0_0 .net/s "result_0_1", 63 0, L_0x7ff38df1f0e0;  alias, 1 drivers
v0x7ff38df14660_0 .net "result_1", 71 0, L_0x7ff38df1eba0;  1 drivers
v0x7ff38df14710_0 .net "result_10", 0 0, L_0x7ff38df1afb0;  1 drivers
v0x7ff38df147b0_0 .var "result_11", 0 0;
v0x7ff38df14850_0 .net "result_12", 0 0, L_0x7ff38df1b3f0;  1 drivers
v0x7ff38df148f0_0 .var "result_13", 0 0;
v0x7ff38df14990_0 .net "result_14", 0 0, L_0x7ff38df1b6e0;  1 drivers
v0x7ff38df14a30_0 .var "result_15", 0 0;
v0x7ff38df14ad0_0 .net "result_16", 5 0, L_0x7ff38df1bd10;  1 drivers
v0x7ff38df14b80_0 .net/s "result_17", 63 0, L_0x7ff38df1c5b0;  1 drivers
v0x7ff38df14c30_0 .var "result_18", 64 0;
v0x7ff38df14ce0_0 .net "result_19", 64 0, L_0x7ff38df1c930;  1 drivers
v0x7ff38df14d90_0 .net "result_1_0", 0 0, L_0x7ff38df1ee40;  alias, 1 drivers
v0x7ff38df14e30_0 .net "result_1_1", 0 0, L_0x7ff38df1ef60;  alias, 1 drivers
v0x7ff38df14ed0_0 .net/s "result_1_2", 63 0, L_0x7ff38df1f000;  alias, 1 drivers
v0x7ff38df14f80_0 .net "result_1_3", 0 0, L_0x7ff38df1f500;  alias, 1 drivers
v0x7ff38df15020_0 .net "result_1_4", 0 0, L_0x7ff38df1f1c0;  alias, 1 drivers
v0x7ff38df150c0_0 .net "result_1_5", 0 0, L_0x7ff38df1f2a0;  alias, 1 drivers
v0x7ff38df15160_0 .net "result_1_6", 0 0, L_0x7ff38df1f380;  alias, 1 drivers
v0x7ff38df15200_0 .net "result_1_7", 0 0, L_0x7ff38df1f980;  alias, 1 drivers
v0x7ff38df152a0_0 .net "result_1_8", 0 0, L_0x7ff38df1f5a0;  alias, 1 drivers
v0x7ff38df15340_0 .net "result_2", 138 0, L_0x7ff38df1ec40;  1 drivers
v0x7ff38df153f0_0 .net "result_20", 0 0, L_0x7ff38df1cd30;  1 drivers
v0x7ff38df15490_0 .net/s "result_21", 63 0, L_0x7ff38df1d070;  1 drivers
v0x7ff38df15540_0 .var/s "result_22", 63 0;
v0x7ff38df155f0_0 .net "result_23", 0 0, L_0x7ff38df1d710;  1 drivers
v0x7ff38df15690_0 .net "result_24", 71 0, L_0x7ff38df1e1f0;  1 drivers
v0x7ff38df15740_0 .var "result_25", 71 0;
v0x7ff38df157f0_0 .net "result_26", 64 0, L_0x7ff38df1e7f0;  1 drivers
v0x7ff38df158a0_0 .net/s "result_27", 63 0, L_0x7ff38df1e890;  1 drivers
v0x7ff38df15950_0 .var/s "result_28", 63 0;
v0x7ff38df15a00_0 .var "result_29", 64 0;
v0x7ff38df15ab0_0 .net/s "result_2_0", 63 0, L_0x7ff38df1f640;  alias, 1 drivers
v0x7ff38df15b60_0 .net "result_2_1", 1 0, L_0x7ff38df1f720;  1 drivers
v0x7ff38df15c10_0 .net "result_2_1_0", 0 0, L_0x7ff38df1fd80;  alias, 1 drivers
v0x7ff38df15cb0_0 .net "result_2_1_1", 0 0, L_0x7ff38df1fe20;  alias, 1 drivers
v0x7ff38df15d50_0 .net "result_2_2", 1 0, L_0x7ff38df1fce0;  1 drivers
v0x7ff38df15e00_0 .net "result_2_2_0", 0 0, L_0x7ff38df1fec0;  alias, 1 drivers
v0x7ff38df15ea0_0 .net "result_2_2_1", 0 0, L_0x7ff38df1ff60;  alias, 1 drivers
v0x7ff38df15f40_0 .net "result_2_3", 1 0, L_0x7ff38df1fa20;  1 drivers
v0x7ff38df15ff0_0 .net "result_2_3_0", 0 0, L_0x7ff38df20470;  alias, 1 drivers
v0x7ff38df16090_0 .net "result_2_3_1", 0 0, L_0x7ff38df20590;  alias, 1 drivers
v0x7ff38df16130_0 .net "result_2_4", 1 0, L_0x7ff38df1fac0;  1 drivers
v0x7ff38df161e0_0 .net "result_2_4_0", 0 0, L_0x7ff38df20160;  alias, 1 drivers
v0x7ff38df16280_0 .net "result_2_4_1", 0 0, L_0x7ff38df20280;  alias, 1 drivers
v0x7ff38df16320_0 .net "result_2_5", 1 0, L_0x7ff38df1fb60;  1 drivers
v0x7ff38df163d0_0 .net "result_2_5_0", 0 0, L_0x7ff38df20360;  alias, 1 drivers
v0x7ff38df16470_0 .net "result_2_5_1", 0 0, L_0x7ff38df209e0;  alias, 1 drivers
v0x7ff38df16510_0 .net "result_2_6", 64 0, L_0x7ff38df1fc00;  1 drivers
v0x7ff38df165c0_0 .net/s "result_2_6_0", 63 0, L_0x7ff38df20670;  alias, 1 drivers
v0x7ff38df16670_0 .net "result_2_6_1", 0 0, L_0x7ff38df20790;  alias, 1 drivers
v0x7ff38df16710_0 .net "result_3", 138 0, L_0x7ff38df1a130;  1 drivers
v0x7ff38df167c0_0 .net/s "result_4", 63 0, L_0x7ff38df1a380;  1 drivers
v0x7ff38df16870_0 .var/s "result_5", 63 0;
v0x7ff38df16920_0 .net "result_6", 0 0, L_0x7ff38df1a590;  1 drivers
v0x7ff38df169c0_0 .var "result_7", 0 0;
v0x7ff38df16a60_0 .net "result_8", 0 0, L_0x7ff38df1ab30;  1 drivers
v0x7ff38df16b00_0 .var "result_9", 0 0;
v0x7ff38df16ba0_0 .net "rst", 0 0, v0x7ff38df18c80_0;  1 drivers
v0x7ff38df16c40_0 .var/s "s", 63 0;
v0x7ff38df16cf0_0 .net "t", 0 0, L_0x7ff38df1a930;  1 drivers
v0x7ff38df16d90_0 .net "t_0", 0 0, L_0x7ff38df1aa80;  1 drivers
v0x7ff38df16e30_0 .net "t_1", 0 0, L_0x7ff38df1b120;  1 drivers
v0x7ff38df16ed0_0 .net "t_2", 0 0, L_0x7ff38df1b350;  1 drivers
v0x7ff38df16f70_0 .net "t_3", 0 0, L_0x7ff38df1b5e0;  1 drivers
v0x7ff38df17010_0 .net "t_4", 64 0, L_0x7ff38df1ceb0;  1 drivers
v0x7ff38df170c0_0 .net/s "x", 63 0, L_0x7ff38df1c2e0;  1 drivers
v0x7ff38df17170_0 .net/s "x_0", 63 0, L_0x7ff38df1d470;  1 drivers
v0x7ff38df17220_0 .net/s "x_1", 63 0, L_0x7ff38df1e970;  1 drivers
E_0x7ff38e855540 .event posedge, v0x7ff38df16ba0_0, v0x7ff38df13470_0;
E_0x7ff38e853270 .event posedge, v0x7ff38df13470_0;
L_0x7ff38df181b0 .concat [ 1 1 0 0], v0x7ff38df182b0_0, v0x7ff38df17ef0_0;
L_0x7ff38df18f90 .concat [ 1 1 0 0], v0x7ff38df18340_0, v0x7ff38df17fa0_0;
L_0x7ff38df190b0 .concat [ 1 64 0 0], v0x7ff38df183d0_0, v0x7ff38df18050_0;
L_0x7ff38df191d0 .concat [ 65 2 2 0], L_0x7ff38df190b0, L_0x7ff38df18f90, L_0x7ff38df181b0;
L_0x7ff38df19350 .concat [ 139 72 65 0], L_0x7ff38df1a130, v0x7ff38df15740_0, v0x7ff38df15a00_0;
L_0x7ff38df19460 .part L_0x7ff38df1bd10, 5, 1;
L_0x7ff38df19520 .concat [ 1 1 0 0], L_0x7ff38df19460, v0x7ff38df14a30_0;
L_0x7ff38df19680 .part L_0x7ff38df1bd10, 4, 1;
L_0x7ff38df19780 .concat [ 1 1 0 0], L_0x7ff38df19680, v0x7ff38df148f0_0;
L_0x7ff38df198b0 .part L_0x7ff38df1bd10, 3, 1;
L_0x7ff38df19970 .concat [ 1 1 0 0], L_0x7ff38df198b0, v0x7ff38df147b0_0;
L_0x7ff38df19ab0 .part L_0x7ff38df1bd10, 2, 1;
L_0x7ff38df19bf0 .concat [ 1 1 0 0], L_0x7ff38df19ab0, v0x7ff38df16b00_0;
L_0x7ff38df19d00 .part L_0x7ff38df1bd10, 1, 1;
L_0x7ff38df19dc0 .concat [ 1 1 0 0], L_0x7ff38df19d00, v0x7ff38df169c0_0;
L_0x7ff38df19f20 .part L_0x7ff38df1bd10, 0, 1;
L_0x7ff38df19fc0 .concat [ 1 64 0 0], L_0x7ff38df19f20, v0x7ff38df16870_0;
LS_0x7ff38df1a130_0_0 .concat [ 65 2 2 2], L_0x7ff38df19fc0, L_0x7ff38df19dc0, L_0x7ff38df19bf0, L_0x7ff38df19970;
LS_0x7ff38df1a130_0_4 .concat [ 2 2 64 0], L_0x7ff38df19780, L_0x7ff38df19520, v0x7ff38df11df0_0;
L_0x7ff38df1a130 .concat [ 71 68 0 0], LS_0x7ff38df1a130_0_0, LS_0x7ff38df1a130_0_4;
L_0x7ff38df1a380 .functor MUXZ 64, v0x7ff38df16870_0, L_0x7ff38df1b870, L_0x7ff38df1a310, C4<>;
L_0x7ff38df1a590 .functor MUXZ 1, v0x7ff38df169c0_0, L_0x7ff38df1a930, L_0x7ff38df1a4c0, C4<>;
L_0x7ff38df1a780 .part v0x7ff38df15740_0, 70, 1;
L_0x7ff38df1ab30 .functor MUXZ 1, v0x7ff38df16b00_0, L_0x7ff38df1aa80, L_0x7ff38df1a9e0, C4<>;
L_0x7ff38df1ac90 .part v0x7ff38df15740_0, 71, 1;
L_0x7ff38df1a880 .cmp/eq 64, v0x7ff38df11df0_0, L_0x7ff38e963008;
L_0x7ff38df1afb0 .functor MUXZ 1, v0x7ff38df147b0_0, L_0x7ff38df1b120, L_0x7ff38df1aec0, C4<>;
L_0x7ff38df1b350 .cmp/gt.s 64, L_0x7ff38df1b870, L_0x7ff38e963050;
L_0x7ff38df1b3f0 .functor MUXZ 1, v0x7ff38df148f0_0, L_0x7ff38df1b350, L_0x7ff38df1b210, C4<>;
L_0x7ff38df1b5e0 .cmp/gt.s 64, L_0x7ff38e963098, L_0x7ff38df1b870;
L_0x7ff38df1b6e0 .functor MUXZ 1, v0x7ff38df14a30_0, L_0x7ff38df1b5e0, L_0x7ff38df1b570, C4<>;
L_0x7ff38df1b870 .part v0x7ff38df15740_0, 6, 64;
L_0x7ff38df1ba10 .cmp/eq 64, v0x7ff38df11df0_0, L_0x7ff38e9630e0;
LS_0x7ff38df1bbb0_0_0 .concat [ 1 1 1 1], L_0x7ff38df1c240, L_0x7ff38df1c470, L_0x7ff38df1c080, L_0x7ff38df1c1a0;
LS_0x7ff38df1bbb0_0_4 .concat [ 1 1 0 0], L_0x7ff38df1bdb0, L_0x7ff38df1bfe0;
L_0x7ff38df1bbb0 .concat [ 4 2 0 0], LS_0x7ff38df1bbb0_0_0, LS_0x7ff38df1bbb0_0_4;
L_0x7ff38df1bd10 .functor MUXZ 6, L_0x7ff38e963128, L_0x7ff38df1bbb0, L_0x7ff38df1bec0, C4<>;
L_0x7ff38df1bec0 .cmp/eq 64, v0x7ff38df11df0_0, L_0x7ff38e963170;
L_0x7ff38df1bfe0 .part v0x7ff38df15740_0, 5, 1;
L_0x7ff38df1bdb0 .part v0x7ff38df15740_0, 4, 1;
L_0x7ff38df1c1a0 .part v0x7ff38df15740_0, 3, 1;
L_0x7ff38df1c080 .part v0x7ff38df15740_0, 2, 1;
L_0x7ff38df1c470 .part v0x7ff38df15740_0, 1, 1;
L_0x7ff38df1c240 .part v0x7ff38df15740_0, 0, 1;
L_0x7ff38df1c650 .cmp/eq 64, v0x7ff38df16c40_0, L_0x7ff38e9631b8;
L_0x7ff38df1c510 .arith/sum 64, L_0x7ff38df1c2e0, L_0x7ff38e963248;
L_0x7ff38df1c5b0 .functor MUXZ 64, L_0x7ff38df1c510, L_0x7ff38e963200, L_0x7ff38df1c650, C4<>;
L_0x7ff38df1c930 .functor MUXZ 65, L_0x7ff38df1ca70, L_0x7ff38df1ceb0, L_0x7ff38df1cbe0, C4<>;
L_0x7ff38df1c9d0 .part v0x7ff38df15a00_0, 0, 64;
L_0x7ff38df1c6f0 .cmp/eq 64, L_0x7ff38df1c9d0, L_0x7ff38e963290;
L_0x7ff38df1cc90 .part v0x7ff38df14c30_0, 64, 1;
L_0x7ff38df1ca70 .concat [ 64 1 0 0], v0x7ff38df15540_0, L_0x7ff38df1cc90;
L_0x7ff38df1ceb0 .concat [ 64 1 0 0], v0x7ff38df15540_0, L_0x7ff38df1cd30;
L_0x7ff38df1cd30 .functor MUXZ 1, L_0x7ff38e963320, L_0x7ff38e9632d8, L_0x7ff38df1d120, C4<>;
L_0x7ff38df1d120 .cmp/ge.s 64, v0x7ff38df15540_0, L_0x7ff38e963368;
L_0x7ff38df1cf90 .arith/sum 64, L_0x7ff38df1d470, L_0x7ff38e9633f8;
L_0x7ff38df1d070 .functor MUXZ 64, L_0x7ff38df1cf90, L_0x7ff38e9633b0, L_0x7ff38df1d710, C4<>;
L_0x7ff38df1d710 .functor MUXZ 1, L_0x7ff38e963488, L_0x7ff38e963440, L_0x7ff38df1d7b0, C4<>;
L_0x7ff38df1d860 .part v0x7ff38df15a00_0, 64, 1;
L_0x7ff38df1d240 .part v0x7ff38df15a00_0, 64, 1;
L_0x7ff38df1dac0 .part L_0x7ff38df191d0, 68, 1;
L_0x7ff38df1d900 .part L_0x7ff38df191d0, 66, 1;
L_0x7ff38df1d9a0 .part L_0x7ff38df191d0, 1, 64;
L_0x7ff38df1dd40 .part L_0x7ff38df191d0, 65, 1;
L_0x7ff38df1de60 .part v0x7ff38df14c30_0, 64, 1;
LS_0x7ff38df1db60_0_0 .concat [ 1 1 1 1], L_0x7ff38df1de60, L_0x7ff38df1d360, L_0x7ff38df1e490, L_0x7ff38df1df80;
LS_0x7ff38df1db60_0_4 .concat [ 1 1 64 1], L_0x7ff38df1df80, L_0x7ff38df1df80, L_0x7ff38df1d9a0, L_0x7ff38df1d900;
LS_0x7ff38df1db60_0_8 .concat [ 1 0 0 0], L_0x7ff38df1dac0;
L_0x7ff38df1db60 .concat [ 4 67 1 0], LS_0x7ff38df1db60_0_0, LS_0x7ff38df1db60_0_4, LS_0x7ff38df1db60_0_8;
L_0x7ff38df1e1f0 .functor MUXZ 72, v0x7ff38df15740_0, L_0x7ff38df1db60, L_0x7ff38df1d240, C4<>;
L_0x7ff38df1df80 .part L_0x7ff38df191d0, 0, 1;
L_0x7ff38df1e490 .part L_0x7ff38df191d0, 67, 1;
L_0x7ff38df1e290 .cmp/gt.s 64, L_0x7ff38e9634d0, v0x7ff38df15950_0;
L_0x7ff38df1e330 .concat [ 64 1 0 0], v0x7ff38df15950_0, L_0x7ff38e963518;
L_0x7ff38df1e750 .concat [ 64 1 0 0], v0x7ff38df15950_0, L_0x7ff38e963560;
L_0x7ff38df1e7f0 .functor MUXZ 65, L_0x7ff38df1e750, L_0x7ff38df1e330, L_0x7ff38df1e290, C4<>;
L_0x7ff38df1e5b0 .cmp/gt.s 64, L_0x7ff38e9635a8, v0x7ff38df15950_0;
L_0x7ff38df1eac0 .arith/sum 64, L_0x7ff38df1e970, L_0x7ff38e9635f0;
L_0x7ff38df1e890 .functor MUXZ 64, L_0x7ff38e963638, L_0x7ff38df1eac0, L_0x7ff38df1e5b0, C4<>;
L_0x7ff38df1ea20 .part L_0x7ff38df19350, 211, 65;
L_0x7ff38df1eba0 .part L_0x7ff38df19350, 139, 72;
L_0x7ff38df1ec40 .part L_0x7ff38df19350, 0, 139;
L_0x7ff38df1ed60 .part L_0x7ff38df1ea20, 64, 1;
L_0x7ff38df1f0e0 .part L_0x7ff38df1ea20, 0, 64;
L_0x7ff38df1ee40 .part L_0x7ff38df1eba0, 71, 1;
L_0x7ff38df1ef60 .part L_0x7ff38df1eba0, 70, 1;
L_0x7ff38df1f000 .part L_0x7ff38df1eba0, 6, 64;
L_0x7ff38df1f500 .part L_0x7ff38df1eba0, 5, 1;
L_0x7ff38df1f1c0 .part L_0x7ff38df1eba0, 4, 1;
L_0x7ff38df1f2a0 .part L_0x7ff38df1eba0, 3, 1;
L_0x7ff38df1f380 .part L_0x7ff38df1eba0, 2, 1;
L_0x7ff38df1f980 .part L_0x7ff38df1eba0, 1, 1;
L_0x7ff38df1f5a0 .part L_0x7ff38df1eba0, 0, 1;
L_0x7ff38df1f640 .part L_0x7ff38df1ec40, 75, 64;
L_0x7ff38df1f720 .part L_0x7ff38df1ec40, 73, 2;
L_0x7ff38df1fce0 .part L_0x7ff38df1ec40, 71, 2;
L_0x7ff38df1fa20 .part L_0x7ff38df1ec40, 69, 2;
L_0x7ff38df1fac0 .part L_0x7ff38df1ec40, 67, 2;
L_0x7ff38df1fb60 .part L_0x7ff38df1ec40, 65, 2;
L_0x7ff38df1fc00 .part L_0x7ff38df1ec40, 0, 65;
L_0x7ff38df1fd80 .part L_0x7ff38df1f720, 1, 1;
L_0x7ff38df1fe20 .part L_0x7ff38df1f720, 0, 1;
L_0x7ff38df1fec0 .part L_0x7ff38df1fce0, 1, 1;
L_0x7ff38df1ff60 .part L_0x7ff38df1fce0, 0, 1;
L_0x7ff38df20470 .part L_0x7ff38df1fa20, 1, 1;
L_0x7ff38df20590 .part L_0x7ff38df1fa20, 0, 1;
L_0x7ff38df20160 .part L_0x7ff38df1fac0, 1, 1;
L_0x7ff38df20280 .part L_0x7ff38df1fac0, 0, 1;
L_0x7ff38df20360 .part L_0x7ff38df1fb60, 1, 1;
L_0x7ff38df209e0 .part L_0x7ff38df1fb60, 0, 1;
L_0x7ff38df20670 .part L_0x7ff38df1fc00, 1, 64;
L_0x7ff38df20790 .part L_0x7ff38df1fc00, 0, 1;
S_0x7ff38e832380 .scope begin, "c$app_arg_delay" "c$app_arg_delay" 3 286, 3 286 0, S_0x7ff38e8056f0;
 .timescale -13 -13;
S_0x7ff38e8324f0 .scope begin, "result_11_register" "result_11_register" 3 222, 3 222 0, S_0x7ff38e8056f0;
 .timescale -13 -13;
S_0x7ff38e87ac20 .scope begin, "result_13_register" "result_13_register" 3 238, 3 238 0, S_0x7ff38e8056f0;
 .timescale -13 -13;
S_0x7ff38e87ad90 .scope begin, "result_15_register" "result_15_register" 3 254, 3 254 0, S_0x7ff38e8056f0;
 .timescale -13 -13;
S_0x7ff38e87af00 .scope begin, "result_18_register" "result_18_register" 3 310, 3 310 0, S_0x7ff38e8056f0;
 .timescale -13 -13;
S_0x7ff38e87b070 .scope begin, "result_22_register" "result_22_register" 3 336, 3 336 0, S_0x7ff38e8056f0;
 .timescale -13 -13;
S_0x7ff38e87b1e0 .scope begin, "result_25_register" "result_25_register" 3 362, 3 362 0, S_0x7ff38e8056f0;
 .timescale -13 -13;
S_0x7ff38e87b350 .scope begin, "result_28_register" "result_28_register" 3 383, 3 383 0, S_0x7ff38e8056f0;
 .timescale -13 -13;
S_0x7ff38e87b4c0 .scope begin, "result_29_register" "result_29_register" 3 393, 3 393 0, S_0x7ff38e8056f0;
 .timescale -13 -13;
S_0x7ff38e87b630 .scope begin, "result_5_register" "result_5_register" 3 172, 3 172 0, S_0x7ff38e8056f0;
 .timescale -13 -13;
S_0x7ff38e87b7a0 .scope begin, "result_7_register" "result_7_register" 3 188, 3 188 0, S_0x7ff38e8056f0;
 .timescale -13 -13;
S_0x7ff38e87b910 .scope begin, "result_9_register" "result_9_register" 3 204, 3 204 0, S_0x7ff38e8056f0;
 .timescale -13 -13;
S_0x7ff38e87ba80 .scope begin, "s_register" "s_register" 3 294, 3 294 0, S_0x7ff38e8056f0;
 .timescale -13 -13;
    .scope S_0x7ff38e8056f0;
T_0 ;
    %pushi/vec4 0, 0, 64;
    %store/vec4 v0x7ff38df16870_0, 0, 64;
    %pushi/vec4 0, 0, 1;
    %store/vec4 v0x7ff38df169c0_0, 0, 1;
    %pushi/vec4 0, 0, 1;
    %store/vec4 v0x7ff38df16b00_0, 0, 1;
    %pushi/vec4 0, 0, 1;
    %store/vec4 v0x7ff38df147b0_0, 0, 1;
    %pushi/vec4 0, 0, 1;
    %store/vec4 v0x7ff38df148f0_0, 0, 1;
    %pushi/vec4 0, 0, 1;
    %store/vec4 v0x7ff38df14a30_0, 0, 1;
    %pushi/vec4 0, 0, 64;
    %store/vec4 v0x7ff38df11df0_0, 0, 64;
    %pushi/vec4 0, 0, 64;
    %store/vec4 v0x7ff38df16c40_0, 0, 64;
    %pushi/vec4 0, 0, 65;
    %store/vec4 v0x7ff38df14c30_0, 0, 65;
    %pushi/vec4 2000, 0, 64;
    %store/vec4 v0x7ff38df15540_0, 0, 64;
    %pushi/vec4 0, 0, 72;
    %store/vec4 v0x7ff38df15740_0, 0, 72;
    %pushi/vec4 0, 0, 64;
    %store/vec4 v0x7ff38df15950_0, 0, 64;
    %pushi/vec4 0, 0, 65;
    %store/vec4 v0x7ff38df15a00_0, 0, 65;
    %end;
    .thread T_0;
    .scope S_0x7ff38e8056f0;
T_1 ;
    %wait E_0x7ff38e855540;
    %fork t_1, S_0x7ff38e87b630;
    %jmp t_0;
    .scope S_0x7ff38e87b630;
t_1 ;
    %load/vec4 v0x7ff38df16ba0_0;
    %flag_set/vec4 8;
    %jmp/0xz  T_1.0, 8;
    %pushi/vec4 0, 0, 64;
    %assign/vec4 v0x7ff38df16870_0, 0;
    %jmp T_1.1;
T_1.0 ;
    %load/vec4 v0x7ff38df13510_0;
    %flag_set/vec4 8;
    %jmp/0xz  T_1.2, 8;
    %load/vec4 v0x7ff38df167c0_0;
    %assign/vec4 v0x7ff38df16870_0, 0;
T_1.2 ;
T_1.1 ;
    %end;
    .scope S_0x7ff38e8056f0;
t_0 %join;
    %jmp T_1;
    .thread T_1;
    .scope S_0x7ff38e8056f0;
T_2 ;
    %wait E_0x7ff38e855540;
    %fork t_3, S_0x7ff38e87b7a0;
    %jmp t_2;
    .scope S_0x7ff38e87b7a0;
t_3 ;
    %load/vec4 v0x7ff38df16ba0_0;
    %flag_set/vec4 8;
    %jmp/0xz  T_2.0, 8;
    %pushi/vec4 0, 0, 1;
    %assign/vec4 v0x7ff38df169c0_0, 0;
    %jmp T_2.1;
T_2.0 ;
    %load/vec4 v0x7ff38df13510_0;
    %flag_set/vec4 8;
    %jmp/0xz  T_2.2, 8;
    %load/vec4 v0x7ff38df16920_0;
    %assign/vec4 v0x7ff38df169c0_0, 0;
T_2.2 ;
T_2.1 ;
    %end;
    .scope S_0x7ff38e8056f0;
t_2 %join;
    %jmp T_2;
    .thread T_2;
    .scope S_0x7ff38e8056f0;
T_3 ;
    %wait E_0x7ff38e855540;
    %fork t_5, S_0x7ff38e87b910;
    %jmp t_4;
    .scope S_0x7ff38e87b910;
t_5 ;
    %load/vec4 v0x7ff38df16ba0_0;
    %flag_set/vec4 8;
    %jmp/0xz  T_3.0, 8;
    %pushi/vec4 0, 0, 1;
    %assign/vec4 v0x7ff38df16b00_0, 0;
    %jmp T_3.1;
T_3.0 ;
    %load/vec4 v0x7ff38df13510_0;
    %flag_set/vec4 8;
    %jmp/0xz  T_3.2, 8;
    %load/vec4 v0x7ff38df16a60_0;
    %assign/vec4 v0x7ff38df16b00_0, 0;
T_3.2 ;
T_3.1 ;
    %end;
    .scope S_0x7ff38e8056f0;
t_4 %join;
    %jmp T_3;
    .thread T_3;
    .scope S_0x7ff38e8056f0;
T_4 ;
    %wait E_0x7ff38e855540;
    %fork t_7, S_0x7ff38e8324f0;
    %jmp t_6;
    .scope S_0x7ff38e8324f0;
t_7 ;
    %load/vec4 v0x7ff38df16ba0_0;
    %flag_set/vec4 8;
    %jmp/0xz  T_4.0, 8;
    %pushi/vec4 0, 0, 1;
    %assign/vec4 v0x7ff38df147b0_0, 0;
    %jmp T_4.1;
T_4.0 ;
    %load/vec4 v0x7ff38df13510_0;
    %flag_set/vec4 8;
    %jmp/0xz  T_4.2, 8;
    %load/vec4 v0x7ff38df14710_0;
    %assign/vec4 v0x7ff38df147b0_0, 0;
T_4.2 ;
T_4.1 ;
    %end;
    .scope S_0x7ff38e8056f0;
t_6 %join;
    %jmp T_4;
    .thread T_4;
    .scope S_0x7ff38e8056f0;
T_5 ;
    %wait E_0x7ff38e855540;
    %fork t_9, S_0x7ff38e87ac20;
    %jmp t_8;
    .scope S_0x7ff38e87ac20;
t_9 ;
    %load/vec4 v0x7ff38df16ba0_0;
    %flag_set/vec4 8;
    %jmp/0xz  T_5.0, 8;
    %pushi/vec4 0, 0, 1;
    %assign/vec4 v0x7ff38df148f0_0, 0;
    %jmp T_5.1;
T_5.0 ;
    %load/vec4 v0x7ff38df13510_0;
    %flag_set/vec4 8;
    %jmp/0xz  T_5.2, 8;
    %load/vec4 v0x7ff38df14850_0;
    %assign/vec4 v0x7ff38df148f0_0, 0;
T_5.2 ;
T_5.1 ;
    %end;
    .scope S_0x7ff38e8056f0;
t_8 %join;
    %jmp T_5;
    .thread T_5;
    .scope S_0x7ff38e8056f0;
T_6 ;
    %wait E_0x7ff38e855540;
    %fork t_11, S_0x7ff38e87ad90;
    %jmp t_10;
    .scope S_0x7ff38e87ad90;
t_11 ;
    %load/vec4 v0x7ff38df16ba0_0;
    %flag_set/vec4 8;
    %jmp/0xz  T_6.0, 8;
    %pushi/vec4 0, 0, 1;
    %assign/vec4 v0x7ff38df14a30_0, 0;
    %jmp T_6.1;
T_6.0 ;
    %load/vec4 v0x7ff38df13510_0;
    %flag_set/vec4 8;
    %jmp/0xz  T_6.2, 8;
    %load/vec4 v0x7ff38df14990_0;
    %assign/vec4 v0x7ff38df14a30_0, 0;
T_6.2 ;
T_6.1 ;
    %end;
    .scope S_0x7ff38e8056f0;
t_10 %join;
    %jmp T_6;
    .thread T_6;
    .scope S_0x7ff38e8056f0;
T_7 ;
    %wait E_0x7ff38e853270;
    %fork t_13, S_0x7ff38e832380;
    %jmp t_12;
    .scope S_0x7ff38e832380;
t_13 ;
    %load/vec4 v0x7ff38df13510_0;
    %flag_set/vec4 8;
    %jmp/0xz  T_7.0, 8;
    %load/vec4 v0x7ff38df16c40_0;
    %assign/vec4 v0x7ff38df11df0_0, 0;
T_7.0 ;
    %end;
    .scope S_0x7ff38e8056f0;
t_12 %join;
    %jmp T_7;
    .thread T_7;
    .scope S_0x7ff38e8056f0;
T_8 ;
    %wait E_0x7ff38e855540;
    %fork t_15, S_0x7ff38e87ba80;
    %jmp t_14;
    .scope S_0x7ff38e87ba80;
t_15 ;
    %load/vec4 v0x7ff38df16ba0_0;
    %flag_set/vec4 8;
    %jmp/0xz  T_8.0, 8;
    %pushi/vec4 0, 0, 64;
    %assign/vec4 v0x7ff38df16c40_0, 0;
    %jmp T_8.1;
T_8.0 ;
    %load/vec4 v0x7ff38df13510_0;
    %flag_set/vec4 8;
    %jmp/0xz  T_8.2, 8;
    %load/vec4 v0x7ff38df14b80_0;
    %assign/vec4 v0x7ff38df16c40_0, 0;
T_8.2 ;
T_8.1 ;
    %end;
    .scope S_0x7ff38e8056f0;
t_14 %join;
    %jmp T_8;
    .thread T_8;
    .scope S_0x7ff38e8056f0;
T_9 ;
    %wait E_0x7ff38e855540;
    %fork t_17, S_0x7ff38e87af00;
    %jmp t_16;
    .scope S_0x7ff38e87af00;
t_17 ;
    %load/vec4 v0x7ff38df16ba0_0;
    %flag_set/vec4 8;
    %jmp/0xz  T_9.0, 8;
    %pushi/vec4 0, 0, 65;
    %assign/vec4 v0x7ff38df14c30_0, 0;
    %jmp T_9.1;
T_9.0 ;
    %load/vec4 v0x7ff38df13510_0;
    %flag_set/vec4 8;
    %jmp/0xz  T_9.2, 8;
    %load/vec4 v0x7ff38df14ce0_0;
    %assign/vec4 v0x7ff38df14c30_0, 0;
T_9.2 ;
T_9.1 ;
    %end;
    .scope S_0x7ff38e8056f0;
t_16 %join;
    %jmp T_9;
    .thread T_9;
    .scope S_0x7ff38e8056f0;
T_10 ;
    %wait E_0x7ff38e855540;
    %fork t_19, S_0x7ff38e87b070;
    %jmp t_18;
    .scope S_0x7ff38e87b070;
t_19 ;
    %load/vec4 v0x7ff38df16ba0_0;
    %flag_set/vec4 8;
    %jmp/0xz  T_10.0, 8;
    %pushi/vec4 2000, 0, 64;
    %assign/vec4 v0x7ff38df15540_0, 0;
    %jmp T_10.1;
T_10.0 ;
    %load/vec4 v0x7ff38df13510_0;
    %flag_set/vec4 8;
    %jmp/0xz  T_10.2, 8;
    %load/vec4 v0x7ff38df15490_0;
    %assign/vec4 v0x7ff38df15540_0, 0;
T_10.2 ;
T_10.1 ;
    %end;
    .scope S_0x7ff38e8056f0;
t_18 %join;
    %jmp T_10;
    .thread T_10;
    .scope S_0x7ff38e8056f0;
T_11 ;
    %wait E_0x7ff38e855540;
    %fork t_21, S_0x7ff38e87b1e0;
    %jmp t_20;
    .scope S_0x7ff38e87b1e0;
t_21 ;
    %load/vec4 v0x7ff38df16ba0_0;
    %flag_set/vec4 8;
    %jmp/0xz  T_11.0, 8;
    %pushi/vec4 0, 0, 72;
    %assign/vec4 v0x7ff38df15740_0, 0;
    %jmp T_11.1;
T_11.0 ;
    %load/vec4 v0x7ff38df13510_0;
    %flag_set/vec4 8;
    %jmp/0xz  T_11.2, 8;
    %load/vec4 v0x7ff38df15690_0;
    %assign/vec4 v0x7ff38df15740_0, 0;
T_11.2 ;
T_11.1 ;
    %end;
    .scope S_0x7ff38e8056f0;
t_20 %join;
    %jmp T_11;
    .thread T_11;
    .scope S_0x7ff38e8056f0;
T_12 ;
    %wait E_0x7ff38e855540;
    %fork t_23, S_0x7ff38e87b350;
    %jmp t_22;
    .scope S_0x7ff38e87b350;
t_23 ;
    %load/vec4 v0x7ff38df16ba0_0;
    %flag_set/vec4 8;
    %jmp/0xz  T_12.0, 8;
    %pushi/vec4 0, 0, 64;
    %assign/vec4 v0x7ff38df15950_0, 0;
    %jmp T_12.1;
T_12.0 ;
    %load/vec4 v0x7ff38df13510_0;
    %flag_set/vec4 8;
    %jmp/0xz  T_12.2, 8;
    %load/vec4 v0x7ff38df158a0_0;
    %assign/vec4 v0x7ff38df15950_0, 0;
T_12.2 ;
T_12.1 ;
    %end;
    .scope S_0x7ff38e8056f0;
t_22 %join;
    %jmp T_12;
    .thread T_12;
    .scope S_0x7ff38e8056f0;
T_13 ;
    %wait E_0x7ff38e855540;
    %fork t_25, S_0x7ff38e87b4c0;
    %jmp t_24;
    .scope S_0x7ff38e87b4c0;
t_25 ;
    %load/vec4 v0x7ff38df16ba0_0;
    %flag_set/vec4 8;
    %jmp/0xz  T_13.0, 8;
    %pushi/vec4 0, 0, 65;
    %assign/vec4 v0x7ff38df15a00_0, 0;
    %jmp T_13.1;
T_13.0 ;
    %load/vec4 v0x7ff38df13510_0;
    %flag_set/vec4 8;
    %jmp/0xz  T_13.2, 8;
    %load/vec4 v0x7ff38df157f0_0;
    %assign/vec4 v0x7ff38df15a00_0, 0;
T_13.2 ;
T_13.1 ;
    %end;
    .scope S_0x7ff38e8056f0;
t_24 %join;
    %jmp T_13;
    .thread T_13;
    .scope S_0x7ff38e805580;
T_14 ;
    %delay 10000000, 0;
    %load/vec4 v0x7ff38df175f0_0;
    %inv;
    %store/vec4 v0x7ff38df175f0_0, 0, 1;
    %jmp T_14;
    .thread T_14;
    .scope S_0x7ff38e805580;
T_15 ;
    %pushi/vec4 0, 0, 1;
    %store/vec4 v0x7ff38df175f0_0, 0, 1;
    %pushi/vec4 0, 0, 1;
    %store/vec4 v0x7ff38df18c80_0, 0, 1;
    %pushi/vec4 0, 0, 1;
    %store/vec4 v0x7ff38df176b0_0, 0, 1;
    %pushi/vec4 0, 0, 1;
    %store/vec4 v0x7ff38df182b0_0, 0, 1;
    %pushi/vec4 0, 0, 1;
    %store/vec4 v0x7ff38df18340_0, 0, 1;
    %pushi/vec4 0, 0, 1;
    %store/vec4 v0x7ff38df183d0_0, 0, 1;
    %vpi_call 2 74 "$printtimescale", S_0x7ff38e805580 {0 0 0};
    %vpi_call 2 75 "$dumpvars", 32'sb00000000000000000000000000000000, S_0x7ff38e805580 {0 0 0};
    %delay 100000000, 0;
    %pushi/vec4 1, 0, 1;
    %store/vec4 v0x7ff38df17ef0_0, 0, 1;
    %pushi/vec4 1, 0, 1;
    %store/vec4 v0x7ff38df17fa0_0, 0, 1;
    %pushi/vec4 2, 0, 64;
    %store/vec4 v0x7ff38df18050_0, 0, 64;
    %pushi/vec4 1, 0, 1;
    %store/vec4 v0x7ff38df182b0_0, 0, 1;
    %pushi/vec4 1, 0, 1;
    %store/vec4 v0x7ff38df18340_0, 0, 1;
    %pushi/vec4 1, 0, 1;
    %store/vec4 v0x7ff38df183d0_0, 0, 1;
    %pushi/vec4 1, 0, 1;
    %store/vec4 v0x7ff38df176b0_0, 0, 1;
    %delay 10000000, 0;
    %pushi/vec4 0, 0, 1;
    %store/vec4 v0x7ff38df17ef0_0, 0, 1;
    %pushi/vec4 0, 0, 1;
    %store/vec4 v0x7ff38df17fa0_0, 0, 1;
    %pushi/vec4 0, 0, 64;
    %store/vec4 v0x7ff38df18050_0, 0, 64;
    %pushi/vec4 0, 0, 1;
    %store/vec4 v0x7ff38df182b0_0, 0, 1;
    %pushi/vec4 0, 0, 1;
    %store/vec4 v0x7ff38df18340_0, 0, 1;
    %pushi/vec4 0, 0, 1;
    %store/vec4 v0x7ff38df183d0_0, 0, 1;
    %delay 705032704, 1;
    %delay 100000000, 0;
    %pushi/vec4 1, 0, 1;
    %store/vec4 v0x7ff38df17ef0_0, 0, 1;
    %pushi/vec4 0, 0, 1;
    %store/vec4 v0x7ff38df17fa0_0, 0, 1;
    %pushi/vec4 3, 0, 64;
    %store/vec4 v0x7ff38df18050_0, 0, 64;
    %pushi/vec4 1, 0, 1;
    %store/vec4 v0x7ff38df182b0_0, 0, 1;
    %pushi/vec4 1, 0, 1;
    %store/vec4 v0x7ff38df18340_0, 0, 1;
    %pushi/vec4 1, 0, 1;
    %store/vec4 v0x7ff38df183d0_0, 0, 1;
    %pushi/vec4 1, 0, 1;
    %store/vec4 v0x7ff38df176b0_0, 0, 1;
    %delay 10000000, 0;
    %pushi/vec4 0, 0, 1;
    %store/vec4 v0x7ff38df17ef0_0, 0, 1;
    %pushi/vec4 0, 0, 1;
    %store/vec4 v0x7ff38df17fa0_0, 0, 1;
    %pushi/vec4 0, 0, 64;
    %store/vec4 v0x7ff38df18050_0, 0, 64;
    %pushi/vec4 0, 0, 1;
    %store/vec4 v0x7ff38df182b0_0, 0, 1;
    %pushi/vec4 0, 0, 1;
    %store/vec4 v0x7ff38df18340_0, 0, 1;
    %pushi/vec4 0, 0, 1;
    %store/vec4 v0x7ff38df183d0_0, 0, 1;
    %delay 705032704, 1;
    %delay 100000000, 0;
    %pushi/vec4 0, 0, 1;
    %store/vec4 v0x7ff38df17ef0_0, 0, 1;
    %pushi/vec4 0, 0, 1;
    %store/vec4 v0x7ff38df17fa0_0, 0, 1;
    %pushi/vec4 4, 0, 64;
    %store/vec4 v0x7ff38df18050_0, 0, 64;
    %pushi/vec4 1, 0, 1;
    %store/vec4 v0x7ff38df182b0_0, 0, 1;
    %pushi/vec4 0, 0, 1;
    %store/vec4 v0x7ff38df18340_0, 0, 1;
    %pushi/vec4 1, 0, 1;
    %store/vec4 v0x7ff38df183d0_0, 0, 1;
    %pushi/vec4 1, 0, 1;
    %store/vec4 v0x7ff38df176b0_0, 0, 1;
    %delay 10000000, 0;
    %pushi/vec4 0, 0, 1;
    %store/vec4 v0x7ff38df17ef0_0, 0, 1;
    %pushi/vec4 0, 0, 1;
    %store/vec4 v0x7ff38df17fa0_0, 0, 1;
    %pushi/vec4 0, 0, 64;
    %store/vec4 v0x7ff38df18050_0, 0, 64;
    %pushi/vec4 0, 0, 1;
    %store/vec4 v0x7ff38df182b0_0, 0, 1;
    %pushi/vec4 0, 0, 1;
    %store/vec4 v0x7ff38df18340_0, 0, 1;
    %pushi/vec4 0, 0, 1;
    %store/vec4 v0x7ff38df183d0_0, 0, 1;
    %delay 705032704, 1;
    %delay 120000000, 0;
    %vpi_call 2 136 "$finish" {0 0 0};
    %end;
    .thread T_15;
# The file index is used to find the file name in the following table.
:file_names 4;
    "N/A";
    "<interactive>";
    "testbench.v";
    "./verilog/BoolAndComp.topEntity/topEntity.v";
