#! /usr/local/Cellar/icarus-verilog/12.0/bin/vvp
:ivl_version "12.0 (stable)";
:ivl_delay_selection "TYPICAL";
:vpi_time_precision - 13;
:vpi_module "/usr/local/Cellar/icarus-verilog/12.0/lib/ivl/system.vpi";
:vpi_module "/usr/local/Cellar/icarus-verilog/12.0/lib/ivl/vhdl_sys.vpi";
:vpi_module "/usr/local/Cellar/icarus-verilog/12.0/lib/ivl/vhdl_textio.vpi";
:vpi_module "/usr/local/Cellar/icarus-verilog/12.0/lib/ivl/v2005_math.vpi";
:vpi_module "/usr/local/Cellar/icarus-verilog/12.0/lib/ivl/va_math.vpi";
S_0x7f7b8d706790 .scope module, "testbench" "testbench" 2 2;
 .timescale -6 -9;
v0x7f7b8e5181d0_0 .var "clk", 0 0;
v0x7f7b8e518260_0 .var/s "data", 63 0;
v0x7f7b8e5182f0_0 .var "en", 0 0;
v0x7f7b8e5183a0_0 .net/s "mem0", 63 0, L_0x7f7b8e518cf0;  1 drivers
v0x7f7b8e518450_0 .net/s "mem1", 63 0, L_0x7f7b8e518e40;  1 drivers
v0x7f7b8e518520_0 .net/s "mem2", 63 0, L_0x7f7b8e518f20;  1 drivers
v0x7f7b8e5185d0_0 .net/s "mem3", 63 0, L_0x7f7b8e519080;  1 drivers
v0x7f7b8e518680_0 .net/s "mem4", 63 0, L_0x7f7b8e519120;  1 drivers
v0x7f7b8e518730_0 .net/s "mem5", 63 0, L_0x7f7b8e519200;  1 drivers
v0x7f7b8e518860_0 .var "rst", 0 0;
S_0x7f7b8e507220 .scope module, "monitor" "topEntity" 2 16, 3 6 0, S_0x7f7b8d706790;
 .timescale -13 -13;
    .port_info 0 /INPUT 1 "eta";
    .port_info 1 /INPUT 1 "eta1";
    .port_info 2 /INPUT 1 "eta2";
    .port_info 3 /INPUT 64 "c$arg";
    .port_info 4 /OUTPUT 64 "result_0";
    .port_info 5 /OUTPUT 64 "result_1";
    .port_info 6 /OUTPUT 64 "result_2";
    .port_info 7 /OUTPUT 64 "result_3";
    .port_info 8 /OUTPUT 64 "result_4";
    .port_info 9 /OUTPUT 64 "result_5";
v0x7f7b8e507600_0 .net/s "c$arg", 63 0, v0x7f7b8e518260_0;  1 drivers
v0x7f7b8e5176c0_0 .var "c$ds_app_arg", 383 0;
v0x7f7b8e517770_0 .net "eta", 0 0, v0x7f7b8e5181d0_0;  1 drivers
v0x7f7b8e517820_0 .net "eta1", 0 0, v0x7f7b8e518860_0;  1 drivers
v0x7f7b8e5178c0_0 .net "eta2", 0 0, v0x7f7b8e5182f0_0;  1 drivers
v0x7f7b8e5179a0_0 .net "nextState", 383 0, L_0x7f7b8e518c10;  1 drivers
v0x7f7b8e517a50_0 .net "nextState_projection", 447 0, L_0x7f7b8e518af0;  1 drivers
v0x7f7b8e517b00_0 .net "result", 383 0, L_0x7f7b8e5188f0;  1 drivers
v0x7f7b8e517bb0_0 .net/s "result_0", 63 0, L_0x7f7b8e518cf0;  alias, 1 drivers
v0x7f7b8e517cc0_0 .net/s "result_1", 63 0, L_0x7f7b8e518e40;  alias, 1 drivers
v0x7f7b8e517d70_0 .net "result_12", 767 0, L_0x7f7b8e5189b0;  1 drivers
v0x7f7b8e517e20_0 .net/s "result_2", 63 0, L_0x7f7b8e518f20;  alias, 1 drivers
v0x7f7b8e517ed0_0 .net/s "result_3", 63 0, L_0x7f7b8e519080;  alias, 1 drivers
v0x7f7b8e517f80_0 .net/s "result_4", 63 0, L_0x7f7b8e519120;  alias, 1 drivers
v0x7f7b8e518030_0 .net/s "result_5", 63 0, L_0x7f7b8e519200;  alias, 1 drivers
E_0x7f7b8e507180 .event posedge, v0x7f7b8e517820_0, v0x7f7b8e517770_0;
L_0x7f7b8e5188f0 .part L_0x7f7b8e5189b0, 0, 384;
L_0x7f7b8e5189b0 .concat [ 384 384 0 0], L_0x7f7b8e518c10, L_0x7f7b8e518c10;
L_0x7f7b8e518af0 .concat [ 384 64 0 0], v0x7f7b8e5176c0_0, v0x7f7b8e518260_0;
L_0x7f7b8e518c10 .part L_0x7f7b8e518af0, 64, 384;
L_0x7f7b8e518cf0 .part L_0x7f7b8e5188f0, 320, 64;
L_0x7f7b8e518e40 .part L_0x7f7b8e5188f0, 256, 64;
L_0x7f7b8e518f20 .part L_0x7f7b8e5188f0, 192, 64;
L_0x7f7b8e519080 .part L_0x7f7b8e5188f0, 128, 64;
L_0x7f7b8e519120 .part L_0x7f7b8e5188f0, 64, 64;
L_0x7f7b8e519200 .part L_0x7f7b8e5188f0, 0, 64;
S_0x7f7b8e507480 .scope begin, "c$ds_app_arg_register" "c$ds_app_arg_register" 3 30, 3 30 0, S_0x7f7b8e507220;
 .timescale -13 -13;
    .scope S_0x7f7b8e507220;
T_0 ;
    %pushi/vec4 0, 0, 384;
    %store/vec4 v0x7f7b8e5176c0_0, 0, 384;
    %end;
    .thread T_0;
    .scope S_0x7f7b8e507220;
T_1 ;
    %wait E_0x7f7b8e507180;
    %fork t_1, S_0x7f7b8e507480;
    %jmp t_0;
    .scope S_0x7f7b8e507480;
t_1 ;
    %load/vec4 v0x7f7b8e517820_0;
    %flag_set/vec4 8;
    %jmp/0xz  T_1.0, 8;
    %pushi/vec4 0, 0, 384;
    %assign/vec4 v0x7f7b8e5176c0_0, 0;
    %jmp T_1.1;
T_1.0 ;
    %load/vec4 v0x7f7b8e5178c0_0;
    %flag_set/vec4 8;
    %jmp/0xz  T_1.2, 8;
    %load/vec4 v0x7f7b8e517d70_0;
    %parti/s 384, 384, 10;
    %assign/vec4 v0x7f7b8e5176c0_0, 0;
T_1.2 ;
T_1.1 ;
    %end;
    .scope S_0x7f7b8e507220;
t_0 %join;
    %jmp T_1;
    .thread T_1;
    .scope S_0x7f7b8d706790;
T_2 ;
    %delay 20000000, 0;
    %load/vec4 v0x7f7b8e5181d0_0;
    %inv;
    %store/vec4 v0x7f7b8e5181d0_0, 0, 1;
    %jmp T_2;
    .thread T_2;
    .scope S_0x7f7b8d706790;
T_3 ;
    %pushi/vec4 0, 0, 1;
    %store/vec4 v0x7f7b8e5181d0_0, 0, 1;
    %pushi/vec4 0, 0, 1;
    %store/vec4 v0x7f7b8e518860_0, 0, 1;
    %pushi/vec4 1, 0, 1;
    %store/vec4 v0x7f7b8e5182f0_0, 0, 1;
    %vpi_call 2 30 "$printtimescale", S_0x7f7b8d706790 {0 0 0};
    %vpi_call 2 31 "$dumpvars", 32'sb00000000000000000000000000000000, S_0x7f7b8d706790 {0 0 0};
    %delay 10000000, 0;
    %pushi/vec4 1, 0, 64;
    %store/vec4 v0x7f7b8e518260_0, 0, 64;
    %delay 40000000, 0;
    %pushi/vec4 2, 0, 64;
    %store/vec4 v0x7f7b8e518260_0, 0, 64;
    %delay 40000000, 0;
    %pushi/vec4 3, 0, 64;
    %store/vec4 v0x7f7b8e518260_0, 0, 64;
    %delay 40000000, 0;
    %pushi/vec4 4, 0, 64;
    %store/vec4 v0x7f7b8e518260_0, 0, 64;
    %delay 40000000, 0;
    %pushi/vec4 5, 0, 64;
    %store/vec4 v0x7f7b8e518260_0, 0, 64;
    %delay 40000000, 0;
    %pushi/vec4 6, 0, 64;
    %store/vec4 v0x7f7b8e518260_0, 0, 64;
    %delay 40000000, 0;
    %pushi/vec4 7, 0, 64;
    %store/vec4 v0x7f7b8e518260_0, 0, 64;
    %delay 40000000, 0;
    %pushi/vec4 8, 0, 64;
    %store/vec4 v0x7f7b8e518260_0, 0, 64;
    %delay 40000000, 0;
    %vpi_call 2 50 "$finish" {0 0 0};
    %end;
    .thread T_3;
# The file index is used to find the file name in the following table.
:file_names 4;
    "N/A";
    "<interactive>";
    "testbench.v";
    "./verilog/Rough.topEntity/topEntity.v";
