#! /usr/local/Cellar/icarus-verilog/12.0/bin/vvp
:ivl_version "12.0 (stable)";
:ivl_delay_selection "TYPICAL";
:vpi_time_precision - 13;
:vpi_module "/usr/local/Cellar/icarus-verilog/12.0/lib/ivl/system.vpi";
:vpi_module "/usr/local/Cellar/icarus-verilog/12.0/lib/ivl/vhdl_sys.vpi";
:vpi_module "/usr/local/Cellar/icarus-verilog/12.0/lib/ivl/vhdl_textio.vpi";
:vpi_module "/usr/local/Cellar/icarus-verilog/12.0/lib/ivl/v2005_math.vpi";
:vpi_module "/usr/local/Cellar/icarus-verilog/12.0/lib/ivl/va_math.vpi";
S_0x7ff4cd509f00 .scope module, "testbench" "testbench" 2 2;
 .timescale -6 -9;
L_0x7ff4cd273830 .functor BUFT 1, C4<0>, C4<0>, C4<0>, C4<0>;
v0x7ff4cd18cec0_0 .net *"_ivl_3", 0 0, L_0x7ff4cd273830;  1 drivers
v0x7ff4cd18cf80_0 .net/s "a", 63 0, L_0x7ff4cc712010;  1 drivers
v0x7ff4cd18d020_0 .net "aktv_a", 0 0, L_0x7ff4cc7120b0;  1 drivers
v0x7ff4cd18d0b0_0 .net "aktv_b", 0 0, L_0x7ff4cc711db0;  1 drivers
v0x7ff4cd18d140_0 .net/s "b", 63 0, L_0x7ff4cc711cd0;  1 drivers
v0x7ff4cd18d210_0 .var "clk", 0 0;
v0x7ff4cd18d2c0_0 .var "en", 0 0;
v0x7ff4cd18d370_0 .net/s "hlc_timer", 63 0, L_0x7ff4cc711e90;  1 drivers
v0x7ff4cd18d420_0 .var/s "input_x", 63 0;
v0x7ff4cd18d550_0 .net/s "llc_state", 2 0, L_0x7ff4cc712e00;  1 drivers
v0x7ff4cd18d5e0_0 .net/s "llc_x", 63 0, L_0x7ff4cc712ac0;  1 drivers
v0x7ff4cd18d670_0 .var "new_input", 0 0;
v0x7ff4cd18d700_0 .net "pacing_a", 0 0, L_0x7ff4cc712550;  1 drivers
v0x7ff4cd18d7b0_0 .net "pacing_b", 0 0, L_0x7ff4cc712630;  1 drivers
v0x7ff4cd18d860_0 .net "pop_valid", 0 0, L_0x7ff4cc7128e0;  1 drivers
v0x7ff4cd18d910_0 .net "push_valid", 0 0, L_0x7ff4cc7123b0;  1 drivers
v0x7ff4cd18d9c0_0 .net "qPop", 0 0, L_0x7ff4cc712310;  1 drivers
v0x7ff4cd18db70_0 .net "qPush", 0 0, L_0x7ff4cc712270;  1 drivers
v0x7ff4cd18dc00_0 .var "rst", 0 0;
v0x7ff4cd18dc90_0 .net "slide_b", 0 0, L_0x7ff4cc712710;  1 drivers
v0x7ff4cd18dd20_0 .net/s "sw_b_0", 63 0, L_0x7ff4cc7127f0;  1 drivers
v0x7ff4cd18ddb0_0 .net/s "sw_b_1", 63 0, L_0x7ff4cc712ba0;  1 drivers
v0x7ff4cd18de60_0 .net/s "sw_b_2", 63 0, L_0x7ff4cc712c40;  1 drivers
v0x7ff4cd18df10_0 .net/s "sw_b_3", 63 0, L_0x7ff4cc712d60;  1 drivers
L_0x7ff4cc712e00 .concat [ 2 1 0 0], L_0x7ff4cc7124b0, L_0x7ff4cd273830;
S_0x7ff4cc705c30 .scope module, "monitor" "topEntity" 2 33, 3 6 0, S_0x7ff4cd509f00;
 .timescale -13 -13;
    .port_info 0 /INPUT 1 "clk";
    .port_info 1 /INPUT 1 "rst";
    .port_info 2 /INPUT 1 "en";
    .port_info 3 /INPUT 64 "input0_0";
    .port_info 4 /INPUT 1 "input0_1";
    .port_info 5 /OUTPUT 64 "result_0_0_0";
    .port_info 6 /OUTPUT 1 "result_0_0_1";
    .port_info 7 /OUTPUT 64 "result_0_1_0";
    .port_info 8 /OUTPUT 1 "result_0_1_1";
    .port_info 9 /OUTPUT 64 "result_1_0";
    .port_info 10 /OUTPUT 2 "result_1_1";
    .port_info 11 /OUTPUT 64 "result_1_2_0";
    .port_info 12 /OUTPUT 64 "result_1_2_1";
    .port_info 13 /OUTPUT 64 "result_1_2_2";
    .port_info 14 /OUTPUT 64 "result_1_2_3";
    .port_info 15 /OUTPUT 1 "result_1_3";
    .port_info 16 /OUTPUT 1 "result_1_4";
    .port_info 17 /OUTPUT 1 "result_1_5";
    .port_info 18 /OUTPUT 1 "result_1_6";
    .port_info 19 /OUTPUT 64 "result_1_7";
    .port_info 20 /OUTPUT 1 "result_1_8";
    .port_info 21 /OUTPUT 1 "result_1_9";
    .port_info 22 /OUTPUT 1 "result_1_10";
L_0x7ff4cc70a930 .functor BUFZ 64, v0x7ff4cd18b730_0, C4<0000000000000000000000000000000000000000000000000000000000000000>, C4<0000000000000000000000000000000000000000000000000000000000000000>, C4<0000000000000000000000000000000000000000000000000000000000000000>;
L_0x7ff4cc70a9e0 .functor OR 1, L_0x7ff4cc70b1e0, L_0x7ff4cc70b3a0, C4<0>, C4<0>;
L_0x7ff4cc70aad0 .functor OR 1, L_0x7ff4cc70b3a0, L_0x7ff4cc70a9e0, C4<0>, C4<0>;
L_0x7ff4cc70aba0 .functor OR 1, L_0x7ff4cc70b1e0, L_0x7ff4cc70aad0, C4<0>, C4<0>;
L_0x7ff4cc70b590 .functor AND 1, L_0x7ff4cc70d5a0, L_0x7ff4cc70d480, C4<1>, C4<1>;
L_0x7ff4cc70b6f0 .functor AND 1, L_0x7ff4cc70d5a0, L_0x7ff4cc70cff0, C4<1>, C4<1>;
L_0x7ff4cc70b900 .functor AND 1, L_0x7ff4cc70d190, L_0x7ff4cc70cff0, C4<1>, C4<1>;
L_0x7ff4cc70be90 .functor BUFZ 64, L_0x7ff4cc70cae0, C4<0000000000000000000000000000000000000000000000000000000000000000>, C4<0000000000000000000000000000000000000000000000000000000000000000>, C4<0000000000000000000000000000000000000000000000000000000000000000>;
L_0x7ff4cc70bf40 .functor BUFZ 256, v0x7ff4cd18c240_0, C4<0000000000000000000000000000000000000000000000000000000000000000000000000000000000000000000000000000000000000000000000000000000000000000000000000000000000000000000000000000000000000000000000000000000000000000000000000000000000000000000000000000000000000000>, C4<0000000000000000000000000000000000000000000000000000000000000000000000000000000000000000000000000000000000000000000000000000000000000000000000000000000000000000000000000000000000000000000000000000000000000000000000000000000000000000000000000000000000000000>, C4<0000000000000000000000000000000000000000000000000000000000000000000000000000000000000000000000000000000000000000000000000000000000000000000000000000000000000000000000000000000000000000000000000000000000000000000000000000000000000000000000000000000000000000>;
L_0x7ff4cc70c470 .functor BUFZ 64, L_0x7ff4cc70c5f0, C4<0000000000000000000000000000000000000000000000000000000000000000>, C4<0000000000000000000000000000000000000000000000000000000000000000>, C4<0000000000000000000000000000000000000000000000000000000000000000>;
L_0x7ff4cc70c4e0 .functor BUFZ 64, L_0x7ff4cc70c020, C4<0000000000000000000000000000000000000000000000000000000000000000>, C4<0000000000000000000000000000000000000000000000000000000000000000>, C4<0000000000000000000000000000000000000000000000000000000000000000>;
L_0x7ff4cc70c120 .functor BUFZ 64, L_0x7ff4cc70c1a0, C4<0000000000000000000000000000000000000000000000000000000000000000>, C4<0000000000000000000000000000000000000000000000000000000000000000>, C4<0000000000000000000000000000000000000000000000000000000000000000>;
L_0x7ff4cc70c830 .functor BUFZ 64, L_0x7ff4cc70ca00, C4<0000000000000000000000000000000000000000000000000000000000000000>, C4<0000000000000000000000000000000000000000000000000000000000000000>, C4<0000000000000000000000000000000000000000000000000000000000000000>;
L_0x7ff4cc70c380 .functor BUFZ 64, L_0x7ff4cc70c240, C4<0000000000000000000000000000000000000000000000000000000000000000>, C4<0000000000000000000000000000000000000000000000000000000000000000>, C4<0000000000000000000000000000000000000000000000000000000000000000>;
L_0x7ff4cc70c910 .functor BUFZ 64, L_0x7ff4cc70bc40, C4<0000000000000000000000000000000000000000000000000000000000000000>, C4<0000000000000000000000000000000000000000000000000000000000000000>, C4<0000000000000000000000000000000000000000000000000000000000000000>;
L_0x7ff4cc70cae0 .functor BUFZ 64, L_0x7ff4cc70cd80, C4<0000000000000000000000000000000000000000000000000000000000000000>, C4<0000000000000000000000000000000000000000000000000000000000000000>, C4<0000000000000000000000000000000000000000000000000000000000000000>;
L_0x7ff4cc70cb90 .functor BUFZ 64, L_0x7ff4cc70c470, C4<0000000000000000000000000000000000000000000000000000000000000000>, C4<0000000000000000000000000000000000000000000000000000000000000000>, C4<0000000000000000000000000000000000000000000000000000000000000000>;
L_0x7ff4cc70ccd0 .functor BUFZ 64, L_0x7ff4cc70c830, C4<0000000000000000000000000000000000000000000000000000000000000000>, C4<0000000000000000000000000000000000000000000000000000000000000000>, C4<0000000000000000000000000000000000000000000000000000000000000000>;
L_0x7ff4cc70d910 .functor BUFZ 64, L_0x7ff4cc70daa0, C4<0000000000000000000000000000000000000000000000000000000000000000>, C4<0000000000000000000000000000000000000000000000000000000000000000>, C4<0000000000000000000000000000000000000000000000000000000000000000>;
L_0x7ff4cc70de10 .functor BUFZ 64, L_0x7ff4cc70dec0, C4<0000000000000000000000000000000000000000000000000000000000000000>, C4<0000000000000000000000000000000000000000000000000000000000000000>, C4<0000000000000000000000000000000000000000000000000000000000000000>;
L_0x7ff4cc70dbe0 .functor BUFZ 64, L_0x7ff4cc70db40, C4<0000000000000000000000000000000000000000000000000000000000000000>, C4<0000000000000000000000000000000000000000000000000000000000000000>, C4<0000000000000000000000000000000000000000000000000000000000000000>;
L_0x7ff4cc70f490 .functor BUFZ 68, L_0x7ff4cc70f790, C4<00000000000000000000000000000000000000000000000000000000000000000000>, C4<00000000000000000000000000000000000000000000000000000000000000000000>, C4<00000000000000000000000000000000000000000000000000000000000000000000>;
L_0x7ff4cc710a20 .functor BUFZ 64, v0x7ff4cd189970_0, C4<0000000000000000000000000000000000000000000000000000000000000000>, C4<0000000000000000000000000000000000000000000000000000000000000000>, C4<0000000000000000000000000000000000000000000000000000000000000000>;
L_0x7ff4cd273128 .functor BUFT 1, C4<0000000000000000000000000000000000000000000000000000000000000010>, C4<0>, C4<0>, C4<0>;
v0x7ff4cd184e20_0 .net/2s *"_ivl_112", 63 0, L_0x7ff4cd273128;  1 drivers
v0x7ff4cd184ed0_0 .net *"_ivl_114", 0 0, L_0x7ff4cc70ce60;  1 drivers
L_0x7ff4cd273170 .functor BUFT 1, C4<0000000000000000000000000000000000000000000000000000000000000001>, C4<0>, C4<0>, C4<0>;
v0x7ff4cd184f70_0 .net/2s *"_ivl_116", 63 0, L_0x7ff4cd273170;  1 drivers
L_0x7ff4cd2731b8 .functor BUFT 1, C4<0000000000000000000000000000000000000000000000000000000000000000>, C4<0>, C4<0>, C4<0>;
v0x7ff4cd185030_0 .net/2s *"_ivl_118", 63 0, L_0x7ff4cd2731b8;  1 drivers
v0x7ff4cd1850e0_0 .net *"_ivl_12", 63 0, L_0x7ff4cd18e430;  1 drivers
L_0x7ff4cd273200 .functor BUFT 1, C4<0000000000000000000000000000000000000000000000000000000000000011>, C4<0>, C4<0>, C4<0>;
v0x7ff4cd1851d0_0 .net/2s *"_ivl_126", 63 0, L_0x7ff4cd273200;  1 drivers
v0x7ff4cd185280_0 .net *"_ivl_128", 0 0, L_0x7ff4cc70d2d0;  1 drivers
L_0x7ff4cd273248 .functor BUFT 1, C4<0000000000000000000000000000000000000000000000000000000000000001>, C4<0>, C4<0>, C4<0>;
v0x7ff4cd185320_0 .net/2s *"_ivl_130", 63 0, L_0x7ff4cd273248;  1 drivers
L_0x7ff4cd273290 .functor BUFT 1, C4<0000000000000000000000000000000000000000000000000000000000000000>, C4<0>, C4<0>, C4<0>;
v0x7ff4cd1853d0_0 .net/2s *"_ivl_132", 63 0, L_0x7ff4cd273290;  1 drivers
L_0x7ff4cd2732d8 .functor BUFT 1, C4<0000000000000000000000000000000000000000000000000000000000000000>, C4<0>, C4<0>, C4<0>;
v0x7ff4cd1854e0_0 .net/2s *"_ivl_142", 63 0, L_0x7ff4cd2732d8;  1 drivers
v0x7ff4cd185590_0 .net *"_ivl_144", 0 0, L_0x7ff4cc70d780;  1 drivers
L_0x7ff4cd273320 .functor BUFT 1, C4<0000000000000000000000000000000000000000000000000000000000000001>, C4<0>, C4<0>, C4<0>;
v0x7ff4cd185630_0 .net/2s *"_ivl_146", 63 0, L_0x7ff4cd273320;  1 drivers
L_0x7ff4cd273368 .functor BUFT 1, C4<0000000000000000000000000000000000000000000000000000000000000000>, C4<0>, C4<0>, C4<0>;
v0x7ff4cd1856e0_0 .net/2s *"_ivl_148", 63 0, L_0x7ff4cd273368;  1 drivers
L_0x7ff4cd2733b0 .functor BUFT 1, C4<0000000000000000000000000000000000000000000000000000000000000000>, C4<0>, C4<0>, C4<0>;
v0x7ff4cd185790_0 .net/2s *"_ivl_166", 63 0, L_0x7ff4cd2733b0;  1 drivers
L_0x7ff4cd2733f8 .functor BUFT 1, C4<0000000000000000000000000000000000000000000000000000000000000000>, C4<0>, C4<0>, C4<0>;
v0x7ff4cd185840_0 .net/2s *"_ivl_170", 63 0, L_0x7ff4cd2733f8;  1 drivers
v0x7ff4cd1858f0_0 .net *"_ivl_175", 255 0, L_0x7ff4cc70e330;  1 drivers
v0x7ff4cd1859a0_0 .net *"_ivl_177", 255 0, L_0x7ff4cc70e4c0;  1 drivers
L_0x7ff4cd273440 .functor BUFT 1, C4<0000000000000000000000000000000000000000000000000000000000000001>, C4<0>, C4<0>, C4<0>;
v0x7ff4cd185b30_0 .net/2s *"_ivl_188", 63 0, L_0x7ff4cd273440;  1 drivers
v0x7ff4cd185bc0_0 .net *"_ivl_190", 0 0, L_0x7ff4cc70eb60;  1 drivers
L_0x7ff4cd273488 .functor BUFT 1, C4<0000000000000000000000000000000000000000000000000000000000000001>, C4<0>, C4<0>, C4<0>;
v0x7ff4cd185c60_0 .net/2s *"_ivl_192", 63 0, L_0x7ff4cd273488;  1 drivers
L_0x7ff4cd2734d0 .functor BUFT 1, C4<0000000000000000000000000000000000000000000000000000000000000000>, C4<0>, C4<0>, C4<0>;
v0x7ff4cd185d10_0 .net/2s *"_ivl_194", 63 0, L_0x7ff4cd2734d0;  1 drivers
L_0x7ff4cd273518 .functor BUFT 1, C4<00000000000000000000000000000000000000000000000000000000000000>, C4<0>, C4<0>, C4<0>;
v0x7ff4cd185dc0_0 .net *"_ivl_203", 61 0, L_0x7ff4cd273518;  1 drivers
L_0x7ff4cd273560 .functor BUFT 1, C4<01>, C4<0>, C4<0>, C4<0>;
v0x7ff4cd185e70_0 .net/2u *"_ivl_204", 1 0, L_0x7ff4cd273560;  1 drivers
L_0x7ff4cd2735a8 .functor BUFT 1, C4<00>, C4<0>, C4<0>, C4<0>;
v0x7ff4cd185f20_0 .net/2u *"_ivl_206", 1 0, L_0x7ff4cd2735a8;  1 drivers
v0x7ff4cd185fd0_0 .net *"_ivl_211", 67 0, L_0x7ff4cc70f3f0;  1 drivers
L_0x7ff4cd2735f0 .functor BUFT 1, C4<00000000000000000000000000000000000000000000000000000000000000000000>, C4<0>, C4<0>, C4<0>;
v0x7ff4cd186080_0 .net/2u *"_ivl_216", 67 0, L_0x7ff4cd2735f0;  1 drivers
L_0x7ff4cd273008 .functor BUFT 1, C4<0000000000000000000000000000000000000000000000000000011111010000>, C4<0>, C4<0>, C4<0>;
v0x7ff4cd186130_0 .net/2s *"_ivl_22", 63 0, L_0x7ff4cd273008;  1 drivers
v0x7ff4cd1861e0_0 .net *"_ivl_220", 67 0, L_0x7ff4cc70f790;  1 drivers
L_0x7ff4cd273638 .functor BUFT 1, C4<0>, C4<0>, C4<0>, C4<0>;
v0x7ff4cd186290_0 .net/2u *"_ivl_224", 0 0, L_0x7ff4cd273638;  1 drivers
L_0x7ff4cd273680 .functor BUFT 1, C4<0>, C4<0>, C4<0>, C4<0>;
v0x7ff4cd186340_0 .net/2u *"_ivl_228", 0 0, L_0x7ff4cd273680;  1 drivers
v0x7ff4cd1863f0_0 .net *"_ivl_237", 407 0, L_0x7ff4cc70fb00;  1 drivers
L_0x7ff4cd273050 .functor BUFT 1, C4<0000000000000000000000000000000000000000000000000000011111010000>, C4<0>, C4<0>, C4<0>;
v0x7ff4cd1864a0_0 .net/2s *"_ivl_24", 63 0, L_0x7ff4cd273050;  1 drivers
L_0x7ff4cd2736c8 .functor BUFT 1, C4<0000000000000000000000000000000000000000000000000000000000000001>, C4<0>, C4<0>, C4<0>;
v0x7ff4cd186550_0 .net/2s *"_ivl_246", 63 0, L_0x7ff4cd2736c8;  1 drivers
v0x7ff4cd185a50_0 .net/s *"_ivl_248", 63 0, L_0x7ff4cc70ff60;  1 drivers
L_0x7ff4cd273710 .functor BUFT 1, C4<0000000000000000000000000000000000000000000000000000000000000110>, C4<0>, C4<0>, C4<0>;
v0x7ff4cd1867e0_0 .net/2s *"_ivl_252", 63 0, L_0x7ff4cd273710;  1 drivers
v0x7ff4cd186870_0 .net *"_ivl_254", 0 0, L_0x7ff4cc710660;  1 drivers
L_0x7ff4cd273758 .functor BUFT 1, C4<0000000000000000000000000000000000000000000000000000000000000001>, C4<0>, C4<0>, C4<0>;
v0x7ff4cd186900_0 .net/2s *"_ivl_256", 63 0, L_0x7ff4cd273758;  1 drivers
L_0x7ff4cd2737a0 .functor BUFT 1, C4<0000000000000000000000000000000000000000000000000000000000000000>, C4<0>, C4<0>, C4<0>;
v0x7ff4cd1869b0_0 .net/2s *"_ivl_258", 63 0, L_0x7ff4cd2737a0;  1 drivers
v0x7ff4cd186a60_0 .net/s *"_ivl_26", 63 0, L_0x7ff4cc705e00;  1 drivers
L_0x7ff4cd2737e8 .functor BUFT 1, C4<0000000000000000000000000000000000000000000000000000000000000001>, C4<0>, C4<0>, C4<0>;
v0x7ff4cd186b10_0 .net/2s *"_ivl_268", 63 0, L_0x7ff4cd2737e8;  1 drivers
v0x7ff4cd186bc0_0 .net *"_ivl_273", 129 0, L_0x7ff4cc710780;  1 drivers
v0x7ff4cd186c70_0 .net *"_ivl_275", 63 0, L_0x7ff4cc710820;  1 drivers
v0x7ff4cd186d20_0 .net *"_ivl_277", 1 0, L_0x7ff4cc7108c0;  1 drivers
v0x7ff4cd186dd0_0 .net *"_ivl_279", 255 0, L_0x7ff4cc710960;  1 drivers
v0x7ff4cd186e80_0 .net *"_ivl_281", 0 0, L_0x7ff4cc710db0;  1 drivers
v0x7ff4cd186f30_0 .net *"_ivl_283", 63 0, L_0x7ff4cc710e50;  1 drivers
v0x7ff4cd186fe0_0 .net *"_ivl_285", 0 0, L_0x7ff4cc710ef0;  1 drivers
v0x7ff4cd187090_0 .net *"_ivl_287", 0 0, L_0x7ff4cc710f90;  1 drivers
v0x7ff4cd187140_0 .net *"_ivl_289", 0 0, L_0x7ff4cc7113e0;  1 drivers
v0x7ff4cd1871f0_0 .net *"_ivl_290", 392 0, L_0x7ff4cc711580;  1 drivers
v0x7ff4cd1872a0_0 .net *"_ivl_32", 0 0, L_0x7ff4cc70a9e0;  1 drivers
v0x7ff4cd187350_0 .net *"_ivl_34", 0 0, L_0x7ff4cc70aad0;  1 drivers
v0x7ff4cd187400_0 .net *"_ivl_36", 0 0, L_0x7ff4cc70aba0;  1 drivers
v0x7ff4cd1874b0_0 .net *"_ivl_38", 1 0, L_0x7ff4cc70acd0;  1 drivers
v0x7ff4cd187560_0 .net *"_ivl_40", 67 0, L_0x7ff4cc70ae70;  1 drivers
v0x7ff4cd187610_0 .net *"_ivl_42", 68 0, L_0x7ff4cc70af50;  1 drivers
L_0x7ff4cd273098 .functor BUFT 1, C4<0000000000000000000000000000000000000000000011110100001001000000>, C4<0>, C4<0>, C4<0>;
v0x7ff4cd1876c0_0 .net/2s *"_ivl_48", 63 0, L_0x7ff4cd273098;  1 drivers
L_0x7ff4cd2730e0 .functor BUFT 1, C4<0000000000000000000000000000000000000000000000000000000000001010>, C4<0>, C4<0>, C4<0>;
v0x7ff4cd187770_0 .net/2s *"_ivl_52", 63 0, L_0x7ff4cd2730e0;  1 drivers
v0x7ff4cd187820_0 .net/s *"_ivl_55", 63 0, L_0x7ff4cc70b440;  1 drivers
v0x7ff4cd1878d0_0 .net *"_ivl_56", 0 0, L_0x7ff4cc70b590;  1 drivers
v0x7ff4cd187980_0 .net *"_ivl_58", 64 0, L_0x7ff4cc70b300;  1 drivers
v0x7ff4cd187a30_0 .net *"_ivl_60", 0 0, L_0x7ff4cc70b6f0;  1 drivers
v0x7ff4cd187ae0_0 .net *"_ivl_62", 64 0, L_0x7ff4cc70b7a0;  1 drivers
v0x7ff4cd187b90_0 .net *"_ivl_64", 129 0, L_0x7ff4cc70b980;  1 drivers
v0x7ff4cd187c40_0 .net *"_ivl_66", 324 0, L_0x7ff4cc70baa0;  1 drivers
v0x7ff4cd186600_0 .net/s "a#", 63 0, L_0x7ff4cc70ee90;  1 drivers
v0x7ff4cd1866b0_0 .net/s "acc_1", 63 0, L_0x7ff4cc70c020;  1 drivers
v0x7ff4cd187cd0_0 .net/s "acc_1_0", 63 0, L_0x7ff4cc70c470;  1 drivers
v0x7ff4cd187d60_0 .net/s "acc_1_1", 63 0, L_0x7ff4cc70c830;  1 drivers
v0x7ff4cd187df0_0 .net/s "acc_2", 63 0, L_0x7ff4cc70c1a0;  1 drivers
v0x7ff4cd187e80_0 .net/s "acc_2_0", 63 0, L_0x7ff4cc70cae0;  1 drivers
v0x7ff4cd187f10_0 .net/s "acc_3", 63 0, L_0x7ff4cc70c240;  1 drivers
v0x7ff4cd187fc0_0 .net/s "acc_4", 63 0, L_0x7ff4cc70bc40;  1 drivers
v0x7ff4cd188070_0 .var "buffer", 407 0;
v0x7ff4cd188120_0 .var "c$app_arg", 67 0;
v0x7ff4cd1881d0_0 .var "c$app_arg_0", 0 0;
v0x7ff4cd188270_0 .var "c$app_arg_1", 0 0;
v0x7ff4cd188310_0 .net "c$buffer_case_alt", 407 0, L_0x7ff4cc70f8b0;  1 drivers
v0x7ff4cd1883c0_0 .net "c$buffer_case_alt_0", 407 0, L_0x7ff4cc70fc00;  1 drivers
v0x7ff4cd188470_0 .net "c$buffer_case_alt_sel_alt_t_1", 475 0, L_0x7ff4cc70f9b0;  1 drivers
v0x7ff4cd188520_0 .net "c$case_alt", 67 0, L_0x7ff4cc70f6b0;  1 drivers
v0x7ff4cd1885d0_0 .var "c$case_alt_0", 67 0;
v0x7ff4cd188680_0 .net "c$case_alt_1", 67 0, L_0x7ff4cc70f490;  1 drivers
v0x7ff4cd188730_0 .net "c$case_alt_2", 0 0, L_0x7ff4cc70f560;  1 drivers
v0x7ff4cd1887d0_0 .var "c$case_alt_3", 0 0;
v0x7ff4cd188870_0 .net "c$case_alt_4", 0 0, L_0x7ff4cc70fa60;  1 drivers
v0x7ff4cd188910_0 .net/s "c$case_alt_5", 63 0, L_0x7ff4cc70c5f0;  1 drivers
v0x7ff4cd1889c0_0 .net/s "c$case_alt_6", 63 0, L_0x7ff4cc70ca00;  1 drivers
v0x7ff4cd188a70_0 .net/s "c$case_alt_7", 63 0, L_0x7ff4cc70cd80;  1 drivers
v0x7ff4cd188b20_0 .net/s "c$cursor_case_alt", 63 0, L_0x7ff4cc710260;  1 drivers
v0x7ff4cd188bd0_0 .net/s "c$cursor_case_alt_0", 63 0, L_0x7ff4cc70fe80;  1 drivers
v0x7ff4cd188c80_0 .var/s "c$cursor_case_alt_1", 63 0;
v0x7ff4cd188d30_0 .net/s "c$cursor_case_alt_2", 63 0, L_0x7ff4cc710580;  1 drivers
v0x7ff4cd188de0_0 .net/s "c$cursor_case_alt_3", 63 0, L_0x7ff4cc710b50;  1 drivers
v0x7ff4cd188e90_0 .var/s "c$cursor_case_alt_4", 63 0;
v0x7ff4cd188f40_0 .net/s "c$cursor_case_alt_5", 63 0, L_0x7ff4cc710c30;  1 drivers
v0x7ff4cd188ff0_0 .net "c$cursor_case_scrut", 0 0, L_0x7ff4cc710460;  1 drivers
v0x7ff4cd189090_0 .net "c$eventInfo_app_arg", 67 0, L_0x7ff4cc70f090;  1 drivers
v0x7ff4cd189140_0 .var "c$state_app_arg", 1 0;
v0x7ff4cd1891f0_0 .net "c$state_case_alt", 1 0, L_0x7ff4cc70f2d0;  1 drivers
v0x7ff4cd1892a0_0 .net "c$t_case_alt", 255 0, L_0x7ff4cc70e560;  1 drivers
v0x7ff4cd189350_0 .net "c$t_case_alt_0", 255 0, L_0x7ff4cc70e9a0;  1 drivers
v0x7ff4cd189400_0 .net "c$t_case_alt_sel_alt_f_0", 319 0, L_0x7ff4cc70e250;  1 drivers
v0x7ff4cd1894b0_0 .net "c$t_case_alt_sel_alt_t_0", 319 0, L_0x7ff4cc70e3e0;  1 drivers
v0x7ff4cd189560_0 .net/s "c$tte_rhs", 63 0, L_0x7ff4cc70d230;  1 drivers
v0x7ff4cd189610_0 .net/s "c$tte_rhs_0", 63 0, L_0x7ff4cc70d6e0;  1 drivers
v0x7ff4cd1896c0_0 .net/s "c$tte_rhs_1", 63 0, L_0x7ff4cc70d820;  1 drivers
v0x7ff4cd189770_0 .net/s "c$tte_rhs_2", 63 0, L_0x7ff4cc70ec80;  1 drivers
v0x7ff4cd189820_0 .net/s "c$tte_rhs_3", 63 0, L_0x7ff4cc710300;  1 drivers
v0x7ff4cd1898d0_0 .net "clk", 0 0, v0x7ff4cd18d210_0;  1 drivers
v0x7ff4cd189970_0 .var/s "cursor", 63 0;
v0x7ff4cd189a20_0 .net "en", 0 0, v0x7ff4cd18d2c0_0;  1 drivers
v0x7ff4cd189ac0_0 .net "eta", 0 0, L_0x7ff4cc70b900;  1 drivers
v0x7ff4cd189b60_0 .var "eventInfo", 67 0;
v0x7ff4cd189c10_0 .net "hasDataX", 64 0, L_0x7ff4cc70e840;  1 drivers
v0x7ff4cd189cc0_0 .net "input0", 64 0, L_0x7ff4cd18ea80;  1 drivers
v0x7ff4cd189d70_0 .net/s "input0_0", 63 0, v0x7ff4cd18d420_0;  1 drivers
v0x7ff4cd189e20_0 .net "input0_1", 0 0, v0x7ff4cd18d670_0;  1 drivers
v0x7ff4cd189ec0_0 .net "newX", 0 0, L_0x7ff4cc70b1e0;  1 drivers
v0x7ff4cd189f60_0 .var/s "out", 63 0;
v0x7ff4cd18a010_0 .net "pacingA", 0 0, L_0x7ff4cc70d480;  1 drivers
v0x7ff4cd18a0b0_0 .net "pacingB", 0 0, L_0x7ff4cc70cff0;  1 drivers
v0x7ff4cd18a150_0 .net "qData", 67 0, L_0x7ff4cc710140;  1 drivers
v0x7ff4cd18a200_0 .net "qPop", 0 0, L_0x7ff4cc711c30;  1 drivers
v0x7ff4cd18a2a0_0 .net "qPopValid", 0 0, L_0x7ff4cc7111d0;  1 drivers
v0x7ff4cd18a340_0 .net "qPush", 0 0, L_0x7ff4cc711b10;  1 drivers
v0x7ff4cd18a3e0_0 .net "result", 522 0, L_0x7ff4cc7110f0;  1 drivers
v0x7ff4cd18a490_0 .net "result_0", 129 0, L_0x7ff4cc711800;  1 drivers
v0x7ff4cd18a540_0 .net "result_0_0", 64 0, L_0x7ff4cc711940;  1 drivers
v0x7ff4cd18a5f0_0 .net/s "result_0_0_0", 63 0, L_0x7ff4cc712010;  alias, 1 drivers
v0x7ff4cd18a6a0_0 .net "result_0_0_1", 0 0, L_0x7ff4cc7120b0;  alias, 1 drivers
v0x7ff4cd18a740_0 .net "result_0_1", 64 0, L_0x7ff4cc7119e0;  1 drivers
v0x7ff4cd18a7f0_0 .net/s "result_0_1_0", 63 0, L_0x7ff4cc711cd0;  alias, 1 drivers
v0x7ff4cd18a8a0_0 .net "result_0_1_1", 0 0, L_0x7ff4cc711db0;  alias, 1 drivers
v0x7ff4cd18a940_0 .net "result_1", 392 0, L_0x7ff4cc7118a0;  1 drivers
v0x7ff4cd18a9f0_0 .net "result_10", 255 0, L_0x7ff4cc70da00;  1 drivers
v0x7ff4cd18aaa0_0 .net "result_11", 255 0, L_0x7ff4cc70dfe0;  1 drivers
v0x7ff4cd18ab50_0 .net "result_12", 0 0, L_0x7ff4cc70edb0;  1 drivers
v0x7ff4cd18abf0_0 .net "result_13", 69 0, L_0x7ff4cc70f1b0;  1 drivers
v0x7ff4cd18aca0_0 .net/s "result_1_0", 63 0, L_0x7ff4cc711e90;  alias, 1 drivers
v0x7ff4cd18ad50_0 .net "result_1_1", 1 0, L_0x7ff4cc7124b0;  1 drivers
v0x7ff4cd18ae00_0 .net "result_1_10", 0 0, L_0x7ff4cc712710;  alias, 1 drivers
v0x7ff4cd18aea0_0 .net "result_1_2", 255 0, L_0x7ff4cc712150;  1 drivers
v0x7ff4cd18af50_0 .net/s "result_1_2_0", 63 0, L_0x7ff4cc7127f0;  alias, 1 drivers
v0x7ff4cd18b000_0 .net/s "result_1_2_1", 63 0, L_0x7ff4cc712ba0;  alias, 1 drivers
v0x7ff4cd18b0b0_0 .net/s "result_1_2_2", 63 0, L_0x7ff4cc712c40;  alias, 1 drivers
v0x7ff4cd18b160_0 .net/s "result_1_2_3", 63 0, L_0x7ff4cc712d60;  alias, 1 drivers
v0x7ff4cd18b210_0 .net "result_1_3", 0 0, L_0x7ff4cc712270;  alias, 1 drivers
v0x7ff4cd18b2b0_0 .net "result_1_4", 0 0, L_0x7ff4cc712310;  alias, 1 drivers
v0x7ff4cd18b350_0 .net "result_1_5", 0 0, L_0x7ff4cc7123b0;  alias, 1 drivers
v0x7ff4cd18b3f0_0 .net "result_1_6", 0 0, L_0x7ff4cc7128e0;  alias, 1 drivers
v0x7ff4cd18b490_0 .net/s "result_1_7", 63 0, L_0x7ff4cc712ac0;  alias, 1 drivers
v0x7ff4cd18b540_0 .net "result_1_8", 0 0, L_0x7ff4cc712550;  alias, 1 drivers
v0x7ff4cd18b5e0_0 .net "result_1_9", 0 0, L_0x7ff4cc712630;  alias, 1 drivers
v0x7ff4cd18b680_0 .net/s "result_2", 63 0, L_0x7ff4cc70a850;  1 drivers
v0x7ff4cd18b730_0 .var/s "result_3", 63 0;
v0x7ff4cd18b7e0_0 .net "result_4", 132 0, L_0x7ff4cc70b100;  1 drivers
v0x7ff4cd18b890_0 .net "result_5", 455 0, L_0x7ff4cc70bd10;  1 drivers
v0x7ff4cd18b940_0 .net/s "result_6", 63 0, L_0x7ff4cc70c730;  1 drivers
v0x7ff4cd18b9f0_0 .net "result_7", 0 0, L_0x7ff4cc70d190;  1 drivers
v0x7ff4cd18ba90_0 .net "result_8", 0 0, L_0x7ff4cc70d5a0;  1 drivers
v0x7ff4cd18bb30_0 .net "result_9", 0 0, L_0x7ff4cc70dcf0;  1 drivers
v0x7ff4cd18bbd0_0 .net "rst", 0 0, v0x7ff4cd18dc00_0;  1 drivers
v0x7ff4cd18bc70_0 .net "slideB", 0 0, L_0x7ff4cc70e7a0;  1 drivers
v0x7ff4cd18bd10_0 .var "state", 1 0;
v0x7ff4cd18bdc0_0 .net/s "t", 63 0, L_0x7ff4cc70be90;  1 drivers
v0x7ff4cd18be70_0 .net "timer1Over", 0 0, L_0x7ff4cc70b3a0;  1 drivers
v0x7ff4cd18bf10_0 .net "updatedWin", 255 0, L_0x7ff4cd18e260;  1 drivers
v0x7ff4cd18bfc0_0 .net "vec", 255 0, L_0x7ff4cc70bf40;  1 drivers
v0x7ff4cd18c070 .array "vecArray", 5 0;
v0x7ff4cd18c070_0 .net v0x7ff4cd18c070 0, 67 0, L_0x7ff4cd18e980; 1 drivers
v0x7ff4cd18c070_1 .net v0x7ff4cd18c070 1, 67 0, L_0x7ff4cd18e8e0; 1 drivers
v0x7ff4cd18c070_2 .net v0x7ff4cd18c070 2, 67 0, L_0x7ff4cd18e770; 1 drivers
v0x7ff4cd18c070_3 .net v0x7ff4cd18c070 3, 67 0, L_0x7ff4cd18e6d0; 1 drivers
v0x7ff4cd18c070_4 .net v0x7ff4cd18c070 4, 67 0, L_0x7ff4cd18e5d0; 1 drivers
v0x7ff4cd18c070_5 .net v0x7ff4cd18c070 5, 67 0, L_0x7ff4cd18e530; 1 drivers
v0x7ff4cd18c1a0_0 .net "wild2", 0 0, L_0x7ff4cc70eac0;  1 drivers
v0x7ff4cd18c240_0 .var "window", 255 0;
v0x7ff4cd18c2f0_0 .net/s "x", 63 0, L_0x7ff4cc70a930;  1 drivers
v0x7ff4cd18c3a0_0 .net/s "x1", 63 0, L_0x7ff4cc70d910;  1 drivers
v0x7ff4cd18c450_0 .net/s "x1_0", 63 0, L_0x7ff4cc70dbe0;  1 drivers
v0x7ff4cd18c500_0 .net/s "x1_projection_0", 63 0, L_0x7ff4cc70db40;  1 drivers
v0x7ff4cd18c5b0_0 .net/s "x2", 63 0, L_0x7ff4cc70dec0;  1 drivers
v0x7ff4cd18c660_0 .net/s "x_0", 63 0, L_0x7ff4cc70daa0;  1 drivers
v0x7ff4cd18c710_0 .net/s "x_1", 63 0, L_0x7ff4cc710a20;  1 drivers
v0x7ff4cd18c7c0_0 .net/s "x_3", 63 0, L_0x7ff4cc70c4e0;  1 drivers
v0x7ff4cd18c870_0 .net/s "x_4", 63 0, L_0x7ff4cc70c380;  1 drivers
v0x7ff4cd18c920_0 .net/s "x_5", 63 0, L_0x7ff4cc70cb90;  1 drivers
v0x7ff4cd18c9d0_0 .net/s "y", 63 0, L_0x7ff4cc70de10;  1 drivers
v0x7ff4cd18ca80_0 .net/s "y_0", 63 0, L_0x7ff4cc70c120;  1 drivers
v0x7ff4cd18cb30_0 .net/s "y_1", 63 0, L_0x7ff4cc70c910;  1 drivers
v0x7ff4cd18cbe0_0 .net/s "y_2", 63 0, L_0x7ff4cc70ccd0;  1 drivers
E_0x7ff4cc7060f0 .event anyedge, v0x7ff4cd18c710_0, v0x7ff4cd188f40_0;
E_0x7ff4cc706150 .event anyedge, v0x7ff4cd18c710_0, v0x7ff4cd189970_0;
E_0x7ff4cc7061a0 .event posedge, v0x7ff4cd18bbd0_0, v0x7ff4cd1898d0_0;
E_0x7ff4cc706200 .event anyedge, v0x7ff4cd18c710_0;
E_0x7ff4cc706250 .event anyedge, v0x7ff4cd18c710_0, v0x7ff4cd188680_0;
E_0x7ff4cc7062d0 .event anyedge, v0x7ff4cd18bd10_0, v0x7ff4cd1891f0_0;
L_0x7ff4cd18dfc0 .part v0x7ff4cd18c240_0, 192, 64;
L_0x7ff4cd18e0a0 .part v0x7ff4cd18c240_0, 128, 64;
L_0x7ff4cd18e1a0 .part v0x7ff4cd18c240_0, 64, 64;
L_0x7ff4cd18e260 .concat8 [ 64 64 64 64], L_0x7ff4cd18e430, L_0x7ff4cd18e1a0, L_0x7ff4cd18e0a0, L_0x7ff4cd18dfc0;
L_0x7ff4cd18e430 .arith/sum 64, L_0x7ff4cc70dbe0, L_0x7ff4cc70de10;
L_0x7ff4cd18e530 .part v0x7ff4cd188070_0, 0, 68;
L_0x7ff4cd18e5d0 .part v0x7ff4cd188070_0, 68, 68;
L_0x7ff4cd18e6d0 .part v0x7ff4cd188070_0, 136, 68;
L_0x7ff4cd18e770 .part v0x7ff4cd188070_0, 204, 68;
L_0x7ff4cd18e8e0 .part v0x7ff4cd188070_0, 272, 68;
L_0x7ff4cd18e980 .part v0x7ff4cd188070_0, 340, 68;
L_0x7ff4cd18ea80 .concat [ 1 64 0 0], v0x7ff4cd18d670_0, v0x7ff4cd18d420_0;
L_0x7ff4cc705e00 .arith/sum 64, L_0x7ff4cc70a930, L_0x7ff4cd273050;
L_0x7ff4cc70a850 .functor MUXZ 64, L_0x7ff4cc705e00, L_0x7ff4cd273008, L_0x7ff4cc70b3a0, C4<>;
L_0x7ff4cc70acd0 .concat [ 1 1 0 0], L_0x7ff4cc70b3a0, L_0x7ff4cc70b1e0;
L_0x7ff4cc70ae70 .concat [ 2 1 65 0], L_0x7ff4cc70acd0, L_0x7ff4cc70b3a0, L_0x7ff4cd18ea80;
L_0x7ff4cc70af50 .concat [ 68 1 0 0], L_0x7ff4cc70ae70, L_0x7ff4cc70aba0;
L_0x7ff4cc70b100 .concat [ 64 69 0 0], v0x7ff4cd18b730_0, L_0x7ff4cc70af50;
L_0x7ff4cc70b1e0 .part L_0x7ff4cd18ea80, 0, 1;
L_0x7ff4cc70b3a0 .cmp/ge.s 64, v0x7ff4cd18b730_0, L_0x7ff4cd273098;
L_0x7ff4cc70b440 .arith/mult 64, L_0x7ff4cc70d910, L_0x7ff4cd2730e0;
L_0x7ff4cc70b300 .concat [ 1 64 0 0], L_0x7ff4cc70b590, L_0x7ff4cc70b440;
L_0x7ff4cc70b7a0 .concat [ 1 64 0 0], L_0x7ff4cc70b6f0, v0x7ff4cd189f60_0;
L_0x7ff4cc70b980 .concat [ 65 65 0 0], L_0x7ff4cc70b7a0, L_0x7ff4cc70b300;
LS_0x7ff4cc70baa0_0_0 .concat [ 1 1 1 64], L_0x7ff4cc70e7a0, L_0x7ff4cc70cff0, L_0x7ff4cc70d480, L_0x7ff4cc70daa0;
LS_0x7ff4cc70baa0_0_4 .concat [ 256 2 0 0], v0x7ff4cd18c240_0, v0x7ff4cd18bd10_0;
L_0x7ff4cc70baa0 .concat [ 67 258 0 0], LS_0x7ff4cc70baa0_0_0, LS_0x7ff4cc70baa0_0_4;
L_0x7ff4cc70bd10 .concat [ 325 130 1 0], L_0x7ff4cc70baa0, L_0x7ff4cc70b980, L_0x7ff4cc70dcf0;
L_0x7ff4cc70c020 .part L_0x7ff4cc70bf40, 192, 64;
L_0x7ff4cc70c1a0 .part L_0x7ff4cc70bf40, 128, 64;
L_0x7ff4cc70c240 .part L_0x7ff4cc70bf40, 64, 64;
L_0x7ff4cc70bc40 .part L_0x7ff4cc70bf40, 0, 64;
L_0x7ff4cc70c5f0 .arith/sum 64, L_0x7ff4cc70c4e0, L_0x7ff4cc70c120;
L_0x7ff4cc70ca00 .arith/sum 64, L_0x7ff4cc70c380, L_0x7ff4cc70c910;
L_0x7ff4cc70cd80 .arith/sum 64, L_0x7ff4cc70cb90, L_0x7ff4cc70ccd0;
L_0x7ff4cc70c730 .functor MUXZ 64, v0x7ff4cd189f60_0, L_0x7ff4cc70be90, L_0x7ff4cc70b900, C4<>;
L_0x7ff4cc70cff0 .part v0x7ff4cd189b60_0, 0, 1;
L_0x7ff4cc70ce60 .cmp/eq 64, L_0x7ff4cc70ee90, L_0x7ff4cd273128;
L_0x7ff4cc70d230 .functor MUXZ 64, L_0x7ff4cd2731b8, L_0x7ff4cd273170, L_0x7ff4cc70ce60, C4<>;
L_0x7ff4cc70d190 .part L_0x7ff4cc70d230, 0, 1;
L_0x7ff4cc70d480 .part v0x7ff4cd189b60_0, 1, 1;
L_0x7ff4cc70d2d0 .cmp/eq 64, L_0x7ff4cc70ee90, L_0x7ff4cd273200;
L_0x7ff4cc70d6e0 .functor MUXZ 64, L_0x7ff4cd273290, L_0x7ff4cd273248, L_0x7ff4cc70d2d0, C4<>;
L_0x7ff4cc70d5a0 .part L_0x7ff4cc70d6e0, 0, 1;
L_0x7ff4cc70daa0 .part L_0x7ff4cc70e840, 1, 64;
L_0x7ff4cc70d780 .cmp/eq 64, L_0x7ff4cc70ee90, L_0x7ff4cd2732d8;
L_0x7ff4cc70d820 .functor MUXZ 64, L_0x7ff4cd273368, L_0x7ff4cd273320, L_0x7ff4cc70d780, C4<>;
L_0x7ff4cc70dcf0 .part L_0x7ff4cc70d820, 0, 1;
L_0x7ff4cc70dec0 .part L_0x7ff4cc70e840, 1, 64;
L_0x7ff4cc70db40 .part v0x7ff4cd18c240_0, 0, 64;
L_0x7ff4cc70da00 .functor MUXZ 256, v0x7ff4cd18c240_0, L_0x7ff4cc70dfe0, L_0x7ff4cc70edb0, C4<>;
L_0x7ff4cc70dfe0 .functor MUXZ 256, L_0x7ff4cc70e9a0, L_0x7ff4cc70e560, L_0x7ff4cc70e7a0, C4<>;
L_0x7ff4cc70e3e0 .concat [ 64 256 0 0], L_0x7ff4cd2733b0, L_0x7ff4cd18e260;
L_0x7ff4cc70e250 .concat [ 64 256 0 0], L_0x7ff4cd2733f8, v0x7ff4cd18c240_0;
L_0x7ff4cc70e330 .part L_0x7ff4cc70e3e0, 0, 256;
L_0x7ff4cc70e4c0 .part L_0x7ff4cc70e250, 0, 256;
L_0x7ff4cc70e560 .functor MUXZ 256, L_0x7ff4cc70e4c0, L_0x7ff4cc70e330, L_0x7ff4cc70eac0, C4<>;
L_0x7ff4cc70e9a0 .functor MUXZ 256, v0x7ff4cd18c240_0, L_0x7ff4cd18e260, L_0x7ff4cc70eac0, C4<>;
L_0x7ff4cc70eac0 .part L_0x7ff4cc70e840, 0, 1;
L_0x7ff4cc70e7a0 .part v0x7ff4cd189b60_0, 2, 1;
L_0x7ff4cc70e840 .part v0x7ff4cd189b60_0, 3, 65;
L_0x7ff4cc70eb60 .cmp/eq 64, L_0x7ff4cc70ee90, L_0x7ff4cd273440;
L_0x7ff4cc70ec80 .functor MUXZ 64, L_0x7ff4cd2734d0, L_0x7ff4cd273488, L_0x7ff4cc70eb60, C4<>;
L_0x7ff4cc70edb0 .part L_0x7ff4cc70ec80, 0, 1;
L_0x7ff4cc70ee90 .concat [ 2 62 0 0], v0x7ff4cd18bd10_0, L_0x7ff4cd273518;
L_0x7ff4cc70f2d0 .functor MUXZ 2, L_0x7ff4cd2735a8, L_0x7ff4cd273560, L_0x7ff4cc7111d0, C4<>;
L_0x7ff4cc70f3f0 .part L_0x7ff4cc70f1b0, 0, 68;
L_0x7ff4cc70f090 .functor MUXZ 68, v0x7ff4cd189b60_0, L_0x7ff4cc70f3f0, L_0x7ff4cc7111d0, C4<>;
L_0x7ff4cc70f1b0 .concat [ 68 1 1 0], v0x7ff4cd188120_0, v0x7ff4cd1881d0_0, v0x7ff4cd188270_0;
L_0x7ff4cc70f6b0 .functor MUXZ 68, L_0x7ff4cd2735f0, v0x7ff4cd1885d0_0, L_0x7ff4cc711c30, C4<>;
L_0x7ff4cc70f790 .array/port v0x7ff4cd18c070, L_0x7ff4cc710c30;
L_0x7ff4cc70f560 .functor MUXZ 1, L_0x7ff4cd273638, v0x7ff4cd1887d0_0, L_0x7ff4cc711c30, C4<>;
L_0x7ff4cc70fa60 .functor MUXZ 1, L_0x7ff4cd273680, L_0x7ff4cc710460, L_0x7ff4cc711b10, C4<>;
L_0x7ff4cc70f8b0 .functor MUXZ 408, v0x7ff4cd188070_0, L_0x7ff4cc70fc00, L_0x7ff4cc711b10, C4<>;
L_0x7ff4cc70f9b0 .concat [ 408 68 0 0], v0x7ff4cd188070_0, L_0x7ff4cc710140;
L_0x7ff4cc70fb00 .part L_0x7ff4cc70f9b0, 68, 408;
L_0x7ff4cc70fc00 .functor MUXZ 408, v0x7ff4cd188070_0, L_0x7ff4cc70fb00, L_0x7ff4cc710460, C4<>;
L_0x7ff4cc710140 .part L_0x7ff4cc70b100, 64, 68;
L_0x7ff4cc710260 .functor MUXZ 64, L_0x7ff4cc710b50, L_0x7ff4cc70fe80, L_0x7ff4cc711b10, C4<>;
L_0x7ff4cc70fe80 .functor MUXZ 64, L_0x7ff4cc710580, v0x7ff4cd188c80_0, L_0x7ff4cc711c30, C4<>;
L_0x7ff4cc70ff60 .arith/sum 64, L_0x7ff4cc710a20, L_0x7ff4cd2736c8;
L_0x7ff4cc710580 .functor MUXZ 64, v0x7ff4cd189970_0, L_0x7ff4cc70ff60, L_0x7ff4cc710460, C4<>;
L_0x7ff4cc710660 .cmp/ne 64, L_0x7ff4cc710a20, L_0x7ff4cd273710;
L_0x7ff4cc710300 .functor MUXZ 64, L_0x7ff4cd2737a0, L_0x7ff4cd273758, L_0x7ff4cc710660, C4<>;
L_0x7ff4cc710460 .part L_0x7ff4cc710300, 0, 1;
L_0x7ff4cc710b50 .functor MUXZ 64, v0x7ff4cd189970_0, v0x7ff4cd188e90_0, L_0x7ff4cc711c30, C4<>;
L_0x7ff4cc710c30 .arith/sub 64, L_0x7ff4cc710a20, L_0x7ff4cd2737e8;
L_0x7ff4cc710780 .part L_0x7ff4cc70bd10, 325, 130;
L_0x7ff4cc710820 .part L_0x7ff4cc70b100, 0, 64;
L_0x7ff4cc7108c0 .part L_0x7ff4cc70bd10, 323, 2;
L_0x7ff4cc710960 .part L_0x7ff4cc70bd10, 67, 256;
L_0x7ff4cc710db0 .part L_0x7ff4cc70f1b0, 69, 1;
L_0x7ff4cc710e50 .part L_0x7ff4cc70bd10, 3, 64;
L_0x7ff4cc710ef0 .part L_0x7ff4cc70bd10, 2, 1;
L_0x7ff4cc710f90 .part L_0x7ff4cc70bd10, 1, 1;
L_0x7ff4cc7113e0 .part L_0x7ff4cc70bd10, 0, 1;
LS_0x7ff4cc711580_0_0 .concat [ 1 1 1 64], L_0x7ff4cc7113e0, L_0x7ff4cc710f90, L_0x7ff4cc710ef0, L_0x7ff4cc710e50;
LS_0x7ff4cc711580_0_4 .concat [ 1 1 1 1], L_0x7ff4cc7111d0, L_0x7ff4cc710db0, L_0x7ff4cc711c30, L_0x7ff4cc711b10;
LS_0x7ff4cc711580_0_8 .concat [ 256 2 64 0], L_0x7ff4cc710960, L_0x7ff4cc7108c0, L_0x7ff4cc710820;
L_0x7ff4cc711580 .concat [ 67 4 322 0], LS_0x7ff4cc711580_0_0, LS_0x7ff4cc711580_0_4, LS_0x7ff4cc711580_0_8;
L_0x7ff4cc7110f0 .concat [ 393 130 0 0], L_0x7ff4cc711580, L_0x7ff4cc710780;
L_0x7ff4cc7111d0 .part L_0x7ff4cc70f1b0, 68, 1;
L_0x7ff4cc711b10 .part L_0x7ff4cc70b100, 132, 1;
L_0x7ff4cc711c30 .part L_0x7ff4cc70bd10, 455, 1;
L_0x7ff4cc711800 .part L_0x7ff4cc7110f0, 393, 130;
L_0x7ff4cc7118a0 .part L_0x7ff4cc7110f0, 0, 393;
L_0x7ff4cc711940 .part L_0x7ff4cc711800, 65, 65;
L_0x7ff4cc7119e0 .part L_0x7ff4cc711800, 0, 65;
L_0x7ff4cc712010 .part L_0x7ff4cc711940, 1, 64;
L_0x7ff4cc7120b0 .part L_0x7ff4cc711940, 0, 1;
L_0x7ff4cc711cd0 .part L_0x7ff4cc7119e0, 1, 64;
L_0x7ff4cc711db0 .part L_0x7ff4cc7119e0, 0, 1;
L_0x7ff4cc711e90 .part L_0x7ff4cc7118a0, 329, 64;
L_0x7ff4cc7124b0 .part L_0x7ff4cc7118a0, 327, 2;
L_0x7ff4cc712150 .part L_0x7ff4cc7118a0, 71, 256;
L_0x7ff4cc712270 .part L_0x7ff4cc7118a0, 70, 1;
L_0x7ff4cc712310 .part L_0x7ff4cc7118a0, 69, 1;
L_0x7ff4cc7123b0 .part L_0x7ff4cc7118a0, 68, 1;
L_0x7ff4cc7128e0 .part L_0x7ff4cc7118a0, 67, 1;
L_0x7ff4cc712ac0 .part L_0x7ff4cc7118a0, 3, 64;
L_0x7ff4cc712550 .part L_0x7ff4cc7118a0, 2, 1;
L_0x7ff4cc712630 .part L_0x7ff4cc7118a0, 1, 1;
L_0x7ff4cc712710 .part L_0x7ff4cc7118a0, 0, 1;
L_0x7ff4cc7127f0 .part L_0x7ff4cc712150, 192, 64;
L_0x7ff4cc712ba0 .part L_0x7ff4cc712150, 128, 64;
L_0x7ff4cc712c40 .part L_0x7ff4cc712150, 64, 64;
L_0x7ff4cc712d60 .part L_0x7ff4cc712150, 0, 64;
S_0x7ff4cc706320 .scope begin, "buffer_register" "buffer_register" 3 444, 3 444 0, S_0x7ff4cc705c30;
 .timescale -13 -13;
S_0x7ff4cc7064f0 .scope begin, "c$app_arg_0_register" "c$app_arg_0_register" 3 413, 3 413 0, S_0x7ff4cc705c30;
 .timescale -13 -13;
S_0x7ff4cc7066c0 .scope begin, "c$app_arg_1_register" "c$app_arg_1_register" 3 432, 3 432 0, S_0x7ff4cc705c30;
 .timescale -13 -13;
S_0x7ff4cc706880 .scope begin, "c$app_arg_register" "c$app_arg_register" 3 381, 3 381 0, S_0x7ff4cc705c30;
 .timescale -13 -13;
S_0x7ff4cc706a40 .scope begin, "cursor_register" "cursor_register" 3 473, 3 473 0, S_0x7ff4cc705c30;
 .timescale -13 -13;
S_0x7ff4cc706c40 .scope begin, "eventInfo_register" "eventInfo_register" 3 368, 3 368 0, S_0x7ff4cc705c30;
 .timescale -13 -13;
S_0x7ff4cc706e00 .scope generate, "mk_array[0]" "mk_array[0]" 3 405, 3 405 0, S_0x7ff4cc705c30;
 .timescale -13 -13;
P_0x7ff4cc706fc0 .param/l "i_0" 1 3 405, +C4<00>;
S_0x7ff4cc707050 .scope generate, "mk_array[1]" "mk_array[1]" 3 405, 3 405 0, S_0x7ff4cc705c30;
 .timescale -13 -13;
P_0x7ff4cc707210 .param/l "i_0" 1 3 405, +C4<01>;
S_0x7ff4cc707290 .scope generate, "mk_array[2]" "mk_array[2]" 3 405, 3 405 0, S_0x7ff4cc705c30;
 .timescale -13 -13;
P_0x7ff4cc706c00 .param/l "i_0" 1 3 405, +C4<010>;
S_0x7ff4cc707530 .scope generate, "mk_array[3]" "mk_array[3]" 3 405, 3 405 0, S_0x7ff4cc705c30;
 .timescale -13 -13;
P_0x7ff4cc7076f0 .param/l "i_0" 1 3 405, +C4<011>;
S_0x7ff4cc707790 .scope generate, "mk_array[4]" "mk_array[4]" 3 405, 3 405 0, S_0x7ff4cc705c30;
 .timescale -13 -13;
P_0x7ff4cc707950 .param/l "i_0" 1 3 405, +C4<0100>;
S_0x7ff4cc7079f0 .scope generate, "mk_array[5]" "mk_array[5]" 3 405, 3 405 0, S_0x7ff4cc705c30;
 .timescale -13 -13;
P_0x7ff4cc707bb0 .param/l "i_0" 1 3 405, +C4<0101>;
S_0x7ff4cc707c50 .scope begin, "out_register" "out_register" 3 201, 3 201 0, S_0x7ff4cc705c30;
 .timescale -13 -13;
S_0x7ff4cc707e10 .scope begin, "result_3_register" "result_3_register" 3 175, 3 175 0, S_0x7ff4cc705c30;
 .timescale -13 -13;
S_0x7ff4cc707fd0 .scope begin, "state_register" "state_register" 3 354, 3 354 0, S_0x7ff4cc705c30;
 .timescale -13 -13;
S_0x7ff4cc708190 .scope generate, "vector_replace[0]" "vector_replace[0]" 3 326, 3 326 0, S_0x7ff4cc705c30;
 .timescale -13 -13;
P_0x7ff4cc708350 .param/l "i" 1 3 326, +C4<00>;
v0x7ff4cc7083f0_0 .net *"_ivl_0", 63 0, L_0x7ff4cd18dfc0;  1 drivers
S_0x7ff4cd15f220 .scope generate, "vector_replace[1]" "vector_replace[1]" 3 326, 3 326 0, S_0x7ff4cc705c30;
 .timescale -13 -13;
P_0x7ff4cd105610 .param/l "i" 1 3 326, +C4<01>;
v0x7ff4cd1056a0_0 .net *"_ivl_0", 63 0, L_0x7ff4cd18e0a0;  1 drivers
S_0x7ff4cd13f560 .scope generate, "vector_replace[2]" "vector_replace[2]" 3 326, 3 326 0, S_0x7ff4cc705c30;
 .timescale -13 -13;
P_0x7ff4cd105780 .param/l "i" 1 3 326, +C4<010>;
v0x7ff4cd13f720_0 .net *"_ivl_0", 63 0, L_0x7ff4cd18e1a0;  1 drivers
S_0x7ff4cd184a90 .scope generate, "vector_replace[3]" "vector_replace[3]" 3 326, 3 326 0, S_0x7ff4cc705c30;
 .timescale -13 -13;
P_0x7ff4cd13f830 .param/l "i" 1 3 326, +C4<011>;
S_0x7ff4cd184c60 .scope begin, "window_register" "window_register" 3 302, 3 302 0, S_0x7ff4cc705c30;
 .timescale -13 -13;
    .scope S_0x7ff4cc705c30;
T_0 ;
    %pushi/vec4 0, 0, 64;
    %store/vec4 v0x7ff4cd18b730_0, 0, 64;
    %pushi/vec4 0, 0, 64;
    %store/vec4 v0x7ff4cd189f60_0, 0, 64;
    %pushi/vec4 0, 0, 256;
    %store/vec4 v0x7ff4cd18c240_0, 0, 256;
    %pushi/vec4 0, 0, 2;
    %store/vec4 v0x7ff4cd18bd10_0, 0, 2;
    %pushi/vec4 0, 0, 68;
    %store/vec4 v0x7ff4cd189b60_0, 0, 68;
    %pushi/vec4 0, 0, 68;
    %store/vec4 v0x7ff4cd188120_0, 0, 68;
    %pushi/vec4 0, 0, 1;
    %store/vec4 v0x7ff4cd1881d0_0, 0, 1;
    %pushi/vec4 0, 0, 1;
    %store/vec4 v0x7ff4cd188270_0, 0, 1;
    %pushi/vec4 0, 0, 408;
    %store/vec4 v0x7ff4cd188070_0, 0, 408;
    %pushi/vec4 0, 0, 64;
    %store/vec4 v0x7ff4cd189970_0, 0, 64;
    %end;
    .thread T_0;
    .scope S_0x7ff4cc705c30;
T_1 ;
    %wait E_0x7ff4cc7061a0;
    %fork t_1, S_0x7ff4cc707e10;
    %jmp t_0;
    .scope S_0x7ff4cc707e10;
t_1 ;
    %load/vec4 v0x7ff4cd18bbd0_0;
    %flag_set/vec4 8;
    %jmp/0xz  T_1.0, 8;
    %pushi/vec4 0, 0, 64;
    %assign/vec4 v0x7ff4cd18b730_0, 0;
    %jmp T_1.1;
T_1.0 ;
    %load/vec4 v0x7ff4cd189a20_0;
    %flag_set/vec4 8;
    %jmp/0xz  T_1.2, 8;
    %load/vec4 v0x7ff4cd18b680_0;
    %assign/vec4 v0x7ff4cd18b730_0, 0;
T_1.2 ;
T_1.1 ;
    %end;
    .scope S_0x7ff4cc705c30;
t_0 %join;
    %jmp T_1;
    .thread T_1;
    .scope S_0x7ff4cc705c30;
T_2 ;
    %wait E_0x7ff4cc7061a0;
    %fork t_3, S_0x7ff4cc707c50;
    %jmp t_2;
    .scope S_0x7ff4cc707c50;
t_3 ;
    %load/vec4 v0x7ff4cd18bbd0_0;
    %flag_set/vec4 8;
    %jmp/0xz  T_2.0, 8;
    %pushi/vec4 0, 0, 64;
    %assign/vec4 v0x7ff4cd189f60_0, 0;
    %jmp T_2.1;
T_2.0 ;
    %load/vec4 v0x7ff4cd189a20_0;
    %flag_set/vec4 8;
    %jmp/0xz  T_2.2, 8;
    %load/vec4 v0x7ff4cd18b940_0;
    %assign/vec4 v0x7ff4cd189f60_0, 0;
T_2.2 ;
T_2.1 ;
    %end;
    .scope S_0x7ff4cc705c30;
t_2 %join;
    %jmp T_2;
    .thread T_2;
    .scope S_0x7ff4cc705c30;
T_3 ;
    %wait E_0x7ff4cc7061a0;
    %fork t_5, S_0x7ff4cd184c60;
    %jmp t_4;
    .scope S_0x7ff4cd184c60;
t_5 ;
    %load/vec4 v0x7ff4cd18bbd0_0;
    %flag_set/vec4 8;
    %jmp/0xz  T_3.0, 8;
    %pushi/vec4 0, 0, 256;
    %assign/vec4 v0x7ff4cd18c240_0, 0;
    %jmp T_3.1;
T_3.0 ;
    %load/vec4 v0x7ff4cd189a20_0;
    %flag_set/vec4 8;
    %jmp/0xz  T_3.2, 8;
    %load/vec4 v0x7ff4cd18a9f0_0;
    %assign/vec4 v0x7ff4cd18c240_0, 0;
T_3.2 ;
T_3.1 ;
    %end;
    .scope S_0x7ff4cc705c30;
t_4 %join;
    %jmp T_3;
    .thread T_3;
    .scope S_0x7ff4cc705c30;
T_4 ;
    %wait E_0x7ff4cc7062d0;
    %load/vec4 v0x7ff4cd18bd10_0;
    %dup/vec4;
    %pushi/vec4 0, 0, 2;
    %cmp/u;
    %jmp/1 T_4.0, 6;
    %dup/vec4;
    %pushi/vec4 1, 0, 2;
    %cmp/u;
    %jmp/1 T_4.1, 6;
    %dup/vec4;
    %pushi/vec4 2, 0, 2;
    %cmp/u;
    %jmp/1 T_4.2, 6;
    %pushi/vec4 0, 0, 2;
    %store/vec4 v0x7ff4cd189140_0, 0, 2;
    %jmp T_4.4;
T_4.0 ;
    %load/vec4 v0x7ff4cd1891f0_0;
    %store/vec4 v0x7ff4cd189140_0, 0, 2;
    %jmp T_4.4;
T_4.1 ;
    %pushi/vec4 2, 0, 2;
    %store/vec4 v0x7ff4cd189140_0, 0, 2;
    %jmp T_4.4;
T_4.2 ;
    %pushi/vec4 3, 0, 2;
    %store/vec4 v0x7ff4cd189140_0, 0, 2;
    %jmp T_4.4;
T_4.4 ;
    %pop/vec4 1;
    %jmp T_4;
    .thread T_4, $push;
    .scope S_0x7ff4cc705c30;
T_5 ;
    %wait E_0x7ff4cc7061a0;
    %fork t_7, S_0x7ff4cc707fd0;
    %jmp t_6;
    .scope S_0x7ff4cc707fd0;
t_7 ;
    %load/vec4 v0x7ff4cd18bbd0_0;
    %flag_set/vec4 8;
    %jmp/0xz  T_5.0, 8;
    %pushi/vec4 0, 0, 2;
    %assign/vec4 v0x7ff4cd18bd10_0, 0;
    %jmp T_5.1;
T_5.0 ;
    %load/vec4 v0x7ff4cd189a20_0;
    %flag_set/vec4 8;
    %jmp/0xz  T_5.2, 8;
    %load/vec4 v0x7ff4cd189140_0;
    %assign/vec4 v0x7ff4cd18bd10_0, 0;
T_5.2 ;
T_5.1 ;
    %end;
    .scope S_0x7ff4cc705c30;
t_6 %join;
    %jmp T_5;
    .thread T_5;
    .scope S_0x7ff4cc705c30;
T_6 ;
    %wait E_0x7ff4cc7061a0;
    %fork t_9, S_0x7ff4cc706c40;
    %jmp t_8;
    .scope S_0x7ff4cc706c40;
t_9 ;
    %load/vec4 v0x7ff4cd18bbd0_0;
    %flag_set/vec4 8;
    %jmp/0xz  T_6.0, 8;
    %pushi/vec4 0, 0, 68;
    %assign/vec4 v0x7ff4cd189b60_0, 0;
    %jmp T_6.1;
T_6.0 ;
    %load/vec4 v0x7ff4cd189a20_0;
    %flag_set/vec4 8;
    %jmp/0xz  T_6.2, 8;
    %load/vec4 v0x7ff4cd189090_0;
    %assign/vec4 v0x7ff4cd189b60_0, 0;
T_6.2 ;
T_6.1 ;
    %end;
    .scope S_0x7ff4cc705c30;
t_8 %join;
    %jmp T_6;
    .thread T_6;
    .scope S_0x7ff4cc705c30;
T_7 ;
    %wait E_0x7ff4cc7061a0;
    %fork t_11, S_0x7ff4cc706880;
    %jmp t_10;
    .scope S_0x7ff4cc706880;
t_11 ;
    %load/vec4 v0x7ff4cd18bbd0_0;
    %flag_set/vec4 8;
    %jmp/0xz  T_7.0, 8;
    %pushi/vec4 0, 0, 68;
    %assign/vec4 v0x7ff4cd188120_0, 0;
    %jmp T_7.1;
T_7.0 ;
    %load/vec4 v0x7ff4cd189a20_0;
    %flag_set/vec4 8;
    %jmp/0xz  T_7.2, 8;
    %load/vec4 v0x7ff4cd188520_0;
    %assign/vec4 v0x7ff4cd188120_0, 0;
T_7.2 ;
T_7.1 ;
    %end;
    .scope S_0x7ff4cc705c30;
t_10 %join;
    %jmp T_7;
    .thread T_7;
    .scope S_0x7ff4cc705c30;
T_8 ;
    %wait E_0x7ff4cc706250;
    %load/vec4 v0x7ff4cd18c710_0;
    %dup/vec4;
    %pushi/vec4 0, 0, 64;
    %cmp/u;
    %jmp/1 T_8.0, 6;
    %load/vec4 v0x7ff4cd188680_0;
    %store/vec4 v0x7ff4cd1885d0_0, 0, 68;
    %jmp T_8.2;
T_8.0 ;
    %pushi/vec4 0, 0, 68;
    %store/vec4 v0x7ff4cd1885d0_0, 0, 68;
    %jmp T_8.2;
T_8.2 ;
    %pop/vec4 1;
    %jmp T_8;
    .thread T_8, $push;
    .scope S_0x7ff4cc705c30;
T_9 ;
    %wait E_0x7ff4cc7061a0;
    %fork t_13, S_0x7ff4cc7064f0;
    %jmp t_12;
    .scope S_0x7ff4cc7064f0;
t_13 ;
    %load/vec4 v0x7ff4cd18bbd0_0;
    %flag_set/vec4 8;
    %jmp/0xz  T_9.0, 8;
    %pushi/vec4 0, 0, 1;
    %assign/vec4 v0x7ff4cd1881d0_0, 0;
    %jmp T_9.1;
T_9.0 ;
    %load/vec4 v0x7ff4cd189a20_0;
    %flag_set/vec4 8;
    %jmp/0xz  T_9.2, 8;
    %load/vec4 v0x7ff4cd188730_0;
    %assign/vec4 v0x7ff4cd1881d0_0, 0;
T_9.2 ;
T_9.1 ;
    %end;
    .scope S_0x7ff4cc705c30;
t_12 %join;
    %jmp T_9;
    .thread T_9;
    .scope S_0x7ff4cc705c30;
T_10 ;
    %wait E_0x7ff4cc706200;
    %load/vec4 v0x7ff4cd18c710_0;
    %dup/vec4;
    %pushi/vec4 0, 0, 64;
    %cmp/u;
    %jmp/1 T_10.0, 6;
    %pushi/vec4 1, 0, 1;
    %store/vec4 v0x7ff4cd1887d0_0, 0, 1;
    %jmp T_10.2;
T_10.0 ;
    %pushi/vec4 0, 0, 1;
    %store/vec4 v0x7ff4cd1887d0_0, 0, 1;
    %jmp T_10.2;
T_10.2 ;
    %pop/vec4 1;
    %jmp T_10;
    .thread T_10, $push;
    .scope S_0x7ff4cc705c30;
T_11 ;
    %wait E_0x7ff4cc7061a0;
    %fork t_15, S_0x7ff4cc7066c0;
    %jmp t_14;
    .scope S_0x7ff4cc7066c0;
t_15 ;
    %load/vec4 v0x7ff4cd18bbd0_0;
    %flag_set/vec4 8;
    %jmp/0xz  T_11.0, 8;
    %pushi/vec4 0, 0, 1;
    %assign/vec4 v0x7ff4cd188270_0, 0;
    %jmp T_11.1;
T_11.0 ;
    %load/vec4 v0x7ff4cd189a20_0;
    %flag_set/vec4 8;
    %jmp/0xz  T_11.2, 8;
    %load/vec4 v0x7ff4cd188870_0;
    %assign/vec4 v0x7ff4cd188270_0, 0;
T_11.2 ;
T_11.1 ;
    %end;
    .scope S_0x7ff4cc705c30;
t_14 %join;
    %jmp T_11;
    .thread T_11;
    .scope S_0x7ff4cc705c30;
T_12 ;
    %wait E_0x7ff4cc7061a0;
    %fork t_17, S_0x7ff4cc706320;
    %jmp t_16;
    .scope S_0x7ff4cc706320;
t_17 ;
    %load/vec4 v0x7ff4cd18bbd0_0;
    %flag_set/vec4 8;
    %jmp/0xz  T_12.0, 8;
    %pushi/vec4 0, 0, 408;
    %assign/vec4 v0x7ff4cd188070_0, 0;
    %jmp T_12.1;
T_12.0 ;
    %load/vec4 v0x7ff4cd189a20_0;
    %flag_set/vec4 8;
    %jmp/0xz  T_12.2, 8;
    %load/vec4 v0x7ff4cd188310_0;
    %assign/vec4 v0x7ff4cd188070_0, 0;
T_12.2 ;
T_12.1 ;
    %end;
    .scope S_0x7ff4cc705c30;
t_16 %join;
    %jmp T_12;
    .thread T_12;
    .scope S_0x7ff4cc705c30;
T_13 ;
    %wait E_0x7ff4cc7061a0;
    %fork t_19, S_0x7ff4cc706a40;
    %jmp t_18;
    .scope S_0x7ff4cc706a40;
t_19 ;
    %load/vec4 v0x7ff4cd18bbd0_0;
    %flag_set/vec4 8;
    %jmp/0xz  T_13.0, 8;
    %pushi/vec4 0, 0, 64;
    %assign/vec4 v0x7ff4cd189970_0, 0;
    %jmp T_13.1;
T_13.0 ;
    %load/vec4 v0x7ff4cd189a20_0;
    %flag_set/vec4 8;
    %jmp/0xz  T_13.2, 8;
    %load/vec4 v0x7ff4cd188b20_0;
    %assign/vec4 v0x7ff4cd189970_0, 0;
T_13.2 ;
T_13.1 ;
    %end;
    .scope S_0x7ff4cc705c30;
t_18 %join;
    %jmp T_13;
    .thread T_13;
    .scope S_0x7ff4cc705c30;
T_14 ;
    %wait E_0x7ff4cc706150;
    %load/vec4 v0x7ff4cd18c710_0;
    %dup/vec4;
    %pushi/vec4 0, 0, 64;
    %cmp/u;
    %jmp/1 T_14.0, 6;
    %load/vec4 v0x7ff4cd189970_0;
    %store/vec4 v0x7ff4cd188c80_0, 0, 64;
    %jmp T_14.2;
T_14.0 ;
    %pushi/vec4 1, 0, 64;
    %store/vec4 v0x7ff4cd188c80_0, 0, 64;
    %jmp T_14.2;
T_14.2 ;
    %pop/vec4 1;
    %jmp T_14;
    .thread T_14, $push;
    .scope S_0x7ff4cc705c30;
T_15 ;
    %wait E_0x7ff4cc7060f0;
    %load/vec4 v0x7ff4cd18c710_0;
    %dup/vec4;
    %pushi/vec4 0, 0, 64;
    %cmp/u;
    %jmp/1 T_15.0, 6;
    %load/vec4 v0x7ff4cd188f40_0;
    %store/vec4 v0x7ff4cd188e90_0, 0, 64;
    %jmp T_15.2;
T_15.0 ;
    %pushi/vec4 0, 0, 64;
    %store/vec4 v0x7ff4cd188e90_0, 0, 64;
    %jmp T_15.2;
T_15.2 ;
    %pop/vec4 1;
    %jmp T_15;
    .thread T_15, $push;
    .scope S_0x7ff4cd509f00;
T_16 ;
    %delay 10000000, 0;
    %load/vec4 v0x7ff4cd18d210_0;
    %inv;
    %store/vec4 v0x7ff4cd18d210_0, 0, 1;
    %jmp T_16;
    .thread T_16;
    .scope S_0x7ff4cd509f00;
T_17 ;
    %pushi/vec4 1, 0, 1;
    %store/vec4 v0x7ff4cd18d210_0, 0, 1;
    %pushi/vec4 0, 0, 1;
    %store/vec4 v0x7ff4cd18dc00_0, 0, 1;
    %pushi/vec4 0, 0, 1;
    %store/vec4 v0x7ff4cd18d2c0_0, 0, 1;
    %pushi/vec4 0, 0, 1;
    %store/vec4 v0x7ff4cd18d670_0, 0, 1;
    %pushi/vec4 0, 0, 64;
    %store/vec4 v0x7ff4cd18d420_0, 0, 64;
    %delay 10000000, 0;
    %pushi/vec4 1, 0, 1;
    %store/vec4 v0x7ff4cd18d2c0_0, 0, 1;
    %vpi_call 2 56 "$printtimescale", S_0x7ff4cd509f00 {0 0 0};
    %vpi_call 2 57 "$dumpvars", 32'sb00000000000000000000000000000000, S_0x7ff4cd509f00 {0 0 0};
    %delay 1400065408, 2;
    %pushi/vec4 1, 0, 64;
    %store/vec4 v0x7ff4cd18d420_0, 0, 64;
    %pushi/vec4 1, 0, 1;
    %store/vec4 v0x7ff4cd18d670_0, 0, 1;
    %delay 20000000, 0;
    %pushi/vec4 0, 0, 64;
    %store/vec4 v0x7ff4cd18d420_0, 0, 64;
    %pushi/vec4 0, 0, 1;
    %store/vec4 v0x7ff4cd18d670_0, 0, 1;
    %delay 685032704, 1;
    %pushi/vec4 2, 0, 64;
    %store/vec4 v0x7ff4cd18d420_0, 0, 64;
    %pushi/vec4 1, 0, 1;
    %store/vec4 v0x7ff4cd18d670_0, 0, 1;
    %delay 20000000, 0;
    %pushi/vec4 0, 0, 64;
    %store/vec4 v0x7ff4cd18d420_0, 0, 64;
    %pushi/vec4 0, 0, 1;
    %store/vec4 v0x7ff4cd18d670_0, 0, 1;
    %delay 685032704, 1;
    %pushi/vec4 3, 0, 64;
    %store/vec4 v0x7ff4cd18d420_0, 0, 64;
    %pushi/vec4 1, 0, 1;
    %store/vec4 v0x7ff4cd18d670_0, 0, 1;
    %delay 20000000, 0;
    %pushi/vec4 0, 0, 64;
    %store/vec4 v0x7ff4cd18d420_0, 0, 64;
    %pushi/vec4 0, 0, 1;
    %store/vec4 v0x7ff4cd18d670_0, 0, 1;
    %delay 685032704, 1;
    %pushi/vec4 4, 0, 64;
    %store/vec4 v0x7ff4cd18d420_0, 0, 64;
    %pushi/vec4 1, 0, 1;
    %store/vec4 v0x7ff4cd18d670_0, 0, 1;
    %delay 20000000, 0;
    %pushi/vec4 0, 0, 64;
    %store/vec4 v0x7ff4cd18d420_0, 0, 64;
    %pushi/vec4 0, 0, 1;
    %store/vec4 v0x7ff4cd18d670_0, 0, 1;
    %delay 685032704, 1;
    %pushi/vec4 5, 0, 64;
    %store/vec4 v0x7ff4cd18d420_0, 0, 64;
    %pushi/vec4 1, 0, 1;
    %store/vec4 v0x7ff4cd18d670_0, 0, 1;
    %delay 20000000, 0;
    %pushi/vec4 0, 0, 64;
    %store/vec4 v0x7ff4cd18d420_0, 0, 64;
    %pushi/vec4 0, 0, 1;
    %store/vec4 v0x7ff4cd18d670_0, 0, 1;
    %delay 685032704, 1;
    %pushi/vec4 6, 0, 64;
    %store/vec4 v0x7ff4cd18d420_0, 0, 64;
    %pushi/vec4 1, 0, 1;
    %store/vec4 v0x7ff4cd18d670_0, 0, 1;
    %delay 20000000, 0;
    %pushi/vec4 0, 0, 64;
    %store/vec4 v0x7ff4cd18d420_0, 0, 64;
    %pushi/vec4 0, 0, 1;
    %store/vec4 v0x7ff4cd18d670_0, 0, 1;
    %delay 685032704, 1;
    %pushi/vec4 7, 0, 64;
    %store/vec4 v0x7ff4cd18d420_0, 0, 64;
    %pushi/vec4 1, 0, 1;
    %store/vec4 v0x7ff4cd18d670_0, 0, 1;
    %delay 20000000, 0;
    %pushi/vec4 0, 0, 64;
    %store/vec4 v0x7ff4cd18d420_0, 0, 64;
    %pushi/vec4 0, 0, 1;
    %store/vec4 v0x7ff4cd18d670_0, 0, 1;
    %delay 685032704, 1;
    %pushi/vec4 8, 0, 64;
    %store/vec4 v0x7ff4cd18d420_0, 0, 64;
    %pushi/vec4 1, 0, 1;
    %store/vec4 v0x7ff4cd18d670_0, 0, 1;
    %delay 20000000, 0;
    %pushi/vec4 0, 0, 64;
    %store/vec4 v0x7ff4cd18d420_0, 0, 64;
    %pushi/vec4 0, 0, 1;
    %store/vec4 v0x7ff4cd18d670_0, 0, 1;
    %delay 685032704, 1;
    %pushi/vec4 9, 0, 64;
    %store/vec4 v0x7ff4cd18d420_0, 0, 64;
    %pushi/vec4 1, 0, 1;
    %store/vec4 v0x7ff4cd18d670_0, 0, 1;
    %delay 20000000, 0;
    %pushi/vec4 0, 0, 64;
    %store/vec4 v0x7ff4cd18d420_0, 0, 64;
    %pushi/vec4 0, 0, 1;
    %store/vec4 v0x7ff4cd18d670_0, 0, 1;
    %delay 600000000, 0;
    %vpi_call 2 123 "$finish" {0 0 0};
    %end;
    .thread T_17;
# The file index is used to find the file name in the following table.
:file_names 4;
    "N/A";
    "<interactive>";
    "testbench.v";
    "./verilog/SlidingWindowSimple.topEntity/topEntity.v";
