#! /usr/local/Cellar/icarus-verilog/12.0/bin/vvp
:ivl_version "12.0 (stable)";
:ivl_delay_selection "TYPICAL";
:vpi_time_precision - 13;
:vpi_module "/usr/local/Cellar/icarus-verilog/12.0/lib/ivl/system.vpi";
:vpi_module "/usr/local/Cellar/icarus-verilog/12.0/lib/ivl/vhdl_sys.vpi";
:vpi_module "/usr/local/Cellar/icarus-verilog/12.0/lib/ivl/vhdl_textio.vpi";
:vpi_module "/usr/local/Cellar/icarus-verilog/12.0/lib/ivl/v2005_math.vpi";
:vpi_module "/usr/local/Cellar/icarus-verilog/12.0/lib/ivl/va_math.vpi";
S_0x7f78a2904730 .scope module, "testbench" "testbench" 2 2;
 .timescale -6 -9;
v0x7f78a29158d0_0 .var "clk", 0 0;
v0x7f78a2915960_0 .var/s "data", 63 0;
v0x7f78a29159f0_0 .var "en", 0 0;
v0x7f78a2915aa0_0 .net/s "mem0", 63 0, L_0x7f78a2916340;  1 drivers
v0x7f78a2915b50_0 .net/s "mem1", 63 0, L_0x7f78a2916490;  1 drivers
v0x7f78a2915c20_0 .net/s "mem2", 63 0, L_0x7f78a2916570;  1 drivers
v0x7f78a2915cd0_0 .net/s "mem3", 63 0, L_0x7f78a29166d0;  1 drivers
v0x7f78a2915d80_0 .net/s "mem4", 63 0, L_0x7f78a2916770;  1 drivers
v0x7f78a2915e30_0 .var "rst", 0 0;
S_0x7f78a29048b0 .scope module, "monitor" "topEntity" 2 15, 3 5 0, S_0x7f78a2904730;
 .timescale -13 -13;
    .port_info 0 /INPUT 1 "eta";
    .port_info 1 /INPUT 1 "eta1";
    .port_info 2 /INPUT 1 "eta2";
    .port_info 3 /INPUT 64 "c$arg";
    .port_info 4 /OUTPUT 64 "result_0";
    .port_info 5 /OUTPUT 64 "result_1";
    .port_info 6 /OUTPUT 64 "result_2";
    .port_info 7 /OUTPUT 64 "result_3";
    .port_info 8 /OUTPUT 64 "result_4";
v0x7f78a2904de0_0 .net/s "c$arg", 63 0, v0x7f78a2915960_0;  1 drivers
v0x7f78a2914ea0_0 .var "c$ds_app_arg", 319 0;
v0x7f78a2914f40_0 .net "eta", 0 0, v0x7f78a29158d0_0;  1 drivers
v0x7f78a2914ff0_0 .net "eta1", 0 0, v0x7f78a2915e30_0;  1 drivers
v0x7f78a2915080_0 .net "eta2", 0 0, v0x7f78a29159f0_0;  1 drivers
v0x7f78a2915160_0 .net "nextState", 319 0, L_0x7f78a2916260;  1 drivers
v0x7f78a2915210_0 .net "nextState_projection", 383 0, L_0x7f78a2916140;  1 drivers
v0x7f78a29152c0_0 .net "result", 319 0, L_0x7f78a2915f60;  1 drivers
v0x7f78a2915370_0 .net/s "result_0", 63 0, L_0x7f78a2916340;  alias, 1 drivers
v0x7f78a2915480_0 .net/s "result_1", 63 0, L_0x7f78a2916490;  alias, 1 drivers
v0x7f78a2915530_0 .net "result_10", 639 0, L_0x7f78a2916000;  1 drivers
v0x7f78a29155e0_0 .net/s "result_2", 63 0, L_0x7f78a2916570;  alias, 1 drivers
v0x7f78a2915690_0 .net/s "result_3", 63 0, L_0x7f78a29166d0;  alias, 1 drivers
v0x7f78a2915740_0 .net/s "result_4", 63 0, L_0x7f78a2916770;  alias, 1 drivers
E_0x7f78a2904bb0 .event posedge, v0x7f78a2914ff0_0, v0x7f78a2914f40_0;
L_0x7f78a2915f60 .part L_0x7f78a2916000, 0, 320;
L_0x7f78a2916000 .concat [ 320 320 0 0], L_0x7f78a2916260, L_0x7f78a2916260;
L_0x7f78a2916140 .concat [ 320 64 0 0], v0x7f78a2914ea0_0, v0x7f78a2915960_0;
L_0x7f78a2916260 .part L_0x7f78a2916140, 64, 320;
L_0x7f78a2916340 .part L_0x7f78a2915f60, 256, 64;
L_0x7f78a2916490 .part L_0x7f78a2915f60, 192, 64;
L_0x7f78a2916570 .part L_0x7f78a2915f60, 128, 64;
L_0x7f78a29166d0 .part L_0x7f78a2915f60, 64, 64;
L_0x7f78a2916770 .part L_0x7f78a2915f60, 0, 64;
S_0x7f78a2904c10 .scope begin, "c$ds_app_arg_register" "c$ds_app_arg_register" 3 28, 3 28 0, S_0x7f78a29048b0;
 .timescale -13 -13;
    .scope S_0x7f78a29048b0;
T_0 ;
    %pushi/vec4 0, 0, 320;
    %store/vec4 v0x7f78a2914ea0_0, 0, 320;
    %end;
    .thread T_0;
    .scope S_0x7f78a29048b0;
T_1 ;
    %wait E_0x7f78a2904bb0;
    %fork t_1, S_0x7f78a2904c10;
    %jmp t_0;
    .scope S_0x7f78a2904c10;
t_1 ;
    %load/vec4 v0x7f78a2914ff0_0;
    %flag_set/vec4 8;
    %jmp/0xz  T_1.0, 8;
    %pushi/vec4 0, 0, 320;
    %assign/vec4 v0x7f78a2914ea0_0, 0;
    %jmp T_1.1;
T_1.0 ;
    %load/vec4 v0x7f78a2915080_0;
    %flag_set/vec4 8;
    %jmp/0xz  T_1.2, 8;
    %load/vec4 v0x7f78a2915530_0;
    %parti/s 320, 320, 10;
    %assign/vec4 v0x7f78a2914ea0_0, 0;
T_1.2 ;
T_1.1 ;
    %end;
    .scope S_0x7f78a29048b0;
t_0 %join;
    %jmp T_1;
    .thread T_1;
    .scope S_0x7f78a2904730;
T_2 ;
    %delay 10000000, 0;
    %load/vec4 v0x7f78a29158d0_0;
    %inv;
    %store/vec4 v0x7f78a29158d0_0, 0, 1;
    %jmp T_2;
    .thread T_2;
    .scope S_0x7f78a2904730;
T_3 ;
    %pushi/vec4 0, 0, 1;
    %store/vec4 v0x7f78a29158d0_0, 0, 1;
    %pushi/vec4 0, 0, 1;
    %store/vec4 v0x7f78a2915e30_0, 0, 1;
    %pushi/vec4 0, 0, 1;
    %store/vec4 v0x7f78a29159f0_0, 0, 1;
    %vpi_call 2 29 "$printtimescale", S_0x7f78a2904730 {0 0 0};
    %vpi_call 2 30 "$dumpvars", 32'sb00000000000000000000000000000000, S_0x7f78a2904730 {0 0 0};
    %delay 10000000, 0;
    %pushi/vec4 1, 0, 64;
    %store/vec4 v0x7f78a2915960_0, 0, 64;
    %delay 10000000, 0;
    %pushi/vec4 2, 0, 64;
    %store/vec4 v0x7f78a2915960_0, 0, 64;
    %delay 10000000, 0;
    %pushi/vec4 3, 0, 64;
    %store/vec4 v0x7f78a2915960_0, 0, 64;
    %delay 10000000, 0;
    %pushi/vec4 4, 0, 64;
    %store/vec4 v0x7f78a2915960_0, 0, 64;
    %delay 10000000, 0;
    %pushi/vec4 5, 0, 64;
    %store/vec4 v0x7f78a2915960_0, 0, 64;
    %delay 10000000, 0;
    %vpi_call 2 43 "$finish" {0 0 0};
    %end;
    .thread T_3;
# The file index is used to find the file name in the following table.
:file_names 4;
    "N/A";
    "<interactive>";
    "testbench.v";
    "./verilog/Rough.topEntity/topEntity.v";
