#! /usr/local/Cellar/icarus-verilog/12.0/bin/vvp
:ivl_version "12.0 (stable)";
:ivl_delay_selection "TYPICAL";
:vpi_time_precision - 13;
:vpi_module "/usr/local/Cellar/icarus-verilog/12.0/lib/ivl/system.vpi";
:vpi_module "/usr/local/Cellar/icarus-verilog/12.0/lib/ivl/vhdl_sys.vpi";
:vpi_module "/usr/local/Cellar/icarus-verilog/12.0/lib/ivl/vhdl_textio.vpi";
:vpi_module "/usr/local/Cellar/icarus-verilog/12.0/lib/ivl/v2005_math.vpi";
:vpi_module "/usr/local/Cellar/icarus-verilog/12.0/lib/ivl/va_math.vpi";
S_0x7f8dec004c60 .scope module, "testbench" "testbench" 2 2;
 .timescale -6 -9;
v0x7f8dec018f10_0 .var/s "a", 31 0;
v0x7f8dec018fa0_0 .var "clk", 0 0;
v0x7f8dec019030_0 .var "en", 0 0;
v0x7f8dec0190c0_0 .net/s "result_0", 31 0, L_0x7f8dec01b540;  1 drivers
v0x7f8dec019150_0 .net/s "result_1", 31 0, L_0x7f8dec01b6d0;  1 drivers
v0x7f8dec019220_0 .net/s "result_2", 31 0, L_0x7f8dec01b3c0;  1 drivers
v0x7f8dec0192d0_0 .net/s "result_3", 31 0, L_0x7f8dec01b930;  1 drivers
v0x7f8dec019380_0 .var "rst", 0 0;
S_0x7f8dec004de0 .scope module, "monitor" "topEntity" 2 13, 3 5 0, S_0x7f8dec004c60;
 .timescale -13 -13;
    .port_info 0 /INPUT 1 "clk";
    .port_info 1 /INPUT 1 "rst";
    .port_info 2 /INPUT 1 "en";
    .port_info 3 /INPUT 32 "a";
    .port_info 4 /OUTPUT 32 "result_0";
    .port_info 5 /OUTPUT 32 "result_1";
    .port_info 6 /OUTPUT 32 "result_2";
    .port_info 7 /OUTPUT 32 "result_3";
L_0x7f8dec163008 .functor BUFT 1, C4<0000000000000000000000000000000000000000000000000001001110001000>, C4<0>, C4<0>, C4<0>;
v0x7f8dec006470_0 .net/2s *"_ivl_0", 63 0, L_0x7f8dec163008;  1 drivers
L_0x7f8dec1630e0 .functor BUFT 1, C4<0000000000000000000000000000000000000000000000000010011100001111>, C4<0>, C4<0>, C4<0>;
v0x7f8dec0164f0_0 .net/2s *"_ivl_10", 63 0, L_0x7f8dec1630e0;  1 drivers
L_0x7f8dec163128 .functor BUFT 1, C4<0000000000000000000000000000000000000000000000000000000000000001>, C4<0>, C4<0>, C4<0>;
v0x7f8dec016590_0 .net/2s *"_ivl_14", 63 0, L_0x7f8dec163128;  1 drivers
L_0x7f8dec163170 .functor BUFT 1, C4<0000000000000000000000000000000000000000000000000000000000000000>, C4<0>, C4<0>, C4<0>;
v0x7f8dec016620_0 .net/2s *"_ivl_18", 63 0, L_0x7f8dec163170;  1 drivers
L_0x7f8dec1631b8 .functor BUFT 1, C4<0000000000000000000000000000000000000000000000000010011100010000>, C4<0>, C4<0>, C4<0>;
v0x7f8dec0166d0_0 .net/2s *"_ivl_34", 63 0, L_0x7f8dec1631b8;  1 drivers
L_0x7f8dec163200 .functor BUFT 1, C4<1>, C4<0>, C4<0>, C4<0>;
v0x7f8dec0167c0_0 .net/2u *"_ivl_38", 0 0, L_0x7f8dec163200;  1 drivers
L_0x7f8dec163050 .functor BUFT 1, C4<1>, C4<0>, C4<0>, C4<0>;
v0x7f8dec016870_0 .net/2u *"_ivl_4", 0 0, L_0x7f8dec163050;  1 drivers
L_0x7f8dec163248 .functor BUFT 1, C4<0>, C4<0>, C4<0>, C4<0>;
v0x7f8dec016920_0 .net/2u *"_ivl_40", 0 0, L_0x7f8dec163248;  1 drivers
L_0x7f8dec163290 .functor BUFT 1, C4<0000000000000000000000000000000000000000000000000100111000011111>, C4<0>, C4<0>, C4<0>;
v0x7f8dec0169d0_0 .net/2s *"_ivl_44", 63 0, L_0x7f8dec163290;  1 drivers
L_0x7f8dec1632d8 .functor BUFT 1, C4<0000000000000000000000000000000000000000000000000000000000000001>, C4<0>, C4<0>, C4<0>;
v0x7f8dec016ae0_0 .net/2s *"_ivl_48", 63 0, L_0x7f8dec1632d8;  1 drivers
L_0x7f8dec163320 .functor BUFT 1, C4<0000000000000000000000000000000000000000000000000000000000000000>, C4<0>, C4<0>, C4<0>;
v0x7f8dec016b90_0 .net/2s *"_ivl_52", 63 0, L_0x7f8dec163320;  1 drivers
v0x7f8dec016c40_0 .net/s *"_ivl_56", 31 0, L_0x7f8dec01a8f0;  1 drivers
v0x7f8dec016cf0_0 .net/s *"_ivl_58", 31 0, L_0x7f8dec01aa80;  1 drivers
L_0x7f8dec163098 .functor BUFT 1, C4<0>, C4<0>, C4<0>, C4<0>;
v0x7f8dec016da0_0 .net/2u *"_ivl_6", 0 0, L_0x7f8dec163098;  1 drivers
v0x7f8dec016e50_0 .net/s *"_ivl_60", 31 0, L_0x7f8dec01ab20;  1 drivers
v0x7f8dec016f00_0 .net/s *"_ivl_62", 31 0, L_0x7f8dec01ac60;  1 drivers
v0x7f8dec016fb0_0 .net *"_ivl_77", 31 0, L_0x7f8dec01afd0;  1 drivers
v0x7f8dec017140_0 .net/s "a", 31 0, v0x7f8dec018f10_0;  1 drivers
v0x7f8dec0171d0_0 .net "b", 0 0, L_0x7f8dec0194a0;  1 drivers
v0x7f8dec017270_0 .net "b_0", 0 0, L_0x7f8dec019780;  1 drivers
v0x7f8dec017310_0 .net "b_1", 0 0, L_0x7f8dec01a220;  1 drivers
v0x7f8dec0173b0_0 .net "b_2", 0 0, L_0x7f8dec01a530;  1 drivers
v0x7f8dec017450_0 .net/s "c$cur_app_arg", 31 0, L_0x7f8dec01a120;  1 drivers
v0x7f8dec017500_0 .net/s "c$past1_app_arg", 31 0, L_0x7f8dec01a000;  1 drivers
v0x7f8dec0175b0_0 .net/s "c$past2_app_arg", 31 0, L_0x7f8dec019f10;  1 drivers
v0x7f8dec017660_0 .net/s "c$past3_app_arg", 31 0, L_0x7f8dec019df0;  1 drivers
v0x7f8dec017710_0 .net/s "c$past4_app_arg", 31 0, L_0x7f8dec019c70;  1 drivers
v0x7f8dec0177c0_0 .net "clk", 0 0, v0x7f8dec018fa0_0;  1 drivers
v0x7f8dec017860_0 .var/s "cur", 31 0;
v0x7f8dec017910_0 .net "en", 0 0, v0x7f8dec019030_0;  1 drivers
v0x7f8dec0179b0_0 .var/s "past1", 31 0;
v0x7f8dec017a60_0 .var/s "past2", 31 0;
v0x7f8dec017b10_0 .var/s "past3", 31 0;
v0x7f8dec017060_0 .var/s "past4", 31 0;
v0x7f8dec017da0_0 .net "result", 127 0, L_0x7f8dec01b4a0;  1 drivers
v0x7f8dec017e30_0 .net/s "result_0", 31 0, L_0x7f8dec01b540;  alias, 1 drivers
v0x7f8dec017ed0_0 .net/s "result_1", 31 0, L_0x7f8dec01b6d0;  alias, 1 drivers
v0x7f8dec017f80_0 .var/s "result_10", 63 0;
v0x7f8dec018030_0 .var "result_11", 0 0;
v0x7f8dec0180d0_0 .net "result_12", 159 0, L_0x7f8dec019b70;  1 drivers
v0x7f8dec018180_0 .var/s "result_13", 31 0;
v0x7f8dec018230_0 .net "result_14", 0 0, L_0x7f8dec01a3a0;  1 drivers
v0x7f8dec0182d0_0 .net/s "result_15", 63 0, L_0x7f8dec01a7d0;  1 drivers
v0x7f8dec018380_0 .var/s "result_16", 63 0;
v0x7f8dec018430_0 .var "result_17", 0 0;
v0x7f8dec0184d0_0 .net/s "result_18", 31 0, L_0x7f8dec01a9d0;  1 drivers
v0x7f8dec018580_0 .var/s "result_19", 31 0;
v0x7f8dec018630_0 .net/s "result_2", 31 0, L_0x7f8dec01b3c0;  alias, 1 drivers
v0x7f8dec0186e0_0 .net/s "result_3", 31 0, L_0x7f8dec01b930;  alias, 1 drivers
v0x7f8dec018790_0 .net "result_8", 0 0, L_0x7f8dec019600;  1 drivers
v0x7f8dec018830_0 .net/s "result_9", 63 0, L_0x7f8dec0199e0;  1 drivers
v0x7f8dec0188e0_0 .net "rst", 0 0, v0x7f8dec019380_0;  1 drivers
v0x7f8dec018980_0 .net/s "t", 63 0, L_0x7f8dec0198e0;  1 drivers
v0x7f8dec018a30_0 .net/s "t_0", 63 0, L_0x7f8dec01a650;  1 drivers
v0x7f8dec018ae0_0 .net/s "x1", 31 0, L_0x7f8dec01ae10;  1 drivers
v0x7f8dec018b90_0 .net/s "x2", 31 0, L_0x7f8dec01aef0;  1 drivers
v0x7f8dec018c40_0 .net/s "x3", 31 0, L_0x7f8dec01b090;  1 drivers
v0x7f8dec018cf0_0 .net/s "x4", 31 0, L_0x7f8dec01b170;  1 drivers
v0x7f8dec018da0_0 .net/s "x5", 31 0, L_0x7f8dec01b2e0;  1 drivers
E_0x7f8dec005010 .event posedge, v0x7f8dec0188e0_0, v0x7f8dec0177c0_0;
L_0x7f8dec0194a0 .cmp/gt.s 64, L_0x7f8dec163008, v0x7f8dec017f80_0;
L_0x7f8dec019600 .functor MUXZ 1, L_0x7f8dec163098, L_0x7f8dec163050, L_0x7f8dec0194a0, C4<>;
L_0x7f8dec019780 .cmp/gt.s 64, L_0x7f8dec1630e0, v0x7f8dec017f80_0;
L_0x7f8dec0198e0 .arith/sum 64, v0x7f8dec017f80_0, L_0x7f8dec163128;
L_0x7f8dec0199e0 .functor MUXZ 64, L_0x7f8dec163170, L_0x7f8dec0198e0, L_0x7f8dec019780, C4<>;
LS_0x7f8dec019b70_0_0 .concat [ 32 32 32 32], v0x7f8dec017060_0, v0x7f8dec017b10_0, v0x7f8dec017a60_0, v0x7f8dec0179b0_0;
LS_0x7f8dec019b70_0_4 .concat [ 32 0 0 0], v0x7f8dec017860_0;
L_0x7f8dec019b70 .concat [ 128 32 0 0], LS_0x7f8dec019b70_0_0, LS_0x7f8dec019b70_0_4;
L_0x7f8dec019c70 .functor MUXZ 32, v0x7f8dec017060_0, v0x7f8dec017b10_0, v0x7f8dec018030_0, C4<>;
L_0x7f8dec019df0 .functor MUXZ 32, v0x7f8dec017b10_0, v0x7f8dec017a60_0, v0x7f8dec018030_0, C4<>;
L_0x7f8dec019f10 .functor MUXZ 32, v0x7f8dec017a60_0, v0x7f8dec0179b0_0, v0x7f8dec018030_0, C4<>;
L_0x7f8dec01a000 .functor MUXZ 32, v0x7f8dec0179b0_0, v0x7f8dec017860_0, v0x7f8dec018030_0, C4<>;
L_0x7f8dec01a120 .functor MUXZ 32, v0x7f8dec017860_0, v0x7f8dec018f10_0, v0x7f8dec018030_0, C4<>;
L_0x7f8dec01a220 .cmp/gt.s 64, L_0x7f8dec1631b8, v0x7f8dec018380_0;
L_0x7f8dec01a3a0 .functor MUXZ 1, L_0x7f8dec163248, L_0x7f8dec163200, L_0x7f8dec01a220, C4<>;
L_0x7f8dec01a530 .cmp/gt.s 64, L_0x7f8dec163290, v0x7f8dec018380_0;
L_0x7f8dec01a650 .arith/sum 64, v0x7f8dec018380_0, L_0x7f8dec1632d8;
L_0x7f8dec01a7d0 .functor MUXZ 64, L_0x7f8dec163320, L_0x7f8dec01a650, L_0x7f8dec01a530, C4<>;
L_0x7f8dec01a8f0 .arith/sum 32, L_0x7f8dec01ae10, L_0x7f8dec01aef0;
L_0x7f8dec01aa80 .arith/sum 32, L_0x7f8dec01a8f0, L_0x7f8dec01b090;
L_0x7f8dec01ab20 .arith/sum 32, L_0x7f8dec01aa80, L_0x7f8dec01b170;
L_0x7f8dec01ac60 .arith/sum 32, L_0x7f8dec01ab20, L_0x7f8dec01b2e0;
L_0x7f8dec01a9d0 .functor MUXZ 32, v0x7f8dec018580_0, L_0x7f8dec01ac60, v0x7f8dec018430_0, C4<>;
L_0x7f8dec01ae10 .part L_0x7f8dec019b70, 128, 32;
L_0x7f8dec01aef0 .part L_0x7f8dec019b70, 96, 32;
L_0x7f8dec01b090 .part L_0x7f8dec019b70, 64, 32;
L_0x7f8dec01b170 .part L_0x7f8dec019b70, 32, 32;
L_0x7f8dec01b2e0 .part L_0x7f8dec019b70, 0, 32;
L_0x7f8dec01afd0 .part L_0x7f8dec019b70, 128, 32;
L_0x7f8dec01b4a0 .concat [ 32 32 32 32], v0x7f8dec018580_0, v0x7f8dec018180_0, L_0x7f8dec01afd0, v0x7f8dec018f10_0;
L_0x7f8dec01b540 .part L_0x7f8dec01b4a0, 96, 32;
L_0x7f8dec01b6d0 .part L_0x7f8dec01b4a0, 64, 32;
L_0x7f8dec01b3c0 .part L_0x7f8dec01b4a0, 32, 32;
L_0x7f8dec01b930 .part L_0x7f8dec01b4a0, 0, 32;
S_0x7f8dec005050 .scope begin, "cur_register" "cur_register" 3 105, 3 105 0, S_0x7f8dec004de0;
 .timescale -13 -13;
S_0x7f8dec005220 .scope begin, "past1_register" "past1_register" 3 115, 3 115 0, S_0x7f8dec004de0;
 .timescale -13 -13;
S_0x7f8dec0053f0 .scope begin, "past2_register" "past2_register" 3 125, 3 125 0, S_0x7f8dec004de0;
 .timescale -13 -13;
S_0x7f8dec0055b0 .scope begin, "past3_register" "past3_register" 3 135, 3 135 0, S_0x7f8dec004de0;
 .timescale -13 -13;
S_0x7f8dec005770 .scope begin, "past4_register" "past4_register" 3 145, 3 145 0, S_0x7f8dec004de0;
 .timescale -13 -13;
S_0x7f8dec005970 .scope begin, "result_10_register" "result_10_register" 3 85, 3 85 0, S_0x7f8dec004de0;
 .timescale -13 -13;
S_0x7f8dec005b30 .scope begin, "result_11_register" "result_11_register" 3 95, 3 95 0, S_0x7f8dec004de0;
 .timescale -13 -13;
S_0x7f8dec005cf0 .scope begin, "result_13_register" "result_13_register" 3 168, 3 168 0, S_0x7f8dec004de0;
 .timescale -13 -13;
S_0x7f8dec005eb0 .scope begin, "result_16_register" "result_16_register" 3 188, 3 188 0, S_0x7f8dec004de0;
 .timescale -13 -13;
S_0x7f8dec0060f0 .scope begin, "result_17_register" "result_17_register" 3 198, 3 198 0, S_0x7f8dec004de0;
 .timescale -13 -13;
S_0x7f8dec0062b0 .scope begin, "result_19_register" "result_19_register" 3 220, 3 220 0, S_0x7f8dec004de0;
 .timescale -13 -13;
    .scope S_0x7f8dec004de0;
T_0 ;
    %pushi/vec4 0, 0, 64;
    %store/vec4 v0x7f8dec017f80_0, 0, 64;
    %pushi/vec4 0, 0, 1;
    %store/vec4 v0x7f8dec018030_0, 0, 1;
    %pushi/vec4 0, 0, 32;
    %store/vec4 v0x7f8dec017860_0, 0, 32;
    %pushi/vec4 0, 0, 32;
    %store/vec4 v0x7f8dec0179b0_0, 0, 32;
    %pushi/vec4 0, 0, 32;
    %store/vec4 v0x7f8dec017a60_0, 0, 32;
    %pushi/vec4 0, 0, 32;
    %store/vec4 v0x7f8dec017b10_0, 0, 32;
    %pushi/vec4 0, 0, 32;
    %store/vec4 v0x7f8dec017060_0, 0, 32;
    %pushi/vec4 10, 0, 32;
    %store/vec4 v0x7f8dec018180_0, 0, 32;
    %pushi/vec4 0, 0, 64;
    %store/vec4 v0x7f8dec018380_0, 0, 64;
    %pushi/vec4 0, 0, 1;
    %store/vec4 v0x7f8dec018430_0, 0, 1;
    %pushi/vec4 0, 0, 32;
    %store/vec4 v0x7f8dec018580_0, 0, 32;
    %end;
    .thread T_0;
    .scope S_0x7f8dec004de0;
T_1 ;
    %wait E_0x7f8dec005010;
    %fork t_1, S_0x7f8dec005970;
    %jmp t_0;
    .scope S_0x7f8dec005970;
t_1 ;
    %load/vec4 v0x7f8dec0188e0_0;
    %flag_set/vec4 8;
    %jmp/0xz  T_1.0, 8;
    %pushi/vec4 0, 0, 64;
    %assign/vec4 v0x7f8dec017f80_0, 0;
    %jmp T_1.1;
T_1.0 ;
    %load/vec4 v0x7f8dec017910_0;
    %flag_set/vec4 8;
    %jmp/0xz  T_1.2, 8;
    %load/vec4 v0x7f8dec018830_0;
    %assign/vec4 v0x7f8dec017f80_0, 0;
T_1.2 ;
T_1.1 ;
    %end;
    .scope S_0x7f8dec004de0;
t_0 %join;
    %jmp T_1;
    .thread T_1;
    .scope S_0x7f8dec004de0;
T_2 ;
    %wait E_0x7f8dec005010;
    %fork t_3, S_0x7f8dec005b30;
    %jmp t_2;
    .scope S_0x7f8dec005b30;
t_3 ;
    %load/vec4 v0x7f8dec0188e0_0;
    %flag_set/vec4 8;
    %jmp/0xz  T_2.0, 8;
    %pushi/vec4 0, 0, 1;
    %assign/vec4 v0x7f8dec018030_0, 0;
    %jmp T_2.1;
T_2.0 ;
    %load/vec4 v0x7f8dec017910_0;
    %flag_set/vec4 8;
    %jmp/0xz  T_2.2, 8;
    %load/vec4 v0x7f8dec018790_0;
    %assign/vec4 v0x7f8dec018030_0, 0;
T_2.2 ;
T_2.1 ;
    %end;
    .scope S_0x7f8dec004de0;
t_2 %join;
    %jmp T_2;
    .thread T_2;
    .scope S_0x7f8dec004de0;
T_3 ;
    %wait E_0x7f8dec005010;
    %fork t_5, S_0x7f8dec005050;
    %jmp t_4;
    .scope S_0x7f8dec005050;
t_5 ;
    %load/vec4 v0x7f8dec0188e0_0;
    %flag_set/vec4 8;
    %jmp/0xz  T_3.0, 8;
    %pushi/vec4 0, 0, 32;
    %assign/vec4 v0x7f8dec017860_0, 0;
    %jmp T_3.1;
T_3.0 ;
    %load/vec4 v0x7f8dec017910_0;
    %flag_set/vec4 8;
    %jmp/0xz  T_3.2, 8;
    %load/vec4 v0x7f8dec017450_0;
    %assign/vec4 v0x7f8dec017860_0, 0;
T_3.2 ;
T_3.1 ;
    %end;
    .scope S_0x7f8dec004de0;
t_4 %join;
    %jmp T_3;
    .thread T_3;
    .scope S_0x7f8dec004de0;
T_4 ;
    %wait E_0x7f8dec005010;
    %fork t_7, S_0x7f8dec005220;
    %jmp t_6;
    .scope S_0x7f8dec005220;
t_7 ;
    %load/vec4 v0x7f8dec0188e0_0;
    %flag_set/vec4 8;
    %jmp/0xz  T_4.0, 8;
    %pushi/vec4 0, 0, 32;
    %assign/vec4 v0x7f8dec0179b0_0, 0;
    %jmp T_4.1;
T_4.0 ;
    %load/vec4 v0x7f8dec017910_0;
    %flag_set/vec4 8;
    %jmp/0xz  T_4.2, 8;
    %load/vec4 v0x7f8dec017500_0;
    %assign/vec4 v0x7f8dec0179b0_0, 0;
T_4.2 ;
T_4.1 ;
    %end;
    .scope S_0x7f8dec004de0;
t_6 %join;
    %jmp T_4;
    .thread T_4;
    .scope S_0x7f8dec004de0;
T_5 ;
    %wait E_0x7f8dec005010;
    %fork t_9, S_0x7f8dec0053f0;
    %jmp t_8;
    .scope S_0x7f8dec0053f0;
t_9 ;
    %load/vec4 v0x7f8dec0188e0_0;
    %flag_set/vec4 8;
    %jmp/0xz  T_5.0, 8;
    %pushi/vec4 0, 0, 32;
    %assign/vec4 v0x7f8dec017a60_0, 0;
    %jmp T_5.1;
T_5.0 ;
    %load/vec4 v0x7f8dec017910_0;
    %flag_set/vec4 8;
    %jmp/0xz  T_5.2, 8;
    %load/vec4 v0x7f8dec0175b0_0;
    %assign/vec4 v0x7f8dec017a60_0, 0;
T_5.2 ;
T_5.1 ;
    %end;
    .scope S_0x7f8dec004de0;
t_8 %join;
    %jmp T_5;
    .thread T_5;
    .scope S_0x7f8dec004de0;
T_6 ;
    %wait E_0x7f8dec005010;
    %fork t_11, S_0x7f8dec0055b0;
    %jmp t_10;
    .scope S_0x7f8dec0055b0;
t_11 ;
    %load/vec4 v0x7f8dec0188e0_0;
    %flag_set/vec4 8;
    %jmp/0xz  T_6.0, 8;
    %pushi/vec4 0, 0, 32;
    %assign/vec4 v0x7f8dec017b10_0, 0;
    %jmp T_6.1;
T_6.0 ;
    %load/vec4 v0x7f8dec017910_0;
    %flag_set/vec4 8;
    %jmp/0xz  T_6.2, 8;
    %load/vec4 v0x7f8dec017660_0;
    %assign/vec4 v0x7f8dec017b10_0, 0;
T_6.2 ;
T_6.1 ;
    %end;
    .scope S_0x7f8dec004de0;
t_10 %join;
    %jmp T_6;
    .thread T_6;
    .scope S_0x7f8dec004de0;
T_7 ;
    %wait E_0x7f8dec005010;
    %fork t_13, S_0x7f8dec005770;
    %jmp t_12;
    .scope S_0x7f8dec005770;
t_13 ;
    %load/vec4 v0x7f8dec0188e0_0;
    %flag_set/vec4 8;
    %jmp/0xz  T_7.0, 8;
    %pushi/vec4 0, 0, 32;
    %assign/vec4 v0x7f8dec017060_0, 0;
    %jmp T_7.1;
T_7.0 ;
    %load/vec4 v0x7f8dec017910_0;
    %flag_set/vec4 8;
    %jmp/0xz  T_7.2, 8;
    %load/vec4 v0x7f8dec017710_0;
    %assign/vec4 v0x7f8dec017060_0, 0;
T_7.2 ;
T_7.1 ;
    %end;
    .scope S_0x7f8dec004de0;
t_12 %join;
    %jmp T_7;
    .thread T_7;
    .scope S_0x7f8dec004de0;
T_8 ;
    %wait E_0x7f8dec005010;
    %fork t_15, S_0x7f8dec005cf0;
    %jmp t_14;
    .scope S_0x7f8dec005cf0;
t_15 ;
    %load/vec4 v0x7f8dec0188e0_0;
    %flag_set/vec4 8;
    %jmp/0xz  T_8.0, 8;
    %pushi/vec4 10, 0, 32;
    %assign/vec4 v0x7f8dec018180_0, 0;
    %jmp T_8.1;
T_8.0 ;
    %load/vec4 v0x7f8dec017910_0;
    %flag_set/vec4 8;
    %jmp/0xz  T_8.2, 8;
    %load/vec4 v0x7f8dec0180d0_0;
    %parti/s 32, 64, 8;
    %assign/vec4 v0x7f8dec018180_0, 0;
T_8.2 ;
T_8.1 ;
    %end;
    .scope S_0x7f8dec004de0;
t_14 %join;
    %jmp T_8;
    .thread T_8;
    .scope S_0x7f8dec004de0;
T_9 ;
    %wait E_0x7f8dec005010;
    %fork t_17, S_0x7f8dec005eb0;
    %jmp t_16;
    .scope S_0x7f8dec005eb0;
t_17 ;
    %load/vec4 v0x7f8dec0188e0_0;
    %flag_set/vec4 8;
    %jmp/0xz  T_9.0, 8;
    %pushi/vec4 0, 0, 64;
    %assign/vec4 v0x7f8dec018380_0, 0;
    %jmp T_9.1;
T_9.0 ;
    %load/vec4 v0x7f8dec017910_0;
    %flag_set/vec4 8;
    %jmp/0xz  T_9.2, 8;
    %load/vec4 v0x7f8dec0182d0_0;
    %assign/vec4 v0x7f8dec018380_0, 0;
T_9.2 ;
T_9.1 ;
    %end;
    .scope S_0x7f8dec004de0;
t_16 %join;
    %jmp T_9;
    .thread T_9;
    .scope S_0x7f8dec004de0;
T_10 ;
    %wait E_0x7f8dec005010;
    %fork t_19, S_0x7f8dec0060f0;
    %jmp t_18;
    .scope S_0x7f8dec0060f0;
t_19 ;
    %load/vec4 v0x7f8dec0188e0_0;
    %flag_set/vec4 8;
    %jmp/0xz  T_10.0, 8;
    %pushi/vec4 0, 0, 1;
    %assign/vec4 v0x7f8dec018430_0, 0;
    %jmp T_10.1;
T_10.0 ;
    %load/vec4 v0x7f8dec017910_0;
    %flag_set/vec4 8;
    %jmp/0xz  T_10.2, 8;
    %load/vec4 v0x7f8dec018230_0;
    %assign/vec4 v0x7f8dec018430_0, 0;
T_10.2 ;
T_10.1 ;
    %end;
    .scope S_0x7f8dec004de0;
t_18 %join;
    %jmp T_10;
    .thread T_10;
    .scope S_0x7f8dec004de0;
T_11 ;
    %wait E_0x7f8dec005010;
    %fork t_21, S_0x7f8dec0062b0;
    %jmp t_20;
    .scope S_0x7f8dec0062b0;
t_21 ;
    %load/vec4 v0x7f8dec0188e0_0;
    %flag_set/vec4 8;
    %jmp/0xz  T_11.0, 8;
    %pushi/vec4 0, 0, 32;
    %assign/vec4 v0x7f8dec018580_0, 0;
    %jmp T_11.1;
T_11.0 ;
    %load/vec4 v0x7f8dec017910_0;
    %flag_set/vec4 8;
    %jmp/0xz  T_11.2, 8;
    %load/vec4 v0x7f8dec0184d0_0;
    %assign/vec4 v0x7f8dec018580_0, 0;
T_11.2 ;
T_11.1 ;
    %end;
    .scope S_0x7f8dec004de0;
t_20 %join;
    %jmp T_11;
    .thread T_11;
    .scope S_0x7f8dec004c60;
T_12 ;
    %delay 50000, 0;
    %load/vec4 v0x7f8dec018fa0_0;
    %inv;
    %store/vec4 v0x7f8dec018fa0_0, 0, 1;
    %jmp T_12;
    .thread T_12;
    .scope S_0x7f8dec004c60;
T_13 ;
    %pushi/vec4 0, 0, 1;
    %store/vec4 v0x7f8dec018fa0_0, 0, 1;
    %pushi/vec4 0, 0, 1;
    %store/vec4 v0x7f8dec019380_0, 0, 1;
    %pushi/vec4 1, 0, 1;
    %store/vec4 v0x7f8dec019030_0, 0, 1;
    %pushi/vec4 0, 0, 32;
    %store/vec4 v0x7f8dec018f10_0, 0, 32;
    %vpi_call 2 27 "$printtimescale", S_0x7f8dec004c60 {0 0 0};
    %delay 1000000000, 0;
    %pushi/vec4 0, 0, 1;
    %store/vec4 v0x7f8dec019380_0, 0, 1;
    %pushi/vec4 1, 0, 32;
    %store/vec4 v0x7f8dec018f10_0, 0, 32;
    %vpi_call 2 32 "$display", "time: %t, a: %d, b: %d, c: %d, d: %d", $time, v0x7f8dec0190c0_0, v0x7f8dec019150_0, v0x7f8dec019220_0, v0x7f8dec0192d0_0 {0 0 0};
    %delay 1000000000, 0;
    %pushi/vec4 2, 0, 32;
    %store/vec4 v0x7f8dec018f10_0, 0, 32;
    %vpi_call 2 36 "$display", "time: %t, a: %d, b: %d, c: %d, d: %d", $time, v0x7f8dec0190c0_0, v0x7f8dec019150_0, v0x7f8dec019220_0, v0x7f8dec0192d0_0 {0 0 0};
    %delay 1000000000, 0;
    %pushi/vec4 3, 0, 32;
    %store/vec4 v0x7f8dec018f10_0, 0, 32;
    %vpi_call 2 40 "$display", "time: %t, a: %d, b: %d, c: %d, d: %d", $time, v0x7f8dec0190c0_0, v0x7f8dec019150_0, v0x7f8dec019220_0, v0x7f8dec0192d0_0 {0 0 0};
    %delay 1000000000, 0;
    %pushi/vec4 4, 0, 32;
    %store/vec4 v0x7f8dec018f10_0, 0, 32;
    %vpi_call 2 44 "$display", "time: %t, a: %d, b: %d, c: %d, d: %d", $time, v0x7f8dec0190c0_0, v0x7f8dec019150_0, v0x7f8dec019220_0, v0x7f8dec0192d0_0 {0 0 0};
    %delay 1000000000, 0;
    %pushi/vec4 5, 0, 32;
    %store/vec4 v0x7f8dec018f10_0, 0, 32;
    %vpi_call 2 48 "$display", "time: %t, a: %d, b: %d, c: %d, d: %d", $time, v0x7f8dec0190c0_0, v0x7f8dec019150_0, v0x7f8dec019220_0, v0x7f8dec0192d0_0 {0 0 0};
    %delay 1000000000, 0;
    %pushi/vec4 6, 0, 32;
    %store/vec4 v0x7f8dec018f10_0, 0, 32;
    %vpi_call 2 52 "$display", "time: %t, a: %d, b: %d, c: %d, d: %d", $time, v0x7f8dec0190c0_0, v0x7f8dec019150_0, v0x7f8dec019220_0, v0x7f8dec0192d0_0 {0 0 0};
    %delay 1000000000, 0;
    %pushi/vec4 7, 0, 32;
    %store/vec4 v0x7f8dec018f10_0, 0, 32;
    %vpi_call 2 56 "$display", "time: %t, a: %d, b: %d, c: %d, d: %d", $time, v0x7f8dec0190c0_0, v0x7f8dec019150_0, v0x7f8dec019220_0, v0x7f8dec0192d0_0 {0 0 0};
    %delay 1000000000, 0;
    %pushi/vec4 8, 0, 32;
    %store/vec4 v0x7f8dec018f10_0, 0, 32;
    %vpi_call 2 60 "$display", "time: %t, a: %d, b: %d, c: %d, d: %d", $time, v0x7f8dec0190c0_0, v0x7f8dec019150_0, v0x7f8dec019220_0, v0x7f8dec0192d0_0 {0 0 0};
    %delay 1000000000, 0;
    %pushi/vec4 9, 0, 32;
    %store/vec4 v0x7f8dec018f10_0, 0, 32;
    %vpi_call 2 64 "$display", "time: %t, a: %d, b: %d, c: %d, d: %d", $time, v0x7f8dec0190c0_0, v0x7f8dec019150_0, v0x7f8dec019220_0, v0x7f8dec0192d0_0 {0 0 0};
    %delay 1000000000, 0;
    %pushi/vec4 10, 0, 32;
    %store/vec4 v0x7f8dec018f10_0, 0, 32;
    %vpi_call 2 68 "$display", "time: %t, a: %d, b: %d, c: %d, d: %d", $time, v0x7f8dec0190c0_0, v0x7f8dec019150_0, v0x7f8dec019220_0, v0x7f8dec0192d0_0 {0 0 0};
    %delay 1000000000, 0;
    %pushi/vec4 11, 0, 32;
    %store/vec4 v0x7f8dec018f10_0, 0, 32;
    %vpi_call 2 72 "$display", "time: %t, a: %d, b: %d, c: %d, d: %d", $time, v0x7f8dec0190c0_0, v0x7f8dec019150_0, v0x7f8dec019220_0, v0x7f8dec0192d0_0 {0 0 0};
    %delay 1000000000, 0;
    %pushi/vec4 12, 0, 32;
    %store/vec4 v0x7f8dec018f10_0, 0, 32;
    %vpi_call 2 76 "$display", "time: %t, a: %d, b: %d, c: %d, d: %d", $time, v0x7f8dec0190c0_0, v0x7f8dec019150_0, v0x7f8dec019220_0, v0x7f8dec0192d0_0 {0 0 0};
    %delay 1000000000, 0;
    %pushi/vec4 13, 0, 32;
    %store/vec4 v0x7f8dec018f10_0, 0, 32;
    %vpi_call 2 80 "$display", "time: %t, a: %d, b: %d, c: %d, d: %d", $time, v0x7f8dec0190c0_0, v0x7f8dec019150_0, v0x7f8dec019220_0, v0x7f8dec0192d0_0 {0 0 0};
    %delay 1000000000, 0;
    %vpi_call 2 83 "$finish" {0 0 0};
    %end;
    .thread T_13;
# The file index is used to find the file name in the following table.
:file_names 4;
    "N/A";
    "<interactive>";
    "testbench.v";
    "../verilog/OffsetHoldAggregate.topEntity/topEntity.v";
