#! /usr/local/Cellar/icarus-verilog/12.0/bin/vvp
:ivl_version "12.0 (stable)";
:ivl_delay_selection "TYPICAL";
:vpi_time_precision - 13;
:vpi_module "/usr/local/Cellar/icarus-verilog/12.0/lib/ivl/system.vpi";
:vpi_module "/usr/local/Cellar/icarus-verilog/12.0/lib/ivl/vhdl_sys.vpi";
:vpi_module "/usr/local/Cellar/icarus-verilog/12.0/lib/ivl/vhdl_textio.vpi";
:vpi_module "/usr/local/Cellar/icarus-verilog/12.0/lib/ivl/v2005_math.vpi";
:vpi_module "/usr/local/Cellar/icarus-verilog/12.0/lib/ivl/va_math.vpi";
S_0x7fb939005580 .scope module, "testbench" "testbench" 2 2;
 .timescale -6 -9;
v0x7fb939045760_0 .net "bEn", 0 0, L_0x7fb9390484b0;  1 drivers
v0x7fb9390457f0_0 .net/s "bTimer", 63 0, L_0x7fb939048680;  1 drivers
v0x7fb939045880_0 .net/s "bTimerCurTime", 63 0, L_0x7fb939048860;  1 drivers
v0x7fb939045910_0 .net "bTimerRst", 0 0, L_0x7fb939048970;  1 drivers
v0x7fb9390459a0_0 .var "clk", 0 0;
v0x7fb939045a70_0 .net "curEn", 0 0, L_0x7fb939048bf0;  1 drivers
v0x7fb939045b00_0 .var "en", 0 0;
v0x7fb939045bb0_0 .net "hlc_clock", 0 0, L_0x7fb939048180;  1 drivers
v0x7fb939045c60_0 .net/s "hlc_clock_cnt", 63 0, L_0x7fb939048780;  1 drivers
v0x7fb939045d90_0 .var/s "input_a", 63 0;
v0x7fb939045e20_0 .var "new_input", 0 0;
v0x7fb939045eb0_0 .var "rst", 0 0;
S_0x7fb9390056f0 .scope module, "monitor" "topEntity" 2 18, 3 5 0, S_0x7fb939005580;
 .timescale -13 -13;
    .port_info 0 /INPUT 1 "clk";
    .port_info 1 /INPUT 1 "rst";
    .port_info 2 /INPUT 1 "en";
    .port_info 3 /INPUT 64 "input0_0";
    .port_info 4 /INPUT 1 "input0_1";
    .port_info 5 /OUTPUT 1 "result_0_0";
    .port_info 6 /OUTPUT 64 "result_0_1";
    .port_info 7 /OUTPUT 1 "result_1_0";
    .port_info 8 /OUTPUT 64 "result_1_1";
    .port_info 9 /OUTPUT 1 "result_1_2";
    .port_info 10 /OUTPUT 64 "result_1_3";
    .port_info 11 /OUTPUT 1 "result_1_4";
L_0x7fb9390466f0 .functor AND 1, L_0x7fb939047290, L_0x7fb9390465d0, C4<1>, C4<1>;
L_0x7fb939046f60 .functor BUFZ 64, v0x7fb9390450e0_0, C4<0000000000000000000000000000000000000000000000000000000000000000>, C4<0000000000000000000000000000000000000000000000000000000000000000>, C4<0000000000000000000000000000000000000000000000000000000000000000>;
L_0x7fb9390471a0 .functor AND 1, L_0x7fb939047290, L_0x7fb939047330, C4<1>, C4<1>;
L_0x7fb939048320 .functor BUFZ 64, v0x7fb939044990_0, C4<0000000000000000000000000000000000000000000000000000000000000000>, C4<0000000000000000000000000000000000000000000000000000000000000000>, C4<0000000000000000000000000000000000000000000000000000000000000000>;
L_0x7fb939163008 .functor BUFT 1, C4<0000000000000000000000000000000000000000000000000000000000000000>, C4<0>, C4<0>, C4<0>;
v0x7fb939031b90_0 .net/2s *"_ivl_10", 63 0, L_0x7fb939163008;  1 drivers
v0x7fb9390429a0_0 .net *"_ivl_12", 0 0, L_0x7fb9390465d0;  1 drivers
L_0x7fb939163050 .functor BUFT 1, C4<1>, C4<0>, C4<0>, C4<0>;
v0x7fb939042a40_0 .net/2u *"_ivl_22", 0 0, L_0x7fb939163050;  1 drivers
L_0x7fb939163098 .functor BUFT 1, C4<0>, C4<0>, C4<0>, C4<0>;
v0x7fb939042b00_0 .net/2u *"_ivl_24", 0 0, L_0x7fb939163098;  1 drivers
L_0x7fb9391630e0 .functor BUFT 1, C4<0000000000000000000000000000000000000000000000000000011111010000>, C4<0>, C4<0>, C4<0>;
v0x7fb939042bb0_0 .net/2s *"_ivl_28", 63 0, L_0x7fb9391630e0;  1 drivers
L_0x7fb939163128 .functor BUFT 1, C4<0000000000000000000000000000000000000000000000000000011111010000>, C4<0>, C4<0>, C4<0>;
v0x7fb939042ca0_0 .net/2s *"_ivl_30", 63 0, L_0x7fb939163128;  1 drivers
v0x7fb939042d50_0 .net/s *"_ivl_32", 63 0, L_0x7fb939046d20;  1 drivers
L_0x7fb939163170 .functor BUFT 1, C4<1>, C4<0>, C4<0>, C4<0>;
v0x7fb939042e00_0 .net/2u *"_ivl_38", 0 0, L_0x7fb939163170;  1 drivers
v0x7fb939042eb0_0 .net *"_ivl_4", 130 0, L_0x7fb9390461a0;  1 drivers
L_0x7fb9391631b8 .functor BUFT 1, C4<0>, C4<0>, C4<0>, C4<0>;
v0x7fb939042fc0_0 .net/2u *"_ivl_40", 0 0, L_0x7fb9391631b8;  1 drivers
L_0x7fb939163200 .functor BUFT 1, C4<0000000000000000000000000000000000000000000000011000011010100000>, C4<0>, C4<0>, C4<0>;
v0x7fb939043070_0 .net/2s *"_ivl_48", 63 0, L_0x7fb939163200;  1 drivers
v0x7fb939043120_0 .net *"_ivl_53", 0 0, L_0x7fb9390474d0;  1 drivers
v0x7fb9390431d0_0 .net *"_ivl_55", 63 0, L_0x7fb939047570;  1 drivers
v0x7fb939043280_0 .net *"_ivl_57", 0 0, L_0x7fb939047720;  1 drivers
v0x7fb939043330_0 .net *"_ivl_59", 63 0, L_0x7fb9390477c0;  1 drivers
v0x7fb9390433e0_0 .net *"_ivl_61", 0 0, L_0x7fb939047900;  1 drivers
L_0x7fb939163248 .functor BUFT 1, C4<0000000000000000000000000000000000000000000000000000000000000110>, C4<0>, C4<0>, C4<0>;
v0x7fb939043490_0 .net/2s *"_ivl_64", 63 0, L_0x7fb939163248;  1 drivers
L_0x7fb939163290 .functor BUFT 1, C4<1>, C4<0>, C4<0>, C4<0>;
v0x7fb939043620_0 .net/2u *"_ivl_68", 0 0, L_0x7fb939163290;  1 drivers
v0x7fb9390436b0_0 .net *"_ivl_70", 64 0, L_0x7fb939047b90;  1 drivers
L_0x7fb9391632d8 .functor BUFT 1, C4<0>, C4<0>, C4<0>, C4<0>;
v0x7fb939043760_0 .net/2u *"_ivl_72", 0 0, L_0x7fb9391632d8;  1 drivers
v0x7fb939043810_0 .net *"_ivl_74", 64 0, L_0x7fb939047a40;  1 drivers
L_0x7fb939163320 .functor BUFT 1, C4<0000000000000000000000000000000000000000000000000000000000001100>, C4<0>, C4<0>, C4<0>;
v0x7fb9390438c0_0 .net/2s *"_ivl_78", 63 0, L_0x7fb939163320;  1 drivers
L_0x7fb939163368 .functor BUFT 1, C4<0000000000000000000000000000000000000000000000000000000000000001>, C4<0>, C4<0>, C4<0>;
v0x7fb939043970_0 .net/2s *"_ivl_82", 63 0, L_0x7fb939163368;  1 drivers
v0x7fb939043a20_0 .net/s *"_ivl_84", 63 0, L_0x7fb939048080;  1 drivers
L_0x7fb9391633b0 .functor BUFT 1, C4<0000000000000000000000000000000000000000000000000000000000000000>, C4<0>, C4<0>, C4<0>;
v0x7fb939043ad0_0 .net/2s *"_ivl_86", 63 0, L_0x7fb9391633b0;  1 drivers
v0x7fb939043b80_0 .net *"_ivl_9", 63 0, L_0x7fb939046450;  1 drivers
v0x7fb939043c30_0 .net "b", 0 0, L_0x7fb9390466f0;  1 drivers
v0x7fb939043cd0_0 .net "b_0", 0 0, L_0x7fb9390471a0;  1 drivers
v0x7fb939043d70_0 .net "b_1", 0 0, L_0x7fb939047af0;  1 drivers
v0x7fb939043e10_0 .net "b_2", 0 0, L_0x7fb939047f20;  1 drivers
v0x7fb939043eb0_0 .net "c$b_app_arg", 0 0, L_0x7fb939047330;  1 drivers
v0x7fb939043f50_0 .net "clk", 0 0, v0x7fb9390459a0_0;  1 drivers
v0x7fb939043ff0_0 .net "curEn", 0 0, L_0x7fb9390469b0;  1 drivers
v0x7fb939043530_0 .net/s "curTime", 63 0, L_0x7fb939046ad0;  1 drivers
v0x7fb939044280_0 .net "en", 0 0, v0x7fb939045b00_0;  1 drivers
v0x7fb939044310_0 .net "en_0", 0 0, L_0x7fb939047290;  1 drivers
v0x7fb9390443a0_0 .net "input0", 64 0, L_0x7fb939045f60;  1 drivers
v0x7fb939044430_0 .net/s "input0_0", 63 0, v0x7fb939045d90_0;  1 drivers
v0x7fb9390444e0_0 .net "input0_1", 0 0, v0x7fb939045e20_0;  1 drivers
v0x7fb939044580_0 .net "result", 195 0, L_0x7fb9390460c0;  1 drivers
v0x7fb939044630_0 .net "result_0", 64 0, L_0x7fb9390483d0;  1 drivers
v0x7fb9390446e0_0 .net "result_0_0", 0 0, L_0x7fb939048180;  alias, 1 drivers
v0x7fb939044780_0 .net/s "result_0_1", 63 0, L_0x7fb939048780;  alias, 1 drivers
v0x7fb939044830_0 .net "result_1", 130 0, L_0x7fb9390485a0;  1 drivers
v0x7fb9390448e0_0 .net/s "result_10", 63 0, L_0x7fb939047e50;  1 drivers
v0x7fb939044990_0 .var/s "result_11", 63 0;
v0x7fb939044a40_0 .var "result_12", 64 0;
v0x7fb939044af0_0 .net "result_1_0", 0 0, L_0x7fb9390484b0;  alias, 1 drivers
v0x7fb939044b90_0 .net/s "result_1_1", 63 0, L_0x7fb939048680;  alias, 1 drivers
v0x7fb939044c40_0 .net "result_1_2", 0 0, L_0x7fb939048970;  alias, 1 drivers
v0x7fb939044ce0_0 .net/s "result_1_3", 63 0, L_0x7fb939048860;  alias, 1 drivers
v0x7fb939044d90_0 .net "result_1_4", 0 0, L_0x7fb939048bf0;  alias, 1 drivers
v0x7fb939044e30_0 .var "result_2", 130 0;
v0x7fb939044ee0_0 .net "result_3", 130 0, L_0x7fb939046330;  1 drivers
v0x7fb939044f90_0 .net "result_4", 0 0, L_0x7fb939046bc0;  1 drivers
v0x7fb939045030_0 .net/s "result_5", 63 0, L_0x7fb939046e80;  1 drivers
v0x7fb9390450e0_0 .var/s "result_6", 63 0;
v0x7fb939045190_0 .net "result_7", 0 0, L_0x7fb939047010;  1 drivers
v0x7fb939045230_0 .net "result_8", 130 0, L_0x7fb9390479a0;  1 drivers
v0x7fb9390452e0_0 .net "result_9", 64 0, L_0x7fb939047db0;  1 drivers
v0x7fb939045390_0 .net "rst", 0 0, v0x7fb939045eb0_0;  1 drivers
v0x7fb939045430_0 .net "t", 130 0, L_0x7fb9390467e0;  1 drivers
v0x7fb9390454e0_0 .net/s "x", 63 0, L_0x7fb939046f60;  1 drivers
v0x7fb939045590_0 .net/s "x_0", 63 0, L_0x7fb939048320;  1 drivers
E_0x7fb93902f310 .event posedge, v0x7fb939045390_0, v0x7fb939043f50_0;
L_0x7fb939045f60 .concat [ 1 64 0 0], v0x7fb939045e20_0, v0x7fb939045d90_0;
L_0x7fb9390460c0 .concat [ 131 65 0 0], L_0x7fb9390479a0, v0x7fb939044a40_0;
LS_0x7fb9390461a0_0_0 .concat [ 1 64 1 64], L_0x7fb9390469b0, L_0x7fb939046ad0, L_0x7fb939047010, v0x7fb9390450e0_0;
LS_0x7fb9390461a0_0_4 .concat [ 1 0 0 0], L_0x7fb9390469b0;
L_0x7fb9390461a0 .concat [ 130 1 0 0], LS_0x7fb9390461a0_0_0, LS_0x7fb9390461a0_0_4;
L_0x7fb939046330 .functor MUXZ 131, L_0x7fb9390461a0, L_0x7fb9390467e0, L_0x7fb9390466f0, C4<>;
L_0x7fb939046450 .part v0x7fb939044a40_0, 0, 64;
L_0x7fb9390465d0 .cmp/eq 64, L_0x7fb939046450, L_0x7fb939163008;
LS_0x7fb9390467e0_0_0 .concat [ 1 64 1 64], L_0x7fb9390469b0, L_0x7fb939046ad0, L_0x7fb939047010, v0x7fb9390450e0_0;
LS_0x7fb9390467e0_0_4 .concat [ 1 0 0 0], L_0x7fb939046bc0;
L_0x7fb9390467e0 .concat [ 130 1 0 0], LS_0x7fb9390467e0_0_0, LS_0x7fb9390467e0_0_4;
L_0x7fb9390469b0 .part v0x7fb939044e30_0, 130, 1;
L_0x7fb939046ad0 .part v0x7fb939044e30_0, 66, 64;
L_0x7fb939046bc0 .functor MUXZ 1, L_0x7fb939163098, L_0x7fb939163050, L_0x7fb939047330, C4<>;
L_0x7fb939046d20 .arith/sum 64, L_0x7fb939046f60, L_0x7fb939163128;
L_0x7fb939046e80 .functor MUXZ 64, L_0x7fb939046d20, L_0x7fb9391630e0, L_0x7fb939047010, C4<>;
L_0x7fb939047010 .functor MUXZ 1, L_0x7fb9391631b8, L_0x7fb939163170, L_0x7fb9390471a0, C4<>;
L_0x7fb939047290 .part v0x7fb939044a40_0, 64, 1;
L_0x7fb939047330 .cmp/ge.s 64, v0x7fb9390450e0_0, L_0x7fb939163200;
L_0x7fb9390474d0 .part v0x7fb939044e30_0, 130, 1;
L_0x7fb939047570 .part v0x7fb939044e30_0, 66, 64;
L_0x7fb939047720 .part v0x7fb939044e30_0, 65, 1;
L_0x7fb9390477c0 .part v0x7fb939044e30_0, 1, 64;
L_0x7fb939047900 .part v0x7fb939044e30_0, 0, 1;
LS_0x7fb9390479a0_0_0 .concat [ 1 64 1 64], L_0x7fb939047900, L_0x7fb9390477c0, L_0x7fb939047720, L_0x7fb939047570;
LS_0x7fb9390479a0_0_4 .concat [ 1 0 0 0], L_0x7fb9390474d0;
L_0x7fb9390479a0 .concat [ 130 1 0 0], LS_0x7fb9390479a0_0_0, LS_0x7fb9390479a0_0_4;
L_0x7fb939047af0 .cmp/gt.s 64, L_0x7fb939163248, v0x7fb939044990_0;
L_0x7fb939047b90 .concat [ 64 1 0 0], v0x7fb939044990_0, L_0x7fb939163290;
L_0x7fb939047a40 .concat [ 64 1 0 0], v0x7fb939044990_0, L_0x7fb9391632d8;
L_0x7fb939047db0 .functor MUXZ 65, L_0x7fb939047a40, L_0x7fb939047b90, L_0x7fb939047af0, C4<>;
L_0x7fb939047f20 .cmp/gt.s 64, L_0x7fb939163320, v0x7fb939044990_0;
L_0x7fb939048080 .arith/sum 64, L_0x7fb939048320, L_0x7fb939163368;
L_0x7fb939047e50 .functor MUXZ 64, L_0x7fb9391633b0, L_0x7fb939048080, L_0x7fb939047f20, C4<>;
L_0x7fb9390483d0 .part L_0x7fb9390460c0, 131, 65;
L_0x7fb9390485a0 .part L_0x7fb9390460c0, 0, 131;
L_0x7fb939048180 .part L_0x7fb9390483d0, 64, 1;
L_0x7fb939048780 .part L_0x7fb9390483d0, 0, 64;
L_0x7fb9390484b0 .part L_0x7fb9390485a0, 130, 1;
L_0x7fb939048680 .part L_0x7fb9390485a0, 66, 64;
L_0x7fb939048970 .part L_0x7fb9390485a0, 65, 1;
L_0x7fb939048860 .part L_0x7fb9390485a0, 1, 64;
L_0x7fb939048bf0 .part L_0x7fb9390485a0, 0, 1;
S_0x7fb9390160f0 .scope begin, "result_11_register" "result_11_register" 3 124, 3 124 0, S_0x7fb9390056f0;
 .timescale -13 -13;
S_0x7fb939016260 .scope begin, "result_12_register" "result_12_register" 3 134, 3 134 0, S_0x7fb9390056f0;
 .timescale -13 -13;
S_0x7fb939036f00 .scope begin, "result_2_register" "result_2_register" 3 63, 3 63 0, S_0x7fb9390056f0;
 .timescale -13 -13;
S_0x7fb939037070 .scope begin, "result_6_register" "result_6_register" 3 91, 3 91 0, S_0x7fb9390056f0;
 .timescale -13 -13;
    .scope S_0x7fb9390056f0;
T_0 ;
    %pushi/vec4 0, 0, 131;
    %store/vec4 v0x7fb939044e30_0, 0, 131;
    %pushi/vec4 2000, 0, 64;
    %store/vec4 v0x7fb9390450e0_0, 0, 64;
    %pushi/vec4 0, 0, 64;
    %store/vec4 v0x7fb939044990_0, 0, 64;
    %pushi/vec4 0, 0, 65;
    %store/vec4 v0x7fb939044a40_0, 0, 65;
    %end;
    .thread T_0;
    .scope S_0x7fb9390056f0;
T_1 ;
    %wait E_0x7fb93902f310;
    %fork t_1, S_0x7fb939036f00;
    %jmp t_0;
    .scope S_0x7fb939036f00;
t_1 ;
    %load/vec4 v0x7fb939045390_0;
    %flag_set/vec4 8;
    %jmp/0xz  T_1.0, 8;
    %pushi/vec4 0, 0, 131;
    %assign/vec4 v0x7fb939044e30_0, 0;
    %jmp T_1.1;
T_1.0 ;
    %load/vec4 v0x7fb939044280_0;
    %flag_set/vec4 8;
    %jmp/0xz  T_1.2, 8;
    %load/vec4 v0x7fb939044ee0_0;
    %assign/vec4 v0x7fb939044e30_0, 0;
T_1.2 ;
T_1.1 ;
    %end;
    .scope S_0x7fb9390056f0;
t_0 %join;
    %jmp T_1;
    .thread T_1;
    .scope S_0x7fb9390056f0;
T_2 ;
    %wait E_0x7fb93902f310;
    %fork t_3, S_0x7fb939037070;
    %jmp t_2;
    .scope S_0x7fb939037070;
t_3 ;
    %load/vec4 v0x7fb939045390_0;
    %flag_set/vec4 8;
    %jmp/0xz  T_2.0, 8;
    %pushi/vec4 2000, 0, 64;
    %assign/vec4 v0x7fb9390450e0_0, 0;
    %jmp T_2.1;
T_2.0 ;
    %load/vec4 v0x7fb939044280_0;
    %flag_set/vec4 8;
    %jmp/0xz  T_2.2, 8;
    %load/vec4 v0x7fb939045030_0;
    %assign/vec4 v0x7fb9390450e0_0, 0;
T_2.2 ;
T_2.1 ;
    %end;
    .scope S_0x7fb9390056f0;
t_2 %join;
    %jmp T_2;
    .thread T_2;
    .scope S_0x7fb9390056f0;
T_3 ;
    %wait E_0x7fb93902f310;
    %fork t_5, S_0x7fb9390160f0;
    %jmp t_4;
    .scope S_0x7fb9390160f0;
t_5 ;
    %load/vec4 v0x7fb939045390_0;
    %flag_set/vec4 8;
    %jmp/0xz  T_3.0, 8;
    %pushi/vec4 0, 0, 64;
    %assign/vec4 v0x7fb939044990_0, 0;
    %jmp T_3.1;
T_3.0 ;
    %load/vec4 v0x7fb939044280_0;
    %flag_set/vec4 8;
    %jmp/0xz  T_3.2, 8;
    %load/vec4 v0x7fb9390448e0_0;
    %assign/vec4 v0x7fb939044990_0, 0;
T_3.2 ;
T_3.1 ;
    %end;
    .scope S_0x7fb9390056f0;
t_4 %join;
    %jmp T_3;
    .thread T_3;
    .scope S_0x7fb9390056f0;
T_4 ;
    %wait E_0x7fb93902f310;
    %fork t_7, S_0x7fb939016260;
    %jmp t_6;
    .scope S_0x7fb939016260;
t_7 ;
    %load/vec4 v0x7fb939045390_0;
    %flag_set/vec4 8;
    %jmp/0xz  T_4.0, 8;
    %pushi/vec4 0, 0, 65;
    %assign/vec4 v0x7fb939044a40_0, 0;
    %jmp T_4.1;
T_4.0 ;
    %load/vec4 v0x7fb939044280_0;
    %flag_set/vec4 8;
    %jmp/0xz  T_4.2, 8;
    %load/vec4 v0x7fb9390452e0_0;
    %assign/vec4 v0x7fb939044a40_0, 0;
T_4.2 ;
T_4.1 ;
    %end;
    .scope S_0x7fb9390056f0;
t_6 %join;
    %jmp T_4;
    .thread T_4;
    .scope S_0x7fb939005580;
T_5 ;
    %delay 10000000, 0;
    %load/vec4 v0x7fb9390459a0_0;
    %inv;
    %store/vec4 v0x7fb9390459a0_0, 0, 1;
    %jmp T_5;
    .thread T_5;
    .scope S_0x7fb939005580;
T_6 ;
    %pushi/vec4 0, 0, 1;
    %store/vec4 v0x7fb9390459a0_0, 0, 1;
    %pushi/vec4 0, 0, 1;
    %store/vec4 v0x7fb939045eb0_0, 0, 1;
    %pushi/vec4 0, 0, 1;
    %store/vec4 v0x7fb939045b00_0, 0, 1;
    %pushi/vec4 0, 0, 1;
    %store/vec4 v0x7fb939045e20_0, 0, 1;
    %vpi_call 2 36 "$printtimescale", S_0x7fb939005580 {0 0 0};
    %vpi_call 2 37 "$dumpvars", 32'sb00000000000000000000000000000000, S_0x7fb939005580 {0 0 0};
    %delay 80000000, 0;
    %pushi/vec4 1, 0, 64;
    %store/vec4 v0x7fb939045d90_0, 0, 64;
    %pushi/vec4 1, 0, 1;
    %store/vec4 v0x7fb939045e20_0, 0, 1;
    %pushi/vec4 1, 0, 1;
    %store/vec4 v0x7fb939045b00_0, 0, 1;
    %delay 10000000, 0;
    %pushi/vec4 0, 0, 1;
    %store/vec4 v0x7fb939045e20_0, 0, 1;
    %delay 1000000000, 0;
    %delay 80000000, 0;
    %pushi/vec4 2, 0, 64;
    %store/vec4 v0x7fb939045d90_0, 0, 64;
    %pushi/vec4 1, 0, 1;
    %store/vec4 v0x7fb939045e20_0, 0, 1;
    %delay 10000000, 0;
    %pushi/vec4 0, 0, 1;
    %store/vec4 v0x7fb939045e20_0, 0, 1;
    %delay 1000000000, 0;
    %delay 80000000, 0;
    %pushi/vec4 3, 0, 64;
    %store/vec4 v0x7fb939045d90_0, 0, 64;
    %pushi/vec4 1, 0, 1;
    %store/vec4 v0x7fb939045e20_0, 0, 1;
    %delay 10000000, 0;
    %pushi/vec4 0, 0, 1;
    %store/vec4 v0x7fb939045e20_0, 0, 1;
    %delay 1000000000, 0;
    %delay 80000000, 0;
    %pushi/vec4 4, 0, 64;
    %store/vec4 v0x7fb939045d90_0, 0, 64;
    %pushi/vec4 1, 0, 1;
    %store/vec4 v0x7fb939045e20_0, 0, 1;
    %delay 10000000, 0;
    %pushi/vec4 0, 0, 1;
    %store/vec4 v0x7fb939045e20_0, 0, 1;
    %delay 1000000000, 0;
    %delay 80000000, 0;
    %pushi/vec4 5, 0, 64;
    %store/vec4 v0x7fb939045d90_0, 0, 64;
    %pushi/vec4 1, 0, 1;
    %store/vec4 v0x7fb939045e20_0, 0, 1;
    %delay 10000000, 0;
    %pushi/vec4 0, 0, 1;
    %store/vec4 v0x7fb939045e20_0, 0, 1;
    %delay 1000000000, 0;
    %delay 80000000, 0;
    %pushi/vec4 6, 0, 64;
    %store/vec4 v0x7fb939045d90_0, 0, 64;
    %pushi/vec4 1, 0, 1;
    %store/vec4 v0x7fb939045e20_0, 0, 1;
    %delay 10000000, 0;
    %pushi/vec4 0, 0, 1;
    %store/vec4 v0x7fb939045e20_0, 0, 1;
    %delay 1000000000, 0;
    %delay 80000000, 0;
    %pushi/vec4 7, 0, 64;
    %store/vec4 v0x7fb939045d90_0, 0, 64;
    %pushi/vec4 1, 0, 1;
    %store/vec4 v0x7fb939045e20_0, 0, 1;
    %delay 10000000, 0;
    %pushi/vec4 0, 0, 1;
    %store/vec4 v0x7fb939045e20_0, 0, 1;
    %delay 1000000000, 0;
    %delay 80000000, 0;
    %pushi/vec4 8, 0, 64;
    %store/vec4 v0x7fb939045d90_0, 0, 64;
    %pushi/vec4 1, 0, 1;
    %store/vec4 v0x7fb939045e20_0, 0, 1;
    %delay 10000000, 0;
    %pushi/vec4 0, 0, 1;
    %store/vec4 v0x7fb939045e20_0, 0, 1;
    %delay 1000000000, 0;
    %delay 80000000, 0;
    %pushi/vec4 9, 0, 64;
    %store/vec4 v0x7fb939045d90_0, 0, 64;
    %pushi/vec4 1, 0, 1;
    %store/vec4 v0x7fb939045e20_0, 0, 1;
    %delay 10000000, 0;
    %pushi/vec4 0, 0, 1;
    %store/vec4 v0x7fb939045e20_0, 0, 1;
    %delay 1000000000, 0;
    %delay 80000000, 0;
    %pushi/vec4 10, 0, 64;
    %store/vec4 v0x7fb939045d90_0, 0, 64;
    %pushi/vec4 1, 0, 1;
    %store/vec4 v0x7fb939045e20_0, 0, 1;
    %delay 10000000, 0;
    %pushi/vec4 0, 0, 1;
    %store/vec4 v0x7fb939045e20_0, 0, 1;
    %delay 1000000000, 0;
    %delay 120000000, 0;
    %vpi_call 2 112 "$finish" {0 0 0};
    %end;
    .thread T_6;
# The file index is used to find the file name in the following table.
:file_names 4;
    "N/A";
    "<interactive>";
    "testbench.v";
    "./verilog/PeriodicEnable.topEntity/topEntity.v";
