#! /usr/local/Cellar/icarus-verilog/12.0/bin/vvp
:ivl_version "12.0 (stable)";
:ivl_delay_selection "TYPICAL";
:vpi_time_precision - 13;
:vpi_module "/usr/local/Cellar/icarus-verilog/12.0/lib/ivl/system.vpi";
:vpi_module "/usr/local/Cellar/icarus-verilog/12.0/lib/ivl/vhdl_sys.vpi";
:vpi_module "/usr/local/Cellar/icarus-verilog/12.0/lib/ivl/vhdl_textio.vpi";
:vpi_module "/usr/local/Cellar/icarus-verilog/12.0/lib/ivl/v2005_math.vpi";
:vpi_module "/usr/local/Cellar/icarus-verilog/12.0/lib/ivl/va_math.vpi";
S_0x7f7e4860a790 .scope module, "testbench" "testbench" 2 2;
 .timescale -6 -9;
v0x7f7e4861d9e0_0 .var/s "a", 31 0;
v0x7f7e4861da70_0 .var "clk", 0 0;
v0x7f7e4861db00_0 .var "en", 0 0;
v0x7f7e4861db90_0 .net "result_0", 0 0, L_0x7f7e4861fb00;  1 drivers
v0x7f7e4861dc20_0 .net/s "result_1", 31 0, L_0x7f7e4861fbe0;  1 drivers
v0x7f7e4861dcf0_0 .net/s "result_2", 31 0, L_0x7f7e4861fa60;  1 drivers
v0x7f7e4861dda0_0 .net/s "result_3", 31 0, L_0x7f7e4861fe30;  1 drivers
v0x7f7e4861de50_0 .net/s "result_4", 31 0, L_0x7f7e4861ff90;  1 drivers
v0x7f7e4861df00_0 .var "rst", 0 0;
S_0x7f7e4860a900 .scope module, "monitor" "topEntity" 2 14, 3 5 0, S_0x7f7e4860a790;
 .timescale -13 -13;
    .port_info 0 /INPUT 1 "clk";
    .port_info 1 /INPUT 1 "rst";
    .port_info 2 /INPUT 1 "en";
    .port_info 3 /INPUT 32 "a";
    .port_info 4 /OUTPUT 1 "result_0";
    .port_info 5 /OUTPUT 32 "result_1";
    .port_info 6 /OUTPUT 32 "result_2";
    .port_info 7 /OUTPUT 32 "result_3";
    .port_info 8 /OUTPUT 32 "result_4";
L_0x7f7e4861e2f0 .functor AND 1, v0x7f7e4861d450_0, v0x7f7e4861cd00_0, C4<1>, C4<1>;
L_0x7f7e4861eba0 .functor AND 1, v0x7f7e4861d450_0, v0x7f7e4861d1b0_0, C4<1>, C4<1>;
v0x7f7e486055d0_0 .net/s *"_ivl_0", 31 0, L_0x7f7e4861e030;  1 drivers
L_0x7f7e48163050 .functor BUFT 1, C4<1>, C4<0>, C4<0>, C4<0>;
v0x7f7e4861b200_0 .net/2u *"_ivl_12", 0 0, L_0x7f7e48163050;  1 drivers
L_0x7f7e48163098 .functor BUFT 1, C4<0>, C4<0>, C4<0>, C4<0>;
v0x7f7e4861b2a0_0 .net/2u *"_ivl_14", 0 0, L_0x7f7e48163098;  1 drivers
L_0x7f7e481630e0 .functor BUFT 1, C4<0000000000000000000000000000000000000000000000000010011100001111>, C4<0>, C4<0>, C4<0>;
v0x7f7e4861b350_0 .net/2s *"_ivl_18", 63 0, L_0x7f7e481630e0;  1 drivers
L_0x7f7e48163128 .functor BUFT 1, C4<0000000000000000000000000000000000000000000000000000000000000001>, C4<0>, C4<0>, C4<0>;
v0x7f7e4861b400_0 .net/2s *"_ivl_22", 63 0, L_0x7f7e48163128;  1 drivers
L_0x7f7e48163170 .functor BUFT 1, C4<0000000000000000000000000000000000000000000000000000000000000000>, C4<0>, C4<0>, C4<0>;
v0x7f7e4861b4f0_0 .net/2s *"_ivl_26", 63 0, L_0x7f7e48163170;  1 drivers
L_0x7f7e481631b8 .functor BUFT 1, C4<0000000000000000000000000000000000000000000000000100111000011111>, C4<0>, C4<0>, C4<0>;
v0x7f7e4861b5a0_0 .net/2s *"_ivl_34", 63 0, L_0x7f7e481631b8;  1 drivers
L_0x7f7e48163200 .functor BUFT 1, C4<1>, C4<0>, C4<0>, C4<0>;
v0x7f7e4861b650_0 .net/2u *"_ivl_38", 0 0, L_0x7f7e48163200;  1 drivers
L_0x7f7e48163248 .functor BUFT 1, C4<0>, C4<0>, C4<0>, C4<0>;
v0x7f7e4861b700_0 .net/2u *"_ivl_40", 0 0, L_0x7f7e48163248;  1 drivers
L_0x7f7e48163290 .functor BUFT 1, C4<0000000000000000000000000000000000000000000000000100111000011111>, C4<0>, C4<0>, C4<0>;
v0x7f7e4861b810_0 .net/2s *"_ivl_44", 63 0, L_0x7f7e48163290;  1 drivers
L_0x7f7e481632d8 .functor BUFT 1, C4<0000000000000000000000000000000000000000000000000000000000000001>, C4<0>, C4<0>, C4<0>;
v0x7f7e4861b8c0_0 .net/2s *"_ivl_48", 63 0, L_0x7f7e481632d8;  1 drivers
L_0x7f7e48163320 .functor BUFT 1, C4<0000000000000000000000000000000000000000000000000000000000000000>, C4<0>, C4<0>, C4<0>;
v0x7f7e4861b970_0 .net/2s *"_ivl_52", 63 0, L_0x7f7e48163320;  1 drivers
L_0x7f7e48163368 .functor BUFT 1, C4<0000000000000000000000000000000000000000000000000000000000001001>, C4<0>, C4<0>, C4<0>;
v0x7f7e4861ba20_0 .net/2s *"_ivl_56", 63 0, L_0x7f7e48163368;  1 drivers
L_0x7f7e481633b0 .functor BUFT 1, C4<1>, C4<0>, C4<0>, C4<0>;
v0x7f7e4861bad0_0 .net/2u *"_ivl_60", 0 0, L_0x7f7e481633b0;  1 drivers
L_0x7f7e481633f8 .functor BUFT 1, C4<0>, C4<0>, C4<0>, C4<0>;
v0x7f7e4861bb80_0 .net/2u *"_ivl_62", 0 0, L_0x7f7e481633f8;  1 drivers
L_0x7f7e48163440 .functor BUFT 1, C4<0000000000000000000000000000000000000000000000000000000000001001>, C4<0>, C4<0>, C4<0>;
v0x7f7e4861bc30_0 .net/2s *"_ivl_66", 63 0, L_0x7f7e48163440;  1 drivers
L_0x7f7e48163488 .functor BUFT 1, C4<0000000000000000000000000000000000000000000000000000000000000001>, C4<0>, C4<0>, C4<0>;
v0x7f7e4861bce0_0 .net/2s *"_ivl_70", 63 0, L_0x7f7e48163488;  1 drivers
L_0x7f7e481634d0 .functor BUFT 1, C4<0000000000000000000000000000000000000000000000000000000000000000>, C4<0>, C4<0>, C4<0>;
v0x7f7e4861be70_0 .net/2s *"_ivl_74", 63 0, L_0x7f7e481634d0;  1 drivers
L_0x7f7e48163008 .functor BUFT 1, C4<0000000000000000000000000000000000000000000000000010011100001111>, C4<0>, C4<0>, C4<0>;
v0x7f7e4861bf00_0 .net/2s *"_ivl_8", 63 0, L_0x7f7e48163008;  1 drivers
v0x7f7e4861bfb0_0 .net/s "a", 31 0, v0x7f7e4861d9e0_0;  1 drivers
v0x7f7e4861c060_0 .net "b", 0 0, L_0x7f7e4861e2f0;  1 drivers
v0x7f7e4861c100_0 .net "b_0", 0 0, L_0x7f7e4861e4f0;  1 drivers
v0x7f7e4861c1a0_0 .net "b_1", 0 0, L_0x7f7e4861e7e0;  1 drivers
v0x7f7e4861c240_0 .net "b_2", 0 0, L_0x7f7e4861eba0;  1 drivers
v0x7f7e4861c2e0_0 .net "b_3", 0 0, L_0x7f7e4861ed80;  1 drivers
v0x7f7e4861c380_0 .net "b_4", 0 0, L_0x7f7e4861f040;  1 drivers
v0x7f7e4861c420_0 .net "b_5", 0 0, L_0x7f7e4861f3f0;  1 drivers
v0x7f7e4861c4c0_0 .net "b_6", 0 0, L_0x7f7e4861f670;  1 drivers
v0x7f7e4861c560_0 .net "clk", 0 0, v0x7f7e4861da70_0;  1 drivers
v0x7f7e4861c600_0 .net "en", 0 0, v0x7f7e4861db00_0;  1 drivers
v0x7f7e4861c6a0_0 .net "result", 128 0, L_0x7f7e4861e130;  1 drivers
v0x7f7e4861c750_0 .net "result_0", 0 0, L_0x7f7e4861fb00;  alias, 1 drivers
v0x7f7e4861c7f0_0 .net/s "result_1", 31 0, L_0x7f7e4861fbe0;  alias, 1 drivers
v0x7f7e4861bd90_0 .net/s "result_10", 31 0, L_0x7f7e4861e3a0;  1 drivers
v0x7f7e4861ca80_0 .var/s "result_11", 31 0;
v0x7f7e4861cb10_0 .net "result_12", 0 0, L_0x7f7e4861e650;  1 drivers
v0x7f7e4861cba0_0 .net/s "result_13", 63 0, L_0x7f7e4861ea80;  1 drivers
v0x7f7e4861cc50_0 .var/s "result_14", 63 0;
v0x7f7e4861cd00_0 .var "result_15", 0 0;
v0x7f7e4861cda0_0 .net/s "result_16", 31 0, L_0x7f7e4861ec10;  1 drivers
v0x7f7e4861ce50_0 .var/s "result_17", 31 0;
v0x7f7e4861cf00_0 .net "result_18", 0 0, L_0x7f7e4861eec0;  1 drivers
v0x7f7e4861cfa0_0 .net/s "result_19", 63 0, L_0x7f7e4861f2d0;  1 drivers
v0x7f7e4861d050_0 .net/s "result_2", 31 0, L_0x7f7e4861fa60;  alias, 1 drivers
v0x7f7e4861d100_0 .var/s "result_20", 63 0;
v0x7f7e4861d1b0_0 .var "result_21", 0 0;
v0x7f7e4861d250_0 .net "result_22", 0 0, L_0x7f7e4861f550;  1 drivers
v0x7f7e4861d2f0_0 .net/s "result_23", 63 0, L_0x7f7e4861f9c0;  1 drivers
v0x7f7e4861d3a0_0 .var/s "result_24", 63 0;
v0x7f7e4861d450_0 .var "result_25", 0 0;
v0x7f7e4861d4f0_0 .net/s "result_3", 31 0, L_0x7f7e4861fe30;  alias, 1 drivers
v0x7f7e4861d5a0_0 .net/s "result_4", 31 0, L_0x7f7e4861ff90;  alias, 1 drivers
v0x7f7e4861d650_0 .net "rst", 0 0, v0x7f7e4861df00_0;  1 drivers
v0x7f7e4861d6f0_0 .net/s "t", 63 0, L_0x7f7e4861e940;  1 drivers
v0x7f7e4861d7a0_0 .net/s "t_0", 63 0, L_0x7f7e4861f160;  1 drivers
v0x7f7e4861d850_0 .net/s "t_1", 63 0, L_0x7f7e4861f920;  1 drivers
E_0x7f7e48605e30 .event posedge, v0x7f7e4861d650_0, v0x7f7e4861c560_0;
L_0x7f7e4861e030 .arith/sum 32, v0x7f7e4861ca80_0, v0x7f7e4861ce50_0;
LS_0x7f7e4861e130_0_0 .concat [ 32 32 32 32], L_0x7f7e4861e030, v0x7f7e4861ce50_0, v0x7f7e4861ca80_0, v0x7f7e4861d9e0_0;
LS_0x7f7e4861e130_0_4 .concat [ 1 0 0 0], v0x7f7e4861d450_0;
L_0x7f7e4861e130 .concat [ 128 1 0 0], LS_0x7f7e4861e130_0_0, LS_0x7f7e4861e130_0_4;
L_0x7f7e4861e3a0 .functor MUXZ 32, v0x7f7e4861ca80_0, v0x7f7e4861d9e0_0, L_0x7f7e4861e2f0, C4<>;
L_0x7f7e4861e4f0 .cmp/eq 64, v0x7f7e4861cc50_0, L_0x7f7e48163008;
L_0x7f7e4861e650 .functor MUXZ 1, L_0x7f7e48163098, L_0x7f7e48163050, L_0x7f7e4861e4f0, C4<>;
L_0x7f7e4861e7e0 .cmp/gt.s 64, L_0x7f7e481630e0, v0x7f7e4861cc50_0;
L_0x7f7e4861e940 .arith/sum 64, v0x7f7e4861cc50_0, L_0x7f7e48163128;
L_0x7f7e4861ea80 .functor MUXZ 64, L_0x7f7e48163170, L_0x7f7e4861e940, L_0x7f7e4861e7e0, C4<>;
L_0x7f7e4861ec10 .functor MUXZ 32, v0x7f7e4861ce50_0, v0x7f7e4861d9e0_0, L_0x7f7e4861eba0, C4<>;
L_0x7f7e4861ed80 .cmp/eq 64, v0x7f7e4861d100_0, L_0x7f7e481631b8;
L_0x7f7e4861eec0 .functor MUXZ 1, L_0x7f7e48163248, L_0x7f7e48163200, L_0x7f7e4861ed80, C4<>;
L_0x7f7e4861f040 .cmp/gt.s 64, L_0x7f7e48163290, v0x7f7e4861d100_0;
L_0x7f7e4861f160 .arith/sum 64, v0x7f7e4861d100_0, L_0x7f7e481632d8;
L_0x7f7e4861f2d0 .functor MUXZ 64, L_0x7f7e48163320, L_0x7f7e4861f160, L_0x7f7e4861f040, C4<>;
L_0x7f7e4861f3f0 .cmp/eq 64, v0x7f7e4861d3a0_0, L_0x7f7e48163368;
L_0x7f7e4861f550 .functor MUXZ 1, L_0x7f7e481633f8, L_0x7f7e481633b0, L_0x7f7e4861f3f0, C4<>;
L_0x7f7e4861f670 .cmp/gt.s 64, L_0x7f7e48163440, v0x7f7e4861d3a0_0;
L_0x7f7e4861f920 .arith/sum 64, v0x7f7e4861d3a0_0, L_0x7f7e48163488;
L_0x7f7e4861f9c0 .functor MUXZ 64, L_0x7f7e481634d0, L_0x7f7e4861f920, L_0x7f7e4861f670, C4<>;
L_0x7f7e4861fb00 .part L_0x7f7e4861e130, 128, 1;
L_0x7f7e4861fbe0 .part L_0x7f7e4861e130, 96, 32;
L_0x7f7e4861fa60 .part L_0x7f7e4861e130, 64, 32;
L_0x7f7e4861fe30 .part L_0x7f7e4861e130, 32, 32;
L_0x7f7e4861ff90 .part L_0x7f7e4861e130, 0, 32;
S_0x7f7e4860ab70 .scope begin, "result_11_register" "result_11_register" 3 67, 3 67 0, S_0x7f7e4860a900;
 .timescale -13 -13;
S_0x7f7e4860ace0 .scope begin, "result_14_register" "result_14_register" 3 87, 3 87 0, S_0x7f7e4860a900;
 .timescale -13 -13;
S_0x7f7e4860ae50 .scope begin, "result_15_register" "result_15_register" 3 97, 3 97 0, S_0x7f7e4860a900;
 .timescale -13 -13;
S_0x7f7e4860afc0 .scope begin, "result_17_register" "result_17_register" 3 111, 3 111 0, S_0x7f7e4860a900;
 .timescale -13 -13;
S_0x7f7e4860b130 .scope begin, "result_20_register" "result_20_register" 3 131, 3 131 0, S_0x7f7e4860a900;
 .timescale -13 -13;
S_0x7f7e4860b2a0 .scope begin, "result_21_register" "result_21_register" 3 141, 3 141 0, S_0x7f7e4860a900;
 .timescale -13 -13;
S_0x7f7e4860b410 .scope begin, "result_24_register" "result_24_register" 3 161, 3 161 0, S_0x7f7e4860a900;
 .timescale -13 -13;
S_0x7f7e4860b580 .scope begin, "result_25_register" "result_25_register" 3 171, 3 171 0, S_0x7f7e4860a900;
 .timescale -13 -13;
    .scope S_0x7f7e4860a900;
T_0 ;
    %pushi/vec4 10, 0, 32;
    %store/vec4 v0x7f7e4861ca80_0, 0, 32;
    %pushi/vec4 0, 0, 64;
    %store/vec4 v0x7f7e4861cc50_0, 0, 64;
    %pushi/vec4 0, 0, 1;
    %store/vec4 v0x7f7e4861cd00_0, 0, 1;
    %pushi/vec4 10, 0, 32;
    %store/vec4 v0x7f7e4861ce50_0, 0, 32;
    %pushi/vec4 0, 0, 64;
    %store/vec4 v0x7f7e4861d100_0, 0, 64;
    %pushi/vec4 0, 0, 1;
    %store/vec4 v0x7f7e4861d1b0_0, 0, 1;
    %pushi/vec4 0, 0, 64;
    %store/vec4 v0x7f7e4861d3a0_0, 0, 64;
    %pushi/vec4 0, 0, 1;
    %store/vec4 v0x7f7e4861d450_0, 0, 1;
    %end;
    .thread T_0;
    .scope S_0x7f7e4860a900;
T_1 ;
    %wait E_0x7f7e48605e30;
    %fork t_1, S_0x7f7e4860ab70;
    %jmp t_0;
    .scope S_0x7f7e4860ab70;
t_1 ;
    %load/vec4 v0x7f7e4861d650_0;
    %flag_set/vec4 8;
    %jmp/0xz  T_1.0, 8;
    %pushi/vec4 10, 0, 32;
    %assign/vec4 v0x7f7e4861ca80_0, 0;
    %jmp T_1.1;
T_1.0 ;
    %load/vec4 v0x7f7e4861c600_0;
    %flag_set/vec4 8;
    %jmp/0xz  T_1.2, 8;
    %load/vec4 v0x7f7e4861bd90_0;
    %assign/vec4 v0x7f7e4861ca80_0, 0;
T_1.2 ;
T_1.1 ;
    %end;
    .scope S_0x7f7e4860a900;
t_0 %join;
    %jmp T_1;
    .thread T_1;
    .scope S_0x7f7e4860a900;
T_2 ;
    %wait E_0x7f7e48605e30;
    %fork t_3, S_0x7f7e4860ace0;
    %jmp t_2;
    .scope S_0x7f7e4860ace0;
t_3 ;
    %load/vec4 v0x7f7e4861d650_0;
    %flag_set/vec4 8;
    %jmp/0xz  T_2.0, 8;
    %pushi/vec4 0, 0, 64;
    %assign/vec4 v0x7f7e4861cc50_0, 0;
    %jmp T_2.1;
T_2.0 ;
    %load/vec4 v0x7f7e4861c600_0;
    %flag_set/vec4 8;
    %jmp/0xz  T_2.2, 8;
    %load/vec4 v0x7f7e4861cba0_0;
    %assign/vec4 v0x7f7e4861cc50_0, 0;
T_2.2 ;
T_2.1 ;
    %end;
    .scope S_0x7f7e4860a900;
t_2 %join;
    %jmp T_2;
    .thread T_2;
    .scope S_0x7f7e4860a900;
T_3 ;
    %wait E_0x7f7e48605e30;
    %fork t_5, S_0x7f7e4860ae50;
    %jmp t_4;
    .scope S_0x7f7e4860ae50;
t_5 ;
    %load/vec4 v0x7f7e4861d650_0;
    %flag_set/vec4 8;
    %jmp/0xz  T_3.0, 8;
    %pushi/vec4 0, 0, 1;
    %assign/vec4 v0x7f7e4861cd00_0, 0;
    %jmp T_3.1;
T_3.0 ;
    %load/vec4 v0x7f7e4861c600_0;
    %flag_set/vec4 8;
    %jmp/0xz  T_3.2, 8;
    %load/vec4 v0x7f7e4861cb10_0;
    %assign/vec4 v0x7f7e4861cd00_0, 0;
T_3.2 ;
T_3.1 ;
    %end;
    .scope S_0x7f7e4860a900;
t_4 %join;
    %jmp T_3;
    .thread T_3;
    .scope S_0x7f7e4860a900;
T_4 ;
    %wait E_0x7f7e48605e30;
    %fork t_7, S_0x7f7e4860afc0;
    %jmp t_6;
    .scope S_0x7f7e4860afc0;
t_7 ;
    %load/vec4 v0x7f7e4861d650_0;
    %flag_set/vec4 8;
    %jmp/0xz  T_4.0, 8;
    %pushi/vec4 10, 0, 32;
    %assign/vec4 v0x7f7e4861ce50_0, 0;
    %jmp T_4.1;
T_4.0 ;
    %load/vec4 v0x7f7e4861c600_0;
    %flag_set/vec4 8;
    %jmp/0xz  T_4.2, 8;
    %load/vec4 v0x7f7e4861cda0_0;
    %assign/vec4 v0x7f7e4861ce50_0, 0;
T_4.2 ;
T_4.1 ;
    %end;
    .scope S_0x7f7e4860a900;
t_6 %join;
    %jmp T_4;
    .thread T_4;
    .scope S_0x7f7e4860a900;
T_5 ;
    %wait E_0x7f7e48605e30;
    %fork t_9, S_0x7f7e4860b130;
    %jmp t_8;
    .scope S_0x7f7e4860b130;
t_9 ;
    %load/vec4 v0x7f7e4861d650_0;
    %flag_set/vec4 8;
    %jmp/0xz  T_5.0, 8;
    %pushi/vec4 0, 0, 64;
    %assign/vec4 v0x7f7e4861d100_0, 0;
    %jmp T_5.1;
T_5.0 ;
    %load/vec4 v0x7f7e4861c600_0;
    %flag_set/vec4 8;
    %jmp/0xz  T_5.2, 8;
    %load/vec4 v0x7f7e4861cfa0_0;
    %assign/vec4 v0x7f7e4861d100_0, 0;
T_5.2 ;
T_5.1 ;
    %end;
    .scope S_0x7f7e4860a900;
t_8 %join;
    %jmp T_5;
    .thread T_5;
    .scope S_0x7f7e4860a900;
T_6 ;
    %wait E_0x7f7e48605e30;
    %fork t_11, S_0x7f7e4860b2a0;
    %jmp t_10;
    .scope S_0x7f7e4860b2a0;
t_11 ;
    %load/vec4 v0x7f7e4861d650_0;
    %flag_set/vec4 8;
    %jmp/0xz  T_6.0, 8;
    %pushi/vec4 0, 0, 1;
    %assign/vec4 v0x7f7e4861d1b0_0, 0;
    %jmp T_6.1;
T_6.0 ;
    %load/vec4 v0x7f7e4861c600_0;
    %flag_set/vec4 8;
    %jmp/0xz  T_6.2, 8;
    %load/vec4 v0x7f7e4861cf00_0;
    %assign/vec4 v0x7f7e4861d1b0_0, 0;
T_6.2 ;
T_6.1 ;
    %end;
    .scope S_0x7f7e4860a900;
t_10 %join;
    %jmp T_6;
    .thread T_6;
    .scope S_0x7f7e4860a900;
T_7 ;
    %wait E_0x7f7e48605e30;
    %fork t_13, S_0x7f7e4860b410;
    %jmp t_12;
    .scope S_0x7f7e4860b410;
t_13 ;
    %load/vec4 v0x7f7e4861d650_0;
    %flag_set/vec4 8;
    %jmp/0xz  T_7.0, 8;
    %pushi/vec4 0, 0, 64;
    %assign/vec4 v0x7f7e4861d3a0_0, 0;
    %jmp T_7.1;
T_7.0 ;
    %load/vec4 v0x7f7e4861c600_0;
    %flag_set/vec4 8;
    %jmp/0xz  T_7.2, 8;
    %load/vec4 v0x7f7e4861d2f0_0;
    %assign/vec4 v0x7f7e4861d3a0_0, 0;
T_7.2 ;
T_7.1 ;
    %end;
    .scope S_0x7f7e4860a900;
t_12 %join;
    %jmp T_7;
    .thread T_7;
    .scope S_0x7f7e4860a900;
T_8 ;
    %wait E_0x7f7e48605e30;
    %fork t_15, S_0x7f7e4860b580;
    %jmp t_14;
    .scope S_0x7f7e4860b580;
t_15 ;
    %load/vec4 v0x7f7e4861d650_0;
    %flag_set/vec4 8;
    %jmp/0xz  T_8.0, 8;
    %pushi/vec4 0, 0, 1;
    %assign/vec4 v0x7f7e4861d450_0, 0;
    %jmp T_8.1;
T_8.0 ;
    %load/vec4 v0x7f7e4861c600_0;
    %flag_set/vec4 8;
    %jmp/0xz  T_8.2, 8;
    %load/vec4 v0x7f7e4861d250_0;
    %assign/vec4 v0x7f7e4861d450_0, 0;
T_8.2 ;
T_8.1 ;
    %end;
    .scope S_0x7f7e4860a900;
t_14 %join;
    %jmp T_8;
    .thread T_8;
    .scope S_0x7f7e4860a790;
T_9 ;
    %delay 50000, 0;
    %load/vec4 v0x7f7e4861da70_0;
    %inv;
    %store/vec4 v0x7f7e4861da70_0, 0, 1;
    %jmp T_9;
    .thread T_9;
    .scope S_0x7f7e4860a790;
T_10 ;
    %vpi_call 2 24 "$printtimescale", S_0x7f7e4860a790 {0 0 0};
    %end;
    .thread T_10;
    .scope S_0x7f7e4860a790;
T_11 ;
    %pushi/vec4 0, 0, 1;
    %store/vec4 v0x7f7e4861da70_0, 0, 1;
    %pushi/vec4 0, 0, 1;
    %store/vec4 v0x7f7e4861df00_0, 0, 1;
    %pushi/vec4 1, 0, 1;
    %store/vec4 v0x7f7e4861db00_0, 0, 1;
    %pushi/vec4 0, 0, 32;
    %store/vec4 v0x7f7e4861d9e0_0, 0, 32;
    %delay 1000000000, 0;
    %pushi/vec4 0, 0, 1;
    %store/vec4 v0x7f7e4861df00_0, 0, 1;
    %pushi/vec4 1, 0, 32;
    %store/vec4 v0x7f7e4861d9e0_0, 0, 32;
    %vpi_call 2 38 "$display", "time: %t, eval: %b, a: %d, b: %d, c: %d, d: %d", $time, v0x7f7e4861db90_0, v0x7f7e4861dc20_0, v0x7f7e4861dcf0_0, v0x7f7e4861dda0_0, v0x7f7e4861de50_0 {0 0 0};
    %delay 1000000000, 0;
    %pushi/vec4 2, 0, 32;
    %store/vec4 v0x7f7e4861d9e0_0, 0, 32;
    %vpi_call 2 42 "$display", "time: %t, eval: %b, a: %d, b: %d, c: %d, d: %d", $time, v0x7f7e4861db90_0, v0x7f7e4861dc20_0, v0x7f7e4861dcf0_0, v0x7f7e4861dda0_0, v0x7f7e4861de50_0 {0 0 0};
    %delay 1000000000, 0;
    %pushi/vec4 3, 0, 32;
    %store/vec4 v0x7f7e4861d9e0_0, 0, 32;
    %vpi_call 2 46 "$display", "time: %t, eval: %b, a: %d, b: %d, c: %d, d: %d", $time, v0x7f7e4861db90_0, v0x7f7e4861dc20_0, v0x7f7e4861dcf0_0, v0x7f7e4861dda0_0, v0x7f7e4861de50_0 {0 0 0};
    %delay 1000000000, 0;
    %pushi/vec4 4, 0, 32;
    %store/vec4 v0x7f7e4861d9e0_0, 0, 32;
    %vpi_call 2 50 "$display", "time: %t, eval: %b, a: %d, b: %d, c: %d, d: %d", $time, v0x7f7e4861db90_0, v0x7f7e4861dc20_0, v0x7f7e4861dcf0_0, v0x7f7e4861dda0_0, v0x7f7e4861de50_0 {0 0 0};
    %delay 1000000000, 0;
    %pushi/vec4 5, 0, 32;
    %store/vec4 v0x7f7e4861d9e0_0, 0, 32;
    %vpi_call 2 54 "$display", "time: %t, eval: %b, a: %d, b: %d, c: %d, d: %d", $time, v0x7f7e4861db90_0, v0x7f7e4861dc20_0, v0x7f7e4861dcf0_0, v0x7f7e4861dda0_0, v0x7f7e4861de50_0 {0 0 0};
    %delay 1000000000, 0;
    %pushi/vec4 6, 0, 32;
    %store/vec4 v0x7f7e4861d9e0_0, 0, 32;
    %vpi_call 2 58 "$display", "time: %t, eval: %b, a: %d, b: %d, c: %d, d: %d", $time, v0x7f7e4861db90_0, v0x7f7e4861dc20_0, v0x7f7e4861dcf0_0, v0x7f7e4861dda0_0, v0x7f7e4861de50_0 {0 0 0};
    %delay 1000000000, 0;
    %pushi/vec4 7, 0, 32;
    %store/vec4 v0x7f7e4861d9e0_0, 0, 32;
    %vpi_call 2 62 "$display", "time: %t, eval: %b, a: %d, b: %d, c: %d, d: %d", $time, v0x7f7e4861db90_0, v0x7f7e4861dc20_0, v0x7f7e4861dcf0_0, v0x7f7e4861dda0_0, v0x7f7e4861de50_0 {0 0 0};
    %delay 1000000000, 0;
    %pushi/vec4 8, 0, 32;
    %store/vec4 v0x7f7e4861d9e0_0, 0, 32;
    %vpi_call 2 66 "$display", "time: %t, eval: %b, a: %d, b: %d, c: %d, d: %d", $time, v0x7f7e4861db90_0, v0x7f7e4861dc20_0, v0x7f7e4861dcf0_0, v0x7f7e4861dda0_0, v0x7f7e4861de50_0 {0 0 0};
    %delay 1000000000, 0;
    %pushi/vec4 9, 0, 32;
    %store/vec4 v0x7f7e4861d9e0_0, 0, 32;
    %vpi_call 2 70 "$display", "time: %t, eval: %b, a: %d, b: %d, c: %d, d: %d", $time, v0x7f7e4861db90_0, v0x7f7e4861dc20_0, v0x7f7e4861dcf0_0, v0x7f7e4861dda0_0, v0x7f7e4861de50_0 {0 0 0};
    %delay 1000000000, 0;
    %pushi/vec4 10, 0, 32;
    %store/vec4 v0x7f7e4861d9e0_0, 0, 32;
    %vpi_call 2 74 "$display", "time: %t, eval: %b, a: %d, b: %d, c: %d, d: %d", $time, v0x7f7e4861db90_0, v0x7f7e4861dc20_0, v0x7f7e4861dcf0_0, v0x7f7e4861dda0_0, v0x7f7e4861de50_0 {0 0 0};
    %delay 1000000000, 0;
    %pushi/vec4 11, 0, 32;
    %store/vec4 v0x7f7e4861d9e0_0, 0, 32;
    %vpi_call 2 78 "$display", "time: %t, eval: %b, a: %d, b: %d, c: %d, d: %d", $time, v0x7f7e4861db90_0, v0x7f7e4861dc20_0, v0x7f7e4861dcf0_0, v0x7f7e4861dda0_0, v0x7f7e4861de50_0 {0 0 0};
    %delay 1000000000, 0;
    %pushi/vec4 12, 0, 32;
    %store/vec4 v0x7f7e4861d9e0_0, 0, 32;
    %vpi_call 2 82 "$display", "time: %t, eval: %b, a: %d, b: %d, c: %d, d: %d", $time, v0x7f7e4861db90_0, v0x7f7e4861dc20_0, v0x7f7e4861dcf0_0, v0x7f7e4861dda0_0, v0x7f7e4861de50_0 {0 0 0};
    %delay 1000000000, 0;
    %pushi/vec4 13, 0, 32;
    %store/vec4 v0x7f7e4861d9e0_0, 0, 32;
    %vpi_call 2 86 "$display", "time: %t, eval: %b, a: %d, b: %d, c: %d, d: %d", $time, v0x7f7e4861db90_0, v0x7f7e4861dc20_0, v0x7f7e4861dcf0_0, v0x7f7e4861dda0_0, v0x7f7e4861de50_0 {0 0 0};
    %delay 1000000000, 0;
    %vpi_call 2 89 "$finish" {0 0 0};
    %end;
    .thread T_11;
# The file index is used to find the file name in the following table.
:file_names 4;
    "N/A";
    "<interactive>";
    "test_generated_diff_freqs_simple.v";
    "./verilog/DiffFreqsSimple.topEntity/topEntity.v";
