#! /usr/local/Cellar/icarus-verilog/12.0/bin/vvp
:ivl_version "12.0 (stable)";
:ivl_delay_selection "TYPICAL";
:vpi_time_precision - 13;
:vpi_module "/usr/local/Cellar/icarus-verilog/12.0/lib/ivl/system.vpi";
:vpi_module "/usr/local/Cellar/icarus-verilog/12.0/lib/ivl/vhdl_sys.vpi";
:vpi_module "/usr/local/Cellar/icarus-verilog/12.0/lib/ivl/vhdl_textio.vpi";
:vpi_module "/usr/local/Cellar/icarus-verilog/12.0/lib/ivl/v2005_math.vpi";
:vpi_module "/usr/local/Cellar/icarus-verilog/12.0/lib/ivl/va_math.vpi";
S_0x7f8b3480e2e0 .scope module, "testbench" "testbench" 2 2;
 .timescale -6 -9;
v0x7f8b34825be0_0 .var "clk", 0 0;
v0x7f8b34825c70_0 .var "en", 0 0;
v0x7f8b34825d00_0 .var/s "input_a", 7 0;
v0x7f8b34825d90_0 .var "new_input", 0 0;
v0x7f8b34825e20_0 .net/s "output_b", 7 0, L_0x7f8b3482b1b0;  1 drivers
v0x7f8b34825ef0_0 .net "output_b_aktv", 0 0, L_0x7f8b3482b800;  1 drivers
v0x7f8b34825fa0_0 .net/s "output_c", 7 0, L_0x7f8b3482b8a0;  1 drivers
v0x7f8b34826050_0 .net "output_c_aktv", 0 0, L_0x7f8b3482b5a0;  1 drivers
v0x7f8b34826100_0 .var "rst", 0 0;
S_0x7f8b3480e590 .scope module, "monitor" "topEntity" 2 15, 3 6 0, S_0x7f8b3480e2e0;
 .timescale -13 -13;
    .port_info 0 /INPUT 1 "clk";
    .port_info 1 /INPUT 1 "rst";
    .port_info 2 /INPUT 1 "en";
    .port_info 3 /INPUT 8 "input0_0";
    .port_info 4 /INPUT 1 "input0_1";
    .port_info 5 /OUTPUT 8 "result_0_0";
    .port_info 6 /OUTPUT 1 "result_0_1";
    .port_info 7 /OUTPUT 8 "result_1_0";
    .port_info 8 /OUTPUT 1 "result_1_1";
L_0x7f8b34826850 .functor OR 1, L_0x7f8b34826b90, L_0x7f8b34826b90, C4<0>, C4<0>;
L_0x7f8b348276b0 .functor AND 1, L_0x7f8b348279f0, L_0x7f8b34827e30, C4<1>, C4<1>;
L_0x7f8b34828120 .functor AND 1, L_0x7f8b34828460, L_0x7f8b34827e30, C4<1>, C4<1>;
L_0x7f8b34829b30 .functor BUFZ 10, L_0x7f8b34829cd0, C4<0000000000>, C4<0000000000>, C4<0000000000>;
L_0x7f8b3482ad00 .functor BUFZ 64, v0x7f8b34823dd0_0, C4<0000000000000000000000000000000000000000000000000000000000000000>, C4<0000000000000000000000000000000000000000000000000000000000000000>, C4<0000000000000000000000000000000000000000000000000000000000000000>;
v0x7f8b34810760_0 .net *"_ivl_10", 9 0, L_0x7f8b34826900;  1 drivers
L_0x7f8b34b63320 .functor BUFT 1, C4<1>, C4<0>, C4<0>, C4<0>;
v0x7f8b34820810_0 .net/2u *"_ivl_100", 0 0, L_0x7f8b34b63320;  1 drivers
L_0x7f8b34b63368 .functor BUFT 1, C4<0000000000000000000000000000000000000000000000000000000000000010>, C4<0>, C4<0>, C4<0>;
v0x7f8b348208c0_0 .net/2s *"_ivl_108", 63 0, L_0x7f8b34b63368;  1 drivers
v0x7f8b34820980_0 .net *"_ivl_110", 0 0, L_0x7f8b34829170;  1 drivers
L_0x7f8b34b633b0 .functor BUFT 1, C4<0000000000000000000000000000000000000000000000000000000000000001>, C4<0>, C4<0>, C4<0>;
v0x7f8b34820a20_0 .net/2s *"_ivl_112", 63 0, L_0x7f8b34b633b0;  1 drivers
L_0x7f8b34b633f8 .functor BUFT 1, C4<0000000000000000000000000000000000000000000000000000000000000000>, C4<0>, C4<0>, C4<0>;
v0x7f8b34820b10_0 .net/2s *"_ivl_114", 63 0, L_0x7f8b34b633f8;  1 drivers
L_0x7f8b34b63440 .functor BUFT 1, C4<0000000000000000000000000000000000000000000000000000000000000>, C4<0>, C4<0>, C4<0>;
v0x7f8b34820bc0_0 .net *"_ivl_123", 60 0, L_0x7f8b34b63440;  1 drivers
L_0x7f8b34b63488 .functor BUFT 1, C4<010>, C4<0>, C4<0>, C4<0>;
v0x7f8b34820c70_0 .net/2u *"_ivl_124", 2 0, L_0x7f8b34b63488;  1 drivers
L_0x7f8b34b634d0 .functor BUFT 1, C4<000>, C4<0>, C4<0>, C4<0>;
v0x7f8b34820d20_0 .net/2u *"_ivl_126", 2 0, L_0x7f8b34b634d0;  1 drivers
v0x7f8b34820e30_0 .net *"_ivl_131", 9 0, L_0x7f8b34829510;  1 drivers
L_0x7f8b34b63518 .functor BUFT 1, C4<0000000000>, C4<0>, C4<0>, C4<0>;
v0x7f8b34820ee0_0 .net/2u *"_ivl_138", 9 0, L_0x7f8b34b63518;  1 drivers
v0x7f8b34820f90_0 .net *"_ivl_142", 9 0, L_0x7f8b34829cd0;  1 drivers
L_0x7f8b34b63560 .functor BUFT 1, C4<0>, C4<0>, C4<0>, C4<0>;
v0x7f8b34821040_0 .net/2u *"_ivl_146", 0 0, L_0x7f8b34b63560;  1 drivers
L_0x7f8b34b635a8 .functor BUFT 1, C4<0>, C4<0>, C4<0>, C4<0>;
v0x7f8b348210f0_0 .net/2u *"_ivl_150", 0 0, L_0x7f8b34b635a8;  1 drivers
v0x7f8b348211a0_0 .net *"_ivl_159", 59 0, L_0x7f8b3482a040;  1 drivers
v0x7f8b34821250_0 .net *"_ivl_16", 8 0, L_0x7f8b34826cb0;  1 drivers
L_0x7f8b34b635f0 .functor BUFT 1, C4<0000000000000000000000000000000000000000000000000000000000000001>, C4<0>, C4<0>, C4<0>;
v0x7f8b34821300_0 .net/2s *"_ivl_170", 63 0, L_0x7f8b34b635f0;  1 drivers
v0x7f8b34821490_0 .net/s *"_ivl_172", 63 0, L_0x7f8b3482a9c0;  1 drivers
L_0x7f8b34b63638 .functor BUFT 1, C4<0000000000000000000000000000000000000000000000000000000000000110>, C4<0>, C4<0>, C4<0>;
v0x7f8b34821520_0 .net/2s *"_ivl_176", 63 0, L_0x7f8b34b63638;  1 drivers
v0x7f8b348215d0_0 .net *"_ivl_178", 0 0, L_0x7f8b3482a840;  1 drivers
v0x7f8b34821670_0 .net *"_ivl_18", 8 0, L_0x7f8b34826db0;  1 drivers
L_0x7f8b34b63680 .functor BUFT 1, C4<0000000000000000000000000000000000000000000000000000000000000001>, C4<0>, C4<0>, C4<0>;
v0x7f8b34821720_0 .net/2s *"_ivl_180", 63 0, L_0x7f8b34b63680;  1 drivers
L_0x7f8b34b636c8 .functor BUFT 1, C4<0000000000000000000000000000000000000000000000000000000000000000>, C4<0>, C4<0>, C4<0>;
v0x7f8b348217d0_0 .net/2s *"_ivl_182", 63 0, L_0x7f8b34b636c8;  1 drivers
L_0x7f8b34b63710 .functor BUFT 1, C4<0000000000000000000000000000000000000000000000000000000000000001>, C4<0>, C4<0>, C4<0>;
v0x7f8b34821880_0 .net/2s *"_ivl_194", 63 0, L_0x7f8b34b63710;  1 drivers
v0x7f8b34821930_0 .net *"_ivl_20", 17 0, L_0x7f8b34826e50;  1 drivers
L_0x7f8b34b63008 .functor BUFT 1, C4<01100100>, C4<0>, C4<0>, C4<0>;
v0x7f8b348219e0_0 .net/2s *"_ivl_24", 7 0, L_0x7f8b34b63008;  1 drivers
L_0x7f8b34b63050 .functor BUFT 1, C4<0000000000000000000000000000000000000000000000000000000000000100>, C4<0>, C4<0>, C4<0>;
v0x7f8b34821a90_0 .net/2s *"_ivl_38", 63 0, L_0x7f8b34b63050;  1 drivers
v0x7f8b34821b40_0 .net *"_ivl_40", 0 0, L_0x7f8b34827720;  1 drivers
L_0x7f8b34b63098 .functor BUFT 1, C4<0000000000000000000000000000000000000000000000000000000000000001>, C4<0>, C4<0>, C4<0>;
v0x7f8b34821be0_0 .net/2s *"_ivl_42", 63 0, L_0x7f8b34b63098;  1 drivers
L_0x7f8b34b630e0 .functor BUFT 1, C4<0000000000000000000000000000000000000000000000000000000000000000>, C4<0>, C4<0>, C4<0>;
v0x7f8b34821c90_0 .net/2s *"_ivl_44", 63 0, L_0x7f8b34b630e0;  1 drivers
L_0x7f8b34b63128 .functor BUFT 1, C4<00001010>, C4<0>, C4<0>, C4<0>;
v0x7f8b34821d40_0 .net/2s *"_ivl_50", 7 0, L_0x7f8b34b63128;  1 drivers
L_0x7f8b34b63170 .functor BUFT 1, C4<0000000000000000000000000000000000000000000000000000000000000011>, C4<0>, C4<0>, C4<0>;
v0x7f8b34821df0_0 .net/2s *"_ivl_66", 63 0, L_0x7f8b34b63170;  1 drivers
v0x7f8b34821ea0_0 .net *"_ivl_68", 0 0, L_0x7f8b34828190;  1 drivers
L_0x7f8b34b631b8 .functor BUFT 1, C4<0000000000000000000000000000000000000000000000000000000000000001>, C4<0>, C4<0>, C4<0>;
v0x7f8b348213a0_0 .net/2s *"_ivl_70", 63 0, L_0x7f8b34b631b8;  1 drivers
L_0x7f8b34b63200 .functor BUFT 1, C4<0000000000000000000000000000000000000000000000000000000000000000>, C4<0>, C4<0>, C4<0>;
v0x7f8b34822130_0 .net/2s *"_ivl_72", 63 0, L_0x7f8b34b63200;  1 drivers
L_0x7f8b34b63248 .functor BUFT 1, C4<0000000000000000000000000000000000000000000000000000000000000000>, C4<0>, C4<0>, C4<0>;
v0x7f8b348221c0_0 .net/2s *"_ivl_78", 63 0, L_0x7f8b34b63248;  1 drivers
v0x7f8b34822250_0 .net *"_ivl_8", 0 0, L_0x7f8b34826850;  1 drivers
v0x7f8b34822300_0 .net *"_ivl_80", 0 0, L_0x7f8b34828680;  1 drivers
L_0x7f8b34b63290 .functor BUFT 1, C4<0000000000000000000000000000000000000000000000000000000000000001>, C4<0>, C4<0>, C4<0>;
v0x7f8b348223a0_0 .net/2s *"_ivl_82", 63 0, L_0x7f8b34b63290;  1 drivers
L_0x7f8b34b632d8 .functor BUFT 1, C4<0000000000000000000000000000000000000000000000000000000000000000>, C4<0>, C4<0>, C4<0>;
v0x7f8b34822450_0 .net/2s *"_ivl_84", 63 0, L_0x7f8b34b632d8;  1 drivers
v0x7f8b34822500_0 .net *"_ivl_93", 7 0, L_0x7f8b348287c0;  1 drivers
v0x7f8b348225b0_0 .net/s "a#", 63 0, L_0x7f8b34829290;  1 drivers
v0x7f8b34822660_0 .net "b", 0 0, L_0x7f8b348272e0;  1 drivers
v0x7f8b34822700_0 .net "b_0", 0 0, L_0x7f8b34827d50;  1 drivers
v0x7f8b348227a0_0 .var "buffer", 59 0;
v0x7f8b34822850_0 .net "c$app_arg", 0 0, L_0x7f8b348276b0;  1 drivers
v0x7f8b348228f0_0 .net "c$app_arg_0", 0 0, L_0x7f8b34828120;  1 drivers
v0x7f8b34822990_0 .var "c$app_arg_1", 9 0;
v0x7f8b34822a40_0 .var "c$app_arg_2", 0 0;
v0x7f8b34822ae0_0 .var "c$app_arg_3", 0 0;
v0x7f8b34822b80_0 .net "c$buffer_case_alt", 59 0, L_0x7f8b34829df0;  1 drivers
v0x7f8b34822c30_0 .net "c$buffer_case_alt_0", 59 0, L_0x7f8b3482a0e0;  1 drivers
v0x7f8b34822ce0_0 .net "c$buffer_case_alt_sel_alt_t_1", 69 0, L_0x7f8b3482a200;  1 drivers
v0x7f8b34822d90_0 .net "c$case_alt", 9 0, L_0x7f8b34829840;  1 drivers
v0x7f8b34822e40_0 .var "c$case_alt_0", 9 0;
v0x7f8b34822ef0_0 .net "c$case_alt_1", 9 0, L_0x7f8b34829b30;  1 drivers
v0x7f8b34822fa0_0 .net "c$case_alt_2", 0 0, L_0x7f8b34829c00;  1 drivers
v0x7f8b34823040_0 .var "c$case_alt_3", 0 0;
v0x7f8b348230e0_0 .net "c$case_alt_4", 0 0, L_0x7f8b34829fa0;  1 drivers
v0x7f8b34823180_0 .net/s "c$cursor_case_alt", 63 0, L_0x7f8b3482a720;  1 drivers
v0x7f8b34823230_0 .net/s "c$cursor_case_alt_0", 63 0, L_0x7f8b3482a4e0;  1 drivers
v0x7f8b348232e0_0 .var/s "c$cursor_case_alt_1", 63 0;
v0x7f8b34823390_0 .net/s "c$cursor_case_alt_2", 63 0, L_0x7f8b3482aac0;  1 drivers
v0x7f8b34823440_0 .net/s "c$cursor_case_alt_3", 63 0, L_0x7f8b3482b070;  1 drivers
v0x7f8b348234f0_0 .var/s "c$cursor_case_alt_4", 63 0;
v0x7f8b34821f50_0 .net/s "c$cursor_case_alt_5", 63 0, L_0x7f8b3482af70;  1 drivers
v0x7f8b34822000_0 .net "c$cursor_case_scrut", 0 0, L_0x7f8b3482abe0;  1 drivers
v0x7f8b348220a0_0 .net "c$eventInfo_app_arg", 9 0, L_0x7f8b348295b0;  1 drivers
v0x7f8b348235a0_0 .var "c$state_app_arg", 2 0;
v0x7f8b34823650_0 .net "c$state_case_alt", 2 0, L_0x7f8b34829780;  1 drivers
v0x7f8b34823700_0 .net/s "c$tte_rhs", 63 0, L_0x7f8b34827840;  1 drivers
v0x7f8b348237b0_0 .net/s "c$tte_rhs_0", 63 0, L_0x7f8b34828040;  1 drivers
v0x7f8b34823860_0 .net/s "c$tte_rhs_1", 63 0, L_0x7f8b34828720;  1 drivers
v0x7f8b34823910_0 .net/s "c$tte_rhs_2", 63 0, L_0x7f8b34829020;  1 drivers
v0x7f8b348239c0_0 .net/s "c$tte_rhs_3", 63 0, L_0x7f8b3482ad70;  1 drivers
v0x7f8b34823a70_0 .net "c$vec", 1 0, L_0x7f8b34827220;  1 drivers
v0x7f8b34823b20_0 .net "c$vec_0", 15 0, L_0x7f8b34827490;  1 drivers
v0x7f8b34823bd0_0 .net "c$vec_1", 1 0, L_0x7f8b34827cb0;  1 drivers
v0x7f8b34823c80_0 .net "c$vec_2", 15 0, L_0x7f8b34827f00;  1 drivers
v0x7f8b34823d30_0 .net "clk", 0 0, v0x7f8b34825be0_0;  1 drivers
v0x7f8b34823dd0_0 .var/s "cursor", 63 0;
v0x7f8b34823e80_0 .var "dataOut", 15 0;
v0x7f8b34823f30_0 .net "en", 0 0, v0x7f8b34825c70_0;  1 drivers
v0x7f8b34823fd0_0 .var "eventInfo", 9 0;
v0x7f8b34824080_0 .net "input0", 8 0, L_0x7f8b348266f0;  1 drivers
v0x7f8b34824130_0 .net/s "input0_0", 7 0, v0x7f8b34825d00_0;  1 drivers
v0x7f8b348241e0_0 .net "input0_1", 0 0, v0x7f8b34825d90_0;  1 drivers
v0x7f8b34824280_0 .net "isValidEvent", 0 0, L_0x7f8b348299b0;  1 drivers
v0x7f8b34824320_0 .net "newA", 0 0, L_0x7f8b34826b90;  1 drivers
v0x7f8b348243c0_0 .net "pacingA", 0 0, L_0x7f8b34827e30;  1 drivers
v0x7f8b34824460_0 .net "pop", 0 0, L_0x7f8b3482aed0;  1 drivers
v0x7f8b34824500_0 .net "push", 0 0, L_0x7f8b3482a3c0;  1 drivers
v0x7f8b348245a0_0 .net "qData", 9 0, L_0x7f8b3482a600;  1 drivers
v0x7f8b34824650_0 .net "result", 17 0, L_0x7f8b3482b460;  1 drivers
v0x7f8b34824700_0 .net "result_0", 8 0, L_0x7f8b3482b500;  1 drivers
v0x7f8b348247b0_0 .net/s "result_0_0", 7 0, L_0x7f8b3482b1b0;  alias, 1 drivers
v0x7f8b34824860_0 .net "result_0_1", 0 0, L_0x7f8b3482b800;  alias, 1 drivers
v0x7f8b34824900_0 .net "result_1", 8 0, L_0x7f8b3482b110;  1 drivers
v0x7f8b348249b0_0 .net "result_10", 15 0, L_0x7f8b34828d60;  1 drivers
v0x7f8b34824a60_0 .net "result_11", 1 0, L_0x7f8b34828e00;  1 drivers
v0x7f8b34824b10_0 .net "result_12", 0 0, L_0x7f8b34829430;  1 drivers
v0x7f8b34824bb0_0 .net "result_13", 11 0, L_0x7f8b34829a90;  1 drivers
v0x7f8b34824c60_0 .net/s "result_1_0", 7 0, L_0x7f8b3482b8a0;  alias, 1 drivers
v0x7f8b34824d10_0 .net "result_1_1", 0 0, L_0x7f8b3482b5a0;  alias, 1 drivers
v0x7f8b34824db0_0 .net "result_2", 10 0, L_0x7f8b34826a00;  1 drivers
v0x7f8b34824e60_0 .net "result_3", 18 0, L_0x7f8b34827020;  1 drivers
v0x7f8b34824f10_0 .net/s "result_4", 7 0, L_0x7f8b348270c0;  1 drivers
v0x7f8b34824fc0_0 .net "result_5", 0 0, L_0x7f8b348279f0;  1 drivers
v0x7f8b34825060_0 .net/s "result_6", 7 0, L_0x7f8b34827b50;  1 drivers
v0x7f8b34825110_0 .net "result_7", 0 0, L_0x7f8b34828460;  1 drivers
v0x7f8b348251b0_0 .net "result_8", 0 0, L_0x7f8b348285c0;  1 drivers
v0x7f8b34825250_0 .net "result_9", 17 0, L_0x7f8b34828950;  1 drivers
v0x7f8b34825300_0 .net "rst", 0 0, v0x7f8b34826100_0;  1 drivers
v0x7f8b348253a0_0 .var "state", 2 0;
v0x7f8b34825450_0 .net/s "t", 7 0, L_0x7f8b34827530;  1 drivers
v0x7f8b34825500_0 .net/s "t_0", 7 0, L_0x7f8b34827fa0;  1 drivers
v0x7f8b348255b0_0 .net "t_1", 15 0, L_0x7f8b348289f0;  1 drivers
v0x7f8b34825660_0 .net "t_2", 1 0, L_0x7f8b34828f40;  1 drivers
v0x7f8b34825710_0 .net "t_projection", 23 0, L_0x7f8b34828b10;  1 drivers
v0x7f8b348257c0_0 .net "t_projection_3", 2 0, L_0x7f8b34828c30;  1 drivers
v0x7f8b34825870_0 .var "validOut", 1 0;
v0x7f8b34825920 .array "vecArray", 5 0;
v0x7f8b34825920_0 .net v0x7f8b34825920 0, 9 0, L_0x7f8b34826650; 1 drivers
v0x7f8b34825920_1 .net v0x7f8b34825920 1, 9 0, L_0x7f8b348265b0; 1 drivers
v0x7f8b34825920_2 .net v0x7f8b34825920 2, 9 0, L_0x7f8b34826470; 1 drivers
v0x7f8b34825920_3 .net v0x7f8b34825920 3, 9 0, L_0x7f8b348263d0; 1 drivers
v0x7f8b34825920_4 .net v0x7f8b34825920 4, 9 0, L_0x7f8b348262d0; 1 drivers
v0x7f8b34825920_5 .net v0x7f8b34825920 5, 9 0, L_0x7f8b34826230; 1 drivers
v0x7f8b34825a50_0 .net/s "x", 63 0, L_0x7f8b3482ad00;  1 drivers
E_0x7f8b3480e700 .event anyedge, v0x7f8b34825a50_0, v0x7f8b34821f50_0;
E_0x7f8b3480e740 .event anyedge, v0x7f8b34825a50_0, v0x7f8b34823dd0_0;
E_0x7f8b3480e790 .event posedge, v0x7f8b34825300_0, v0x7f8b34823d30_0;
E_0x7f8b3480e7d0 .event anyedge, v0x7f8b34825a50_0;
E_0x7f8b3480e820 .event anyedge, v0x7f8b34825a50_0, v0x7f8b34822ef0_0;
E_0x7f8b3480e8a0 .event anyedge, v0x7f8b348253a0_0, v0x7f8b34823650_0;
L_0x7f8b34826230 .part v0x7f8b348227a0_0, 0, 10;
L_0x7f8b348262d0 .part v0x7f8b348227a0_0, 10, 10;
L_0x7f8b348263d0 .part v0x7f8b348227a0_0, 20, 10;
L_0x7f8b34826470 .part v0x7f8b348227a0_0, 30, 10;
L_0x7f8b348265b0 .part v0x7f8b348227a0_0, 40, 10;
L_0x7f8b34826650 .part v0x7f8b348227a0_0, 50, 10;
L_0x7f8b348266f0 .concat [ 1 8 0 0], v0x7f8b34825d90_0, v0x7f8b34825d00_0;
L_0x7f8b34826900 .concat [ 1 9 0 0], L_0x7f8b34826b90, L_0x7f8b348266f0;
L_0x7f8b34826a00 .concat [ 10 1 0 0], L_0x7f8b34826900, L_0x7f8b34826850;
L_0x7f8b34826b90 .part L_0x7f8b348266f0, 0, 1;
L_0x7f8b34826cb0 .concat [ 1 8 0 0], L_0x7f8b348276b0, L_0x7f8b34827b50;
L_0x7f8b34826db0 .concat [ 1 8 0 0], L_0x7f8b348276b0, L_0x7f8b348270c0;
L_0x7f8b34826e50 .concat [ 9 9 0 0], L_0x7f8b34826db0, L_0x7f8b34826cb0;
L_0x7f8b34827020 .concat [ 18 1 0 0], L_0x7f8b34826e50, L_0x7f8b348285c0;
L_0x7f8b348270c0 .functor MUXZ 8, L_0x7f8b34b63008, L_0x7f8b34827530, L_0x7f8b348272e0, C4<>;
L_0x7f8b34827220 .part L_0x7f8b34828950, 0, 2;
L_0x7f8b348272e0 .part L_0x7f8b34827220, 1, 1;
L_0x7f8b34827490 .part L_0x7f8b34828950, 2, 16;
L_0x7f8b34827530 .part L_0x7f8b34827490, 8, 8;
L_0x7f8b34827720 .cmp/eq 64, L_0x7f8b34829290, L_0x7f8b34b63050;
L_0x7f8b34827840 .functor MUXZ 64, L_0x7f8b34b630e0, L_0x7f8b34b63098, L_0x7f8b34827720, C4<>;
L_0x7f8b348279f0 .part L_0x7f8b34827840, 0, 1;
L_0x7f8b34827b50 .functor MUXZ 8, L_0x7f8b34b63128, L_0x7f8b34827fa0, L_0x7f8b34827d50, C4<>;
L_0x7f8b34827cb0 .part L_0x7f8b34828950, 0, 2;
L_0x7f8b34827d50 .part L_0x7f8b34827cb0, 1, 1;
L_0x7f8b34827f00 .part L_0x7f8b34828950, 2, 16;
L_0x7f8b34827fa0 .part L_0x7f8b34827f00, 8, 8;
L_0x7f8b34827e30 .part v0x7f8b34823fd0_0, 0, 1;
L_0x7f8b34828190 .cmp/eq 64, L_0x7f8b34829290, L_0x7f8b34b63170;
L_0x7f8b34828040 .functor MUXZ 64, L_0x7f8b34b63200, L_0x7f8b34b631b8, L_0x7f8b34828190, C4<>;
L_0x7f8b34828460 .part L_0x7f8b34828040, 0, 1;
L_0x7f8b34828680 .cmp/eq 64, L_0x7f8b34829290, L_0x7f8b34b63248;
L_0x7f8b34828720 .functor MUXZ 64, L_0x7f8b34b632d8, L_0x7f8b34b63290, L_0x7f8b34828680, C4<>;
L_0x7f8b348285c0 .part L_0x7f8b34828720, 0, 1;
L_0x7f8b34828950 .concat [ 2 16 0 0], v0x7f8b34825870_0, v0x7f8b34823e80_0;
L_0x7f8b348287c0 .part v0x7f8b34823fd0_0, 2, 8;
L_0x7f8b34828b10 .concat [ 8 16 0 0], L_0x7f8b348287c0, v0x7f8b34823e80_0;
L_0x7f8b348289f0 .part L_0x7f8b34828b10, 0, 16;
L_0x7f8b34828d60 .functor MUXZ 16, v0x7f8b34823e80_0, L_0x7f8b348289f0, L_0x7f8b34829430, C4<>;
L_0x7f8b34828c30 .concat [ 1 2 0 0], L_0x7f8b34b63320, v0x7f8b34825870_0;
L_0x7f8b34828f40 .part L_0x7f8b34828c30, 0, 2;
L_0x7f8b34828e00 .functor MUXZ 2, v0x7f8b34825870_0, L_0x7f8b34828f40, L_0x7f8b34829430, C4<>;
L_0x7f8b34829170 .cmp/eq 64, L_0x7f8b34829290, L_0x7f8b34b63368;
L_0x7f8b34829020 .functor MUXZ 64, L_0x7f8b34b633f8, L_0x7f8b34b633b0, L_0x7f8b34829170, C4<>;
L_0x7f8b34829430 .part L_0x7f8b34829020, 0, 1;
L_0x7f8b34829290 .concat [ 3 61 0 0], v0x7f8b348253a0_0, L_0x7f8b34b63440;
L_0x7f8b34829780 .functor MUXZ 3, L_0x7f8b34b634d0, L_0x7f8b34b63488, L_0x7f8b348299b0, C4<>;
L_0x7f8b34829510 .part L_0x7f8b34829a90, 0, 10;
L_0x7f8b348295b0 .functor MUXZ 10, v0x7f8b34823fd0_0, L_0x7f8b34829510, L_0x7f8b348299b0, C4<>;
L_0x7f8b348299b0 .part L_0x7f8b34829a90, 10, 1;
L_0x7f8b34829a90 .concat [ 10 1 1 0], v0x7f8b34822990_0, v0x7f8b34822a40_0, v0x7f8b34822ae0_0;
L_0x7f8b34829840 .functor MUXZ 10, L_0x7f8b34b63518, v0x7f8b34822e40_0, L_0x7f8b3482aed0, C4<>;
L_0x7f8b34829cd0 .array/port v0x7f8b34825920, L_0x7f8b3482af70;
L_0x7f8b34829c00 .functor MUXZ 1, L_0x7f8b34b63560, v0x7f8b34823040_0, L_0x7f8b3482aed0, C4<>;
L_0x7f8b34829fa0 .functor MUXZ 1, L_0x7f8b34b635a8, L_0x7f8b3482abe0, L_0x7f8b3482a3c0, C4<>;
L_0x7f8b34829df0 .functor MUXZ 60, v0x7f8b348227a0_0, L_0x7f8b3482a0e0, L_0x7f8b3482a3c0, C4<>;
L_0x7f8b3482a200 .concat [ 60 10 0 0], v0x7f8b348227a0_0, L_0x7f8b3482a600;
L_0x7f8b3482a040 .part L_0x7f8b3482a200, 10, 60;
L_0x7f8b3482a0e0 .functor MUXZ 60, v0x7f8b348227a0_0, L_0x7f8b3482a040, L_0x7f8b3482abe0, C4<>;
L_0x7f8b3482a600 .part L_0x7f8b34826a00, 0, 10;
L_0x7f8b3482a720 .functor MUXZ 64, L_0x7f8b3482b070, L_0x7f8b3482a4e0, L_0x7f8b3482a3c0, C4<>;
L_0x7f8b3482a3c0 .part L_0x7f8b34826a00, 10, 1;
L_0x7f8b3482a4e0 .functor MUXZ 64, L_0x7f8b3482aac0, v0x7f8b348232e0_0, L_0x7f8b3482aed0, C4<>;
L_0x7f8b3482a9c0 .arith/sum 64, L_0x7f8b3482ad00, L_0x7f8b34b635f0;
L_0x7f8b3482aac0 .functor MUXZ 64, v0x7f8b34823dd0_0, L_0x7f8b3482a9c0, L_0x7f8b3482abe0, C4<>;
L_0x7f8b3482a840 .cmp/ne 64, L_0x7f8b3482ad00, L_0x7f8b34b63638;
L_0x7f8b3482ad70 .functor MUXZ 64, L_0x7f8b34b636c8, L_0x7f8b34b63680, L_0x7f8b3482a840, C4<>;
L_0x7f8b3482abe0 .part L_0x7f8b3482ad70, 0, 1;
L_0x7f8b3482b070 .functor MUXZ 64, v0x7f8b34823dd0_0, v0x7f8b348234f0_0, L_0x7f8b3482aed0, C4<>;
L_0x7f8b3482aed0 .part L_0x7f8b34827020, 18, 1;
L_0x7f8b3482af70 .arith/sub 64, L_0x7f8b3482ad00, L_0x7f8b34b63710;
L_0x7f8b3482b460 .part L_0x7f8b34827020, 0, 18;
L_0x7f8b3482b500 .part L_0x7f8b3482b460, 9, 9;
L_0x7f8b3482b110 .part L_0x7f8b3482b460, 0, 9;
L_0x7f8b3482b1b0 .part L_0x7f8b3482b500, 1, 8;
L_0x7f8b3482b800 .part L_0x7f8b3482b500, 0, 1;
L_0x7f8b3482b8a0 .part L_0x7f8b3482b110, 1, 8;
L_0x7f8b3482b5a0 .part L_0x7f8b3482b110, 0, 1;
S_0x7f8b3480e8f0 .scope begin, "buffer_register" "buffer_register" 3 329, 3 329 0, S_0x7f8b3480e590;
 .timescale -13 -13;
S_0x7f8b3480eac0 .scope begin, "c$app_arg_1_register" "c$app_arg_1_register" 3 266, 3 266 0, S_0x7f8b3480e590;
 .timescale -13 -13;
S_0x7f8b3480ec90 .scope begin, "c$app_arg_2_register" "c$app_arg_2_register" 3 298, 3 298 0, S_0x7f8b3480e590;
 .timescale -13 -13;
S_0x7f8b3480ee50 .scope begin, "c$app_arg_3_register" "c$app_arg_3_register" 3 317, 3 317 0, S_0x7f8b3480e590;
 .timescale -13 -13;
S_0x7f8b3480f010 .scope begin, "cursor_register" "cursor_register" 3 351, 3 351 0, S_0x7f8b3480e590;
 .timescale -13 -13;
S_0x7f8b3480f210 .scope begin, "dataOut_register" "dataOut_register" 3 197, 3 197 0, S_0x7f8b3480e590;
 .timescale -13 -13;
S_0x7f8b3480f3d0 .scope begin, "eventInfo_register" "eventInfo_register" 3 251, 3 251 0, S_0x7f8b3480e590;
 .timescale -13 -13;
S_0x7f8b3480f590 .scope generate, "mk_array[0]" "mk_array[0]" 3 290, 3 290 0, S_0x7f8b3480e590;
 .timescale -13 -13;
P_0x7f8b3480f750 .param/l "i" 1 3 290, +C4<00>;
S_0x7f8b3480f7e0 .scope generate, "mk_array[1]" "mk_array[1]" 3 290, 3 290 0, S_0x7f8b3480e590;
 .timescale -13 -13;
P_0x7f8b3480f1d0 .param/l "i" 1 3 290, +C4<01>;
S_0x7f8b3480fa60 .scope generate, "mk_array[2]" "mk_array[2]" 3 290, 3 290 0, S_0x7f8b3480e590;
 .timescale -13 -13;
P_0x7f8b3480fc20 .param/l "i" 1 3 290, +C4<010>;
S_0x7f8b3480fcc0 .scope generate, "mk_array[3]" "mk_array[3]" 3 290, 3 290 0, S_0x7f8b3480e590;
 .timescale -13 -13;
P_0x7f8b3480fe80 .param/l "i" 1 3 290, +C4<011>;
S_0x7f8b3480ff20 .scope generate, "mk_array[4]" "mk_array[4]" 3 290, 3 290 0, S_0x7f8b3480e590;
 .timescale -13 -13;
P_0x7f8b348100e0 .param/l "i" 1 3 290, +C4<0100>;
S_0x7f8b34810180 .scope generate, "mk_array[5]" "mk_array[5]" 3 290, 3 290 0, S_0x7f8b3480e590;
 .timescale -13 -13;
P_0x7f8b34810340 .param/l "i" 1 3 290, +C4<0101>;
S_0x7f8b348103e0 .scope begin, "state_register" "state_register" 3 237, 3 237 0, S_0x7f8b3480e590;
 .timescale -13 -13;
S_0x7f8b348105a0 .scope begin, "validOut_register" "validOut_register" 3 187, 3 187 0, S_0x7f8b3480e590;
 .timescale -13 -13;
    .scope S_0x7f8b3480e590;
T_0 ;
    %pushi/vec4 0, 0, 2;
    %store/vec4 v0x7f8b34825870_0, 0, 2;
    %pushi/vec4 0, 0, 16;
    %store/vec4 v0x7f8b34823e80_0, 0, 16;
    %pushi/vec4 0, 0, 3;
    %store/vec4 v0x7f8b348253a0_0, 0, 3;
    %pushi/vec4 0, 0, 10;
    %store/vec4 v0x7f8b34823fd0_0, 0, 10;
    %pushi/vec4 0, 0, 10;
    %store/vec4 v0x7f8b34822990_0, 0, 10;
    %pushi/vec4 0, 0, 1;
    %store/vec4 v0x7f8b34822a40_0, 0, 1;
    %pushi/vec4 0, 0, 1;
    %store/vec4 v0x7f8b34822ae0_0, 0, 1;
    %pushi/vec4 0, 0, 60;
    %store/vec4 v0x7f8b348227a0_0, 0, 60;
    %pushi/vec4 0, 0, 64;
    %store/vec4 v0x7f8b34823dd0_0, 0, 64;
    %end;
    .thread T_0;
    .scope S_0x7f8b3480e590;
T_1 ;
    %wait E_0x7f8b3480e790;
    %fork t_1, S_0x7f8b348105a0;
    %jmp t_0;
    .scope S_0x7f8b348105a0;
t_1 ;
    %load/vec4 v0x7f8b34825300_0;
    %flag_set/vec4 8;
    %jmp/0xz  T_1.0, 8;
    %pushi/vec4 0, 0, 2;
    %assign/vec4 v0x7f8b34825870_0, 0;
    %jmp T_1.1;
T_1.0 ;
    %load/vec4 v0x7f8b34823f30_0;
    %flag_set/vec4 8;
    %jmp/0xz  T_1.2, 8;
    %load/vec4 v0x7f8b34824a60_0;
    %assign/vec4 v0x7f8b34825870_0, 0;
T_1.2 ;
T_1.1 ;
    %end;
    .scope S_0x7f8b3480e590;
t_0 %join;
    %jmp T_1;
    .thread T_1;
    .scope S_0x7f8b3480e590;
T_2 ;
    %wait E_0x7f8b3480e790;
    %fork t_3, S_0x7f8b3480f210;
    %jmp t_2;
    .scope S_0x7f8b3480f210;
t_3 ;
    %load/vec4 v0x7f8b34825300_0;
    %flag_set/vec4 8;
    %jmp/0xz  T_2.0, 8;
    %pushi/vec4 0, 0, 16;
    %assign/vec4 v0x7f8b34823e80_0, 0;
    %jmp T_2.1;
T_2.0 ;
    %load/vec4 v0x7f8b34823f30_0;
    %flag_set/vec4 8;
    %jmp/0xz  T_2.2, 8;
    %load/vec4 v0x7f8b348249b0_0;
    %assign/vec4 v0x7f8b34823e80_0, 0;
T_2.2 ;
T_2.1 ;
    %end;
    .scope S_0x7f8b3480e590;
t_2 %join;
    %jmp T_2;
    .thread T_2;
    .scope S_0x7f8b3480e590;
T_3 ;
    %wait E_0x7f8b3480e8a0;
    %load/vec4 v0x7f8b348253a0_0;
    %dup/vec4;
    %pushi/vec4 0, 0, 3;
    %cmp/u;
    %jmp/1 T_3.0, 6;
    %dup/vec4;
    %pushi/vec4 1, 0, 3;
    %cmp/u;
    %jmp/1 T_3.1, 6;
    %dup/vec4;
    %pushi/vec4 2, 0, 3;
    %cmp/u;
    %jmp/1 T_3.2, 6;
    %dup/vec4;
    %pushi/vec4 3, 0, 3;
    %cmp/u;
    %jmp/1 T_3.3, 6;
    %pushi/vec4 0, 0, 3;
    %store/vec4 v0x7f8b348235a0_0, 0, 3;
    %jmp T_3.5;
T_3.0 ;
    %pushi/vec4 1, 0, 3;
    %store/vec4 v0x7f8b348235a0_0, 0, 3;
    %jmp T_3.5;
T_3.1 ;
    %load/vec4 v0x7f8b34823650_0;
    %store/vec4 v0x7f8b348235a0_0, 0, 3;
    %jmp T_3.5;
T_3.2 ;
    %pushi/vec4 3, 0, 3;
    %store/vec4 v0x7f8b348235a0_0, 0, 3;
    %jmp T_3.5;
T_3.3 ;
    %pushi/vec4 4, 0, 3;
    %store/vec4 v0x7f8b348235a0_0, 0, 3;
    %jmp T_3.5;
T_3.5 ;
    %pop/vec4 1;
    %jmp T_3;
    .thread T_3, $push;
    .scope S_0x7f8b3480e590;
T_4 ;
    %wait E_0x7f8b3480e790;
    %fork t_5, S_0x7f8b348103e0;
    %jmp t_4;
    .scope S_0x7f8b348103e0;
t_5 ;
    %load/vec4 v0x7f8b34825300_0;
    %flag_set/vec4 8;
    %jmp/0xz  T_4.0, 8;
    %pushi/vec4 0, 0, 3;
    %assign/vec4 v0x7f8b348253a0_0, 0;
    %jmp T_4.1;
T_4.0 ;
    %load/vec4 v0x7f8b34823f30_0;
    %flag_set/vec4 8;
    %jmp/0xz  T_4.2, 8;
    %load/vec4 v0x7f8b348235a0_0;
    %assign/vec4 v0x7f8b348253a0_0, 0;
T_4.2 ;
T_4.1 ;
    %end;
    .scope S_0x7f8b3480e590;
t_4 %join;
    %jmp T_4;
    .thread T_4;
    .scope S_0x7f8b3480e590;
T_5 ;
    %wait E_0x7f8b3480e790;
    %fork t_7, S_0x7f8b3480f3d0;
    %jmp t_6;
    .scope S_0x7f8b3480f3d0;
t_7 ;
    %load/vec4 v0x7f8b34825300_0;
    %flag_set/vec4 8;
    %jmp/0xz  T_5.0, 8;
    %pushi/vec4 0, 0, 10;
    %assign/vec4 v0x7f8b34823fd0_0, 0;
    %jmp T_5.1;
T_5.0 ;
    %load/vec4 v0x7f8b34823f30_0;
    %flag_set/vec4 8;
    %jmp/0xz  T_5.2, 8;
    %load/vec4 v0x7f8b348220a0_0;
    %assign/vec4 v0x7f8b34823fd0_0, 0;
T_5.2 ;
T_5.1 ;
    %end;
    .scope S_0x7f8b3480e590;
t_6 %join;
    %jmp T_5;
    .thread T_5;
    .scope S_0x7f8b3480e590;
T_6 ;
    %wait E_0x7f8b3480e790;
    %fork t_9, S_0x7f8b3480eac0;
    %jmp t_8;
    .scope S_0x7f8b3480eac0;
t_9 ;
    %load/vec4 v0x7f8b34825300_0;
    %flag_set/vec4 8;
    %jmp/0xz  T_6.0, 8;
    %pushi/vec4 0, 0, 10;
    %assign/vec4 v0x7f8b34822990_0, 0;
    %jmp T_6.1;
T_6.0 ;
    %load/vec4 v0x7f8b34823f30_0;
    %flag_set/vec4 8;
    %jmp/0xz  T_6.2, 8;
    %load/vec4 v0x7f8b34822d90_0;
    %assign/vec4 v0x7f8b34822990_0, 0;
T_6.2 ;
T_6.1 ;
    %end;
    .scope S_0x7f8b3480e590;
t_8 %join;
    %jmp T_6;
    .thread T_6;
    .scope S_0x7f8b3480e590;
T_7 ;
    %wait E_0x7f8b3480e820;
    %load/vec4 v0x7f8b34825a50_0;
    %dup/vec4;
    %pushi/vec4 0, 0, 64;
    %cmp/u;
    %jmp/1 T_7.0, 6;
    %load/vec4 v0x7f8b34822ef0_0;
    %store/vec4 v0x7f8b34822e40_0, 0, 10;
    %jmp T_7.2;
T_7.0 ;
    %pushi/vec4 0, 0, 10;
    %store/vec4 v0x7f8b34822e40_0, 0, 10;
    %jmp T_7.2;
T_7.2 ;
    %pop/vec4 1;
    %jmp T_7;
    .thread T_7, $push;
    .scope S_0x7f8b3480e590;
T_8 ;
    %wait E_0x7f8b3480e790;
    %fork t_11, S_0x7f8b3480ec90;
    %jmp t_10;
    .scope S_0x7f8b3480ec90;
t_11 ;
    %load/vec4 v0x7f8b34825300_0;
    %flag_set/vec4 8;
    %jmp/0xz  T_8.0, 8;
    %pushi/vec4 0, 0, 1;
    %assign/vec4 v0x7f8b34822a40_0, 0;
    %jmp T_8.1;
T_8.0 ;
    %load/vec4 v0x7f8b34823f30_0;
    %flag_set/vec4 8;
    %jmp/0xz  T_8.2, 8;
    %load/vec4 v0x7f8b34822fa0_0;
    %assign/vec4 v0x7f8b34822a40_0, 0;
T_8.2 ;
T_8.1 ;
    %end;
    .scope S_0x7f8b3480e590;
t_10 %join;
    %jmp T_8;
    .thread T_8;
    .scope S_0x7f8b3480e590;
T_9 ;
    %wait E_0x7f8b3480e7d0;
    %load/vec4 v0x7f8b34825a50_0;
    %dup/vec4;
    %pushi/vec4 0, 0, 64;
    %cmp/u;
    %jmp/1 T_9.0, 6;
    %pushi/vec4 1, 0, 1;
    %store/vec4 v0x7f8b34823040_0, 0, 1;
    %jmp T_9.2;
T_9.0 ;
    %pushi/vec4 0, 0, 1;
    %store/vec4 v0x7f8b34823040_0, 0, 1;
    %jmp T_9.2;
T_9.2 ;
    %pop/vec4 1;
    %jmp T_9;
    .thread T_9, $push;
    .scope S_0x7f8b3480e590;
T_10 ;
    %wait E_0x7f8b3480e790;
    %fork t_13, S_0x7f8b3480ee50;
    %jmp t_12;
    .scope S_0x7f8b3480ee50;
t_13 ;
    %load/vec4 v0x7f8b34825300_0;
    %flag_set/vec4 8;
    %jmp/0xz  T_10.0, 8;
    %pushi/vec4 0, 0, 1;
    %assign/vec4 v0x7f8b34822ae0_0, 0;
    %jmp T_10.1;
T_10.0 ;
    %load/vec4 v0x7f8b34823f30_0;
    %flag_set/vec4 8;
    %jmp/0xz  T_10.2, 8;
    %load/vec4 v0x7f8b348230e0_0;
    %assign/vec4 v0x7f8b34822ae0_0, 0;
T_10.2 ;
T_10.1 ;
    %end;
    .scope S_0x7f8b3480e590;
t_12 %join;
    %jmp T_10;
    .thread T_10;
    .scope S_0x7f8b3480e590;
T_11 ;
    %wait E_0x7f8b3480e790;
    %fork t_15, S_0x7f8b3480e8f0;
    %jmp t_14;
    .scope S_0x7f8b3480e8f0;
t_15 ;
    %load/vec4 v0x7f8b34825300_0;
    %flag_set/vec4 8;
    %jmp/0xz  T_11.0, 8;
    %pushi/vec4 0, 0, 60;
    %assign/vec4 v0x7f8b348227a0_0, 0;
    %jmp T_11.1;
T_11.0 ;
    %load/vec4 v0x7f8b34823f30_0;
    %flag_set/vec4 8;
    %jmp/0xz  T_11.2, 8;
    %load/vec4 v0x7f8b34822b80_0;
    %assign/vec4 v0x7f8b348227a0_0, 0;
T_11.2 ;
T_11.1 ;
    %end;
    .scope S_0x7f8b3480e590;
t_14 %join;
    %jmp T_11;
    .thread T_11;
    .scope S_0x7f8b3480e590;
T_12 ;
    %wait E_0x7f8b3480e790;
    %fork t_17, S_0x7f8b3480f010;
    %jmp t_16;
    .scope S_0x7f8b3480f010;
t_17 ;
    %load/vec4 v0x7f8b34825300_0;
    %flag_set/vec4 8;
    %jmp/0xz  T_12.0, 8;
    %pushi/vec4 0, 0, 64;
    %assign/vec4 v0x7f8b34823dd0_0, 0;
    %jmp T_12.1;
T_12.0 ;
    %load/vec4 v0x7f8b34823f30_0;
    %flag_set/vec4 8;
    %jmp/0xz  T_12.2, 8;
    %load/vec4 v0x7f8b34823180_0;
    %assign/vec4 v0x7f8b34823dd0_0, 0;
T_12.2 ;
T_12.1 ;
    %end;
    .scope S_0x7f8b3480e590;
t_16 %join;
    %jmp T_12;
    .thread T_12;
    .scope S_0x7f8b3480e590;
T_13 ;
    %wait E_0x7f8b3480e740;
    %load/vec4 v0x7f8b34825a50_0;
    %dup/vec4;
    %pushi/vec4 0, 0, 64;
    %cmp/u;
    %jmp/1 T_13.0, 6;
    %load/vec4 v0x7f8b34823dd0_0;
    %store/vec4 v0x7f8b348232e0_0, 0, 64;
    %jmp T_13.2;
T_13.0 ;
    %pushi/vec4 1, 0, 64;
    %store/vec4 v0x7f8b348232e0_0, 0, 64;
    %jmp T_13.2;
T_13.2 ;
    %pop/vec4 1;
    %jmp T_13;
    .thread T_13, $push;
    .scope S_0x7f8b3480e590;
T_14 ;
    %wait E_0x7f8b3480e700;
    %load/vec4 v0x7f8b34825a50_0;
    %dup/vec4;
    %pushi/vec4 0, 0, 64;
    %cmp/u;
    %jmp/1 T_14.0, 6;
    %load/vec4 v0x7f8b34821f50_0;
    %store/vec4 v0x7f8b348234f0_0, 0, 64;
    %jmp T_14.2;
T_14.0 ;
    %pushi/vec4 0, 0, 64;
    %store/vec4 v0x7f8b348234f0_0, 0, 64;
    %jmp T_14.2;
T_14.2 ;
    %pop/vec4 1;
    %jmp T_14;
    .thread T_14, $push;
    .scope S_0x7f8b3480e2e0;
T_15 ;
    %delay 10000000, 0;
    %load/vec4 v0x7f8b34825be0_0;
    %inv;
    %store/vec4 v0x7f8b34825be0_0, 0, 1;
    %jmp T_15;
    .thread T_15;
    .scope S_0x7f8b3480e2e0;
T_16 ;
    %pushi/vec4 0, 0, 1;
    %store/vec4 v0x7f8b34825be0_0, 0, 1;
    %pushi/vec4 0, 0, 1;
    %store/vec4 v0x7f8b34826100_0, 0, 1;
    %pushi/vec4 1, 0, 1;
    %store/vec4 v0x7f8b34825c70_0, 0, 1;
    %pushi/vec4 0, 0, 1;
    %store/vec4 v0x7f8b34825d90_0, 0, 1;
    %vpi_call 2 31 "$printtimescale", S_0x7f8b3480e2e0 {0 0 0};
    %vpi_call 2 32 "$dumpvars", 32'sb00000000000000000000000000000000, S_0x7f8b3480e2e0 {0 0 0};
    %delay 100000000, 0;
    %pushi/vec4 1, 0, 8;
    %store/vec4 v0x7f8b34825d00_0, 0, 8;
    %pushi/vec4 1, 0, 1;
    %store/vec4 v0x7f8b34825d90_0, 0, 1;
    %delay 20000000, 0;
    %pushi/vec4 0, 0, 1;
    %store/vec4 v0x7f8b34825d90_0, 0, 1;
    %delay 100000000, 0;
    %pushi/vec4 2, 0, 8;
    %store/vec4 v0x7f8b34825d00_0, 0, 8;
    %pushi/vec4 1, 0, 1;
    %store/vec4 v0x7f8b34825d90_0, 0, 1;
    %delay 20000000, 0;
    %pushi/vec4 0, 0, 1;
    %store/vec4 v0x7f8b34825d90_0, 0, 1;
    %delay 100000000, 0;
    %pushi/vec4 3, 0, 8;
    %store/vec4 v0x7f8b34825d00_0, 0, 8;
    %pushi/vec4 1, 0, 1;
    %store/vec4 v0x7f8b34825d90_0, 0, 1;
    %delay 20000000, 0;
    %pushi/vec4 0, 0, 1;
    %store/vec4 v0x7f8b34825d90_0, 0, 1;
    %delay 100000000, 0;
    %pushi/vec4 4, 0, 8;
    %store/vec4 v0x7f8b34825d00_0, 0, 8;
    %pushi/vec4 1, 0, 1;
    %store/vec4 v0x7f8b34825d90_0, 0, 1;
    %delay 20000000, 0;
    %pushi/vec4 0, 0, 1;
    %store/vec4 v0x7f8b34825d90_0, 0, 1;
    %delay 100000000, 0;
    %pushi/vec4 5, 0, 8;
    %store/vec4 v0x7f8b34825d00_0, 0, 8;
    %pushi/vec4 1, 0, 1;
    %store/vec4 v0x7f8b34825d90_0, 0, 1;
    %delay 20000000, 0;
    %pushi/vec4 0, 0, 1;
    %store/vec4 v0x7f8b34825d90_0, 0, 1;
    %delay 100000000, 0;
    %pushi/vec4 6, 0, 8;
    %store/vec4 v0x7f8b34825d00_0, 0, 8;
    %pushi/vec4 1, 0, 1;
    %store/vec4 v0x7f8b34825d90_0, 0, 1;
    %delay 20000000, 0;
    %pushi/vec4 0, 0, 1;
    %store/vec4 v0x7f8b34825d90_0, 0, 1;
    %delay 120000000, 0;
    %vpi_call 2 65 "$finish" {0 0 0};
    %end;
    .thread T_16;
# The file index is used to find the file name in the following table.
:file_names 4;
    "N/A";
    "<interactive>";
    "testbench.v";
    "./verilog/OffsetWithDiffDefaults.topEntity/topEntity.v";
