#! /usr/local/Cellar/icarus-verilog/12.0/bin/vvp
:ivl_version "12.0 (stable)";
:ivl_delay_selection "TYPICAL";
:vpi_time_precision - 13;
:vpi_module "/usr/local/Cellar/icarus-verilog/12.0/lib/ivl/system.vpi";
:vpi_module "/usr/local/Cellar/icarus-verilog/12.0/lib/ivl/vhdl_sys.vpi";
:vpi_module "/usr/local/Cellar/icarus-verilog/12.0/lib/ivl/vhdl_textio.vpi";
:vpi_module "/usr/local/Cellar/icarus-verilog/12.0/lib/ivl/v2005_math.vpi";
:vpi_module "/usr/local/Cellar/icarus-verilog/12.0/lib/ivl/va_math.vpi";
S_0x7f7e92104320 .scope module, "testbench" "testbench" 2 2;
 .timescale -6 -9;
v0x7f7e9210d910_0 .var "clk", 0 0;
v0x7f7e9210d9a0_0 .var "en", 0 0;
v0x7f7e9210da30_0 .var "newX", 0 0;
v0x7f7e9210dac0_0 .net/s "result_0", 31 0, L_0x7f7e9201e080;  1 drivers
v0x7f7e9210db50_0 .net/s "result_1", 31 0, L_0x7f7e9201e1a0;  1 drivers
v0x7f7e9210dc20_0 .net/s "result_2_0", 31 0, L_0x7f7e9201e410;  1 drivers
v0x7f7e9210dcd0_0 .net/s "result_2_1", 31 0, L_0x7f7e9201e530;  1 drivers
v0x7f7e9210dd80_0 .net/s "result_2_2", 31 0, L_0x7f7e9201e610;  1 drivers
v0x7f7e9210de30_0 .var "rst", 0 0;
v0x7f7e9210df60_0 .var/s "x", 31 0;
S_0x7f7e92104660 .scope module, "monitor" "topEntity" 2 16, 3 5 0, S_0x7f7e92104320;
 .timescale -13 -13;
    .port_info 0 /INPUT 1 "clk";
    .port_info 1 /INPUT 1 "rst";
    .port_info 2 /INPUT 1 "en";
    .port_info 3 /INPUT 32 "x";
    .port_info 4 /INPUT 1 "newX";
    .port_info 5 /OUTPUT 32 "result_0";
    .port_info 6 /OUTPUT 32 "result_1";
    .port_info 7 /OUTPUT 32 "result_2_0";
    .port_info 8 /OUTPUT 32 "result_2_1";
    .port_info 9 /OUTPUT 32 "result_2_2";
v0x7f7e92105740_0 .net *"_ivl_11", 31 0, L_0x7f7e9201d880;  1 drivers
L_0x7f7e92563050 .functor BUFT 1, C4<00000000000000000000000000000001>, C4<0>, C4<0>, C4<0>;
v0x7f7e927075e0_0 .net/2s *"_ivl_14", 31 0, L_0x7f7e92563050;  1 drivers
L_0x7f7e92563008 .functor BUFT 1, C4<00000000000000000000000000000001>, C4<0>, C4<0>, C4<0>;
v0x7f7e927076a0_0 .net/2s *"_ivl_2", 31 0, L_0x7f7e92563008;  1 drivers
v0x7f7e92707760_0 .var "c$app_arg", 0 0;
v0x7f7e92707800_0 .net/s "c$cur_app_arg", 31 0, L_0x7f7e9201dfa0;  1 drivers
v0x7f7e927078f0_0 .net/s "c$past1_app_arg", 31 0, L_0x7f7e9201de80;  1 drivers
v0x7f7e927079a0_0 .net/s "c$past2_app_arg", 31 0, L_0x7f7e9201dd30;  1 drivers
v0x7f7e9210c5f0_0 .net "clk", 0 0, v0x7f7e9210d910_0;  1 drivers
v0x7f7e9210c680_0 .var/s "cur", 31 0;
v0x7f7e9210c7a0_0 .net "en", 0 0, v0x7f7e9210d9a0_0;  1 drivers
v0x7f7e9210c840_0 .net/s "eta1", 31 0, L_0x7f7e9201db30;  1 drivers
v0x7f7e9210c8f0_0 .net "newX", 0 0, v0x7f7e9210da30_0;  1 drivers
v0x7f7e9210c990_0 .var/s "past1", 31 0;
v0x7f7e9210ca40_0 .var/s "past2", 31 0;
v0x7f7e9210caf0_0 .net "result", 159 0, L_0x7f7e9210dff0;  1 drivers
v0x7f7e9210cba0_0 .net/s "result_0", 31 0, L_0x7f7e9201e080;  alias, 1 drivers
v0x7f7e9210cc50_0 .net/s "result_1", 31 0, L_0x7f7e9201e1a0;  alias, 1 drivers
v0x7f7e9210ce00_0 .var "result_10", 0 0;
v0x7f7e9210cea0_0 .net/s "result_2_0", 31 0, L_0x7f7e9201e410;  alias, 1 drivers
v0x7f7e9210cf50_0 .net/s "result_2_1", 31 0, L_0x7f7e9201e530;  alias, 1 drivers
v0x7f7e9210d000_0 .net/s "result_2_2", 31 0, L_0x7f7e9201e610;  alias, 1 drivers
v0x7f7e9210d0b0_0 .net "result_2_3", 95 0, L_0x7f7e9201e2f0;  1 drivers
v0x7f7e9210d160_0 .net/s "result_4", 31 0, L_0x7f7e9201d680;  1 drivers
v0x7f7e9210d210_0 .var/s "result_5", 31 0;
v0x7f7e9210d2c0_0 .var "result_6", 0 0;
v0x7f7e9210d360_0 .net/s "result_7", 31 0, L_0x7f7e9201d7a0;  1 drivers
v0x7f7e9210d410_0 .var/s "result_8", 31 0;
v0x7f7e9210d4c0_0 .net "result_9", 95 0, L_0x7f7e9201dc70;  1 drivers
v0x7f7e9210d570_0 .net "rst", 0 0, v0x7f7e9210de30_0;  1 drivers
v0x7f7e9210d610_0 .net/s "t", 31 0, L_0x7f7e9201d500;  1 drivers
v0x7f7e9210d6c0_0 .net/s "t_0", 31 0, L_0x7f7e9201d9b0;  1 drivers
v0x7f7e9210d770_0 .net/s "x", 31 0, v0x7f7e9210df60_0;  1 drivers
E_0x7f7e92104530 .event posedge, v0x7f7e9210d570_0, v0x7f7e9210c5f0_0;
L_0x7f7e9210dff0 .concat [ 96 32 32 0], L_0x7f7e9201dc70, v0x7f7e9210d210_0, v0x7f7e9210d410_0;
L_0x7f7e9201d500 .arith/sum 32, v0x7f7e9210d410_0, L_0x7f7e92563008;
L_0x7f7e9201d680 .functor MUXZ 32, v0x7f7e9210d210_0, L_0x7f7e9201d500, v0x7f7e9210d2c0_0, C4<>;
L_0x7f7e9201d7a0 .functor MUXZ 32, v0x7f7e9210d410_0, L_0x7f7e9201d9b0, v0x7f7e9210da30_0, C4<>;
L_0x7f7e9201d880 .part L_0x7f7e9201dc70, 32, 32;
L_0x7f7e9201d9b0 .arith/sum 32, v0x7f7e9210df60_0, L_0x7f7e9201d880;
L_0x7f7e9201db30 .arith/sum 32, v0x7f7e9210d210_0, L_0x7f7e92563050;
L_0x7f7e9201dc70 .concat [ 32 32 32 0], v0x7f7e9210ca40_0, v0x7f7e9210c990_0, v0x7f7e9210c680_0;
L_0x7f7e9201dd30 .functor MUXZ 32, v0x7f7e9210ca40_0, v0x7f7e9210c990_0, v0x7f7e9210ce00_0, C4<>;
L_0x7f7e9201de80 .functor MUXZ 32, v0x7f7e9210c990_0, v0x7f7e9210c680_0, v0x7f7e9210ce00_0, C4<>;
L_0x7f7e9201dfa0 .functor MUXZ 32, v0x7f7e9210c680_0, L_0x7f7e9201db30, v0x7f7e9210ce00_0, C4<>;
L_0x7f7e9201e080 .part L_0x7f7e9210dff0, 128, 32;
L_0x7f7e9201e1a0 .part L_0x7f7e9210dff0, 96, 32;
L_0x7f7e9201e2f0 .part L_0x7f7e9210dff0, 0, 96;
L_0x7f7e9201e410 .part L_0x7f7e9201e2f0, 64, 32;
L_0x7f7e9201e530 .part L_0x7f7e9201e2f0, 32, 32;
L_0x7f7e9201e610 .part L_0x7f7e9201e2f0, 0, 32;
S_0x7f7e921048e0 .scope begin, "c$app_arg_register" "c$app_arg_register" 3 131, 3 131 0, S_0x7f7e92104660;
 .timescale -13 -13;
S_0x7f7e92104ab0 .scope begin, "cur_register" "cur_register" 3 93, 3 93 0, S_0x7f7e92104660;
 .timescale -13 -13;
S_0x7f7e92104c80 .scope begin, "past1_register" "past1_register" 3 103, 3 103 0, S_0x7f7e92104660;
 .timescale -13 -13;
S_0x7f7e92104e40 .scope begin, "past2_register" "past2_register" 3 113, 3 113 0, S_0x7f7e92104660;
 .timescale -13 -13;
S_0x7f7e92105000 .scope begin, "result_10_register" "result_10_register" 3 141, 3 141 0, S_0x7f7e92104660;
 .timescale -13 -13;
S_0x7f7e92105200 .scope begin, "result_5_register" "result_5_register" 3 57, 3 57 0, S_0x7f7e92104660;
 .timescale -13 -13;
S_0x7f7e921053c0 .scope begin, "result_6_register" "result_6_register" 3 67, 3 67 0, S_0x7f7e92104660;
 .timescale -13 -13;
S_0x7f7e92105580 .scope begin, "result_8_register" "result_8_register" 3 81, 3 81 0, S_0x7f7e92104660;
 .timescale -13 -13;
    .scope S_0x7f7e92104660;
T_0 ;
    %pushi/vec4 0, 0, 32;
    %store/vec4 v0x7f7e9210d210_0, 0, 32;
    %pushi/vec4 0, 0, 1;
    %store/vec4 v0x7f7e9210d2c0_0, 0, 1;
    %pushi/vec4 0, 0, 32;
    %store/vec4 v0x7f7e9210d410_0, 0, 32;
    %pushi/vec4 0, 0, 32;
    %store/vec4 v0x7f7e9210c680_0, 0, 32;
    %pushi/vec4 0, 0, 32;
    %store/vec4 v0x7f7e9210c990_0, 0, 32;
    %pushi/vec4 0, 0, 32;
    %store/vec4 v0x7f7e9210ca40_0, 0, 32;
    %pushi/vec4 0, 0, 1;
    %store/vec4 v0x7f7e92707760_0, 0, 1;
    %pushi/vec4 0, 0, 1;
    %store/vec4 v0x7f7e9210ce00_0, 0, 1;
    %end;
    .thread T_0;
    .scope S_0x7f7e92104660;
T_1 ;
    %wait E_0x7f7e92104530;
    %fork t_1, S_0x7f7e92105200;
    %jmp t_0;
    .scope S_0x7f7e92105200;
t_1 ;
    %load/vec4 v0x7f7e9210d570_0;
    %flag_set/vec4 8;
    %jmp/0xz  T_1.0, 8;
    %pushi/vec4 0, 0, 32;
    %assign/vec4 v0x7f7e9210d210_0, 0;
    %jmp T_1.1;
T_1.0 ;
    %load/vec4 v0x7f7e9210c7a0_0;
    %flag_set/vec4 8;
    %jmp/0xz  T_1.2, 8;
    %load/vec4 v0x7f7e9210d160_0;
    %assign/vec4 v0x7f7e9210d210_0, 0;
T_1.2 ;
T_1.1 ;
    %end;
    .scope S_0x7f7e92104660;
t_0 %join;
    %jmp T_1;
    .thread T_1;
    .scope S_0x7f7e92104660;
T_2 ;
    %wait E_0x7f7e92104530;
    %fork t_3, S_0x7f7e921053c0;
    %jmp t_2;
    .scope S_0x7f7e921053c0;
t_3 ;
    %load/vec4 v0x7f7e9210d570_0;
    %flag_set/vec4 8;
    %jmp/0xz  T_2.0, 8;
    %pushi/vec4 0, 0, 1;
    %assign/vec4 v0x7f7e9210d2c0_0, 0;
    %jmp T_2.1;
T_2.0 ;
    %load/vec4 v0x7f7e9210c7a0_0;
    %flag_set/vec4 8;
    %jmp/0xz  T_2.2, 8;
    %load/vec4 v0x7f7e9210c8f0_0;
    %assign/vec4 v0x7f7e9210d2c0_0, 0;
T_2.2 ;
T_2.1 ;
    %end;
    .scope S_0x7f7e92104660;
t_2 %join;
    %jmp T_2;
    .thread T_2;
    .scope S_0x7f7e92104660;
T_3 ;
    %wait E_0x7f7e92104530;
    %fork t_5, S_0x7f7e92105580;
    %jmp t_4;
    .scope S_0x7f7e92105580;
t_5 ;
    %load/vec4 v0x7f7e9210d570_0;
    %flag_set/vec4 8;
    %jmp/0xz  T_3.0, 8;
    %pushi/vec4 0, 0, 32;
    %assign/vec4 v0x7f7e9210d410_0, 0;
    %jmp T_3.1;
T_3.0 ;
    %load/vec4 v0x7f7e9210c7a0_0;
    %flag_set/vec4 8;
    %jmp/0xz  T_3.2, 8;
    %load/vec4 v0x7f7e9210d360_0;
    %assign/vec4 v0x7f7e9210d410_0, 0;
T_3.2 ;
T_3.1 ;
    %end;
    .scope S_0x7f7e92104660;
t_4 %join;
    %jmp T_3;
    .thread T_3;
    .scope S_0x7f7e92104660;
T_4 ;
    %wait E_0x7f7e92104530;
    %fork t_7, S_0x7f7e92104ab0;
    %jmp t_6;
    .scope S_0x7f7e92104ab0;
t_7 ;
    %load/vec4 v0x7f7e9210d570_0;
    %flag_set/vec4 8;
    %jmp/0xz  T_4.0, 8;
    %pushi/vec4 0, 0, 32;
    %assign/vec4 v0x7f7e9210c680_0, 0;
    %jmp T_4.1;
T_4.0 ;
    %load/vec4 v0x7f7e9210c7a0_0;
    %flag_set/vec4 8;
    %jmp/0xz  T_4.2, 8;
    %load/vec4 v0x7f7e92707800_0;
    %assign/vec4 v0x7f7e9210c680_0, 0;
T_4.2 ;
T_4.1 ;
    %end;
    .scope S_0x7f7e92104660;
t_6 %join;
    %jmp T_4;
    .thread T_4;
    .scope S_0x7f7e92104660;
T_5 ;
    %wait E_0x7f7e92104530;
    %fork t_9, S_0x7f7e92104c80;
    %jmp t_8;
    .scope S_0x7f7e92104c80;
t_9 ;
    %load/vec4 v0x7f7e9210d570_0;
    %flag_set/vec4 8;
    %jmp/0xz  T_5.0, 8;
    %pushi/vec4 0, 0, 32;
    %assign/vec4 v0x7f7e9210c990_0, 0;
    %jmp T_5.1;
T_5.0 ;
    %load/vec4 v0x7f7e9210c7a0_0;
    %flag_set/vec4 8;
    %jmp/0xz  T_5.2, 8;
    %load/vec4 v0x7f7e927078f0_0;
    %assign/vec4 v0x7f7e9210c990_0, 0;
T_5.2 ;
T_5.1 ;
    %end;
    .scope S_0x7f7e92104660;
t_8 %join;
    %jmp T_5;
    .thread T_5;
    .scope S_0x7f7e92104660;
T_6 ;
    %wait E_0x7f7e92104530;
    %fork t_11, S_0x7f7e92104e40;
    %jmp t_10;
    .scope S_0x7f7e92104e40;
t_11 ;
    %load/vec4 v0x7f7e9210d570_0;
    %flag_set/vec4 8;
    %jmp/0xz  T_6.0, 8;
    %pushi/vec4 0, 0, 32;
    %assign/vec4 v0x7f7e9210ca40_0, 0;
    %jmp T_6.1;
T_6.0 ;
    %load/vec4 v0x7f7e9210c7a0_0;
    %flag_set/vec4 8;
    %jmp/0xz  T_6.2, 8;
    %load/vec4 v0x7f7e927079a0_0;
    %assign/vec4 v0x7f7e9210ca40_0, 0;
T_6.2 ;
T_6.1 ;
    %end;
    .scope S_0x7f7e92104660;
t_10 %join;
    %jmp T_6;
    .thread T_6;
    .scope S_0x7f7e92104660;
T_7 ;
    %wait E_0x7f7e92104530;
    %fork t_13, S_0x7f7e921048e0;
    %jmp t_12;
    .scope S_0x7f7e921048e0;
t_13 ;
    %load/vec4 v0x7f7e9210d570_0;
    %flag_set/vec4 8;
    %jmp/0xz  T_7.0, 8;
    %pushi/vec4 0, 0, 1;
    %assign/vec4 v0x7f7e92707760_0, 0;
    %jmp T_7.1;
T_7.0 ;
    %load/vec4 v0x7f7e9210c7a0_0;
    %flag_set/vec4 8;
    %jmp/0xz  T_7.2, 8;
    %load/vec4 v0x7f7e9210c8f0_0;
    %assign/vec4 v0x7f7e92707760_0, 0;
T_7.2 ;
T_7.1 ;
    %end;
    .scope S_0x7f7e92104660;
t_12 %join;
    %jmp T_7;
    .thread T_7;
    .scope S_0x7f7e92104660;
T_8 ;
    %wait E_0x7f7e92104530;
    %fork t_15, S_0x7f7e92105000;
    %jmp t_14;
    .scope S_0x7f7e92105000;
t_15 ;
    %load/vec4 v0x7f7e9210d570_0;
    %flag_set/vec4 8;
    %jmp/0xz  T_8.0, 8;
    %pushi/vec4 0, 0, 1;
    %assign/vec4 v0x7f7e9210ce00_0, 0;
    %jmp T_8.1;
T_8.0 ;
    %load/vec4 v0x7f7e9210c7a0_0;
    %flag_set/vec4 8;
    %jmp/0xz  T_8.2, 8;
    %load/vec4 v0x7f7e92707760_0;
    %assign/vec4 v0x7f7e9210ce00_0, 0;
T_8.2 ;
T_8.1 ;
    %end;
    .scope S_0x7f7e92104660;
t_14 %join;
    %jmp T_8;
    .thread T_8;
    .scope S_0x7f7e92104320;
T_9 ;
    %delay 50000, 0;
    %load/vec4 v0x7f7e9210d910_0;
    %inv;
    %store/vec4 v0x7f7e9210d910_0, 0, 1;
    %jmp T_9;
    .thread T_9;
    .scope S_0x7f7e92104320;
T_10 ;
    %pushi/vec4 0, 0, 1;
    %store/vec4 v0x7f7e9210d910_0, 0, 1;
    %pushi/vec4 0, 0, 1;
    %store/vec4 v0x7f7e9210de30_0, 0, 1;
    %pushi/vec4 1, 0, 1;
    %store/vec4 v0x7f7e9210d9a0_0, 0, 1;
    %pushi/vec4 0, 0, 1;
    %store/vec4 v0x7f7e9210da30_0, 0, 1;
    %vpi_call 2 34 "$printtimescale", S_0x7f7e92104320 {0 0 0};
    %delay 1000000000, 0;
    %pushi/vec4 1, 0, 1;
    %store/vec4 v0x7f7e9210da30_0, 0, 1;
    %pushi/vec4 1, 0, 32;
    %store/vec4 v0x7f7e9210df60_0, 0, 32;
    %delay 100000, 0;
    %pushi/vec4 0, 0, 1;
    %store/vec4 v0x7f7e9210da30_0, 0, 1;
    %delay 499900000, 0;
    %vpi_call 2 42 "$display", "time: %0t, x: %0d, a: %0d, b: %0d, c: (%0d, %0d, %0d)", $time, v0x7f7e9210df60_0, v0x7f7e9210dac0_0, v0x7f7e9210db50_0, v0x7f7e9210dc20_0, v0x7f7e9210dcd0_0, v0x7f7e9210dd80_0 {0 0 0};
    %delay 500000000, 0;
    %pushi/vec4 1, 0, 1;
    %store/vec4 v0x7f7e9210da30_0, 0, 1;
    %pushi/vec4 2, 0, 32;
    %store/vec4 v0x7f7e9210df60_0, 0, 32;
    %delay 100000, 0;
    %pushi/vec4 0, 0, 1;
    %store/vec4 v0x7f7e9210da30_0, 0, 1;
    %delay 499900000, 0;
    %vpi_call 2 50 "$display", "time: %0t, x: %0d, a: %0d, b: %0d, c: (%0d, %0d, %0d)", $time, v0x7f7e9210df60_0, v0x7f7e9210dac0_0, v0x7f7e9210db50_0, v0x7f7e9210dc20_0, v0x7f7e9210dcd0_0, v0x7f7e9210dd80_0 {0 0 0};
    %delay 500000000, 0;
    %pushi/vec4 1, 0, 1;
    %store/vec4 v0x7f7e9210da30_0, 0, 1;
    %pushi/vec4 3, 0, 32;
    %store/vec4 v0x7f7e9210df60_0, 0, 32;
    %delay 100000, 0;
    %pushi/vec4 0, 0, 1;
    %store/vec4 v0x7f7e9210da30_0, 0, 1;
    %delay 499900000, 0;
    %vpi_call 2 58 "$display", "time: %0t, x: %0d, a: %0d, b: %0d, c: (%0d, %0d, %0d)", $time, v0x7f7e9210df60_0, v0x7f7e9210dac0_0, v0x7f7e9210db50_0, v0x7f7e9210dc20_0, v0x7f7e9210dcd0_0, v0x7f7e9210dd80_0 {0 0 0};
    %delay 500000000, 0;
    %pushi/vec4 1, 0, 1;
    %store/vec4 v0x7f7e9210da30_0, 0, 1;
    %pushi/vec4 4, 0, 32;
    %store/vec4 v0x7f7e9210df60_0, 0, 32;
    %delay 100000, 0;
    %pushi/vec4 0, 0, 1;
    %store/vec4 v0x7f7e9210da30_0, 0, 1;
    %delay 499900000, 0;
    %vpi_call 2 66 "$display", "time: %0t, x: %0d, a: %0d, b: %0d, c: (%0d, %0d, %0d)", $time, v0x7f7e9210df60_0, v0x7f7e9210dac0_0, v0x7f7e9210db50_0, v0x7f7e9210dc20_0, v0x7f7e9210dcd0_0, v0x7f7e9210dd80_0 {0 0 0};
    %delay 500000000, 0;
    %pushi/vec4 1, 0, 1;
    %store/vec4 v0x7f7e9210da30_0, 0, 1;
    %pushi/vec4 5, 0, 32;
    %store/vec4 v0x7f7e9210df60_0, 0, 32;
    %delay 100000, 0;
    %pushi/vec4 0, 0, 1;
    %store/vec4 v0x7f7e9210da30_0, 0, 1;
    %delay 499900000, 0;
    %vpi_call 2 74 "$display", "time: %0t, x: %0d, a: %0d, b: %0d, c: (%0d, %0d, %0d)", $time, v0x7f7e9210df60_0, v0x7f7e9210dac0_0, v0x7f7e9210db50_0, v0x7f7e9210dc20_0, v0x7f7e9210dcd0_0, v0x7f7e9210dd80_0 {0 0 0};
    %delay 500000000, 0;
    %pushi/vec4 1, 0, 1;
    %store/vec4 v0x7f7e9210da30_0, 0, 1;
    %pushi/vec4 6, 0, 32;
    %store/vec4 v0x7f7e9210df60_0, 0, 32;
    %delay 100000, 0;
    %pushi/vec4 0, 0, 1;
    %store/vec4 v0x7f7e9210da30_0, 0, 1;
    %delay 499900000, 0;
    %vpi_call 2 82 "$display", "time: %0t, x: %0d, a: %0d, b: %0d, c: (%0d, %0d, %0d)", $time, v0x7f7e9210df60_0, v0x7f7e9210dac0_0, v0x7f7e9210db50_0, v0x7f7e9210dc20_0, v0x7f7e9210dcd0_0, v0x7f7e9210dd80_0 {0 0 0};
    %delay 500000000, 0;
    %vpi_call 2 85 "$finish" {0 0 0};
    %end;
    .thread T_10;
# The file index is used to find the file name in the following table.
:file_names 4;
    "N/A";
    "<interactive>";
    "testbench.v";
    "../verilog/SimpleCycle.topEntity/topEntity.v";
