#! /usr/local/Cellar/icarus-verilog/12.0/bin/vvp
:ivl_version "12.0 (stable)";
:ivl_delay_selection "TYPICAL";
:vpi_time_precision - 13;
:vpi_module "/usr/local/Cellar/icarus-verilog/12.0/lib/ivl/system.vpi";
:vpi_module "/usr/local/Cellar/icarus-verilog/12.0/lib/ivl/vhdl_sys.vpi";
:vpi_module "/usr/local/Cellar/icarus-verilog/12.0/lib/ivl/vhdl_textio.vpi";
:vpi_module "/usr/local/Cellar/icarus-verilog/12.0/lib/ivl/v2005_math.vpi";
:vpi_module "/usr/local/Cellar/icarus-verilog/12.0/lib/ivl/va_math.vpi";
S_0x7fca3602fc10 .scope module, "testbench" "testbench" 2 2;
 .timescale -6 -9;
v0x7fca36041f40_0 .var/s "a", 31 0;
v0x7fca36041fd0_0 .var "clk", 0 0;
v0x7fca36042060_0 .var "en", 0 0;
v0x7fca360420f0_0 .net "result_0", 0 0, L_0x7fca36044060;  1 drivers
v0x7fca36042180_0 .net/s "result_1", 31 0, L_0x7fca36044140;  1 drivers
v0x7fca36042250_0 .net/s "result_2", 31 0, L_0x7fca36043fc0;  1 drivers
v0x7fca36042300_0 .net/s "result_3", 31 0, L_0x7fca36044390;  1 drivers
v0x7fca360423b0_0 .net/s "result_4", 31 0, L_0x7fca360444f0;  1 drivers
v0x7fca36042460_0 .var "rst", 0 0;
S_0x7fca36004760 .scope module, "monitor" "topEntity" 2 14, 3 5 0, S_0x7fca3602fc10;
 .timescale -13 -13;
    .port_info 0 /INPUT 1 "clk";
    .port_info 1 /INPUT 1 "rst";
    .port_info 2 /INPUT 1 "en";
    .port_info 3 /INPUT 32 "a";
    .port_info 4 /OUTPUT 1 "result_0";
    .port_info 5 /OUTPUT 32 "result_1";
    .port_info 6 /OUTPUT 32 "result_2";
    .port_info 7 /OUTPUT 32 "result_3";
    .port_info 8 /OUTPUT 32 "result_4";
L_0x7fca36042850 .functor AND 1, v0x7fca360419b0_0, v0x7fca36041260_0, C4<1>, C4<1>;
L_0x7fca36043100 .functor AND 1, v0x7fca360419b0_0, v0x7fca36041710_0, C4<1>, C4<1>;
v0x7fca36005590_0 .net/s *"_ivl_0", 31 0, L_0x7fca36042590;  1 drivers
L_0x7fca36363050 .functor BUFT 1, C4<1>, C4<0>, C4<0>, C4<0>;
v0x7fca3603f760_0 .net/2u *"_ivl_12", 0 0, L_0x7fca36363050;  1 drivers
L_0x7fca36363098 .functor BUFT 1, C4<0>, C4<0>, C4<0>, C4<0>;
v0x7fca3603f800_0 .net/2u *"_ivl_14", 0 0, L_0x7fca36363098;  1 drivers
L_0x7fca363630e0 .functor BUFT 1, C4<0000000000000000000000000000000000000000000000000010011100001111>, C4<0>, C4<0>, C4<0>;
v0x7fca3603f8b0_0 .net/2s *"_ivl_18", 63 0, L_0x7fca363630e0;  1 drivers
L_0x7fca36363128 .functor BUFT 1, C4<0000000000000000000000000000000000000000000000000000000000000001>, C4<0>, C4<0>, C4<0>;
v0x7fca3603f960_0 .net/2s *"_ivl_22", 63 0, L_0x7fca36363128;  1 drivers
L_0x7fca36363170 .functor BUFT 1, C4<0000000000000000000000000000000000000000000000000000000000000000>, C4<0>, C4<0>, C4<0>;
v0x7fca3603fa50_0 .net/2s *"_ivl_26", 63 0, L_0x7fca36363170;  1 drivers
L_0x7fca363631b8 .functor BUFT 1, C4<0000000000000000000000000000000000000000000000000100111000011111>, C4<0>, C4<0>, C4<0>;
v0x7fca3603fb00_0 .net/2s *"_ivl_34", 63 0, L_0x7fca363631b8;  1 drivers
L_0x7fca36363200 .functor BUFT 1, C4<1>, C4<0>, C4<0>, C4<0>;
v0x7fca3603fbb0_0 .net/2u *"_ivl_38", 0 0, L_0x7fca36363200;  1 drivers
L_0x7fca36363248 .functor BUFT 1, C4<0>, C4<0>, C4<0>, C4<0>;
v0x7fca3603fc60_0 .net/2u *"_ivl_40", 0 0, L_0x7fca36363248;  1 drivers
L_0x7fca36363290 .functor BUFT 1, C4<0000000000000000000000000000000000000000000000000100111000011111>, C4<0>, C4<0>, C4<0>;
v0x7fca3603fd70_0 .net/2s *"_ivl_44", 63 0, L_0x7fca36363290;  1 drivers
L_0x7fca363632d8 .functor BUFT 1, C4<0000000000000000000000000000000000000000000000000000000000000001>, C4<0>, C4<0>, C4<0>;
v0x7fca3603fe20_0 .net/2s *"_ivl_48", 63 0, L_0x7fca363632d8;  1 drivers
L_0x7fca36363320 .functor BUFT 1, C4<0000000000000000000000000000000000000000000000000000000000000000>, C4<0>, C4<0>, C4<0>;
v0x7fca3603fed0_0 .net/2s *"_ivl_52", 63 0, L_0x7fca36363320;  1 drivers
L_0x7fca36363368 .functor BUFT 1, C4<0000000000000000000000000000000000000000000000000000000000001001>, C4<0>, C4<0>, C4<0>;
v0x7fca3603ff80_0 .net/2s *"_ivl_56", 63 0, L_0x7fca36363368;  1 drivers
L_0x7fca363633b0 .functor BUFT 1, C4<1>, C4<0>, C4<0>, C4<0>;
v0x7fca36040030_0 .net/2u *"_ivl_60", 0 0, L_0x7fca363633b0;  1 drivers
L_0x7fca363633f8 .functor BUFT 1, C4<0>, C4<0>, C4<0>, C4<0>;
v0x7fca360400e0_0 .net/2u *"_ivl_62", 0 0, L_0x7fca363633f8;  1 drivers
L_0x7fca36363440 .functor BUFT 1, C4<0000000000000000000000000000000000000000000000000000000000001001>, C4<0>, C4<0>, C4<0>;
v0x7fca36040190_0 .net/2s *"_ivl_66", 63 0, L_0x7fca36363440;  1 drivers
L_0x7fca36363488 .functor BUFT 1, C4<0000000000000000000000000000000000000000000000000000000000000001>, C4<0>, C4<0>, C4<0>;
v0x7fca36040240_0 .net/2s *"_ivl_70", 63 0, L_0x7fca36363488;  1 drivers
L_0x7fca363634d0 .functor BUFT 1, C4<0000000000000000000000000000000000000000000000000000000000000000>, C4<0>, C4<0>, C4<0>;
v0x7fca360403d0_0 .net/2s *"_ivl_74", 63 0, L_0x7fca363634d0;  1 drivers
L_0x7fca36363008 .functor BUFT 1, C4<0000000000000000000000000000000000000000000000000010011100001111>, C4<0>, C4<0>, C4<0>;
v0x7fca36040460_0 .net/2s *"_ivl_8", 63 0, L_0x7fca36363008;  1 drivers
v0x7fca36040510_0 .net/s "a", 31 0, v0x7fca36041f40_0;  1 drivers
v0x7fca360405c0_0 .net "b", 0 0, L_0x7fca36042850;  1 drivers
v0x7fca36040660_0 .net "b_0", 0 0, L_0x7fca36042a50;  1 drivers
v0x7fca36040700_0 .net "b_1", 0 0, L_0x7fca36042d40;  1 drivers
v0x7fca360407a0_0 .net "b_2", 0 0, L_0x7fca36043100;  1 drivers
v0x7fca36040840_0 .net "b_3", 0 0, L_0x7fca360432e0;  1 drivers
v0x7fca360408e0_0 .net "b_4", 0 0, L_0x7fca360435a0;  1 drivers
v0x7fca36040980_0 .net "b_5", 0 0, L_0x7fca36043950;  1 drivers
v0x7fca36040a20_0 .net "b_6", 0 0, L_0x7fca36043bd0;  1 drivers
v0x7fca36040ac0_0 .net "clk", 0 0, v0x7fca36041fd0_0;  1 drivers
v0x7fca36040b60_0 .net "en", 0 0, v0x7fca36042060_0;  1 drivers
v0x7fca36040c00_0 .net "result", 128 0, L_0x7fca36042690;  1 drivers
v0x7fca36040cb0_0 .net "result_0", 0 0, L_0x7fca36044060;  alias, 1 drivers
v0x7fca36040d50_0 .net/s "result_1", 31 0, L_0x7fca36044140;  alias, 1 drivers
v0x7fca360402f0_0 .net/s "result_10", 31 0, L_0x7fca36042900;  1 drivers
v0x7fca36040fe0_0 .var/s "result_11", 31 0;
v0x7fca36041070_0 .net "result_12", 0 0, L_0x7fca36042bb0;  1 drivers
v0x7fca36041100_0 .net/s "result_13", 63 0, L_0x7fca36042fe0;  1 drivers
v0x7fca360411b0_0 .var/s "result_14", 63 0;
v0x7fca36041260_0 .var "result_15", 0 0;
v0x7fca36041300_0 .net/s "result_16", 31 0, L_0x7fca36043170;  1 drivers
v0x7fca360413b0_0 .var/s "result_17", 31 0;
v0x7fca36041460_0 .net "result_18", 0 0, L_0x7fca36043420;  1 drivers
v0x7fca36041500_0 .net/s "result_19", 63 0, L_0x7fca36043830;  1 drivers
v0x7fca360415b0_0 .net/s "result_2", 31 0, L_0x7fca36043fc0;  alias, 1 drivers
v0x7fca36041660_0 .var/s "result_20", 63 0;
v0x7fca36041710_0 .var "result_21", 0 0;
v0x7fca360417b0_0 .net "result_22", 0 0, L_0x7fca36043ab0;  1 drivers
v0x7fca36041850_0 .net/s "result_23", 63 0, L_0x7fca36043f20;  1 drivers
v0x7fca36041900_0 .var/s "result_24", 63 0;
v0x7fca360419b0_0 .var "result_25", 0 0;
v0x7fca36041a50_0 .net/s "result_3", 31 0, L_0x7fca36044390;  alias, 1 drivers
v0x7fca36041b00_0 .net/s "result_4", 31 0, L_0x7fca360444f0;  alias, 1 drivers
v0x7fca36041bb0_0 .net "rst", 0 0, v0x7fca36042460_0;  1 drivers
v0x7fca36041c50_0 .net/s "t", 63 0, L_0x7fca36042ea0;  1 drivers
v0x7fca36041d00_0 .net/s "t_0", 63 0, L_0x7fca360436c0;  1 drivers
v0x7fca36041db0_0 .net/s "t_1", 63 0, L_0x7fca36043e80;  1 drivers
E_0x7fca360093b0 .event posedge, v0x7fca36041bb0_0, v0x7fca36040ac0_0;
L_0x7fca36042590 .arith/sum 32, v0x7fca36040fe0_0, v0x7fca360413b0_0;
LS_0x7fca36042690_0_0 .concat [ 32 32 32 32], L_0x7fca36042590, v0x7fca360413b0_0, v0x7fca36040fe0_0, v0x7fca36041f40_0;
LS_0x7fca36042690_0_4 .concat [ 1 0 0 0], v0x7fca360419b0_0;
L_0x7fca36042690 .concat [ 128 1 0 0], LS_0x7fca36042690_0_0, LS_0x7fca36042690_0_4;
L_0x7fca36042900 .functor MUXZ 32, v0x7fca36040fe0_0, v0x7fca36041f40_0, L_0x7fca36042850, C4<>;
L_0x7fca36042a50 .cmp/eq 64, v0x7fca360411b0_0, L_0x7fca36363008;
L_0x7fca36042bb0 .functor MUXZ 1, L_0x7fca36363098, L_0x7fca36363050, L_0x7fca36042a50, C4<>;
L_0x7fca36042d40 .cmp/gt.s 64, L_0x7fca363630e0, v0x7fca360411b0_0;
L_0x7fca36042ea0 .arith/sum 64, v0x7fca360411b0_0, L_0x7fca36363128;
L_0x7fca36042fe0 .functor MUXZ 64, L_0x7fca36363170, L_0x7fca36042ea0, L_0x7fca36042d40, C4<>;
L_0x7fca36043170 .functor MUXZ 32, v0x7fca360413b0_0, v0x7fca36041f40_0, L_0x7fca36043100, C4<>;
L_0x7fca360432e0 .cmp/eq 64, v0x7fca36041660_0, L_0x7fca363631b8;
L_0x7fca36043420 .functor MUXZ 1, L_0x7fca36363248, L_0x7fca36363200, L_0x7fca360432e0, C4<>;
L_0x7fca360435a0 .cmp/gt.s 64, L_0x7fca36363290, v0x7fca36041660_0;
L_0x7fca360436c0 .arith/sum 64, v0x7fca36041660_0, L_0x7fca363632d8;
L_0x7fca36043830 .functor MUXZ 64, L_0x7fca36363320, L_0x7fca360436c0, L_0x7fca360435a0, C4<>;
L_0x7fca36043950 .cmp/eq 64, v0x7fca36041900_0, L_0x7fca36363368;
L_0x7fca36043ab0 .functor MUXZ 1, L_0x7fca363633f8, L_0x7fca363633b0, L_0x7fca36043950, C4<>;
L_0x7fca36043bd0 .cmp/gt.s 64, L_0x7fca36363440, v0x7fca36041900_0;
L_0x7fca36043e80 .arith/sum 64, v0x7fca36041900_0, L_0x7fca36363488;
L_0x7fca36043f20 .functor MUXZ 64, L_0x7fca363634d0, L_0x7fca36043e80, L_0x7fca36043bd0, C4<>;
L_0x7fca36044060 .part L_0x7fca36042690, 128, 1;
L_0x7fca36044140 .part L_0x7fca36042690, 96, 32;
L_0x7fca36043fc0 .part L_0x7fca36042690, 64, 32;
L_0x7fca36044390 .part L_0x7fca36042690, 32, 32;
L_0x7fca360444f0 .part L_0x7fca36042690, 0, 32;
S_0x7fca360048d0 .scope begin, "result_11_register" "result_11_register" 3 67, 3 67 0, S_0x7fca36004760;
 .timescale -13 -13;
S_0x7fca360167a0 .scope begin, "result_14_register" "result_14_register" 3 87, 3 87 0, S_0x7fca36004760;
 .timescale -13 -13;
S_0x7fca36016910 .scope begin, "result_15_register" "result_15_register" 3 97, 3 97 0, S_0x7fca36004760;
 .timescale -13 -13;
S_0x7fca36032f80 .scope begin, "result_17_register" "result_17_register" 3 111, 3 111 0, S_0x7fca36004760;
 .timescale -13 -13;
S_0x7fca360330f0 .scope begin, "result_20_register" "result_20_register" 3 131, 3 131 0, S_0x7fca36004760;
 .timescale -13 -13;
S_0x7fca36033260 .scope begin, "result_21_register" "result_21_register" 3 141, 3 141 0, S_0x7fca36004760;
 .timescale -13 -13;
S_0x7fca360333d0 .scope begin, "result_24_register" "result_24_register" 3 161, 3 161 0, S_0x7fca36004760;
 .timescale -13 -13;
S_0x7fca36033540 .scope begin, "result_25_register" "result_25_register" 3 171, 3 171 0, S_0x7fca36004760;
 .timescale -13 -13;
    .scope S_0x7fca36004760;
T_0 ;
    %pushi/vec4 10, 0, 32;
    %store/vec4 v0x7fca36040fe0_0, 0, 32;
    %pushi/vec4 0, 0, 64;
    %store/vec4 v0x7fca360411b0_0, 0, 64;
    %pushi/vec4 0, 0, 1;
    %store/vec4 v0x7fca36041260_0, 0, 1;
    %pushi/vec4 10, 0, 32;
    %store/vec4 v0x7fca360413b0_0, 0, 32;
    %pushi/vec4 0, 0, 64;
    %store/vec4 v0x7fca36041660_0, 0, 64;
    %pushi/vec4 0, 0, 1;
    %store/vec4 v0x7fca36041710_0, 0, 1;
    %pushi/vec4 0, 0, 64;
    %store/vec4 v0x7fca36041900_0, 0, 64;
    %pushi/vec4 0, 0, 1;
    %store/vec4 v0x7fca360419b0_0, 0, 1;
    %end;
    .thread T_0;
    .scope S_0x7fca36004760;
T_1 ;
    %wait E_0x7fca360093b0;
    %fork t_1, S_0x7fca360048d0;
    %jmp t_0;
    .scope S_0x7fca360048d0;
t_1 ;
    %load/vec4 v0x7fca36041bb0_0;
    %flag_set/vec4 8;
    %jmp/0xz  T_1.0, 8;
    %pushi/vec4 10, 0, 32;
    %assign/vec4 v0x7fca36040fe0_0, 0;
    %jmp T_1.1;
T_1.0 ;
    %load/vec4 v0x7fca36040b60_0;
    %flag_set/vec4 8;
    %jmp/0xz  T_1.2, 8;
    %load/vec4 v0x7fca360402f0_0;
    %assign/vec4 v0x7fca36040fe0_0, 0;
T_1.2 ;
T_1.1 ;
    %end;
    .scope S_0x7fca36004760;
t_0 %join;
    %jmp T_1;
    .thread T_1;
    .scope S_0x7fca36004760;
T_2 ;
    %wait E_0x7fca360093b0;
    %fork t_3, S_0x7fca360167a0;
    %jmp t_2;
    .scope S_0x7fca360167a0;
t_3 ;
    %load/vec4 v0x7fca36041bb0_0;
    %flag_set/vec4 8;
    %jmp/0xz  T_2.0, 8;
    %pushi/vec4 0, 0, 64;
    %assign/vec4 v0x7fca360411b0_0, 0;
    %jmp T_2.1;
T_2.0 ;
    %load/vec4 v0x7fca36040b60_0;
    %flag_set/vec4 8;
    %jmp/0xz  T_2.2, 8;
    %load/vec4 v0x7fca36041100_0;
    %assign/vec4 v0x7fca360411b0_0, 0;
T_2.2 ;
T_2.1 ;
    %end;
    .scope S_0x7fca36004760;
t_2 %join;
    %jmp T_2;
    .thread T_2;
    .scope S_0x7fca36004760;
T_3 ;
    %wait E_0x7fca360093b0;
    %fork t_5, S_0x7fca36016910;
    %jmp t_4;
    .scope S_0x7fca36016910;
t_5 ;
    %load/vec4 v0x7fca36041bb0_0;
    %flag_set/vec4 8;
    %jmp/0xz  T_3.0, 8;
    %pushi/vec4 0, 0, 1;
    %assign/vec4 v0x7fca36041260_0, 0;
    %jmp T_3.1;
T_3.0 ;
    %load/vec4 v0x7fca36040b60_0;
    %flag_set/vec4 8;
    %jmp/0xz  T_3.2, 8;
    %load/vec4 v0x7fca36041070_0;
    %assign/vec4 v0x7fca36041260_0, 0;
T_3.2 ;
T_3.1 ;
    %end;
    .scope S_0x7fca36004760;
t_4 %join;
    %jmp T_3;
    .thread T_3;
    .scope S_0x7fca36004760;
T_4 ;
    %wait E_0x7fca360093b0;
    %fork t_7, S_0x7fca36032f80;
    %jmp t_6;
    .scope S_0x7fca36032f80;
t_7 ;
    %load/vec4 v0x7fca36041bb0_0;
    %flag_set/vec4 8;
    %jmp/0xz  T_4.0, 8;
    %pushi/vec4 10, 0, 32;
    %assign/vec4 v0x7fca360413b0_0, 0;
    %jmp T_4.1;
T_4.0 ;
    %load/vec4 v0x7fca36040b60_0;
    %flag_set/vec4 8;
    %jmp/0xz  T_4.2, 8;
    %load/vec4 v0x7fca36041300_0;
    %assign/vec4 v0x7fca360413b0_0, 0;
T_4.2 ;
T_4.1 ;
    %end;
    .scope S_0x7fca36004760;
t_6 %join;
    %jmp T_4;
    .thread T_4;
    .scope S_0x7fca36004760;
T_5 ;
    %wait E_0x7fca360093b0;
    %fork t_9, S_0x7fca360330f0;
    %jmp t_8;
    .scope S_0x7fca360330f0;
t_9 ;
    %load/vec4 v0x7fca36041bb0_0;
    %flag_set/vec4 8;
    %jmp/0xz  T_5.0, 8;
    %pushi/vec4 0, 0, 64;
    %assign/vec4 v0x7fca36041660_0, 0;
    %jmp T_5.1;
T_5.0 ;
    %load/vec4 v0x7fca36040b60_0;
    %flag_set/vec4 8;
    %jmp/0xz  T_5.2, 8;
    %load/vec4 v0x7fca36041500_0;
    %assign/vec4 v0x7fca36041660_0, 0;
T_5.2 ;
T_5.1 ;
    %end;
    .scope S_0x7fca36004760;
t_8 %join;
    %jmp T_5;
    .thread T_5;
    .scope S_0x7fca36004760;
T_6 ;
    %wait E_0x7fca360093b0;
    %fork t_11, S_0x7fca36033260;
    %jmp t_10;
    .scope S_0x7fca36033260;
t_11 ;
    %load/vec4 v0x7fca36041bb0_0;
    %flag_set/vec4 8;
    %jmp/0xz  T_6.0, 8;
    %pushi/vec4 0, 0, 1;
    %assign/vec4 v0x7fca36041710_0, 0;
    %jmp T_6.1;
T_6.0 ;
    %load/vec4 v0x7fca36040b60_0;
    %flag_set/vec4 8;
    %jmp/0xz  T_6.2, 8;
    %load/vec4 v0x7fca36041460_0;
    %assign/vec4 v0x7fca36041710_0, 0;
T_6.2 ;
T_6.1 ;
    %end;
    .scope S_0x7fca36004760;
t_10 %join;
    %jmp T_6;
    .thread T_6;
    .scope S_0x7fca36004760;
T_7 ;
    %wait E_0x7fca360093b0;
    %fork t_13, S_0x7fca360333d0;
    %jmp t_12;
    .scope S_0x7fca360333d0;
t_13 ;
    %load/vec4 v0x7fca36041bb0_0;
    %flag_set/vec4 8;
    %jmp/0xz  T_7.0, 8;
    %pushi/vec4 0, 0, 64;
    %assign/vec4 v0x7fca36041900_0, 0;
    %jmp T_7.1;
T_7.0 ;
    %load/vec4 v0x7fca36040b60_0;
    %flag_set/vec4 8;
    %jmp/0xz  T_7.2, 8;
    %load/vec4 v0x7fca36041850_0;
    %assign/vec4 v0x7fca36041900_0, 0;
T_7.2 ;
T_7.1 ;
    %end;
    .scope S_0x7fca36004760;
t_12 %join;
    %jmp T_7;
    .thread T_7;
    .scope S_0x7fca36004760;
T_8 ;
    %wait E_0x7fca360093b0;
    %fork t_15, S_0x7fca36033540;
    %jmp t_14;
    .scope S_0x7fca36033540;
t_15 ;
    %load/vec4 v0x7fca36041bb0_0;
    %flag_set/vec4 8;
    %jmp/0xz  T_8.0, 8;
    %pushi/vec4 0, 0, 1;
    %assign/vec4 v0x7fca360419b0_0, 0;
    %jmp T_8.1;
T_8.0 ;
    %load/vec4 v0x7fca36040b60_0;
    %flag_set/vec4 8;
    %jmp/0xz  T_8.2, 8;
    %load/vec4 v0x7fca360417b0_0;
    %assign/vec4 v0x7fca360419b0_0, 0;
T_8.2 ;
T_8.1 ;
    %end;
    .scope S_0x7fca36004760;
t_14 %join;
    %jmp T_8;
    .thread T_8;
    .scope S_0x7fca3602fc10;
T_9 ;
    %delay 50000, 0;
    %load/vec4 v0x7fca36041fd0_0;
    %inv;
    %store/vec4 v0x7fca36041fd0_0, 0, 1;
    %jmp T_9;
    .thread T_9;
    .scope S_0x7fca3602fc10;
T_10 ;
    %vpi_call 2 24 "$printtimescale", S_0x7fca3602fc10 {0 0 0};
    %end;
    .thread T_10;
    .scope S_0x7fca3602fc10;
T_11 ;
    %pushi/vec4 0, 0, 1;
    %store/vec4 v0x7fca36041fd0_0, 0, 1;
    %pushi/vec4 0, 0, 1;
    %store/vec4 v0x7fca36042460_0, 0, 1;
    %pushi/vec4 1, 0, 1;
    %store/vec4 v0x7fca36042060_0, 0, 1;
    %pushi/vec4 0, 0, 32;
    %store/vec4 v0x7fca36041f40_0, 0, 32;
    %delay 1000000000, 0;
    %pushi/vec4 0, 0, 1;
    %store/vec4 v0x7fca36042460_0, 0, 1;
    %pushi/vec4 1, 0, 32;
    %store/vec4 v0x7fca36041f40_0, 0, 32;
    %vpi_call 2 38 "$display", "time: %t, eval: %b, a: %d, b: %d, c: %d, d: %d", $time, v0x7fca360420f0_0, v0x7fca36042180_0, v0x7fca36042250_0, v0x7fca36042300_0, v0x7fca360423b0_0 {0 0 0};
    %delay 1000000000, 0;
    %pushi/vec4 2, 0, 32;
    %store/vec4 v0x7fca36041f40_0, 0, 32;
    %vpi_call 2 42 "$display", "time: %t, eval: %b, a: %d, b: %d, c: %d, d: %d", $time, v0x7fca360420f0_0, v0x7fca36042180_0, v0x7fca36042250_0, v0x7fca36042300_0, v0x7fca360423b0_0 {0 0 0};
    %delay 1000000000, 0;
    %pushi/vec4 3, 0, 32;
    %store/vec4 v0x7fca36041f40_0, 0, 32;
    %vpi_call 2 46 "$display", "time: %t, eval: %b, a: %d, b: %d, c: %d, d: %d", $time, v0x7fca360420f0_0, v0x7fca36042180_0, v0x7fca36042250_0, v0x7fca36042300_0, v0x7fca360423b0_0 {0 0 0};
    %delay 1000000000, 0;
    %pushi/vec4 4, 0, 32;
    %store/vec4 v0x7fca36041f40_0, 0, 32;
    %vpi_call 2 50 "$display", "time: %t, eval: %b, a: %d, b: %d, c: %d, d: %d", $time, v0x7fca360420f0_0, v0x7fca36042180_0, v0x7fca36042250_0, v0x7fca36042300_0, v0x7fca360423b0_0 {0 0 0};
    %delay 1000000000, 0;
    %pushi/vec4 5, 0, 32;
    %store/vec4 v0x7fca36041f40_0, 0, 32;
    %vpi_call 2 54 "$display", "time: %t, eval: %b, a: %d, b: %d, c: %d, d: %d", $time, v0x7fca360420f0_0, v0x7fca36042180_0, v0x7fca36042250_0, v0x7fca36042300_0, v0x7fca360423b0_0 {0 0 0};
    %delay 1000000000, 0;
    %pushi/vec4 6, 0, 32;
    %store/vec4 v0x7fca36041f40_0, 0, 32;
    %vpi_call 2 58 "$display", "time: %t, eval: %b, a: %d, b: %d, c: %d, d: %d", $time, v0x7fca360420f0_0, v0x7fca36042180_0, v0x7fca36042250_0, v0x7fca36042300_0, v0x7fca360423b0_0 {0 0 0};
    %delay 1000000000, 0;
    %pushi/vec4 7, 0, 32;
    %store/vec4 v0x7fca36041f40_0, 0, 32;
    %vpi_call 2 62 "$display", "time: %t, eval: %b, a: %d, b: %d, c: %d, d: %d", $time, v0x7fca360420f0_0, v0x7fca36042180_0, v0x7fca36042250_0, v0x7fca36042300_0, v0x7fca360423b0_0 {0 0 0};
    %delay 1000000000, 0;
    %pushi/vec4 8, 0, 32;
    %store/vec4 v0x7fca36041f40_0, 0, 32;
    %vpi_call 2 66 "$display", "time: %t, eval: %b, a: %d, b: %d, c: %d, d: %d", $time, v0x7fca360420f0_0, v0x7fca36042180_0, v0x7fca36042250_0, v0x7fca36042300_0, v0x7fca360423b0_0 {0 0 0};
    %delay 1000000000, 0;
    %pushi/vec4 9, 0, 32;
    %store/vec4 v0x7fca36041f40_0, 0, 32;
    %vpi_call 2 70 "$display", "time: %t, eval: %b, a: %d, b: %d, c: %d, d: %d", $time, v0x7fca360420f0_0, v0x7fca36042180_0, v0x7fca36042250_0, v0x7fca36042300_0, v0x7fca360423b0_0 {0 0 0};
    %delay 1000000000, 0;
    %pushi/vec4 10, 0, 32;
    %store/vec4 v0x7fca36041f40_0, 0, 32;
    %vpi_call 2 74 "$display", "time: %t, eval: %b, a: %d, b: %d, c: %d, d: %d", $time, v0x7fca360420f0_0, v0x7fca36042180_0, v0x7fca36042250_0, v0x7fca36042300_0, v0x7fca360423b0_0 {0 0 0};
    %delay 1000000000, 0;
    %pushi/vec4 11, 0, 32;
    %store/vec4 v0x7fca36041f40_0, 0, 32;
    %vpi_call 2 78 "$display", "time: %t, eval: %b, a: %d, b: %d, c: %d, d: %d", $time, v0x7fca360420f0_0, v0x7fca36042180_0, v0x7fca36042250_0, v0x7fca36042300_0, v0x7fca360423b0_0 {0 0 0};
    %delay 1000000000, 0;
    %pushi/vec4 12, 0, 32;
    %store/vec4 v0x7fca36041f40_0, 0, 32;
    %vpi_call 2 82 "$display", "time: %t, eval: %b, a: %d, b: %d, c: %d, d: %d", $time, v0x7fca360420f0_0, v0x7fca36042180_0, v0x7fca36042250_0, v0x7fca36042300_0, v0x7fca360423b0_0 {0 0 0};
    %delay 1000000000, 0;
    %pushi/vec4 13, 0, 32;
    %store/vec4 v0x7fca36041f40_0, 0, 32;
    %vpi_call 2 86 "$display", "time: %t, eval: %b, a: %d, b: %d, c: %d, d: %d", $time, v0x7fca360420f0_0, v0x7fca36042180_0, v0x7fca36042250_0, v0x7fca36042300_0, v0x7fca360423b0_0 {0 0 0};
    %delay 1000000000, 0;
    %vpi_call 2 89 "$finish" {0 0 0};
    %end;
    .thread T_11;
# The file index is used to find the file name in the following table.
:file_names 4;
    "N/A";
    "<interactive>";
    "test_generated_diff_freqs_simple.v";
    "../verilog/DiffFreqsSimple.topEntity/topEntity.v";
