#! /usr/local/Cellar/icarus-verilog/12.0/bin/vvp
:ivl_version "12.0 (stable)";
:ivl_delay_selection "TYPICAL";
:vpi_time_precision - 13;
:vpi_module "/usr/local/Cellar/icarus-verilog/12.0/lib/ivl/system.vpi";
:vpi_module "/usr/local/Cellar/icarus-verilog/12.0/lib/ivl/vhdl_sys.vpi";
:vpi_module "/usr/local/Cellar/icarus-verilog/12.0/lib/ivl/vhdl_textio.vpi";
:vpi_module "/usr/local/Cellar/icarus-verilog/12.0/lib/ivl/v2005_math.vpi";
:vpi_module "/usr/local/Cellar/icarus-verilog/12.0/lib/ivl/va_math.vpi";
S_0x7fb954e14bf0 .scope module, "testbench" "testbench" 2 2;
 .timescale -6 -9;
v0x7fb954c12110_0 .var/s "a", 31 0;
v0x7fb954c121e0_0 .var "clk", 0 0;
v0x7fb954c12270_0 .var "en", 0 0;
v0x7fb954c12300_0 .net/s "result_0", 31 0, L_0x7fb954c14780;  1 drivers
v0x7fb954c12390_0 .net/s "result_1", 31 0, L_0x7fb954c14910;  1 drivers
v0x7fb954c12460_0 .net/s "result_2", 31 0, L_0x7fb954c14600;  1 drivers
v0x7fb954c12510_0 .net/s "result_3", 31 0, L_0x7fb954c14b70;  1 drivers
v0x7fb954c125c0_0 .var "rst", 0 0;
S_0x7fb954e215a0 .scope module, "monitor" "topEntity" 2 13, 3 5 0, S_0x7fb954e14bf0;
 .timescale -13 -13;
    .port_info 0 /INPUT 1 "clk";
    .port_info 1 /INPUT 1 "rst";
    .port_info 2 /INPUT 1 "en";
    .port_info 3 /INPUT 32 "a";
    .port_info 4 /OUTPUT 32 "result_0";
    .port_info 5 /OUTPUT 32 "result_1";
    .port_info 6 /OUTPUT 32 "result_2";
    .port_info 7 /OUTPUT 32 "result_3";
L_0x7fb954863008 .functor BUFT 1, C4<0000000000000000000000000000000000000000000000000001001110001000>, C4<0>, C4<0>, C4<0>;
v0x7fb954e19290_0 .net/2s *"_ivl_0", 63 0, L_0x7fb954863008;  1 drivers
L_0x7fb9548630e0 .functor BUFT 1, C4<0000000000000000000000000000000000000000000000000010011100001111>, C4<0>, C4<0>, C4<0>;
v0x7fb954c0f6d0_0 .net/2s *"_ivl_10", 63 0, L_0x7fb9548630e0;  1 drivers
L_0x7fb954863128 .functor BUFT 1, C4<0000000000000000000000000000000000000000000000000000000000000001>, C4<0>, C4<0>, C4<0>;
v0x7fb954c0f790_0 .net/2s *"_ivl_14", 63 0, L_0x7fb954863128;  1 drivers
L_0x7fb954863170 .functor BUFT 1, C4<0000000000000000000000000000000000000000000000000000000000000000>, C4<0>, C4<0>, C4<0>;
v0x7fb954c0f840_0 .net/2s *"_ivl_18", 63 0, L_0x7fb954863170;  1 drivers
L_0x7fb9548631b8 .functor BUFT 1, C4<0000000000000000000000000000000000000000000000000010011100010000>, C4<0>, C4<0>, C4<0>;
v0x7fb954c0f8d0_0 .net/2s *"_ivl_34", 63 0, L_0x7fb9548631b8;  1 drivers
L_0x7fb954863200 .functor BUFT 1, C4<1>, C4<0>, C4<0>, C4<0>;
v0x7fb954c0f9c0_0 .net/2u *"_ivl_38", 0 0, L_0x7fb954863200;  1 drivers
L_0x7fb954863050 .functor BUFT 1, C4<1>, C4<0>, C4<0>, C4<0>;
v0x7fb954c0fa70_0 .net/2u *"_ivl_4", 0 0, L_0x7fb954863050;  1 drivers
L_0x7fb954863248 .functor BUFT 1, C4<0>, C4<0>, C4<0>, C4<0>;
v0x7fb954c0fb20_0 .net/2u *"_ivl_40", 0 0, L_0x7fb954863248;  1 drivers
L_0x7fb954863290 .functor BUFT 1, C4<0000000000000000000000000000000000000000000000000100111000011111>, C4<0>, C4<0>, C4<0>;
v0x7fb954c0fbd0_0 .net/2s *"_ivl_44", 63 0, L_0x7fb954863290;  1 drivers
L_0x7fb9548632d8 .functor BUFT 1, C4<0000000000000000000000000000000000000000000000000000000000000001>, C4<0>, C4<0>, C4<0>;
v0x7fb954c0fce0_0 .net/2s *"_ivl_48", 63 0, L_0x7fb9548632d8;  1 drivers
L_0x7fb954863320 .functor BUFT 1, C4<0000000000000000000000000000000000000000000000000000000000000000>, C4<0>, C4<0>, C4<0>;
v0x7fb954c0fd90_0 .net/2s *"_ivl_52", 63 0, L_0x7fb954863320;  1 drivers
v0x7fb954c0fe40_0 .net/s *"_ivl_56", 31 0, L_0x7fb954c13b30;  1 drivers
v0x7fb954c0fef0_0 .net/s *"_ivl_58", 31 0, L_0x7fb954c13cc0;  1 drivers
L_0x7fb954863098 .functor BUFT 1, C4<0>, C4<0>, C4<0>, C4<0>;
v0x7fb954c0ffa0_0 .net/2u *"_ivl_6", 0 0, L_0x7fb954863098;  1 drivers
v0x7fb954c10050_0 .net/s *"_ivl_60", 31 0, L_0x7fb954c13d60;  1 drivers
v0x7fb954c10100_0 .net/s *"_ivl_62", 31 0, L_0x7fb954c13ea0;  1 drivers
v0x7fb954c101b0_0 .net *"_ivl_77", 31 0, L_0x7fb954c14210;  1 drivers
v0x7fb954c10340_0 .net/s "a", 31 0, v0x7fb954c12110_0;  1 drivers
v0x7fb954c103d0_0 .net "b", 0 0, L_0x7fb954c126e0;  1 drivers
v0x7fb954c10470_0 .net "b_0", 0 0, L_0x7fb954c129c0;  1 drivers
v0x7fb954c10510_0 .net "b_1", 0 0, L_0x7fb954c13460;  1 drivers
v0x7fb954c105b0_0 .net "b_2", 0 0, L_0x7fb954c13770;  1 drivers
v0x7fb954c10650_0 .net/s "c$cur_app_arg", 31 0, L_0x7fb954c13360;  1 drivers
v0x7fb954c10700_0 .net/s "c$past1_app_arg", 31 0, L_0x7fb954c13240;  1 drivers
v0x7fb954c107b0_0 .net/s "c$past2_app_arg", 31 0, L_0x7fb954c13150;  1 drivers
v0x7fb954c10860_0 .net/s "c$past3_app_arg", 31 0, L_0x7fb954c13030;  1 drivers
v0x7fb954c10910_0 .net/s "c$past4_app_arg", 31 0, L_0x7fb954c12eb0;  1 drivers
v0x7fb954c109c0_0 .net "clk", 0 0, v0x7fb954c121e0_0;  1 drivers
v0x7fb954c10a60_0 .var/s "cur", 31 0;
v0x7fb954c10b10_0 .net "en", 0 0, v0x7fb954c12270_0;  1 drivers
v0x7fb954c10bb0_0 .var/s "past1", 31 0;
v0x7fb954c10c60_0 .var/s "past2", 31 0;
v0x7fb954c10d10_0 .var/s "past3", 31 0;
v0x7fb954c10260_0 .var/s "past4", 31 0;
v0x7fb954c10fa0_0 .net "result", 127 0, L_0x7fb954c146e0;  1 drivers
v0x7fb954c11030_0 .net/s "result_0", 31 0, L_0x7fb954c14780;  alias, 1 drivers
v0x7fb954c110d0_0 .net/s "result_1", 31 0, L_0x7fb954c14910;  alias, 1 drivers
v0x7fb954c11180_0 .var/s "result_10", 63 0;
v0x7fb954c11230_0 .var "result_11", 0 0;
v0x7fb954c112d0_0 .net "result_12", 159 0, L_0x7fb954c12db0;  1 drivers
v0x7fb954c11380_0 .var/s "result_13", 31 0;
v0x7fb954c11430_0 .net "result_14", 0 0, L_0x7fb954c135e0;  1 drivers
v0x7fb954c114d0_0 .net/s "result_15", 63 0, L_0x7fb954c13a10;  1 drivers
v0x7fb954c11580_0 .var/s "result_16", 63 0;
v0x7fb954c11630_0 .var "result_17", 0 0;
v0x7fb954c116d0_0 .net/s "result_18", 31 0, L_0x7fb954c13c10;  1 drivers
v0x7fb954c11780_0 .var/s "result_19", 31 0;
v0x7fb954c11830_0 .net/s "result_2", 31 0, L_0x7fb954c14600;  alias, 1 drivers
v0x7fb954c118e0_0 .net/s "result_3", 31 0, L_0x7fb954c14b70;  alias, 1 drivers
v0x7fb954c11990_0 .net "result_8", 0 0, L_0x7fb954c12840;  1 drivers
v0x7fb954c11a30_0 .net/s "result_9", 63 0, L_0x7fb954c12c20;  1 drivers
v0x7fb954c11ae0_0 .net "rst", 0 0, v0x7fb954c125c0_0;  1 drivers
v0x7fb954c11b80_0 .net/s "t", 63 0, L_0x7fb954c12b20;  1 drivers
v0x7fb954c11c30_0 .net/s "t_0", 63 0, L_0x7fb954c13890;  1 drivers
v0x7fb954c11ce0_0 .net/s "x1", 31 0, L_0x7fb954c14050;  1 drivers
v0x7fb954c11d90_0 .net/s "x2", 31 0, L_0x7fb954c14130;  1 drivers
v0x7fb954c11e40_0 .net/s "x3", 31 0, L_0x7fb954c142d0;  1 drivers
v0x7fb954c11ef0_0 .net/s "x4", 31 0, L_0x7fb954c143b0;  1 drivers
v0x7fb954c11fa0_0 .net/s "x5", 31 0, L_0x7fb954c14520;  1 drivers
E_0x7fb954e15af0 .event posedge, v0x7fb954c11ae0_0, v0x7fb954c109c0_0;
L_0x7fb954c126e0 .cmp/gt.s 64, L_0x7fb954863008, v0x7fb954c11180_0;
L_0x7fb954c12840 .functor MUXZ 1, L_0x7fb954863098, L_0x7fb954863050, L_0x7fb954c126e0, C4<>;
L_0x7fb954c129c0 .cmp/gt.s 64, L_0x7fb9548630e0, v0x7fb954c11180_0;
L_0x7fb954c12b20 .arith/sum 64, v0x7fb954c11180_0, L_0x7fb954863128;
L_0x7fb954c12c20 .functor MUXZ 64, L_0x7fb954863170, L_0x7fb954c12b20, L_0x7fb954c129c0, C4<>;
LS_0x7fb954c12db0_0_0 .concat [ 32 32 32 32], v0x7fb954c10260_0, v0x7fb954c10d10_0, v0x7fb954c10c60_0, v0x7fb954c10bb0_0;
LS_0x7fb954c12db0_0_4 .concat [ 32 0 0 0], v0x7fb954c10a60_0;
L_0x7fb954c12db0 .concat [ 128 32 0 0], LS_0x7fb954c12db0_0_0, LS_0x7fb954c12db0_0_4;
L_0x7fb954c12eb0 .functor MUXZ 32, v0x7fb954c10260_0, v0x7fb954c10d10_0, v0x7fb954c11230_0, C4<>;
L_0x7fb954c13030 .functor MUXZ 32, v0x7fb954c10d10_0, v0x7fb954c10c60_0, v0x7fb954c11230_0, C4<>;
L_0x7fb954c13150 .functor MUXZ 32, v0x7fb954c10c60_0, v0x7fb954c10bb0_0, v0x7fb954c11230_0, C4<>;
L_0x7fb954c13240 .functor MUXZ 32, v0x7fb954c10bb0_0, v0x7fb954c10a60_0, v0x7fb954c11230_0, C4<>;
L_0x7fb954c13360 .functor MUXZ 32, v0x7fb954c10a60_0, v0x7fb954c12110_0, v0x7fb954c11230_0, C4<>;
L_0x7fb954c13460 .cmp/gt.s 64, L_0x7fb9548631b8, v0x7fb954c11580_0;
L_0x7fb954c135e0 .functor MUXZ 1, L_0x7fb954863248, L_0x7fb954863200, L_0x7fb954c13460, C4<>;
L_0x7fb954c13770 .cmp/gt.s 64, L_0x7fb954863290, v0x7fb954c11580_0;
L_0x7fb954c13890 .arith/sum 64, v0x7fb954c11580_0, L_0x7fb9548632d8;
L_0x7fb954c13a10 .functor MUXZ 64, L_0x7fb954863320, L_0x7fb954c13890, L_0x7fb954c13770, C4<>;
L_0x7fb954c13b30 .arith/sum 32, L_0x7fb954c14050, L_0x7fb954c14130;
L_0x7fb954c13cc0 .arith/sum 32, L_0x7fb954c13b30, L_0x7fb954c142d0;
L_0x7fb954c13d60 .arith/sum 32, L_0x7fb954c13cc0, L_0x7fb954c143b0;
L_0x7fb954c13ea0 .arith/sum 32, L_0x7fb954c13d60, L_0x7fb954c14520;
L_0x7fb954c13c10 .functor MUXZ 32, v0x7fb954c11780_0, L_0x7fb954c13ea0, v0x7fb954c11630_0, C4<>;
L_0x7fb954c14050 .part L_0x7fb954c12db0, 128, 32;
L_0x7fb954c14130 .part L_0x7fb954c12db0, 96, 32;
L_0x7fb954c142d0 .part L_0x7fb954c12db0, 64, 32;
L_0x7fb954c143b0 .part L_0x7fb954c12db0, 32, 32;
L_0x7fb954c14520 .part L_0x7fb954c12db0, 0, 32;
L_0x7fb954c14210 .part L_0x7fb954c12db0, 128, 32;
L_0x7fb954c146e0 .concat [ 32 32 32 32], v0x7fb954c11780_0, v0x7fb954c11380_0, L_0x7fb954c14210, v0x7fb954c12110_0;
L_0x7fb954c14780 .part L_0x7fb954c146e0, 96, 32;
L_0x7fb954c14910 .part L_0x7fb954c146e0, 64, 32;
L_0x7fb954c14600 .part L_0x7fb954c146e0, 32, 32;
L_0x7fb954c14b70 .part L_0x7fb954c146e0, 0, 32;
S_0x7fb954e21840 .scope begin, "cur_register" "cur_register" 3 105, 3 105 0, S_0x7fb954e215a0;
 .timescale -13 -13;
S_0x7fb954e219b0 .scope begin, "past1_register" "past1_register" 3 115, 3 115 0, S_0x7fb954e215a0;
 .timescale -13 -13;
S_0x7fb954e21b20 .scope begin, "past2_register" "past2_register" 3 125, 3 125 0, S_0x7fb954e215a0;
 .timescale -13 -13;
S_0x7fb954e21c90 .scope begin, "past3_register" "past3_register" 3 135, 3 135 0, S_0x7fb954e215a0;
 .timescale -13 -13;
S_0x7fb954e21e00 .scope begin, "past4_register" "past4_register" 3 145, 3 145 0, S_0x7fb954e215a0;
 .timescale -13 -13;
S_0x7fb954e21f70 .scope begin, "result_10_register" "result_10_register" 3 85, 3 85 0, S_0x7fb954e215a0;
 .timescale -13 -13;
S_0x7fb954e220e0 .scope begin, "result_11_register" "result_11_register" 3 95, 3 95 0, S_0x7fb954e215a0;
 .timescale -13 -13;
S_0x7fb954e22250 .scope begin, "result_13_register" "result_13_register" 3 168, 3 168 0, S_0x7fb954e215a0;
 .timescale -13 -13;
S_0x7fb954e223c0 .scope begin, "result_16_register" "result_16_register" 3 188, 3 188 0, S_0x7fb954e215a0;
 .timescale -13 -13;
S_0x7fb954e22530 .scope begin, "result_17_register" "result_17_register" 3 198, 3 198 0, S_0x7fb954e215a0;
 .timescale -13 -13;
S_0x7fb954e226a0 .scope begin, "result_19_register" "result_19_register" 3 220, 3 220 0, S_0x7fb954e215a0;
 .timescale -13 -13;
    .scope S_0x7fb954e215a0;
T_0 ;
    %pushi/vec4 0, 0, 64;
    %store/vec4 v0x7fb954c11180_0, 0, 64;
    %pushi/vec4 0, 0, 1;
    %store/vec4 v0x7fb954c11230_0, 0, 1;
    %pushi/vec4 0, 0, 32;
    %store/vec4 v0x7fb954c10a60_0, 0, 32;
    %pushi/vec4 0, 0, 32;
    %store/vec4 v0x7fb954c10bb0_0, 0, 32;
    %pushi/vec4 0, 0, 32;
    %store/vec4 v0x7fb954c10c60_0, 0, 32;
    %pushi/vec4 0, 0, 32;
    %store/vec4 v0x7fb954c10d10_0, 0, 32;
    %pushi/vec4 0, 0, 32;
    %store/vec4 v0x7fb954c10260_0, 0, 32;
    %pushi/vec4 10, 0, 32;
    %store/vec4 v0x7fb954c11380_0, 0, 32;
    %pushi/vec4 0, 0, 64;
    %store/vec4 v0x7fb954c11580_0, 0, 64;
    %pushi/vec4 0, 0, 1;
    %store/vec4 v0x7fb954c11630_0, 0, 1;
    %pushi/vec4 0, 0, 32;
    %store/vec4 v0x7fb954c11780_0, 0, 32;
    %end;
    .thread T_0;
    .scope S_0x7fb954e215a0;
T_1 ;
    %wait E_0x7fb954e15af0;
    %fork t_1, S_0x7fb954e21f70;
    %jmp t_0;
    .scope S_0x7fb954e21f70;
t_1 ;
    %load/vec4 v0x7fb954c11ae0_0;
    %flag_set/vec4 8;
    %jmp/0xz  T_1.0, 8;
    %pushi/vec4 0, 0, 64;
    %assign/vec4 v0x7fb954c11180_0, 0;
    %jmp T_1.1;
T_1.0 ;
    %load/vec4 v0x7fb954c10b10_0;
    %flag_set/vec4 8;
    %jmp/0xz  T_1.2, 8;
    %load/vec4 v0x7fb954c11a30_0;
    %assign/vec4 v0x7fb954c11180_0, 0;
T_1.2 ;
T_1.1 ;
    %end;
    .scope S_0x7fb954e215a0;
t_0 %join;
    %jmp T_1;
    .thread T_1;
    .scope S_0x7fb954e215a0;
T_2 ;
    %wait E_0x7fb954e15af0;
    %fork t_3, S_0x7fb954e220e0;
    %jmp t_2;
    .scope S_0x7fb954e220e0;
t_3 ;
    %load/vec4 v0x7fb954c11ae0_0;
    %flag_set/vec4 8;
    %jmp/0xz  T_2.0, 8;
    %pushi/vec4 0, 0, 1;
    %assign/vec4 v0x7fb954c11230_0, 0;
    %jmp T_2.1;
T_2.0 ;
    %load/vec4 v0x7fb954c10b10_0;
    %flag_set/vec4 8;
    %jmp/0xz  T_2.2, 8;
    %load/vec4 v0x7fb954c11990_0;
    %assign/vec4 v0x7fb954c11230_0, 0;
T_2.2 ;
T_2.1 ;
    %end;
    .scope S_0x7fb954e215a0;
t_2 %join;
    %jmp T_2;
    .thread T_2;
    .scope S_0x7fb954e215a0;
T_3 ;
    %wait E_0x7fb954e15af0;
    %fork t_5, S_0x7fb954e21840;
    %jmp t_4;
    .scope S_0x7fb954e21840;
t_5 ;
    %load/vec4 v0x7fb954c11ae0_0;
    %flag_set/vec4 8;
    %jmp/0xz  T_3.0, 8;
    %pushi/vec4 0, 0, 32;
    %assign/vec4 v0x7fb954c10a60_0, 0;
    %jmp T_3.1;
T_3.0 ;
    %load/vec4 v0x7fb954c10b10_0;
    %flag_set/vec4 8;
    %jmp/0xz  T_3.2, 8;
    %load/vec4 v0x7fb954c10650_0;
    %assign/vec4 v0x7fb954c10a60_0, 0;
T_3.2 ;
T_3.1 ;
    %end;
    .scope S_0x7fb954e215a0;
t_4 %join;
    %jmp T_3;
    .thread T_3;
    .scope S_0x7fb954e215a0;
T_4 ;
    %wait E_0x7fb954e15af0;
    %fork t_7, S_0x7fb954e219b0;
    %jmp t_6;
    .scope S_0x7fb954e219b0;
t_7 ;
    %load/vec4 v0x7fb954c11ae0_0;
    %flag_set/vec4 8;
    %jmp/0xz  T_4.0, 8;
    %pushi/vec4 0, 0, 32;
    %assign/vec4 v0x7fb954c10bb0_0, 0;
    %jmp T_4.1;
T_4.0 ;
    %load/vec4 v0x7fb954c10b10_0;
    %flag_set/vec4 8;
    %jmp/0xz  T_4.2, 8;
    %load/vec4 v0x7fb954c10700_0;
    %assign/vec4 v0x7fb954c10bb0_0, 0;
T_4.2 ;
T_4.1 ;
    %end;
    .scope S_0x7fb954e215a0;
t_6 %join;
    %jmp T_4;
    .thread T_4;
    .scope S_0x7fb954e215a0;
T_5 ;
    %wait E_0x7fb954e15af0;
    %fork t_9, S_0x7fb954e21b20;
    %jmp t_8;
    .scope S_0x7fb954e21b20;
t_9 ;
    %load/vec4 v0x7fb954c11ae0_0;
    %flag_set/vec4 8;
    %jmp/0xz  T_5.0, 8;
    %pushi/vec4 0, 0, 32;
    %assign/vec4 v0x7fb954c10c60_0, 0;
    %jmp T_5.1;
T_5.0 ;
    %load/vec4 v0x7fb954c10b10_0;
    %flag_set/vec4 8;
    %jmp/0xz  T_5.2, 8;
    %load/vec4 v0x7fb954c107b0_0;
    %assign/vec4 v0x7fb954c10c60_0, 0;
T_5.2 ;
T_5.1 ;
    %end;
    .scope S_0x7fb954e215a0;
t_8 %join;
    %jmp T_5;
    .thread T_5;
    .scope S_0x7fb954e215a0;
T_6 ;
    %wait E_0x7fb954e15af0;
    %fork t_11, S_0x7fb954e21c90;
    %jmp t_10;
    .scope S_0x7fb954e21c90;
t_11 ;
    %load/vec4 v0x7fb954c11ae0_0;
    %flag_set/vec4 8;
    %jmp/0xz  T_6.0, 8;
    %pushi/vec4 0, 0, 32;
    %assign/vec4 v0x7fb954c10d10_0, 0;
    %jmp T_6.1;
T_6.0 ;
    %load/vec4 v0x7fb954c10b10_0;
    %flag_set/vec4 8;
    %jmp/0xz  T_6.2, 8;
    %load/vec4 v0x7fb954c10860_0;
    %assign/vec4 v0x7fb954c10d10_0, 0;
T_6.2 ;
T_6.1 ;
    %end;
    .scope S_0x7fb954e215a0;
t_10 %join;
    %jmp T_6;
    .thread T_6;
    .scope S_0x7fb954e215a0;
T_7 ;
    %wait E_0x7fb954e15af0;
    %fork t_13, S_0x7fb954e21e00;
    %jmp t_12;
    .scope S_0x7fb954e21e00;
t_13 ;
    %load/vec4 v0x7fb954c11ae0_0;
    %flag_set/vec4 8;
    %jmp/0xz  T_7.0, 8;
    %pushi/vec4 0, 0, 32;
    %assign/vec4 v0x7fb954c10260_0, 0;
    %jmp T_7.1;
T_7.0 ;
    %load/vec4 v0x7fb954c10b10_0;
    %flag_set/vec4 8;
    %jmp/0xz  T_7.2, 8;
    %load/vec4 v0x7fb954c10910_0;
    %assign/vec4 v0x7fb954c10260_0, 0;
T_7.2 ;
T_7.1 ;
    %end;
    .scope S_0x7fb954e215a0;
t_12 %join;
    %jmp T_7;
    .thread T_7;
    .scope S_0x7fb954e215a0;
T_8 ;
    %wait E_0x7fb954e15af0;
    %fork t_15, S_0x7fb954e22250;
    %jmp t_14;
    .scope S_0x7fb954e22250;
t_15 ;
    %load/vec4 v0x7fb954c11ae0_0;
    %flag_set/vec4 8;
    %jmp/0xz  T_8.0, 8;
    %pushi/vec4 10, 0, 32;
    %assign/vec4 v0x7fb954c11380_0, 0;
    %jmp T_8.1;
T_8.0 ;
    %load/vec4 v0x7fb954c10b10_0;
    %flag_set/vec4 8;
    %jmp/0xz  T_8.2, 8;
    %load/vec4 v0x7fb954c112d0_0;
    %parti/s 32, 64, 8;
    %assign/vec4 v0x7fb954c11380_0, 0;
T_8.2 ;
T_8.1 ;
    %end;
    .scope S_0x7fb954e215a0;
t_14 %join;
    %jmp T_8;
    .thread T_8;
    .scope S_0x7fb954e215a0;
T_9 ;
    %wait E_0x7fb954e15af0;
    %fork t_17, S_0x7fb954e223c0;
    %jmp t_16;
    .scope S_0x7fb954e223c0;
t_17 ;
    %load/vec4 v0x7fb954c11ae0_0;
    %flag_set/vec4 8;
    %jmp/0xz  T_9.0, 8;
    %pushi/vec4 0, 0, 64;
    %assign/vec4 v0x7fb954c11580_0, 0;
    %jmp T_9.1;
T_9.0 ;
    %load/vec4 v0x7fb954c10b10_0;
    %flag_set/vec4 8;
    %jmp/0xz  T_9.2, 8;
    %load/vec4 v0x7fb954c114d0_0;
    %assign/vec4 v0x7fb954c11580_0, 0;
T_9.2 ;
T_9.1 ;
    %end;
    .scope S_0x7fb954e215a0;
t_16 %join;
    %jmp T_9;
    .thread T_9;
    .scope S_0x7fb954e215a0;
T_10 ;
    %wait E_0x7fb954e15af0;
    %fork t_19, S_0x7fb954e22530;
    %jmp t_18;
    .scope S_0x7fb954e22530;
t_19 ;
    %load/vec4 v0x7fb954c11ae0_0;
    %flag_set/vec4 8;
    %jmp/0xz  T_10.0, 8;
    %pushi/vec4 0, 0, 1;
    %assign/vec4 v0x7fb954c11630_0, 0;
    %jmp T_10.1;
T_10.0 ;
    %load/vec4 v0x7fb954c10b10_0;
    %flag_set/vec4 8;
    %jmp/0xz  T_10.2, 8;
    %load/vec4 v0x7fb954c11430_0;
    %assign/vec4 v0x7fb954c11630_0, 0;
T_10.2 ;
T_10.1 ;
    %end;
    .scope S_0x7fb954e215a0;
t_18 %join;
    %jmp T_10;
    .thread T_10;
    .scope S_0x7fb954e215a0;
T_11 ;
    %wait E_0x7fb954e15af0;
    %fork t_21, S_0x7fb954e226a0;
    %jmp t_20;
    .scope S_0x7fb954e226a0;
t_21 ;
    %load/vec4 v0x7fb954c11ae0_0;
    %flag_set/vec4 8;
    %jmp/0xz  T_11.0, 8;
    %pushi/vec4 0, 0, 32;
    %assign/vec4 v0x7fb954c11780_0, 0;
    %jmp T_11.1;
T_11.0 ;
    %load/vec4 v0x7fb954c10b10_0;
    %flag_set/vec4 8;
    %jmp/0xz  T_11.2, 8;
    %load/vec4 v0x7fb954c116d0_0;
    %assign/vec4 v0x7fb954c11780_0, 0;
T_11.2 ;
T_11.1 ;
    %end;
    .scope S_0x7fb954e215a0;
t_20 %join;
    %jmp T_11;
    .thread T_11;
    .scope S_0x7fb954e14bf0;
T_12 ;
    %delay 50000, 0;
    %load/vec4 v0x7fb954c121e0_0;
    %inv;
    %store/vec4 v0x7fb954c121e0_0, 0, 1;
    %jmp T_12;
    .thread T_12;
    .scope S_0x7fb954e14bf0;
T_13 ;
    %pushi/vec4 0, 0, 1;
    %store/vec4 v0x7fb954c121e0_0, 0, 1;
    %pushi/vec4 0, 0, 1;
    %store/vec4 v0x7fb954c125c0_0, 0, 1;
    %pushi/vec4 1, 0, 1;
    %store/vec4 v0x7fb954c12270_0, 0, 1;
    %pushi/vec4 0, 0, 32;
    %store/vec4 v0x7fb954c12110_0, 0, 32;
    %vpi_call 2 27 "$printtimescale", S_0x7fb954e14bf0 {0 0 0};
    %delay 1000000000, 0;
    %pushi/vec4 0, 0, 1;
    %store/vec4 v0x7fb954c125c0_0, 0, 1;
    %pushi/vec4 1, 0, 32;
    %store/vec4 v0x7fb954c12110_0, 0, 32;
    %vpi_call 2 32 "$display", "time: %t, a: %d, b: %d, c: %d, d: %d", $time, v0x7fb954c12300_0, v0x7fb954c12390_0, v0x7fb954c12460_0, v0x7fb954c12510_0 {0 0 0};
    %delay 1000000000, 0;
    %pushi/vec4 2, 0, 32;
    %store/vec4 v0x7fb954c12110_0, 0, 32;
    %vpi_call 2 36 "$display", "time: %t, a: %d, b: %d, c: %d, d: %d", $time, v0x7fb954c12300_0, v0x7fb954c12390_0, v0x7fb954c12460_0, v0x7fb954c12510_0 {0 0 0};
    %delay 1000000000, 0;
    %pushi/vec4 3, 0, 32;
    %store/vec4 v0x7fb954c12110_0, 0, 32;
    %vpi_call 2 40 "$display", "time: %t, a: %d, b: %d, c: %d, d: %d", $time, v0x7fb954c12300_0, v0x7fb954c12390_0, v0x7fb954c12460_0, v0x7fb954c12510_0 {0 0 0};
    %delay 1000000000, 0;
    %pushi/vec4 4, 0, 32;
    %store/vec4 v0x7fb954c12110_0, 0, 32;
    %vpi_call 2 44 "$display", "time: %t, a: %d, b: %d, c: %d, d: %d", $time, v0x7fb954c12300_0, v0x7fb954c12390_0, v0x7fb954c12460_0, v0x7fb954c12510_0 {0 0 0};
    %delay 1000000000, 0;
    %pushi/vec4 5, 0, 32;
    %store/vec4 v0x7fb954c12110_0, 0, 32;
    %vpi_call 2 48 "$display", "time: %t, a: %d, b: %d, c: %d, d: %d", $time, v0x7fb954c12300_0, v0x7fb954c12390_0, v0x7fb954c12460_0, v0x7fb954c12510_0 {0 0 0};
    %delay 1000000000, 0;
    %pushi/vec4 6, 0, 32;
    %store/vec4 v0x7fb954c12110_0, 0, 32;
    %vpi_call 2 52 "$display", "time: %t, a: %d, b: %d, c: %d, d: %d", $time, v0x7fb954c12300_0, v0x7fb954c12390_0, v0x7fb954c12460_0, v0x7fb954c12510_0 {0 0 0};
    %delay 1000000000, 0;
    %pushi/vec4 7, 0, 32;
    %store/vec4 v0x7fb954c12110_0, 0, 32;
    %vpi_call 2 56 "$display", "time: %t, a: %d, b: %d, c: %d, d: %d", $time, v0x7fb954c12300_0, v0x7fb954c12390_0, v0x7fb954c12460_0, v0x7fb954c12510_0 {0 0 0};
    %delay 1000000000, 0;
    %pushi/vec4 8, 0, 32;
    %store/vec4 v0x7fb954c12110_0, 0, 32;
    %vpi_call 2 60 "$display", "time: %t, a: %d, b: %d, c: %d, d: %d", $time, v0x7fb954c12300_0, v0x7fb954c12390_0, v0x7fb954c12460_0, v0x7fb954c12510_0 {0 0 0};
    %delay 1000000000, 0;
    %pushi/vec4 9, 0, 32;
    %store/vec4 v0x7fb954c12110_0, 0, 32;
    %vpi_call 2 64 "$display", "time: %t, a: %d, b: %d, c: %d, d: %d", $time, v0x7fb954c12300_0, v0x7fb954c12390_0, v0x7fb954c12460_0, v0x7fb954c12510_0 {0 0 0};
    %delay 1000000000, 0;
    %pushi/vec4 10, 0, 32;
    %store/vec4 v0x7fb954c12110_0, 0, 32;
    %vpi_call 2 68 "$display", "time: %t, a: %d, b: %d, c: %d, d: %d", $time, v0x7fb954c12300_0, v0x7fb954c12390_0, v0x7fb954c12460_0, v0x7fb954c12510_0 {0 0 0};
    %delay 1000000000, 0;
    %pushi/vec4 11, 0, 32;
    %store/vec4 v0x7fb954c12110_0, 0, 32;
    %vpi_call 2 72 "$display", "time: %t, a: %d, b: %d, c: %d, d: %d", $time, v0x7fb954c12300_0, v0x7fb954c12390_0, v0x7fb954c12460_0, v0x7fb954c12510_0 {0 0 0};
    %delay 1000000000, 0;
    %pushi/vec4 12, 0, 32;
    %store/vec4 v0x7fb954c12110_0, 0, 32;
    %vpi_call 2 76 "$display", "time: %t, a: %d, b: %d, c: %d, d: %d", $time, v0x7fb954c12300_0, v0x7fb954c12390_0, v0x7fb954c12460_0, v0x7fb954c12510_0 {0 0 0};
    %delay 1000000000, 0;
    %pushi/vec4 13, 0, 32;
    %store/vec4 v0x7fb954c12110_0, 0, 32;
    %vpi_call 2 80 "$display", "time: %t, a: %d, b: %d, c: %d, d: %d", $time, v0x7fb954c12300_0, v0x7fb954c12390_0, v0x7fb954c12460_0, v0x7fb954c12510_0 {0 0 0};
    %delay 1000000000, 0;
    %vpi_call 2 83 "$finish" {0 0 0};
    %end;
    .thread T_13;
# The file index is used to find the file name in the following table.
:file_names 4;
    "N/A";
    "<interactive>";
    "testbench.v";
    "../verilog/OffsetHoldAggregate.topEntity/topEntity.v";
