#! /usr/local/Cellar/icarus-verilog/12.0/bin/vvp
:ivl_version "12.0 (stable)";
:ivl_delay_selection "TYPICAL";
:vpi_time_precision - 13;
:vpi_module "/usr/local/Cellar/icarus-verilog/12.0/lib/ivl/system.vpi";
:vpi_module "/usr/local/Cellar/icarus-verilog/12.0/lib/ivl/vhdl_sys.vpi";
:vpi_module "/usr/local/Cellar/icarus-verilog/12.0/lib/ivl/vhdl_textio.vpi";
:vpi_module "/usr/local/Cellar/icarus-verilog/12.0/lib/ivl/v2005_math.vpi";
:vpi_module "/usr/local/Cellar/icarus-verilog/12.0/lib/ivl/va_math.vpi";
S_0x7fe0dc904d30 .scope module, "testbench" "testbench" 2 2;
 .timescale -6 -9;
v0x7fe0dbf196e0_0 .var/s "a", 31 0;
v0x7fe0dbf19770_0 .var "clk", 0 0;
v0x7fe0dbf19800_0 .var "en", 0 0;
v0x7fe0dbf19890_0 .net "result_0", 0 0, L_0x7fe0dbf1b7a0;  1 drivers
v0x7fe0dbf19920_0 .net/s "result_1", 31 0, L_0x7fe0dbf1b8c0;  1 drivers
v0x7fe0dbf199f0_0 .net/s "result_2", 31 0, L_0x7fe0dbf1b6c0;  1 drivers
v0x7fe0dbf19aa0_0 .net/s "result_3", 31 0, L_0x7fe0dbf1bb10;  1 drivers
v0x7fe0dbf19b50_0 .net/s "result_4", 31 0, L_0x7fe0dbf1bc70;  1 drivers
v0x7fe0dbf19c00_0 .var "rst", 0 0;
S_0x7fe0dbf05c80 .scope module, "monitor" "topEntity" 2 14, 3 5 0, S_0x7fe0dc904d30;
 .timescale -13 -13;
    .port_info 0 /INPUT 1 "clk";
    .port_info 1 /INPUT 1 "rst";
    .port_info 2 /INPUT 1 "en";
    .port_info 3 /INPUT 32 "a";
    .port_info 4 /OUTPUT 1 "result_0";
    .port_info 5 /OUTPUT 32 "result_1";
    .port_info 6 /OUTPUT 32 "result_2";
    .port_info 7 /OUTPUT 32 "result_3";
    .port_info 8 /OUTPUT 32 "result_4";
L_0x7fe0dbf19ff0 .functor AND 1, v0x7fe0dbf19150_0, v0x7fe0dbf18a00_0, C4<1>, C4<1>;
L_0x7fe0dbf1a8a0 .functor AND 1, v0x7fe0dbf19150_0, v0x7fe0dbf18eb0_0, C4<1>, C4<1>;
v0x7fe0dbf06e60_0 .net/s *"_ivl_0", 31 0, L_0x7fe0dbf19d30;  1 drivers
L_0x7fe0dcb63050 .functor BUFT 1, C4<1>, C4<0>, C4<0>, C4<0>;
v0x7fe0dbf16f00_0 .net/2u *"_ivl_12", 0 0, L_0x7fe0dcb63050;  1 drivers
L_0x7fe0dcb63098 .functor BUFT 1, C4<0>, C4<0>, C4<0>, C4<0>;
v0x7fe0dbf16fa0_0 .net/2u *"_ivl_14", 0 0, L_0x7fe0dcb63098;  1 drivers
L_0x7fe0dcb630e0 .functor BUFT 1, C4<0000000000000000000000000000000000000000000000000010011100001111>, C4<0>, C4<0>, C4<0>;
v0x7fe0dbf17050_0 .net/2s *"_ivl_18", 63 0, L_0x7fe0dcb630e0;  1 drivers
L_0x7fe0dcb63128 .functor BUFT 1, C4<0000000000000000000000000000000000000000000000000000000000000001>, C4<0>, C4<0>, C4<0>;
v0x7fe0dbf17100_0 .net/2s *"_ivl_22", 63 0, L_0x7fe0dcb63128;  1 drivers
L_0x7fe0dcb63170 .functor BUFT 1, C4<0000000000000000000000000000000000000000000000000000000000000000>, C4<0>, C4<0>, C4<0>;
v0x7fe0dbf171f0_0 .net/2s *"_ivl_26", 63 0, L_0x7fe0dcb63170;  1 drivers
L_0x7fe0dcb631b8 .functor BUFT 1, C4<0000000000000000000000000000000000000000000000000010011100010000>, C4<0>, C4<0>, C4<0>;
v0x7fe0dbf172a0_0 .net/2s *"_ivl_34", 63 0, L_0x7fe0dcb631b8;  1 drivers
L_0x7fe0dcb63200 .functor BUFT 1, C4<1>, C4<0>, C4<0>, C4<0>;
v0x7fe0dbf17350_0 .net/2u *"_ivl_38", 0 0, L_0x7fe0dcb63200;  1 drivers
L_0x7fe0dcb63248 .functor BUFT 1, C4<0>, C4<0>, C4<0>, C4<0>;
v0x7fe0dbf17400_0 .net/2u *"_ivl_40", 0 0, L_0x7fe0dcb63248;  1 drivers
L_0x7fe0dcb63290 .functor BUFT 1, C4<0000000000000000000000000000000000000000000000000100111000011111>, C4<0>, C4<0>, C4<0>;
v0x7fe0dbf17510_0 .net/2s *"_ivl_44", 63 0, L_0x7fe0dcb63290;  1 drivers
L_0x7fe0dcb632d8 .functor BUFT 1, C4<0000000000000000000000000000000000000000000000000000000000000001>, C4<0>, C4<0>, C4<0>;
v0x7fe0dbf175c0_0 .net/2s *"_ivl_48", 63 0, L_0x7fe0dcb632d8;  1 drivers
L_0x7fe0dcb63320 .functor BUFT 1, C4<0000000000000000000000000000000000000000000000000000000000000000>, C4<0>, C4<0>, C4<0>;
v0x7fe0dbf17670_0 .net/2s *"_ivl_52", 63 0, L_0x7fe0dcb63320;  1 drivers
L_0x7fe0dcb63368 .functor BUFT 1, C4<0000000000000000000000000000000000000000000000000000000000000101>, C4<0>, C4<0>, C4<0>;
v0x7fe0dbf17720_0 .net/2s *"_ivl_56", 63 0, L_0x7fe0dcb63368;  1 drivers
L_0x7fe0dcb633b0 .functor BUFT 1, C4<1>, C4<0>, C4<0>, C4<0>;
v0x7fe0dbf177d0_0 .net/2u *"_ivl_60", 0 0, L_0x7fe0dcb633b0;  1 drivers
L_0x7fe0dcb633f8 .functor BUFT 1, C4<0>, C4<0>, C4<0>, C4<0>;
v0x7fe0dbf17880_0 .net/2u *"_ivl_62", 0 0, L_0x7fe0dcb633f8;  1 drivers
L_0x7fe0dcb63440 .functor BUFT 1, C4<0000000000000000000000000000000000000000000000000000000000001001>, C4<0>, C4<0>, C4<0>;
v0x7fe0dbf17930_0 .net/2s *"_ivl_66", 63 0, L_0x7fe0dcb63440;  1 drivers
L_0x7fe0dcb63488 .functor BUFT 1, C4<0000000000000000000000000000000000000000000000000000000000000001>, C4<0>, C4<0>, C4<0>;
v0x7fe0dbf179e0_0 .net/2s *"_ivl_70", 63 0, L_0x7fe0dcb63488;  1 drivers
L_0x7fe0dcb634d0 .functor BUFT 1, C4<0000000000000000000000000000000000000000000000000000000000000000>, C4<0>, C4<0>, C4<0>;
v0x7fe0dbf17b70_0 .net/2s *"_ivl_74", 63 0, L_0x7fe0dcb634d0;  1 drivers
L_0x7fe0dcb63008 .functor BUFT 1, C4<0000000000000000000000000000000000000000000000000001001110001000>, C4<0>, C4<0>, C4<0>;
v0x7fe0dbf17c00_0 .net/2s *"_ivl_8", 63 0, L_0x7fe0dcb63008;  1 drivers
v0x7fe0dbf17cb0_0 .net/s "a", 31 0, v0x7fe0dbf196e0_0;  1 drivers
v0x7fe0dbf17d60_0 .net "b", 0 0, L_0x7fe0dbf19ff0;  1 drivers
v0x7fe0dbf17e00_0 .net "b_0", 0 0, L_0x7fe0dbf1a1f0;  1 drivers
v0x7fe0dbf17ea0_0 .net "b_1", 0 0, L_0x7fe0dbf1a4e0;  1 drivers
v0x7fe0dbf17f40_0 .net "b_2", 0 0, L_0x7fe0dbf1a8a0;  1 drivers
v0x7fe0dbf17fe0_0 .net "b_3", 0 0, L_0x7fe0dbf1aa80;  1 drivers
v0x7fe0dbf18080_0 .net "b_4", 0 0, L_0x7fe0dbf1ad40;  1 drivers
v0x7fe0dbf18120_0 .net "b_5", 0 0, L_0x7fe0dbf1b0f0;  1 drivers
v0x7fe0dbf181c0_0 .net "b_6", 0 0, L_0x7fe0dbf1b370;  1 drivers
v0x7fe0dbf18260_0 .net "clk", 0 0, v0x7fe0dbf19770_0;  1 drivers
v0x7fe0dbf18300_0 .net "en", 0 0, v0x7fe0dbf19800_0;  1 drivers
v0x7fe0dbf183a0_0 .net "result", 128 0, L_0x7fe0dbf19e30;  1 drivers
v0x7fe0dbf18450_0 .net "result_0", 0 0, L_0x7fe0dbf1b7a0;  alias, 1 drivers
v0x7fe0dbf184f0_0 .net/s "result_1", 31 0, L_0x7fe0dbf1b8c0;  alias, 1 drivers
v0x7fe0dbf17a90_0 .net/s "result_10", 31 0, L_0x7fe0dbf1a0a0;  1 drivers
v0x7fe0dbf18780_0 .var/s "result_11", 31 0;
v0x7fe0dbf18810_0 .net "result_12", 0 0, L_0x7fe0dbf1a350;  1 drivers
v0x7fe0dbf188a0_0 .net/s "result_13", 63 0, L_0x7fe0dbf1a780;  1 drivers
v0x7fe0dbf18950_0 .var/s "result_14", 63 0;
v0x7fe0dbf18a00_0 .var "result_15", 0 0;
v0x7fe0dbf18aa0_0 .net/s "result_16", 31 0, L_0x7fe0dbf1a910;  1 drivers
v0x7fe0dbf18b50_0 .var/s "result_17", 31 0;
v0x7fe0dbf18c00_0 .net "result_18", 0 0, L_0x7fe0dbf1abc0;  1 drivers
v0x7fe0dbf18ca0_0 .net/s "result_19", 63 0, L_0x7fe0dbf1afd0;  1 drivers
v0x7fe0dbf18d50_0 .net/s "result_2", 31 0, L_0x7fe0dbf1b6c0;  alias, 1 drivers
v0x7fe0dbf18e00_0 .var/s "result_20", 63 0;
v0x7fe0dbf18eb0_0 .var "result_21", 0 0;
v0x7fe0dbf18f50_0 .net "result_22", 0 0, L_0x7fe0dbf1b250;  1 drivers
v0x7fe0dbf18ff0_0 .net/s "result_23", 63 0, L_0x7fe0dbf1ab20;  1 drivers
v0x7fe0dbf190a0_0 .var/s "result_24", 63 0;
v0x7fe0dbf19150_0 .var "result_25", 0 0;
v0x7fe0dbf191f0_0 .net/s "result_3", 31 0, L_0x7fe0dbf1bb10;  alias, 1 drivers
v0x7fe0dbf192a0_0 .net/s "result_4", 31 0, L_0x7fe0dbf1bc70;  alias, 1 drivers
v0x7fe0dbf19350_0 .net "rst", 0 0, v0x7fe0dbf19c00_0;  1 drivers
v0x7fe0dbf193f0_0 .net/s "t", 63 0, L_0x7fe0dbf1a640;  1 drivers
v0x7fe0dbf194a0_0 .net/s "t_0", 63 0, L_0x7fe0dbf1ae60;  1 drivers
v0x7fe0dbf19550_0 .net/s "t_1", 63 0, L_0x7fe0dbf1b620;  1 drivers
E_0x7fe0dbf05f80 .event posedge, v0x7fe0dbf19350_0, v0x7fe0dbf18260_0;
L_0x7fe0dbf19d30 .arith/sum 32, v0x7fe0dbf18780_0, v0x7fe0dbf18b50_0;
LS_0x7fe0dbf19e30_0_0 .concat [ 32 32 32 32], L_0x7fe0dbf19d30, v0x7fe0dbf18b50_0, v0x7fe0dbf18780_0, v0x7fe0dbf196e0_0;
LS_0x7fe0dbf19e30_0_4 .concat [ 1 0 0 0], v0x7fe0dbf19150_0;
L_0x7fe0dbf19e30 .concat [ 128 1 0 0], LS_0x7fe0dbf19e30_0_0, LS_0x7fe0dbf19e30_0_4;
L_0x7fe0dbf1a0a0 .functor MUXZ 32, v0x7fe0dbf18780_0, v0x7fe0dbf196e0_0, L_0x7fe0dbf19ff0, C4<>;
L_0x7fe0dbf1a1f0 .cmp/gt.s 64, L_0x7fe0dcb63008, v0x7fe0dbf18950_0;
L_0x7fe0dbf1a350 .functor MUXZ 1, L_0x7fe0dcb63098, L_0x7fe0dcb63050, L_0x7fe0dbf1a1f0, C4<>;
L_0x7fe0dbf1a4e0 .cmp/gt.s 64, L_0x7fe0dcb630e0, v0x7fe0dbf18950_0;
L_0x7fe0dbf1a640 .arith/sum 64, v0x7fe0dbf18950_0, L_0x7fe0dcb63128;
L_0x7fe0dbf1a780 .functor MUXZ 64, L_0x7fe0dcb63170, L_0x7fe0dbf1a640, L_0x7fe0dbf1a4e0, C4<>;
L_0x7fe0dbf1a910 .functor MUXZ 32, v0x7fe0dbf18b50_0, v0x7fe0dbf196e0_0, L_0x7fe0dbf1a8a0, C4<>;
L_0x7fe0dbf1aa80 .cmp/gt.s 64, L_0x7fe0dcb631b8, v0x7fe0dbf18e00_0;
L_0x7fe0dbf1abc0 .functor MUXZ 1, L_0x7fe0dcb63248, L_0x7fe0dcb63200, L_0x7fe0dbf1aa80, C4<>;
L_0x7fe0dbf1ad40 .cmp/gt.s 64, L_0x7fe0dcb63290, v0x7fe0dbf18e00_0;
L_0x7fe0dbf1ae60 .arith/sum 64, v0x7fe0dbf18e00_0, L_0x7fe0dcb632d8;
L_0x7fe0dbf1afd0 .functor MUXZ 64, L_0x7fe0dcb63320, L_0x7fe0dbf1ae60, L_0x7fe0dbf1ad40, C4<>;
L_0x7fe0dbf1b0f0 .cmp/gt.s 64, L_0x7fe0dcb63368, v0x7fe0dbf190a0_0;
L_0x7fe0dbf1b250 .functor MUXZ 1, L_0x7fe0dcb633f8, L_0x7fe0dcb633b0, L_0x7fe0dbf1b0f0, C4<>;
L_0x7fe0dbf1b370 .cmp/gt.s 64, L_0x7fe0dcb63440, v0x7fe0dbf190a0_0;
L_0x7fe0dbf1b620 .arith/sum 64, v0x7fe0dbf190a0_0, L_0x7fe0dcb63488;
L_0x7fe0dbf1ab20 .functor MUXZ 64, L_0x7fe0dcb634d0, L_0x7fe0dbf1b620, L_0x7fe0dbf1b370, C4<>;
L_0x7fe0dbf1b7a0 .part L_0x7fe0dbf19e30, 128, 1;
L_0x7fe0dbf1b8c0 .part L_0x7fe0dbf19e30, 96, 32;
L_0x7fe0dbf1b6c0 .part L_0x7fe0dbf19e30, 64, 32;
L_0x7fe0dbf1bb10 .part L_0x7fe0dbf19e30, 32, 32;
L_0x7fe0dbf1bc70 .part L_0x7fe0dbf19e30, 0, 32;
S_0x7fe0dbf05fe0 .scope begin, "result_11_register" "result_11_register" 3 67, 3 67 0, S_0x7fe0dbf05c80;
 .timescale -13 -13;
S_0x7fe0dbf061b0 .scope begin, "result_14_register" "result_14_register" 3 87, 3 87 0, S_0x7fe0dbf05c80;
 .timescale -13 -13;
S_0x7fe0dbf06380 .scope begin, "result_15_register" "result_15_register" 3 97, 3 97 0, S_0x7fe0dbf05c80;
 .timescale -13 -13;
S_0x7fe0dbf06560 .scope begin, "result_17_register" "result_17_register" 3 111, 3 111 0, S_0x7fe0dbf05c80;
 .timescale -13 -13;
S_0x7fe0dbf06720 .scope begin, "result_20_register" "result_20_register" 3 131, 3 131 0, S_0x7fe0dbf05c80;
 .timescale -13 -13;
S_0x7fe0dbf06920 .scope begin, "result_21_register" "result_21_register" 3 141, 3 141 0, S_0x7fe0dbf05c80;
 .timescale -13 -13;
S_0x7fe0dbf06ae0 .scope begin, "result_24_register" "result_24_register" 3 161, 3 161 0, S_0x7fe0dbf05c80;
 .timescale -13 -13;
S_0x7fe0dbf06ca0 .scope begin, "result_25_register" "result_25_register" 3 171, 3 171 0, S_0x7fe0dbf05c80;
 .timescale -13 -13;
    .scope S_0x7fe0dbf05c80;
T_0 ;
    %pushi/vec4 10, 0, 32;
    %store/vec4 v0x7fe0dbf18780_0, 0, 32;
    %pushi/vec4 0, 0, 64;
    %store/vec4 v0x7fe0dbf18950_0, 0, 64;
    %pushi/vec4 0, 0, 1;
    %store/vec4 v0x7fe0dbf18a00_0, 0, 1;
    %pushi/vec4 10, 0, 32;
    %store/vec4 v0x7fe0dbf18b50_0, 0, 32;
    %pushi/vec4 0, 0, 64;
    %store/vec4 v0x7fe0dbf18e00_0, 0, 64;
    %pushi/vec4 0, 0, 1;
    %store/vec4 v0x7fe0dbf18eb0_0, 0, 1;
    %pushi/vec4 0, 0, 64;
    %store/vec4 v0x7fe0dbf190a0_0, 0, 64;
    %pushi/vec4 0, 0, 1;
    %store/vec4 v0x7fe0dbf19150_0, 0, 1;
    %end;
    .thread T_0;
    .scope S_0x7fe0dbf05c80;
T_1 ;
    %wait E_0x7fe0dbf05f80;
    %fork t_1, S_0x7fe0dbf05fe0;
    %jmp t_0;
    .scope S_0x7fe0dbf05fe0;
t_1 ;
    %load/vec4 v0x7fe0dbf19350_0;
    %flag_set/vec4 8;
    %jmp/0xz  T_1.0, 8;
    %pushi/vec4 10, 0, 32;
    %assign/vec4 v0x7fe0dbf18780_0, 0;
    %jmp T_1.1;
T_1.0 ;
    %load/vec4 v0x7fe0dbf18300_0;
    %flag_set/vec4 8;
    %jmp/0xz  T_1.2, 8;
    %load/vec4 v0x7fe0dbf17a90_0;
    %assign/vec4 v0x7fe0dbf18780_0, 0;
T_1.2 ;
T_1.1 ;
    %end;
    .scope S_0x7fe0dbf05c80;
t_0 %join;
    %jmp T_1;
    .thread T_1;
    .scope S_0x7fe0dbf05c80;
T_2 ;
    %wait E_0x7fe0dbf05f80;
    %fork t_3, S_0x7fe0dbf061b0;
    %jmp t_2;
    .scope S_0x7fe0dbf061b0;
t_3 ;
    %load/vec4 v0x7fe0dbf19350_0;
    %flag_set/vec4 8;
    %jmp/0xz  T_2.0, 8;
    %pushi/vec4 0, 0, 64;
    %assign/vec4 v0x7fe0dbf18950_0, 0;
    %jmp T_2.1;
T_2.0 ;
    %load/vec4 v0x7fe0dbf18300_0;
    %flag_set/vec4 8;
    %jmp/0xz  T_2.2, 8;
    %load/vec4 v0x7fe0dbf188a0_0;
    %assign/vec4 v0x7fe0dbf18950_0, 0;
T_2.2 ;
T_2.1 ;
    %end;
    .scope S_0x7fe0dbf05c80;
t_2 %join;
    %jmp T_2;
    .thread T_2;
    .scope S_0x7fe0dbf05c80;
T_3 ;
    %wait E_0x7fe0dbf05f80;
    %fork t_5, S_0x7fe0dbf06380;
    %jmp t_4;
    .scope S_0x7fe0dbf06380;
t_5 ;
    %load/vec4 v0x7fe0dbf19350_0;
    %flag_set/vec4 8;
    %jmp/0xz  T_3.0, 8;
    %pushi/vec4 0, 0, 1;
    %assign/vec4 v0x7fe0dbf18a00_0, 0;
    %jmp T_3.1;
T_3.0 ;
    %load/vec4 v0x7fe0dbf18300_0;
    %flag_set/vec4 8;
    %jmp/0xz  T_3.2, 8;
    %load/vec4 v0x7fe0dbf18810_0;
    %assign/vec4 v0x7fe0dbf18a00_0, 0;
T_3.2 ;
T_3.1 ;
    %end;
    .scope S_0x7fe0dbf05c80;
t_4 %join;
    %jmp T_3;
    .thread T_3;
    .scope S_0x7fe0dbf05c80;
T_4 ;
    %wait E_0x7fe0dbf05f80;
    %fork t_7, S_0x7fe0dbf06560;
    %jmp t_6;
    .scope S_0x7fe0dbf06560;
t_7 ;
    %load/vec4 v0x7fe0dbf19350_0;
    %flag_set/vec4 8;
    %jmp/0xz  T_4.0, 8;
    %pushi/vec4 10, 0, 32;
    %assign/vec4 v0x7fe0dbf18b50_0, 0;
    %jmp T_4.1;
T_4.0 ;
    %load/vec4 v0x7fe0dbf18300_0;
    %flag_set/vec4 8;
    %jmp/0xz  T_4.2, 8;
    %load/vec4 v0x7fe0dbf18aa0_0;
    %assign/vec4 v0x7fe0dbf18b50_0, 0;
T_4.2 ;
T_4.1 ;
    %end;
    .scope S_0x7fe0dbf05c80;
t_6 %join;
    %jmp T_4;
    .thread T_4;
    .scope S_0x7fe0dbf05c80;
T_5 ;
    %wait E_0x7fe0dbf05f80;
    %fork t_9, S_0x7fe0dbf06720;
    %jmp t_8;
    .scope S_0x7fe0dbf06720;
t_9 ;
    %load/vec4 v0x7fe0dbf19350_0;
    %flag_set/vec4 8;
    %jmp/0xz  T_5.0, 8;
    %pushi/vec4 0, 0, 64;
    %assign/vec4 v0x7fe0dbf18e00_0, 0;
    %jmp T_5.1;
T_5.0 ;
    %load/vec4 v0x7fe0dbf18300_0;
    %flag_set/vec4 8;
    %jmp/0xz  T_5.2, 8;
    %load/vec4 v0x7fe0dbf18ca0_0;
    %assign/vec4 v0x7fe0dbf18e00_0, 0;
T_5.2 ;
T_5.1 ;
    %end;
    .scope S_0x7fe0dbf05c80;
t_8 %join;
    %jmp T_5;
    .thread T_5;
    .scope S_0x7fe0dbf05c80;
T_6 ;
    %wait E_0x7fe0dbf05f80;
    %fork t_11, S_0x7fe0dbf06920;
    %jmp t_10;
    .scope S_0x7fe0dbf06920;
t_11 ;
    %load/vec4 v0x7fe0dbf19350_0;
    %flag_set/vec4 8;
    %jmp/0xz  T_6.0, 8;
    %pushi/vec4 0, 0, 1;
    %assign/vec4 v0x7fe0dbf18eb0_0, 0;
    %jmp T_6.1;
T_6.0 ;
    %load/vec4 v0x7fe0dbf18300_0;
    %flag_set/vec4 8;
    %jmp/0xz  T_6.2, 8;
    %load/vec4 v0x7fe0dbf18c00_0;
    %assign/vec4 v0x7fe0dbf18eb0_0, 0;
T_6.2 ;
T_6.1 ;
    %end;
    .scope S_0x7fe0dbf05c80;
t_10 %join;
    %jmp T_6;
    .thread T_6;
    .scope S_0x7fe0dbf05c80;
T_7 ;
    %wait E_0x7fe0dbf05f80;
    %fork t_13, S_0x7fe0dbf06ae0;
    %jmp t_12;
    .scope S_0x7fe0dbf06ae0;
t_13 ;
    %load/vec4 v0x7fe0dbf19350_0;
    %flag_set/vec4 8;
    %jmp/0xz  T_7.0, 8;
    %pushi/vec4 0, 0, 64;
    %assign/vec4 v0x7fe0dbf190a0_0, 0;
    %jmp T_7.1;
T_7.0 ;
    %load/vec4 v0x7fe0dbf18300_0;
    %flag_set/vec4 8;
    %jmp/0xz  T_7.2, 8;
    %load/vec4 v0x7fe0dbf18ff0_0;
    %assign/vec4 v0x7fe0dbf190a0_0, 0;
T_7.2 ;
T_7.1 ;
    %end;
    .scope S_0x7fe0dbf05c80;
t_12 %join;
    %jmp T_7;
    .thread T_7;
    .scope S_0x7fe0dbf05c80;
T_8 ;
    %wait E_0x7fe0dbf05f80;
    %fork t_15, S_0x7fe0dbf06ca0;
    %jmp t_14;
    .scope S_0x7fe0dbf06ca0;
t_15 ;
    %load/vec4 v0x7fe0dbf19350_0;
    %flag_set/vec4 8;
    %jmp/0xz  T_8.0, 8;
    %pushi/vec4 0, 0, 1;
    %assign/vec4 v0x7fe0dbf19150_0, 0;
    %jmp T_8.1;
T_8.0 ;
    %load/vec4 v0x7fe0dbf18300_0;
    %flag_set/vec4 8;
    %jmp/0xz  T_8.2, 8;
    %load/vec4 v0x7fe0dbf18f50_0;
    %assign/vec4 v0x7fe0dbf19150_0, 0;
T_8.2 ;
T_8.1 ;
    %end;
    .scope S_0x7fe0dbf05c80;
t_14 %join;
    %jmp T_8;
    .thread T_8;
    .scope S_0x7fe0dc904d30;
T_9 ;
    %delay 50000, 0;
    %load/vec4 v0x7fe0dbf19770_0;
    %inv;
    %store/vec4 v0x7fe0dbf19770_0, 0, 1;
    %jmp T_9;
    .thread T_9;
    .scope S_0x7fe0dc904d30;
T_10 ;
    %vpi_call 2 24 "$printtimescale", S_0x7fe0dc904d30 {0 0 0};
    %end;
    .thread T_10;
    .scope S_0x7fe0dc904d30;
T_11 ;
    %pushi/vec4 0, 0, 1;
    %store/vec4 v0x7fe0dbf19770_0, 0, 1;
    %pushi/vec4 0, 0, 1;
    %store/vec4 v0x7fe0dbf19c00_0, 0, 1;
    %pushi/vec4 1, 0, 1;
    %store/vec4 v0x7fe0dbf19800_0, 0, 1;
    %pushi/vec4 0, 0, 32;
    %store/vec4 v0x7fe0dbf196e0_0, 0, 32;
    %delay 1000000000, 0;
    %pushi/vec4 0, 0, 1;
    %store/vec4 v0x7fe0dbf19c00_0, 0, 1;
    %pushi/vec4 1, 0, 32;
    %store/vec4 v0x7fe0dbf196e0_0, 0, 32;
    %vpi_call 2 38 "$display", "time: %t, eval: %b, a: %d, b: %d, c: %d, d: %d", $time, v0x7fe0dbf19890_0, v0x7fe0dbf19920_0, v0x7fe0dbf199f0_0, v0x7fe0dbf19aa0_0, v0x7fe0dbf19b50_0 {0 0 0};
    %delay 1000000000, 0;
    %pushi/vec4 2, 0, 32;
    %store/vec4 v0x7fe0dbf196e0_0, 0, 32;
    %vpi_call 2 42 "$display", "time: %t, eval: %b, a: %d, b: %d, c: %d, d: %d", $time, v0x7fe0dbf19890_0, v0x7fe0dbf19920_0, v0x7fe0dbf199f0_0, v0x7fe0dbf19aa0_0, v0x7fe0dbf19b50_0 {0 0 0};
    %delay 1000000000, 0;
    %pushi/vec4 3, 0, 32;
    %store/vec4 v0x7fe0dbf196e0_0, 0, 32;
    %vpi_call 2 46 "$display", "time: %t, eval: %b, a: %d, b: %d, c: %d, d: %d", $time, v0x7fe0dbf19890_0, v0x7fe0dbf19920_0, v0x7fe0dbf199f0_0, v0x7fe0dbf19aa0_0, v0x7fe0dbf19b50_0 {0 0 0};
    %delay 1000000000, 0;
    %pushi/vec4 4, 0, 32;
    %store/vec4 v0x7fe0dbf196e0_0, 0, 32;
    %vpi_call 2 50 "$display", "time: %t, eval: %b, a: %d, b: %d, c: %d, d: %d", $time, v0x7fe0dbf19890_0, v0x7fe0dbf19920_0, v0x7fe0dbf199f0_0, v0x7fe0dbf19aa0_0, v0x7fe0dbf19b50_0 {0 0 0};
    %delay 1000000000, 0;
    %pushi/vec4 5, 0, 32;
    %store/vec4 v0x7fe0dbf196e0_0, 0, 32;
    %vpi_call 2 54 "$display", "time: %t, eval: %b, a: %d, b: %d, c: %d, d: %d", $time, v0x7fe0dbf19890_0, v0x7fe0dbf19920_0, v0x7fe0dbf199f0_0, v0x7fe0dbf19aa0_0, v0x7fe0dbf19b50_0 {0 0 0};
    %delay 1000000000, 0;
    %pushi/vec4 6, 0, 32;
    %store/vec4 v0x7fe0dbf196e0_0, 0, 32;
    %vpi_call 2 58 "$display", "time: %t, eval: %b, a: %d, b: %d, c: %d, d: %d", $time, v0x7fe0dbf19890_0, v0x7fe0dbf19920_0, v0x7fe0dbf199f0_0, v0x7fe0dbf19aa0_0, v0x7fe0dbf19b50_0 {0 0 0};
    %delay 1000000000, 0;
    %pushi/vec4 7, 0, 32;
    %store/vec4 v0x7fe0dbf196e0_0, 0, 32;
    %vpi_call 2 62 "$display", "time: %t, eval: %b, a: %d, b: %d, c: %d, d: %d", $time, v0x7fe0dbf19890_0, v0x7fe0dbf19920_0, v0x7fe0dbf199f0_0, v0x7fe0dbf19aa0_0, v0x7fe0dbf19b50_0 {0 0 0};
    %delay 1000000000, 0;
    %pushi/vec4 8, 0, 32;
    %store/vec4 v0x7fe0dbf196e0_0, 0, 32;
    %vpi_call 2 66 "$display", "time: %t, eval: %b, a: %d, b: %d, c: %d, d: %d", $time, v0x7fe0dbf19890_0, v0x7fe0dbf19920_0, v0x7fe0dbf199f0_0, v0x7fe0dbf19aa0_0, v0x7fe0dbf19b50_0 {0 0 0};
    %delay 1000000000, 0;
    %pushi/vec4 9, 0, 32;
    %store/vec4 v0x7fe0dbf196e0_0, 0, 32;
    %vpi_call 2 70 "$display", "time: %t, eval: %b, a: %d, b: %d, c: %d, d: %d", $time, v0x7fe0dbf19890_0, v0x7fe0dbf19920_0, v0x7fe0dbf199f0_0, v0x7fe0dbf19aa0_0, v0x7fe0dbf19b50_0 {0 0 0};
    %delay 1000000000, 0;
    %pushi/vec4 10, 0, 32;
    %store/vec4 v0x7fe0dbf196e0_0, 0, 32;
    %vpi_call 2 74 "$display", "time: %t, eval: %b, a: %d, b: %d, c: %d, d: %d", $time, v0x7fe0dbf19890_0, v0x7fe0dbf19920_0, v0x7fe0dbf199f0_0, v0x7fe0dbf19aa0_0, v0x7fe0dbf19b50_0 {0 0 0};
    %delay 1000000000, 0;
    %pushi/vec4 11, 0, 32;
    %store/vec4 v0x7fe0dbf196e0_0, 0, 32;
    %vpi_call 2 78 "$display", "time: %t, eval: %b, a: %d, b: %d, c: %d, d: %d", $time, v0x7fe0dbf19890_0, v0x7fe0dbf19920_0, v0x7fe0dbf199f0_0, v0x7fe0dbf19aa0_0, v0x7fe0dbf19b50_0 {0 0 0};
    %delay 1000000000, 0;
    %pushi/vec4 12, 0, 32;
    %store/vec4 v0x7fe0dbf196e0_0, 0, 32;
    %vpi_call 2 82 "$display", "time: %t, eval: %b, a: %d, b: %d, c: %d, d: %d", $time, v0x7fe0dbf19890_0, v0x7fe0dbf19920_0, v0x7fe0dbf199f0_0, v0x7fe0dbf19aa0_0, v0x7fe0dbf19b50_0 {0 0 0};
    %delay 1000000000, 0;
    %pushi/vec4 13, 0, 32;
    %store/vec4 v0x7fe0dbf196e0_0, 0, 32;
    %vpi_call 2 86 "$display", "time: %t, eval: %b, a: %d, b: %d, c: %d, d: %d", $time, v0x7fe0dbf19890_0, v0x7fe0dbf19920_0, v0x7fe0dbf199f0_0, v0x7fe0dbf19aa0_0, v0x7fe0dbf19b50_0 {0 0 0};
    %delay 1000000000, 0;
    %vpi_call 2 89 "$finish" {0 0 0};
    %end;
    .thread T_11;
# The file index is used to find the file name in the following table.
:file_names 4;
    "N/A";
    "<interactive>";
    "test_generated_diff_freqs_simple.v";
    "../verilog/DiffFreqsSimple.topEntity/topEntity.v";
