#! /usr/local/Cellar/icarus-verilog/12.0/bin/vvp
:ivl_version "12.0 (stable)";
:ivl_delay_selection "TYPICAL";
:vpi_time_precision - 13;
:vpi_module "/usr/local/Cellar/icarus-verilog/12.0/lib/ivl/system.vpi";
:vpi_module "/usr/local/Cellar/icarus-verilog/12.0/lib/ivl/vhdl_sys.vpi";
:vpi_module "/usr/local/Cellar/icarus-verilog/12.0/lib/ivl/vhdl_textio.vpi";
:vpi_module "/usr/local/Cellar/icarus-verilog/12.0/lib/ivl/v2005_math.vpi";
:vpi_module "/usr/local/Cellar/icarus-verilog/12.0/lib/ivl/va_math.vpi";
S_0x7f8111a4ce50 .scope module, "testbench" "testbench" 2 2;
 .timescale -6 -9;
L_0x7f8111963830 .functor BUFT 1, C4<00000000000000000000000000000000000000000000000000000000>, C4<0>, C4<0>, C4<0>;
v0x7f8110f0dfa0_0 .net *"_ivl_3", 55 0, L_0x7f8111963830;  1 drivers
v0x7f8110f0e060_0 .var "clk", 0 0;
v0x7f8110f0e100_0 .var "en", 0 0;
v0x7f8110f0e190_0 .var/s "input_0", 63 0;
v0x7f8110f0e220_0 .var/s "input_1", 63 0;
v0x7f8110f0e2f0_0 .net/s "llc_tag", 63 0, L_0x7f8110f15e70;  1 drivers
v0x7f8110f0e380_0 .var "new_input_0", 0 0;
v0x7f8110f0e430_0 .var "new_input_1", 0 0;
v0x7f8110f0e4e0_0 .net/s "output_0", 63 0, L_0x7f8110f15710;  1 drivers
v0x7f8110f0e610_0 .net "output_0_aktv", 0 0, L_0x7f8110f15830;  1 drivers
v0x7f8110f0e6a0_0 .net "q_pop", 0 0, L_0x7f8110f15be0;  1 drivers
v0x7f8110f0e730_0 .net "q_pop_valid", 0 0, L_0x7f8110f15d90;  1 drivers
v0x7f8110f0e7e0_0 .net "q_push", 0 0, L_0x7f8110f15b00;  1 drivers
v0x7f8110f0e890_0 .net "q_push_valid", 0 0, L_0x7f8110f160e0;  1 drivers
v0x7f8110f0e940_0 .var "rst", 0 0;
L_0x7f8110f15e70 .concat [ 8 56 0 0], L_0x7f8110f15a20, L_0x7f8111963830;
S_0x7f8111a52600 .scope module, "monitor" "topEntity" 2 22, 3 6 0, S_0x7f8111a4ce50;
 .timescale -13 -13;
    .port_info 0 /INPUT 1 "clk";
    .port_info 1 /INPUT 1 "rst";
    .port_info 2 /INPUT 1 "en";
    .port_info 3 /INPUT 64 "inputs_0_0";
    .port_info 4 /INPUT 1 "inputs_0_1";
    .port_info 5 /INPUT 64 "inputs_1_0";
    .port_info 6 /INPUT 1 "inputs_1_1";
    .port_info 7 /OUTPUT 64 "result_0_0";
    .port_info 8 /OUTPUT 1 "result_0_1";
    .port_info 9 /OUTPUT 8 "result_1_0";
    .port_info 10 /OUTPUT 1 "result_1_1";
    .port_info 11 /OUTPUT 1 "result_1_2";
    .port_info 12 /OUTPUT 1 "result_1_3";
    .port_info 13 /OUTPUT 1 "result_1_4";
L_0x7f8110f0f3f0 .functor AND 1, L_0x7f8110f0f1e0, L_0x7f8110f0f280, C4<1>, C4<1>;
L_0x7f8110f12e00 .functor BUFZ 131, L_0x7f8110f13160, C4<00000000000000000000000000000000000000000000000000000000000000000000000000000000000000000000000000000000000000000000000000000000000>, C4<00000000000000000000000000000000000000000000000000000000000000000000000000000000000000000000000000000000000000000000000000000000000>, C4<00000000000000000000000000000000000000000000000000000000000000000000000000000000000000000000000000000000000000000000000000000000000>;
L_0x7f8110f142e0 .functor BUFZ 64, v0x7f8110f0c0d0_0, C4<0000000000000000000000000000000000000000000000000000000000000000>, C4<0000000000000000000000000000000000000000000000000000000000000000>, C4<0000000000000000000000000000000000000000000000000000000000000000>;
v0x7f8111a654a0_0 .net *"_ivl_100", 71 0, L_0x7f8110f11520;  1 drivers
L_0x7f8111963290 .functor BUFT 1, C4<0000000000000000000000000000000000000000000000000000000000010100>, C4<0>, C4<0>, C4<0>;
v0x7f8110f072a0_0 .net/2s *"_ivl_102", 63 0, L_0x7f8111963290;  1 drivers
v0x7f8110f07360_0 .net *"_ivl_104", 71 0, L_0x7f8110f11a10;  1 drivers
L_0x7f81119632d8 .functor BUFT 1, C4<00000001>, C4<0>, C4<0>, C4<0>;
v0x7f8110f07420_0 .net/2u *"_ivl_112", 7 0, L_0x7f81119632d8;  1 drivers
v0x7f8110f074d0_0 .net *"_ivl_119", 7 0, L_0x7f8110f12020;  1 drivers
v0x7f8110f075c0_0 .net/s *"_ivl_120", 63 0, L_0x7f8110f11d70;  1 drivers
L_0x7f8111963320 .functor BUFT 1, C4<1>, C4<0>, C4<0>, C4<0>;
v0x7f8110f07670_0 .net/2u *"_ivl_128", 0 0, L_0x7f8111963320;  1 drivers
v0x7f8110f07720_0 .net *"_ivl_13", 0 0, L_0x7f8110f0f1e0;  1 drivers
v0x7f8110f077d0_0 .net *"_ivl_131", 63 0, L_0x7f8110f12310;  1 drivers
v0x7f8110f078e0_0 .net *"_ivl_132", 64 0, L_0x7f8110f123f0;  1 drivers
v0x7f8110f07990_0 .net *"_ivl_134", 65 0, L_0x7f8110f124f0;  1 drivers
L_0x7f8111963368 .functor BUFT 1, C4<00001010>, C4<0>, C4<0>, C4<0>;
v0x7f8110f07a40_0 .net/2u *"_ivl_140", 7 0, L_0x7f8111963368;  1 drivers
L_0x7f81119633b0 .functor BUFT 1, C4<00000001>, C4<0>, C4<0>, C4<0>;
v0x7f8110f07af0_0 .net/2u *"_ivl_144", 7 0, L_0x7f81119633b0;  1 drivers
v0x7f8110f07ba0_0 .net *"_ivl_15", 0 0, L_0x7f8110f0f280;  1 drivers
L_0x7f81119633f8 .functor BUFT 1, C4<00000000000000000000000000000000000000000000000000000000000000000000000000000000000000000000000000000000000000000000000000000000000>, C4<0>, C4<0>, C4<0>;
v0x7f8110f07c50_0 .net/2u *"_ivl_152", 130 0, L_0x7f81119633f8;  1 drivers
L_0x7f8111963440 .functor BUFT 1, C4<00000000000000000000000000000000000000000000000000000000000000000000000000000000000000000000000000000000000000000000000000000000000>, C4<0>, C4<0>, C4<0>;
v0x7f8110f07d00_0 .net/2u *"_ivl_156", 130 0, L_0x7f8111963440;  1 drivers
v0x7f8110f07db0_0 .net *"_ivl_160", 130 0, L_0x7f8110f13160;  1 drivers
L_0x7f8111963488 .functor BUFT 1, C4<1>, C4<0>, C4<0>, C4<0>;
v0x7f8110f07f40_0 .net/2u *"_ivl_166", 0 0, L_0x7f8111963488;  1 drivers
L_0x7f81119634d0 .functor BUFT 1, C4<x>, C4<0>, C4<0>, C4<0>;
v0x7f8110f07fd0_0 .net *"_ivl_172", 0 0, L_0x7f81119634d0;  1 drivers
L_0x7f8111963518 .functor BUFT 1, C4<0>, C4<0>, C4<0>, C4<0>;
v0x7f8110f08080_0 .net/2u *"_ivl_174", 0 0, L_0x7f8111963518;  1 drivers
L_0x7f8111963560 .functor BUFT 1, C4<0>, C4<0>, C4<0>, C4<0>;
v0x7f8110f08130_0 .net/2u *"_ivl_178", 0 0, L_0x7f8111963560;  1 drivers
L_0x7f8111963008 .functor BUFT 1, C4<00000001>, C4<0>, C4<0>, C4<0>;
v0x7f8110f081e0_0 .net/2u *"_ivl_18", 7 0, L_0x7f8111963008;  1 drivers
L_0x7f81119635a8 .functor BUFT 1, C4<1>, C4<0>, C4<0>, C4<0>;
v0x7f8110f08290_0 .net/2u *"_ivl_182", 0 0, L_0x7f81119635a8;  1 drivers
L_0x7f81119635f0 .functor BUFT 1, C4<0000000000000000000000000000000000000000000000000000000000000010>, C4<0>, C4<0>, C4<0>;
v0x7f8110f08340_0 .net/2s *"_ivl_186", 63 0, L_0x7f81119635f0;  1 drivers
v0x7f8110f083f0_0 .net *"_ivl_188", 0 0, L_0x7f8110f13630;  1 drivers
L_0x7f8111963638 .functor BUFT 1, C4<0000000000000000000000000000000000000000000000000000000000000001>, C4<0>, C4<0>, C4<0>;
v0x7f8110f08490_0 .net/2s *"_ivl_190", 63 0, L_0x7f8111963638;  1 drivers
L_0x7f8111963680 .functor BUFT 1, C4<0000000000000000000000000000000000000000000000000000000000000000>, C4<0>, C4<0>, C4<0>;
v0x7f8110f08540_0 .net/2s *"_ivl_192", 63 0, L_0x7f8111963680;  1 drivers
v0x7f8110f085f0_0 .net *"_ivl_2", 64 0, L_0x7f8110f0ebd0;  1 drivers
v0x7f8110f086a0_0 .net *"_ivl_203", 261 0, L_0x7f8110f140e0;  1 drivers
v0x7f8110f08750_0 .net *"_ivl_209", 261 0, L_0x7f8110f14400;  1 drivers
L_0x7f81119636c8 .functor BUFT 1, C4<0000000000000000000000000000000000000000000000000000000000000001>, C4<0>, C4<0>, C4<0>;
v0x7f8110f08800_0 .net/2s *"_ivl_220", 63 0, L_0x7f81119636c8;  1 drivers
v0x7f8110f088b0_0 .net/s *"_ivl_222", 63 0, L_0x7f8110f146e0;  1 drivers
L_0x7f8111963710 .functor BUFT 1, C4<0000000000000000000000000000000000000000000000000000000000000010>, C4<0>, C4<0>, C4<0>;
v0x7f8110f08960_0 .net/2s *"_ivl_226", 63 0, L_0x7f8111963710;  1 drivers
v0x7f8110f07e60_0 .net *"_ivl_228", 0 0, L_0x7f8110f14c50;  1 drivers
L_0x7f8111963758 .functor BUFT 1, C4<0000000000000000000000000000000000000000000000000000000000000001>, C4<0>, C4<0>, C4<0>;
v0x7f8110f08bf0_0 .net/2s *"_ivl_230", 63 0, L_0x7f8111963758;  1 drivers
L_0x7f81119637a0 .functor BUFT 1, C4<0000000000000000000000000000000000000000000000000000000000000000>, C4<0>, C4<0>, C4<0>;
v0x7f8110f08c80_0 .net/2s *"_ivl_232", 63 0, L_0x7f81119637a0;  1 drivers
L_0x7f81119637e8 .functor BUFT 1, C4<0000000000000000000000000000000000000000000000000000000000000001>, C4<0>, C4<0>, C4<0>;
v0x7f8110f08d10_0 .net/2s *"_ivl_240", 63 0, L_0x7f81119637e8;  1 drivers
v0x7f8110f08dc0_0 .net *"_ivl_245", 64 0, L_0x7f8110f14d70;  1 drivers
v0x7f8110f08e70_0 .net *"_ivl_247", 7 0, L_0x7f8110f14e50;  1 drivers
v0x7f8110f08f20_0 .net *"_ivl_249", 0 0, L_0x7f8110f14ef0;  1 drivers
v0x7f8110f08fd0_0 .net *"_ivl_25", 0 0, L_0x7f8110f0f6c0;  1 drivers
v0x7f8110f09080_0 .net *"_ivl_250", 11 0, L_0x7f8110f14f90;  1 drivers
v0x7f8110f09130_0 .net *"_ivl_27", 63 0, L_0x7f8110f0f780;  1 drivers
v0x7f8110f091e0_0 .net *"_ivl_28", 71 0, L_0x7f8110f0f8f0;  1 drivers
L_0x7f8111963050 .functor BUFT 1, C4<00000001>, C4<0>, C4<0>, C4<0>;
v0x7f8110f09290_0 .net/2u *"_ivl_32", 7 0, L_0x7f8111963050;  1 drivers
v0x7f8110f09340_0 .net *"_ivl_34", 0 0, L_0x7f8110f0fb50;  1 drivers
v0x7f8110f093e0_0 .net *"_ivl_38", 0 0, L_0x7f8110f0fd60;  1 drivers
v0x7f8110f09480_0 .net *"_ivl_4", 64 0, L_0x7f8110f0ecf0;  1 drivers
v0x7f8110f09530_0 .net *"_ivl_40", 71 0, L_0x7f8110f0fe00;  1 drivers
L_0x7f8111963098 .functor BUFT 1, C4<0000000000000000000000000000000000000000000000000000000000001010>, C4<0>, C4<0>, C4<0>;
v0x7f8110f095e0_0 .net/2s *"_ivl_42", 63 0, L_0x7f8111963098;  1 drivers
v0x7f8110f09690_0 .net *"_ivl_44", 71 0, L_0x7f8110f10070;  1 drivers
L_0x7f81119630e0 .functor BUFT 1, C4<00001010>, C4<0>, C4<0>, C4<0>;
v0x7f8110f09740_0 .net/2u *"_ivl_48", 7 0, L_0x7f81119630e0;  1 drivers
v0x7f8110f097f0_0 .net *"_ivl_50", 7 0, L_0x7f8110f102e0;  1 drivers
v0x7f8110f098a0_0 .net *"_ivl_52", 0 0, L_0x7f8110f10420;  1 drivers
v0x7f8110f09940_0 .net *"_ivl_54", 71 0, L_0x7f8110f10600;  1 drivers
L_0x7f8111963128 .functor BUFT 1, C4<0000000000000000000000000000000000000000000000000000000000001010>, C4<0>, C4<0>, C4<0>;
v0x7f8110f099f0_0 .net/2s *"_ivl_56", 63 0, L_0x7f8111963128;  1 drivers
v0x7f8110f09aa0_0 .net *"_ivl_58", 71 0, L_0x7f8110f106a0;  1 drivers
L_0x7f8111963170 .functor BUFT 1, C4<00000001>, C4<0>, C4<0>, C4<0>;
v0x7f8110f09b50_0 .net/2u *"_ivl_66", 7 0, L_0x7f8111963170;  1 drivers
v0x7f8110f09c00_0 .net *"_ivl_71", 0 0, L_0x7f8110f10d60;  1 drivers
v0x7f8110f09cb0_0 .net *"_ivl_73", 63 0, L_0x7f8110f10990;  1 drivers
v0x7f8110f09d60_0 .net *"_ivl_74", 71 0, L_0x7f8110f10f00;  1 drivers
L_0x7f81119631b8 .functor BUFT 1, C4<00000001>, C4<0>, C4<0>, C4<0>;
v0x7f8110f09e10_0 .net/2u *"_ivl_78", 7 0, L_0x7f81119631b8;  1 drivers
v0x7f8110f09ec0_0 .net *"_ivl_8", 130 0, L_0x7f8110f0ef80;  1 drivers
v0x7f8110f09f70_0 .net *"_ivl_80", 0 0, L_0x7f8110f10e00;  1 drivers
v0x7f8110f0a010_0 .net *"_ivl_84", 0 0, L_0x7f8110f10fe0;  1 drivers
v0x7f8110f08a00_0 .net *"_ivl_86", 71 0, L_0x7f8110f11270;  1 drivers
L_0x7f8111963200 .functor BUFT 1, C4<0000000000000000000000000000000000000000000000000000000000010100>, C4<0>, C4<0>, C4<0>;
v0x7f8110f08ab0_0 .net/2s *"_ivl_88", 63 0, L_0x7f8111963200;  1 drivers
v0x7f8110f08b60_0 .net *"_ivl_90", 71 0, L_0x7f8110f11170;  1 drivers
L_0x7f8111963248 .functor BUFT 1, C4<00001010>, C4<0>, C4<0>, C4<0>;
v0x7f8110f0a0c0_0 .net/2u *"_ivl_94", 7 0, L_0x7f8111963248;  1 drivers
v0x7f8110f0a170_0 .net *"_ivl_96", 7 0, L_0x7f8110f116e0;  1 drivers
v0x7f8110f0a220_0 .net *"_ivl_98", 0 0, L_0x7f8110f117e0;  1 drivers
v0x7f8110f0a2c0_0 .net "b", 0 0, L_0x7f8110f126e0;  1 drivers
v0x7f8110f0a360_0 .var "buffer", 261 0;
v0x7f8110f0a410_0 .net "c$app_arg", 7 0, L_0x7f8110f10740;  1 drivers
v0x7f8110f0a4c0_0 .net "c$app_arg_0", 7 0, L_0x7f8110f11b50;  1 drivers
v0x7f8110f0a570_0 .var "c$app_arg_1", 0 0;
v0x7f8110f0a610_0 .var "c$app_arg_2", 130 0;
v0x7f8110f0a6c0_0 .var "c$app_arg_3", 0 0;
v0x7f8110f0a760_0 .var "c$app_arg_4", 0 0;
v0x7f8110f0a800_0 .net "c$buffer_case_alt", 261 0, L_0x7f8110f13ba0;  1 drivers
v0x7f8110f0a8b0_0 .net "c$buffer_case_alt_0", 261 0, L_0x7f8110f13ce0;  1 drivers
v0x7f8110f0a960_0 .net "c$buffer_case_alt_1", 261 0, L_0x7f8110f144a0;  1 drivers
v0x7f8110f0aa10_0 .net "c$buffer_case_alt_sel_alt_f_2", 392 0, L_0x7f8110f13e00;  1 drivers
v0x7f8110f0aac0_0 .net "c$buffer_case_alt_sel_alt_t_1", 392 0, L_0x7f8110f13fc0;  1 drivers
v0x7f8110f0ab70_0 .net "c$case_alt", 71 0, L_0x7f8110f0fc30;  1 drivers
v0x7f8110f0ac20_0 .net "c$case_alt_0", 71 0, L_0x7f8110f10110;  1 drivers
v0x7f8110f0acd0_0 .net "c$case_alt_1", 71 0, L_0x7f8110f10810;  1 drivers
v0x7f8110f0ad80_0 .net "c$case_alt_10", 130 0, L_0x7f8110f12e00;  1 drivers
v0x7f8110f0ae30_0 .net "c$case_alt_11", 0 0, L_0x7f8110f12ed0;  1 drivers
v0x7f8110f0aed0_0 .net "c$case_alt_12", 0 0, L_0x7f8110f13510;  1 drivers
v0x7f8110f0af70_0 .net "c$case_alt_13", 0 0, L_0x7f8110f13240;  1 drivers
v0x7f8110f0b010_0 .net "c$case_alt_14", 0 0, L_0x7f8110f13360;  1 drivers
v0x7f8110f0b0b0_0 .var "c$case_alt_15", 0 0;
v0x7f8110f0b150_0 .net "c$case_alt_16", 0 0, L_0x7f8110f13860;  1 drivers
v0x7f8110f0b1f0_0 .net "c$case_alt_17", 0 0, L_0x7f8110f13960;  1 drivers
v0x7f8110f0b290_0 .net "c$case_alt_18", 0 0, L_0x7f8110f13a80;  1 drivers
v0x7f8110f0b330_0 .net "c$case_alt_2", 71 0, L_0x7f8110f110b0;  1 drivers
v0x7f8110f0b3e0_0 .net "c$case_alt_3", 71 0, L_0x7f8110f11480;  1 drivers
v0x7f8110f0b490_0 .net "c$case_alt_4", 71 0, L_0x7f8110f118c0;  1 drivers
v0x7f8110f0b540_0 .net "c$case_alt_5", 130 0, L_0x7f8110f12b40;  1 drivers
v0x7f8110f0b5f0_0 .net "c$case_alt_6", 130 0, L_0x7f8110f12c70;  1 drivers
v0x7f8110f0b6a0_0 .net "c$case_alt_7", 130 0, L_0x7f8110f13000;  1 drivers
v0x7f8110f0b750_0 .var "c$case_alt_8", 130 0;
v0x7f8110f0b800_0 .var "c$case_alt_9", 130 0;
v0x7f8110f0b8b0_0 .net/s "c$cursor_case_alt", 63 0, L_0x7f8110f147d0;  1 drivers
v0x7f8110f0b960_0 .net/s "c$cursor_case_alt_0", 63 0, L_0x7f8110f14540;  1 drivers
v0x7f8110f0ba10_0 .net/s "c$cursor_case_alt_1", 63 0, L_0x7f8110f14b70;  1 drivers
v0x7f8110f0bac0_0 .net/s "c$cursor_case_alt_2", 63 0, L_0x7f8110f15040;  1 drivers
v0x7f8110f0bb70_0 .var/s "c$cursor_case_alt_3", 63 0;
v0x7f8110f0bc20_0 .net/s "c$cursor_case_alt_4", 63 0, L_0x7f8110f15160;  1 drivers
v0x7f8110f0bcd0_0 .net "c$cursor_case_scrut", 0 0, L_0x7f8110f149d0;  1 drivers
v0x7f8110f0bd70_0 .net "c$result_app_arg", 71 0, L_0x7f8110f0f9f0;  1 drivers
v0x7f8110f0be20_0 .net "c$result_app_arg_0", 71 0, L_0x7f8110f10c70;  1 drivers
v0x7f8110f0bed0_0 .net/s "c$tte_rhs", 63 0, L_0x7f8110f13c40;  1 drivers
v0x7f8110f0bf80_0 .net/s "c$tte_rhs_0", 63 0, L_0x7f8110f14870;  1 drivers
v0x7f8110f0c030_0 .net "clk", 0 0, v0x7f8110f0e060_0;  1 drivers
v0x7f8110f0c0d0_0 .var/s "cursor", 63 0;
v0x7f8110f0c180_0 .net "en", 0 0, v0x7f8110f0e100_0;  1 drivers
v0x7f8110f0c220_0 .net "f1", 7 0, L_0x7f8110f12780;  1 drivers
v0x7f8110f0c2d0_0 .net "inputs", 129 0, L_0x7f8110f0ee30;  1 drivers
v0x7f8110f0c380_0 .net/s "inputs_0_0", 63 0, v0x7f8110f0e190_0;  1 drivers
v0x7f8110f0c430_0 .net "inputs_0_1", 0 0, v0x7f8110f0e380_0;  1 drivers
v0x7f8110f0c4d0_0 .net/s "inputs_1_0", 63 0, v0x7f8110f0e220_0;  1 drivers
v0x7f8110f0c580_0 .net "inputs_1_1", 0 0, v0x7f8110f0e430_0;  1 drivers
v0x7f8110f0c620_0 .net "p0", 0 0, L_0x7f8110f10b70;  1 drivers
v0x7f8110f0c6c0_0 .net "pacing0", 0 0, L_0x7f8110f0f3f0;  1 drivers
v0x7f8110f0c760_0 .net "qData", 130 0, L_0x7f8110f14200;  1 drivers
v0x7f8110f0c810_0 .net "qPop", 0 0, L_0x7f8110f15980;  1 drivers
v0x7f8110f0c8b0_0 .net "qPopValid", 0 0, L_0x7f8110f15360;  1 drivers
v0x7f8110f0c950_0 .net "qPush", 0 0, L_0x7f8110f158e0;  1 drivers
v0x7f8110f0c9f0_0 .net "result", 76 0, L_0x7f8110f15240;  1 drivers
v0x7f8110f0caa0_0 .net "result_0", 64 0, L_0x7f8110f155d0;  1 drivers
v0x7f8110f0cb50_0 .net/s "result_0_0", 63 0, L_0x7f8110f15710;  alias, 1 drivers
v0x7f8110f0cc00_0 .net "result_0_1", 0 0, L_0x7f8110f15830;  alias, 1 drivers
v0x7f8110f0cca0_0 .net "result_1", 11 0, L_0x7f8110f15670;  1 drivers
v0x7f8110f0cd50_0 .net "result_10", 132 0, L_0x7f8110f12d60;  1 drivers
v0x7f8110f0ce00_0 .net "result_1_0", 7 0, L_0x7f8110f15a20;  1 drivers
v0x7f8110f0ceb0_0 .net "result_1_1", 0 0, L_0x7f8110f15b00;  alias, 1 drivers
v0x7f8110f0cf50_0 .net "result_1_2", 0 0, L_0x7f8110f15be0;  alias, 1 drivers
v0x7f8110f0cff0_0 .net "result_1_3", 0 0, L_0x7f8110f160e0;  alias, 1 drivers
v0x7f8110f0d090_0 .net "result_1_4", 0 0, L_0x7f8110f15d90;  alias, 1 drivers
v0x7f8110f0d130_0 .net "result_2", 131 0, L_0x7f8110f0f060;  1 drivers
v0x7f8110f0d1e0_0 .net "result_3", 7 0, L_0x7f8110f0f460;  1 drivers
v0x7f8110f0d290_0 .net "result_4", 7 0, L_0x7f8110f0f580;  1 drivers
v0x7f8110f0d340_0 .var "result_5", 71 0;
v0x7f8110f0d3f0_0 .var "result_6", 71 0;
v0x7f8110f0d4a0_0 .net "result_7", 71 0, L_0x7f8110f11f80;  1 drivers
v0x7f8110f0d550_0 .var "result_8", 71 0;
v0x7f8110f0d600_0 .net "result_9", 73 0, L_0x7f8110f128a0;  1 drivers
v0x7f8110f0d6b0_0 .net "rst", 0 0, v0x7f8110f0e940_0;  1 drivers
v0x7f8110f0d750_0 .net "t", 71 0, L_0x7f8110f11e10;  1 drivers
v0x7f8110f0d800_0 .var "t_0", 7 0;
v0x7f8110f0d8b0 .array "vecArray", 1 0;
v0x7f8110f0d8b0_0 .net v0x7f8110f0d8b0 0, 130 0, L_0x7f8110f0ead0; 1 drivers
v0x7f8110f0d8b0_1 .net v0x7f8110f0d8b0 1, 130 0, L_0x7f8110f0e9f0; 1 drivers
v0x7f8110f0d980_0 .net/s "winData", 63 0, L_0x7f8110f108f0;  1 drivers
v0x7f8110f0da30_0 .net/s "winData_0", 63 0, L_0x7f8110f11c90;  1 drivers
v0x7f8110f0dae0_0 .net "winTag", 7 0, L_0x7f8110f10a70;  1 drivers
v0x7f8110f0db90_0 .net "winTag_0", 7 0, L_0x7f8110f11ab0;  1 drivers
v0x7f8110f0dc40_0 .net/s "x", 63 0, L_0x7f8110f12100;  1 drivers
v0x7f8110f0dcf0_0 .net/s "x_0", 63 0, L_0x7f8110f142e0;  1 drivers
v0x7f8110f0dda0_0 .net/s "y", 63 0, L_0x7f8110f121e0;  1 drivers
E_0x7f8111a6e510 .event anyedge, v0x7f8110f0dcf0_0, v0x7f8110f0bc20_0;
E_0x7f8111a4cc80 .event posedge, v0x7f8110f0d6b0_0, v0x7f8110f0c030_0;
E_0x7f8111a64f60 .event anyedge, v0x7f8110f0dcf0_0;
E_0x7f8111a64780 .event anyedge, v0x7f8110f0dcf0_0, v0x7f8110f0ad80_0;
E_0x7f8111a63340 .event anyedge, v0x7f8110f0dcf0_0, v0x7f8110f0c760_0, v0x7f8110f0ad80_0;
E_0x7f8111a59e40 .event posedge, v0x7f8110f0c030_0;
L_0x7f8110f0e9f0 .part v0x7f8110f0a360_0, 0, 131;
L_0x7f8110f0ead0 .part v0x7f8110f0a360_0, 131, 131;
L_0x7f8110f0ebd0 .concat [ 1 64 0 0], v0x7f8110f0e380_0, v0x7f8110f0e190_0;
L_0x7f8110f0ecf0 .concat [ 1 64 0 0], v0x7f8110f0e430_0, v0x7f8110f0e220_0;
L_0x7f8110f0ee30 .concat [ 65 65 0 0], L_0x7f8110f0ecf0, L_0x7f8110f0ebd0;
L_0x7f8110f0ef80 .concat [ 1 130 0 0], L_0x7f8110f0f3f0, L_0x7f8110f0ee30;
L_0x7f8110f0f060 .concat [ 131 1 0 0], L_0x7f8110f0ef80, L_0x7f8110f0f3f0;
L_0x7f8110f0f1e0 .part L_0x7f8110f0ee30, 65, 1;
L_0x7f8110f0f280 .part L_0x7f8110f0ee30, 0, 1;
L_0x7f8110f0f460 .functor MUXZ 8, L_0x7f8110f12780, L_0x7f8111963008, L_0x7f8110f126e0, C4<>;
L_0x7f8110f0f580 .functor MUXZ 8, v0x7f8110f0d800_0, L_0x7f8110f0f460, L_0x7f8110f10b70, C4<>;
L_0x7f8110f0f6c0 .part L_0x7f8110f12d60, 66, 1;
L_0x7f8110f0f780 .part L_0x7f8110f12d60, 67, 64;
L_0x7f8110f0f8f0 .concat [ 64 8 0 0], L_0x7f8110f0f780, v0x7f8110f0d800_0;
L_0x7f8110f0f9f0 .functor MUXZ 72, v0x7f8110f0d340_0, L_0x7f8110f0f8f0, L_0x7f8110f0f6c0, C4<>;
L_0x7f8110f0fb50 .cmp/gt 8, v0x7f8110f0d800_0, L_0x7f8111963050;
L_0x7f8110f0fc30 .functor MUXZ 72, L_0x7f8110f10810, L_0x7f8110f10110, L_0x7f8110f0fb50, C4<>;
L_0x7f8110f0fd60 .cmp/eq 8, L_0x7f8110f10740, L_0x7f8110f10a70;
L_0x7f8110f0fe00 .concat [ 64 8 0 0], L_0x7f8110f108f0, v0x7f8110f0d800_0;
L_0x7f8110f10070 .concat [ 64 8 0 0], L_0x7f8111963098, v0x7f8110f0d800_0;
L_0x7f8110f10110 .functor MUXZ 72, L_0x7f8110f10070, L_0x7f8110f0fe00, L_0x7f8110f0fd60, C4<>;
L_0x7f8110f102e0 .arith/sum 8, L_0x7f8110f10740, L_0x7f81119630e0;
L_0x7f8110f10420 .cmp/eq 8, L_0x7f8110f102e0, L_0x7f8110f10a70;
L_0x7f8110f10600 .concat [ 64 8 0 0], L_0x7f8110f108f0, v0x7f8110f0d800_0;
L_0x7f8110f106a0 .concat [ 64 8 0 0], L_0x7f8111963128, v0x7f8110f0d800_0;
L_0x7f8110f10810 .functor MUXZ 72, L_0x7f8110f106a0, L_0x7f8110f10600, L_0x7f8110f10420, C4<>;
L_0x7f8110f108f0 .part v0x7f8110f0d340_0, 0, 64;
L_0x7f8110f10a70 .part v0x7f8110f0d340_0, 64, 8;
L_0x7f8110f10740 .arith/sub 8, v0x7f8110f0d800_0, L_0x7f8111963170;
L_0x7f8110f10d60 .part L_0x7f8110f12d60, 1, 1;
L_0x7f8110f10990 .part L_0x7f8110f12d60, 2, 64;
L_0x7f8110f10f00 .concat [ 64 8 0 0], L_0x7f8110f10990, v0x7f8110f0d800_0;
L_0x7f8110f10c70 .functor MUXZ 72, v0x7f8110f0d3f0_0, L_0x7f8110f10f00, L_0x7f8110f10d60, C4<>;
L_0x7f8110f10e00 .cmp/gt 8, v0x7f8110f0d800_0, L_0x7f81119631b8;
L_0x7f8110f110b0 .functor MUXZ 72, L_0x7f8110f118c0, L_0x7f8110f11480, L_0x7f8110f10e00, C4<>;
L_0x7f8110f10fe0 .cmp/eq 8, L_0x7f8110f11b50, L_0x7f8110f11ab0;
L_0x7f8110f11270 .concat [ 64 8 0 0], L_0x7f8110f11c90, v0x7f8110f0d800_0;
L_0x7f8110f11170 .concat [ 64 8 0 0], L_0x7f8111963200, v0x7f8110f0d800_0;
L_0x7f8110f11480 .functor MUXZ 72, L_0x7f8110f11170, L_0x7f8110f11270, L_0x7f8110f10fe0, C4<>;
L_0x7f8110f116e0 .arith/sum 8, L_0x7f8110f11b50, L_0x7f8111963248;
L_0x7f8110f117e0 .cmp/eq 8, L_0x7f8110f116e0, L_0x7f8110f11ab0;
L_0x7f8110f11520 .concat [ 64 8 0 0], L_0x7f8110f11c90, v0x7f8110f0d800_0;
L_0x7f8110f11a10 .concat [ 64 8 0 0], L_0x7f8111963290, v0x7f8110f0d800_0;
L_0x7f8110f118c0 .functor MUXZ 72, L_0x7f8110f11a10, L_0x7f8110f11520, L_0x7f8110f117e0, C4<>;
L_0x7f8110f11c90 .part v0x7f8110f0d3f0_0, 0, 64;
L_0x7f8110f11ab0 .part v0x7f8110f0d3f0_0, 64, 8;
L_0x7f8110f11b50 .arith/sub 8, v0x7f8110f0d800_0, L_0x7f81119632d8;
L_0x7f8110f11f80 .functor MUXZ 72, v0x7f8110f0d550_0, L_0x7f8110f11e10, L_0x7f8110f10b70, C4<>;
L_0x7f8110f12020 .part L_0x7f8110f0fc30, 64, 8;
L_0x7f8110f11d70 .arith/sum 64, L_0x7f8110f12100, L_0x7f8110f121e0;
L_0x7f8110f11e10 .concat [ 64 8 0 0], L_0x7f8110f11d70, L_0x7f8110f12020;
L_0x7f8110f12100 .part L_0x7f8110f0fc30, 0, 64;
L_0x7f8110f121e0 .part L_0x7f8110f110b0, 0, 64;
L_0x7f8110f12310 .part v0x7f8110f0d550_0, 0, 64;
L_0x7f8110f123f0 .concat [ 1 64 0 0], v0x7f8110f0a570_0, L_0x7f8110f12310;
L_0x7f8110f124f0 .concat [ 65 1 0 0], L_0x7f8110f123f0, L_0x7f8111963320;
L_0x7f8110f128a0 .concat [ 8 66 0 0], v0x7f8110f0d800_0, L_0x7f8110f124f0;
L_0x7f8110f10b70 .part L_0x7f8110f12d60, 0, 1;
L_0x7f8110f126e0 .cmp/eq 8, v0x7f8110f0d800_0, L_0x7f8111963368;
L_0x7f8110f12780 .arith/sum 8, v0x7f8110f0d800_0, L_0x7f81119633b0;
L_0x7f8110f12d60 .concat [ 131 1 1 0], v0x7f8110f0a610_0, v0x7f8110f0a6c0_0, v0x7f8110f0a760_0;
L_0x7f8110f12b40 .functor MUXZ 131, L_0x7f8110f13000, L_0x7f8110f12c70, L_0x7f8110f158e0, C4<>;
L_0x7f8110f12c70 .functor MUXZ 131, L_0x7f81119633f8, v0x7f8110f0b750_0, L_0x7f8110f15980, C4<>;
L_0x7f8110f13000 .functor MUXZ 131, L_0x7f8111963440, v0x7f8110f0b800_0, L_0x7f8110f15980, C4<>;
L_0x7f8110f13160 .array/port v0x7f8110f0d8b0, L_0x7f8110f15160;
L_0x7f8110f12ed0 .functor MUXZ 1, L_0x7f8110f13240, L_0x7f8110f13510, L_0x7f8110f158e0, C4<>;
L_0x7f8110f13510 .functor MUXZ 1, L_0x7f8110f13360, L_0x7f8111963488, L_0x7f8110f15980, C4<>;
L_0x7f8110f13240 .functor MUXZ 1, L_0x7f8110f13360, v0x7f8110f0b0b0_0, L_0x7f8110f15980, C4<>;
L_0x7f8110f13360 .functor MUXZ 1, L_0x7f8111963518, L_0x7f81119634d0, L_0x7f8110f15980, C4<>;
L_0x7f8110f13860 .functor MUXZ 1, L_0x7f8111963560, L_0x7f8110f13960, L_0x7f8110f158e0, C4<>;
L_0x7f8110f13960 .functor MUXZ 1, L_0x7f8110f13a80, L_0x7f81119635a8, L_0x7f8110f15980, C4<>;
L_0x7f8110f13630 .cmp/ne 64, L_0x7f8110f142e0, L_0x7f81119635f0;
L_0x7f8110f13c40 .functor MUXZ 64, L_0x7f8111963680, L_0x7f8111963638, L_0x7f8110f13630, C4<>;
L_0x7f8110f13a80 .part L_0x7f8110f13c40, 0, 1;
L_0x7f8110f13ba0 .functor MUXZ 262, v0x7f8110f0a360_0, L_0x7f8110f13ce0, L_0x7f8110f158e0, C4<>;
L_0x7f8110f13fc0 .concat [ 262 131 0 0], v0x7f8110f0a360_0, L_0x7f8110f14200;
L_0x7f8110f140e0 .part L_0x7f8110f13fc0, 131, 262;
L_0x7f8110f13ce0 .functor MUXZ 262, L_0x7f8110f144a0, L_0x7f8110f140e0, L_0x7f8110f15980, C4<>;
L_0x7f8110f13e00 .concat [ 262 131 0 0], v0x7f8110f0a360_0, L_0x7f8110f14200;
L_0x7f8110f14400 .part L_0x7f8110f13e00, 131, 262;
L_0x7f8110f144a0 .functor MUXZ 262, L_0x7f8110f14400, v0x7f8110f0a360_0, L_0x7f8110f149d0, C4<>;
L_0x7f8110f14200 .part L_0x7f8110f0f060, 0, 131;
L_0x7f8110f147d0 .functor MUXZ 64, L_0x7f8110f15040, L_0x7f8110f14540, L_0x7f8110f158e0, C4<>;
L_0x7f8110f14540 .functor MUXZ 64, L_0x7f8110f14b70, v0x7f8110f0c0d0_0, L_0x7f8110f15980, C4<>;
L_0x7f8110f146e0 .arith/sum 64, L_0x7f8110f142e0, L_0x7f81119636c8;
L_0x7f8110f14b70 .functor MUXZ 64, L_0x7f8110f146e0, v0x7f8110f0c0d0_0, L_0x7f8110f149d0, C4<>;
L_0x7f8110f14c50 .cmp/eq 64, L_0x7f8110f142e0, L_0x7f8111963710;
L_0x7f8110f14870 .functor MUXZ 64, L_0x7f81119637a0, L_0x7f8111963758, L_0x7f8110f14c50, C4<>;
L_0x7f8110f149d0 .part L_0x7f8110f14870, 0, 1;
L_0x7f8110f15040 .functor MUXZ 64, v0x7f8110f0c0d0_0, v0x7f8110f0bb70_0, L_0x7f8110f15980, C4<>;
L_0x7f8110f15160 .arith/sub 64, L_0x7f8110f142e0, L_0x7f81119637e8;
L_0x7f8110f14d70 .part L_0x7f8110f128a0, 8, 65;
L_0x7f8110f14e50 .part L_0x7f8110f128a0, 0, 8;
L_0x7f8110f14ef0 .part L_0x7f8110f12d60, 132, 1;
LS_0x7f8110f14f90_0_0 .concat [ 1 1 1 1], L_0x7f8110f15360, L_0x7f8110f14ef0, L_0x7f8110f15980, L_0x7f8110f158e0;
LS_0x7f8110f14f90_0_4 .concat [ 8 0 0 0], L_0x7f8110f14e50;
L_0x7f8110f14f90 .concat [ 4 8 0 0], LS_0x7f8110f14f90_0_0, LS_0x7f8110f14f90_0_4;
L_0x7f8110f15240 .concat [ 12 65 0 0], L_0x7f8110f14f90, L_0x7f8110f14d70;
L_0x7f8110f15360 .part L_0x7f8110f12d60, 131, 1;
L_0x7f8110f158e0 .part L_0x7f8110f0f060, 131, 1;
L_0x7f8110f15980 .part L_0x7f8110f128a0, 73, 1;
L_0x7f8110f155d0 .part L_0x7f8110f15240, 12, 65;
L_0x7f8110f15670 .part L_0x7f8110f15240, 0, 12;
L_0x7f8110f15710 .part L_0x7f8110f155d0, 1, 64;
L_0x7f8110f15830 .part L_0x7f8110f155d0, 0, 1;
L_0x7f8110f15a20 .part L_0x7f8110f15670, 4, 8;
L_0x7f8110f15b00 .part L_0x7f8110f15670, 3, 1;
L_0x7f8110f15be0 .part L_0x7f8110f15670, 2, 1;
L_0x7f8110f160e0 .part L_0x7f8110f15670, 1, 1;
L_0x7f8110f15d90 .part L_0x7f8110f15670, 0, 1;
S_0x7f8111a5f5f0 .scope begin, "buffer_register" "buffer_register" 3 337, 3 337 0, S_0x7f8111a52600;
 .timescale -13 -13;
S_0x7f8111a454f0 .scope begin, "c$app_arg_1_delay" "c$app_arg_1_delay" 3 219, 3 219 0, S_0x7f8111a52600;
 .timescale -13 -13;
S_0x7f8111a6ed40 .scope begin, "c$app_arg_2_register" "c$app_arg_2_register" 3 250, 3 250 0, S_0x7f8111a52600;
 .timescale -13 -13;
S_0x7f8111a59190 .scope begin, "c$app_arg_3_register" "c$app_arg_3_register" 3 294, 3 294 0, S_0x7f8111a52600;
 .timescale -13 -13;
S_0x7f8111a04c10 .scope begin, "c$app_arg_4_register" "c$app_arg_4_register" 3 319, 3 319 0, S_0x7f8111a52600;
 .timescale -13 -13;
S_0x7f8111a04d80 .scope begin, "cursor_register" "cursor_register" 3 363, 3 363 0, S_0x7f8111a52600;
 .timescale -13 -13;
S_0x7f8111a30780 .scope generate, "mk_array[0]" "mk_array[0]" 3 286, 3 286 0, S_0x7f8111a52600;
 .timescale -13 -13;
P_0x7f8111a52430 .param/l "i" 1 3 286, +C4<00>;
S_0x7f8111a308f0 .scope generate, "mk_array[1]" "mk_array[1]" 3 286, 3 286 0, S_0x7f8111a52600;
 .timescale -13 -13;
P_0x7f8111a54790 .param/l "i" 1 3 286, +C4<01>;
S_0x7f8111a736d0 .scope begin, "result_5_register" "result_5_register" 3 147, 3 147 0, S_0x7f8111a52600;
 .timescale -13 -13;
S_0x7f8111a73840 .scope begin, "result_6_register" "result_6_register" 3 174, 3 174 0, S_0x7f8111a52600;
 .timescale -13 -13;
S_0x7f8111a739b0 .scope begin, "result_8_register" "result_8_register" 3 203, 3 203 0, S_0x7f8111a52600;
 .timescale -13 -13;
S_0x7f8111a73b20 .scope begin, "t_0_register" "t_0_register" 3 233, 3 233 0, S_0x7f8111a52600;
 .timescale -13 -13;
    .scope S_0x7f8111a52600;
T_0 ;
    %pushi/vec4 2952790016, 0, 36;
    %concati/vec4 0, 0, 36;
    %store/vec4 v0x7f8110f0d340_0, 0, 72;
    %pushi/vec4 2952790016, 0, 36;
    %concati/vec4 0, 0, 36;
    %store/vec4 v0x7f8110f0d3f0_0, 0, 72;
    %pushi/vec4 2952790016, 0, 36;
    %concati/vec4 0, 0, 36;
    %store/vec4 v0x7f8110f0d550_0, 0, 72;
    %pushi/vec4 0, 0, 1;
    %store/vec4 v0x7f8110f0a570_0, 0, 1;
    %pushi/vec4 1, 0, 8;
    %store/vec4 v0x7f8110f0d800_0, 0, 8;
    %pushi/vec4 0, 0, 131;
    %store/vec4 v0x7f8110f0a610_0, 0, 131;
    %pushi/vec4 0, 0, 1;
    %store/vec4 v0x7f8110f0a6c0_0, 0, 1;
    %pushi/vec4 0, 0, 1;
    %store/vec4 v0x7f8110f0a760_0, 0, 1;
    %pushi/vec4 0, 0, 262;
    %store/vec4 v0x7f8110f0a360_0, 0, 262;
    %pushi/vec4 0, 0, 64;
    %store/vec4 v0x7f8110f0c0d0_0, 0, 64;
    %end;
    .thread T_0;
    .scope S_0x7f8111a52600;
T_1 ;
    %wait E_0x7f8111a4cc80;
    %fork t_1, S_0x7f8111a736d0;
    %jmp t_0;
    .scope S_0x7f8111a736d0;
t_1 ;
    %load/vec4 v0x7f8110f0d6b0_0;
    %flag_set/vec4 8;
    %jmp/0xz  T_1.0, 8;
    %pushi/vec4 2952790016, 0, 36;
    %concati/vec4 0, 0, 36;
    %assign/vec4 v0x7f8110f0d340_0, 0;
    %jmp T_1.1;
T_1.0 ;
    %load/vec4 v0x7f8110f0c180_0;
    %flag_set/vec4 8;
    %jmp/0xz  T_1.2, 8;
    %load/vec4 v0x7f8110f0bd70_0;
    %assign/vec4 v0x7f8110f0d340_0, 0;
T_1.2 ;
T_1.1 ;
    %end;
    .scope S_0x7f8111a52600;
t_0 %join;
    %jmp T_1;
    .thread T_1;
    .scope S_0x7f8111a52600;
T_2 ;
    %wait E_0x7f8111a4cc80;
    %fork t_3, S_0x7f8111a73840;
    %jmp t_2;
    .scope S_0x7f8111a73840;
t_3 ;
    %load/vec4 v0x7f8110f0d6b0_0;
    %flag_set/vec4 8;
    %jmp/0xz  T_2.0, 8;
    %pushi/vec4 2952790016, 0, 36;
    %concati/vec4 0, 0, 36;
    %assign/vec4 v0x7f8110f0d3f0_0, 0;
    %jmp T_2.1;
T_2.0 ;
    %load/vec4 v0x7f8110f0c180_0;
    %flag_set/vec4 8;
    %jmp/0xz  T_2.2, 8;
    %load/vec4 v0x7f8110f0be20_0;
    %assign/vec4 v0x7f8110f0d3f0_0, 0;
T_2.2 ;
T_2.1 ;
    %end;
    .scope S_0x7f8111a52600;
t_2 %join;
    %jmp T_2;
    .thread T_2;
    .scope S_0x7f8111a52600;
T_3 ;
    %wait E_0x7f8111a4cc80;
    %fork t_5, S_0x7f8111a739b0;
    %jmp t_4;
    .scope S_0x7f8111a739b0;
t_5 ;
    %load/vec4 v0x7f8110f0d6b0_0;
    %flag_set/vec4 8;
    %jmp/0xz  T_3.0, 8;
    %pushi/vec4 2952790016, 0, 36;
    %concati/vec4 0, 0, 36;
    %assign/vec4 v0x7f8110f0d550_0, 0;
    %jmp T_3.1;
T_3.0 ;
    %load/vec4 v0x7f8110f0c180_0;
    %flag_set/vec4 8;
    %jmp/0xz  T_3.2, 8;
    %load/vec4 v0x7f8110f0d4a0_0;
    %assign/vec4 v0x7f8110f0d550_0, 0;
T_3.2 ;
T_3.1 ;
    %end;
    .scope S_0x7f8111a52600;
t_4 %join;
    %jmp T_3;
    .thread T_3;
    .scope S_0x7f8111a52600;
T_4 ;
    %wait E_0x7f8111a59e40;
    %fork t_7, S_0x7f8111a454f0;
    %jmp t_6;
    .scope S_0x7f8111a454f0;
t_7 ;
    %load/vec4 v0x7f8110f0c180_0;
    %flag_set/vec4 8;
    %jmp/0xz  T_4.0, 8;
    %load/vec4 v0x7f8110f0c620_0;
    %assign/vec4 v0x7f8110f0a570_0, 0;
T_4.0 ;
    %end;
    .scope S_0x7f8111a52600;
t_6 %join;
    %jmp T_4;
    .thread T_4;
    .scope S_0x7f8111a52600;
T_5 ;
    %wait E_0x7f8111a4cc80;
    %fork t_9, S_0x7f8111a73b20;
    %jmp t_8;
    .scope S_0x7f8111a73b20;
t_9 ;
    %load/vec4 v0x7f8110f0d6b0_0;
    %flag_set/vec4 8;
    %jmp/0xz  T_5.0, 8;
    %pushi/vec4 1, 0, 8;
    %assign/vec4 v0x7f8110f0d800_0, 0;
    %jmp T_5.1;
T_5.0 ;
    %load/vec4 v0x7f8110f0c180_0;
    %flag_set/vec4 8;
    %jmp/0xz  T_5.2, 8;
    %load/vec4 v0x7f8110f0d290_0;
    %assign/vec4 v0x7f8110f0d800_0, 0;
T_5.2 ;
T_5.1 ;
    %end;
    .scope S_0x7f8111a52600;
t_8 %join;
    %jmp T_5;
    .thread T_5;
    .scope S_0x7f8111a52600;
T_6 ;
    %wait E_0x7f8111a4cc80;
    %fork t_11, S_0x7f8111a6ed40;
    %jmp t_10;
    .scope S_0x7f8111a6ed40;
t_11 ;
    %load/vec4 v0x7f8110f0d6b0_0;
    %flag_set/vec4 8;
    %jmp/0xz  T_6.0, 8;
    %pushi/vec4 0, 0, 131;
    %assign/vec4 v0x7f8110f0a610_0, 0;
    %jmp T_6.1;
T_6.0 ;
    %load/vec4 v0x7f8110f0c180_0;
    %flag_set/vec4 8;
    %jmp/0xz  T_6.2, 8;
    %load/vec4 v0x7f8110f0b540_0;
    %assign/vec4 v0x7f8110f0a610_0, 0;
T_6.2 ;
T_6.1 ;
    %end;
    .scope S_0x7f8111a52600;
t_10 %join;
    %jmp T_6;
    .thread T_6;
    .scope S_0x7f8111a52600;
T_7 ;
    %wait E_0x7f8111a63340;
    %load/vec4 v0x7f8110f0dcf0_0;
    %dup/vec4;
    %pushi/vec4 0, 0, 64;
    %cmp/u;
    %jmp/1 T_7.0, 6;
    %load/vec4 v0x7f8110f0ad80_0;
    %store/vec4 v0x7f8110f0b750_0, 0, 131;
    %jmp T_7.2;
T_7.0 ;
    %load/vec4 v0x7f8110f0c760_0;
    %store/vec4 v0x7f8110f0b750_0, 0, 131;
    %jmp T_7.2;
T_7.2 ;
    %pop/vec4 1;
    %jmp T_7;
    .thread T_7, $push;
    .scope S_0x7f8111a52600;
T_8 ;
    %wait E_0x7f8111a64780;
    %load/vec4 v0x7f8110f0dcf0_0;
    %dup/vec4;
    %pushi/vec4 0, 0, 64;
    %cmp/u;
    %jmp/1 T_8.0, 6;
    %load/vec4 v0x7f8110f0ad80_0;
    %store/vec4 v0x7f8110f0b800_0, 0, 131;
    %jmp T_8.2;
T_8.0 ;
    %pushi/vec4 0, 0, 131;
    %store/vec4 v0x7f8110f0b800_0, 0, 131;
    %jmp T_8.2;
T_8.2 ;
    %pop/vec4 1;
    %jmp T_8;
    .thread T_8, $push;
    .scope S_0x7f8111a52600;
T_9 ;
    %wait E_0x7f8111a4cc80;
    %fork t_13, S_0x7f8111a59190;
    %jmp t_12;
    .scope S_0x7f8111a59190;
t_13 ;
    %load/vec4 v0x7f8110f0d6b0_0;
    %flag_set/vec4 8;
    %jmp/0xz  T_9.0, 8;
    %pushi/vec4 0, 0, 1;
    %assign/vec4 v0x7f8110f0a6c0_0, 0;
    %jmp T_9.1;
T_9.0 ;
    %load/vec4 v0x7f8110f0c180_0;
    %flag_set/vec4 8;
    %jmp/0xz  T_9.2, 8;
    %load/vec4 v0x7f8110f0ae30_0;
    %assign/vec4 v0x7f8110f0a6c0_0, 0;
T_9.2 ;
T_9.1 ;
    %end;
    .scope S_0x7f8111a52600;
t_12 %join;
    %jmp T_9;
    .thread T_9;
    .scope S_0x7f8111a52600;
T_10 ;
    %wait E_0x7f8111a64f60;
    %load/vec4 v0x7f8110f0dcf0_0;
    %dup/vec4;
    %pushi/vec4 0, 0, 64;
    %cmp/u;
    %jmp/1 T_10.0, 6;
    %pushi/vec4 1, 0, 1;
    %store/vec4 v0x7f8110f0b0b0_0, 0, 1;
    %jmp T_10.2;
T_10.0 ;
    %pushi/vec4 0, 0, 1;
    %store/vec4 v0x7f8110f0b0b0_0, 0, 1;
    %jmp T_10.2;
T_10.2 ;
    %pop/vec4 1;
    %jmp T_10;
    .thread T_10, $push;
    .scope S_0x7f8111a52600;
T_11 ;
    %wait E_0x7f8111a4cc80;
    %fork t_15, S_0x7f8111a04c10;
    %jmp t_14;
    .scope S_0x7f8111a04c10;
t_15 ;
    %load/vec4 v0x7f8110f0d6b0_0;
    %flag_set/vec4 8;
    %jmp/0xz  T_11.0, 8;
    %pushi/vec4 0, 0, 1;
    %assign/vec4 v0x7f8110f0a760_0, 0;
    %jmp T_11.1;
T_11.0 ;
    %load/vec4 v0x7f8110f0c180_0;
    %flag_set/vec4 8;
    %jmp/0xz  T_11.2, 8;
    %load/vec4 v0x7f8110f0b150_0;
    %assign/vec4 v0x7f8110f0a760_0, 0;
T_11.2 ;
T_11.1 ;
    %end;
    .scope S_0x7f8111a52600;
t_14 %join;
    %jmp T_11;
    .thread T_11;
    .scope S_0x7f8111a52600;
T_12 ;
    %wait E_0x7f8111a4cc80;
    %fork t_17, S_0x7f8111a5f5f0;
    %jmp t_16;
    .scope S_0x7f8111a5f5f0;
t_17 ;
    %load/vec4 v0x7f8110f0d6b0_0;
    %flag_set/vec4 8;
    %jmp/0xz  T_12.0, 8;
    %pushi/vec4 0, 0, 262;
    %assign/vec4 v0x7f8110f0a360_0, 0;
    %jmp T_12.1;
T_12.0 ;
    %load/vec4 v0x7f8110f0c180_0;
    %flag_set/vec4 8;
    %jmp/0xz  T_12.2, 8;
    %load/vec4 v0x7f8110f0a800_0;
    %assign/vec4 v0x7f8110f0a360_0, 0;
T_12.2 ;
T_12.1 ;
    %end;
    .scope S_0x7f8111a52600;
t_16 %join;
    %jmp T_12;
    .thread T_12;
    .scope S_0x7f8111a52600;
T_13 ;
    %wait E_0x7f8111a4cc80;
    %fork t_19, S_0x7f8111a04d80;
    %jmp t_18;
    .scope S_0x7f8111a04d80;
t_19 ;
    %load/vec4 v0x7f8110f0d6b0_0;
    %flag_set/vec4 8;
    %jmp/0xz  T_13.0, 8;
    %pushi/vec4 0, 0, 64;
    %assign/vec4 v0x7f8110f0c0d0_0, 0;
    %jmp T_13.1;
T_13.0 ;
    %load/vec4 v0x7f8110f0c180_0;
    %flag_set/vec4 8;
    %jmp/0xz  T_13.2, 8;
    %load/vec4 v0x7f8110f0b8b0_0;
    %assign/vec4 v0x7f8110f0c0d0_0, 0;
T_13.2 ;
T_13.1 ;
    %end;
    .scope S_0x7f8111a52600;
t_18 %join;
    %jmp T_13;
    .thread T_13;
    .scope S_0x7f8111a52600;
T_14 ;
    %wait E_0x7f8111a6e510;
    %load/vec4 v0x7f8110f0dcf0_0;
    %dup/vec4;
    %pushi/vec4 0, 0, 64;
    %cmp/u;
    %jmp/1 T_14.0, 6;
    %load/vec4 v0x7f8110f0bc20_0;
    %store/vec4 v0x7f8110f0bb70_0, 0, 64;
    %jmp T_14.2;
T_14.0 ;
    %pushi/vec4 0, 0, 64;
    %store/vec4 v0x7f8110f0bb70_0, 0, 64;
    %jmp T_14.2;
T_14.2 ;
    %pop/vec4 1;
    %jmp T_14;
    .thread T_14, $push;
    .scope S_0x7f8111a4ce50;
T_15 ;
    %delay 10000000, 0;
    %load/vec4 v0x7f8110f0e060_0;
    %inv;
    %store/vec4 v0x7f8110f0e060_0, 0, 1;
    %jmp T_15;
    .thread T_15;
    .scope S_0x7f8111a4ce50;
T_16 ;
    %pushi/vec4 1, 0, 1;
    %store/vec4 v0x7f8110f0e060_0, 0, 1;
    %pushi/vec4 1, 0, 1;
    %store/vec4 v0x7f8110f0e940_0, 0, 1;
    %pushi/vec4 1, 0, 1;
    %store/vec4 v0x7f8110f0e100_0, 0, 1;
    %pushi/vec4 0, 0, 1;
    %store/vec4 v0x7f8110f0e380_0, 0, 1;
    %pushi/vec4 0, 0, 1;
    %store/vec4 v0x7f8110f0e430_0, 0, 1;
    %delay 20000000, 0;
    %pushi/vec4 0, 0, 1;
    %store/vec4 v0x7f8110f0e940_0, 0, 1;
    %vpi_call 2 44 "$printtimescale", S_0x7f8111a4ce50 {0 0 0};
    %vpi_call 2 45 "$dumpvars", 32'sb00000000000000000000000000000000, S_0x7f8111a4ce50 {0 0 0};
    %delay 1390065408, 2;
    %wait E_0x7f8111a59e40;
    %pushi/vec4 1, 0, 1;
    %store/vec4 v0x7f8110f0e380_0, 0, 1;
    %pushi/vec4 1, 0, 64;
    %store/vec4 v0x7f8110f0e190_0, 0, 64;
    %pushi/vec4 1, 0, 1;
    %store/vec4 v0x7f8110f0e430_0, 0, 1;
    %pushi/vec4 1, 0, 64;
    %store/vec4 v0x7f8110f0e220_0, 0, 64;
    %wait E_0x7f8111a59e40;
    %pushi/vec4 0, 0, 1;
    %store/vec4 v0x7f8110f0e380_0, 0, 1;
    %pushi/vec4 0, 0, 64;
    %store/vec4 v0x7f8110f0e190_0, 0, 64;
    %pushi/vec4 0, 0, 1;
    %store/vec4 v0x7f8110f0e430_0, 0, 1;
    %pushi/vec4 0, 0, 64;
    %store/vec4 v0x7f8110f0e220_0, 0, 64;
    %delay 1390065408, 2;
    %wait E_0x7f8111a59e40;
    %pushi/vec4 1, 0, 1;
    %store/vec4 v0x7f8110f0e380_0, 0, 1;
    %pushi/vec4 2, 0, 64;
    %store/vec4 v0x7f8110f0e190_0, 0, 64;
    %pushi/vec4 1, 0, 1;
    %store/vec4 v0x7f8110f0e430_0, 0, 1;
    %pushi/vec4 2, 0, 64;
    %store/vec4 v0x7f8110f0e220_0, 0, 64;
    %wait E_0x7f8111a59e40;
    %pushi/vec4 0, 0, 1;
    %store/vec4 v0x7f8110f0e380_0, 0, 1;
    %pushi/vec4 0, 0, 64;
    %store/vec4 v0x7f8110f0e190_0, 0, 64;
    %pushi/vec4 0, 0, 1;
    %store/vec4 v0x7f8110f0e430_0, 0, 1;
    %pushi/vec4 0, 0, 64;
    %store/vec4 v0x7f8110f0e220_0, 0, 64;
    %delay 1390065408, 2;
    %wait E_0x7f8111a59e40;
    %pushi/vec4 1, 0, 1;
    %store/vec4 v0x7f8110f0e380_0, 0, 1;
    %pushi/vec4 3, 0, 64;
    %store/vec4 v0x7f8110f0e190_0, 0, 64;
    %pushi/vec4 1, 0, 1;
    %store/vec4 v0x7f8110f0e430_0, 0, 1;
    %pushi/vec4 3, 0, 64;
    %store/vec4 v0x7f8110f0e220_0, 0, 64;
    %wait E_0x7f8111a59e40;
    %pushi/vec4 0, 0, 1;
    %store/vec4 v0x7f8110f0e380_0, 0, 1;
    %pushi/vec4 0, 0, 64;
    %store/vec4 v0x7f8110f0e190_0, 0, 64;
    %pushi/vec4 0, 0, 1;
    %store/vec4 v0x7f8110f0e430_0, 0, 1;
    %pushi/vec4 0, 0, 64;
    %store/vec4 v0x7f8110f0e220_0, 0, 64;
    %delay 1390065408, 2;
    %wait E_0x7f8111a59e40;
    %pushi/vec4 1, 0, 1;
    %store/vec4 v0x7f8110f0e380_0, 0, 1;
    %pushi/vec4 4, 0, 64;
    %store/vec4 v0x7f8110f0e190_0, 0, 64;
    %pushi/vec4 1, 0, 1;
    %store/vec4 v0x7f8110f0e430_0, 0, 1;
    %pushi/vec4 4, 0, 64;
    %store/vec4 v0x7f8110f0e220_0, 0, 64;
    %wait E_0x7f8111a59e40;
    %pushi/vec4 0, 0, 1;
    %store/vec4 v0x7f8110f0e380_0, 0, 1;
    %pushi/vec4 0, 0, 64;
    %store/vec4 v0x7f8110f0e190_0, 0, 64;
    %pushi/vec4 0, 0, 1;
    %store/vec4 v0x7f8110f0e430_0, 0, 1;
    %pushi/vec4 0, 0, 64;
    %store/vec4 v0x7f8110f0e220_0, 0, 64;
    %delay 400000000, 0;
    %vpi_call 2 97 "$finish" {0 0 0};
    %end;
    .thread T_16;
# The file index is used to find the file name in the following table.
:file_names 4;
    "N/A";
    "<interactive>";
    "testbench.v";
    "./verilog/VerySimple.topEntity/topEntity.v";
