#! /usr/local/Cellar/icarus-verilog/12.0/bin/vvp
:ivl_version "12.0 (stable)";
:ivl_delay_selection "TYPICAL";
:vpi_time_precision - 13;
:vpi_module "/usr/local/Cellar/icarus-verilog/12.0/lib/ivl/system.vpi";
:vpi_module "/usr/local/Cellar/icarus-verilog/12.0/lib/ivl/vhdl_sys.vpi";
:vpi_module "/usr/local/Cellar/icarus-verilog/12.0/lib/ivl/vhdl_textio.vpi";
:vpi_module "/usr/local/Cellar/icarus-verilog/12.0/lib/ivl/v2005_math.vpi";
:vpi_module "/usr/local/Cellar/icarus-verilog/12.0/lib/ivl/va_math.vpi";
S_0x7f8d38b04c50 .scope module, "testbench" "testbench" 2 2;
 .timescale -6 -9;
v0x7f8d38b22760_0 .var "clk", 0 0;
v0x7f8d38b227f0_0 .var "en", 0 0;
v0x7f8d38b22880_0 .var/s "input_x", 63 0;
v0x7f8d38b22910_0 .var "new_input", 0 0;
v0x7f8d38b229a0_0 .net/s "output_d", 63 0, L_0x7f8d38b252d0;  1 drivers
v0x7f8d38b22a70_0 .net "output_d_aktv", 0 0, L_0x7f8d38b25020;  1 drivers
v0x7f8d38b22b00_0 .net/s "output_e", 63 0, L_0x7f8d38b254b0;  1 drivers
v0x7f8d38b22bb0_0 .net "output_e_aktv", 0 0, L_0x7f8d38b25220;  1 drivers
v0x7f8d38b22c60_0 .net/s "output_f", 63 0, L_0x7f8d38b253b0;  1 drivers
v0x7f8d38b22d70_0 .net "output_f_aktv", 0 0, L_0x7f8d38b25720;  1 drivers
v0x7f8d38b22e00_0 .var "rst", 0 0;
v0x7f8d38b22e90_0 .net/s "winF_0", 63 0, L_0x7f8d38b255d0;  1 drivers
v0x7f8d38b22f40_0 .net/s "winF_1", 63 0, L_0x7f8d38b25960;  1 drivers
S_0x7f8d38b0cb00 .scope module, "monitor" "topEntity" 2 29, 3 6 0, S_0x7f8d38b04c50;
 .timescale -13 -13;
    .port_info 0 /INPUT 1 "clk";
    .port_info 1 /INPUT 1 "rst";
    .port_info 2 /INPUT 1 "en";
    .port_info 3 /INPUT 64 "input0_0";
    .port_info 4 /INPUT 1 "input0_1";
    .port_info 5 /OUTPUT 64 "result_0_0_0";
    .port_info 6 /OUTPUT 1 "result_0_0_1";
    .port_info 7 /OUTPUT 64 "result_0_1_0";
    .port_info 8 /OUTPUT 1 "result_0_1_1";
    .port_info 9 /OUTPUT 64 "result_0_2_0";
    .port_info 10 /OUTPUT 1 "result_0_2_1";
    .port_info 11 /OUTPUT 64 "result_1_0";
    .port_info 12 /OUTPUT 64 "result_1_1";
L_0x7f8d38b23150 .functor OR 1, L_0x7f8d38b23460, L_0x7f8d38b23460, C4<0>, C4<0>;
L_0x7f8d38b240b0 .functor BUFZ 64, L_0x7f8d38b24010, C4<0000000000000000000000000000000000000000000000000000000000000000>, C4<0000000000000000000000000000000000000000000000000000000000000000>, C4<0000000000000000000000000000000000000000000000000000000000000000>;
L_0x7f8d38b24300 .functor BUFZ 64, v0x7f8d38b210e0_0, C4<0000000000000000000000000000000000000000000000000000000000000000>, C4<0000000000000000000000000000000000000000000000000000000000000000>, C4<0000000000000000000000000000000000000000000000000000000000000000>;
L_0x7f8d38b24990 .functor BUFZ 64, v0x7f8d38b20f80_0, C4<0000000000000000000000000000000000000000000000000000000000000000>, C4<0000000000000000000000000000000000000000000000000000000000000000>, C4<0000000000000000000000000000000000000000000000000000000000000000>;
v0x7f8d38b0ca00_0 .net *"_ivl_10", 64 0, L_0x7f8d38b23580;  1 drivers
v0x7f8d38b20020_0 .net *"_ivl_12", 64 0, L_0x7f8d38b23670;  1 drivers
v0x7f8d38b200c0_0 .net *"_ivl_15", 63 0, L_0x7f8d38b23770;  1 drivers
v0x7f8d38b20170_0 .net *"_ivl_16", 64 0, L_0x7f8d38b23890;  1 drivers
v0x7f8d38b20220_0 .net *"_ivl_18", 194 0, L_0x7f8d38b23990;  1 drivers
v0x7f8d38b20310_0 .net *"_ivl_2", 0 0, L_0x7f8d38b23150;  1 drivers
v0x7f8d38b203c0_0 .net/s *"_ivl_22", 63 0, L_0x7f8d38b23c40;  1 drivers
L_0x7f8d38863008 .functor BUFT 1, C4<0000000000000000000000000000000000000000000000000000000000000001>, C4<0>, C4<0>, C4<0>;
v0x7f8d38b20470_0 .net/2s *"_ivl_36", 63 0, L_0x7f8d38863008;  1 drivers
v0x7f8d38b20520_0 .net/s *"_ivl_38", 63 0, L_0x7f8d38b243c0;  1 drivers
v0x7f8d38b20630_0 .net *"_ivl_4", 65 0, L_0x7f8d38b23220;  1 drivers
L_0x7f8d38863050 .functor BUFT 1, C4<0000000000000000000000000000000000000000000000000000000000000001>, C4<0>, C4<0>, C4<0>;
v0x7f8d38b206e0_0 .net/2s *"_ivl_44", 63 0, L_0x7f8d38863050;  1 drivers
v0x7f8d38b20790_0 .net/s *"_ivl_46", 63 0, L_0x7f8d38b24750;  1 drivers
v0x7f8d38b20840_0 .net *"_ivl_55", 194 0, L_0x7f8d38b24850;  1 drivers
v0x7f8d38b208f0_0 .net *"_ivl_57", 127 0, L_0x7f8d38b24b50;  1 drivers
v0x7f8d38b209a0_0 .var "c$app_arg", 0 0;
v0x7f8d38b20a40_0 .var "c$evalF_app_arg", 0 0;
v0x7f8d38b20ae0_0 .net "clk", 0 0, v0x7f8d38b22760_0;  1 drivers
v0x7f8d38b20c70_0 .net "en", 0 0, v0x7f8d38b227f0_0;  1 drivers
v0x7f8d38b20d00_0 .net "input0", 64 0, L_0x7f8d38b22ff0;  1 drivers
v0x7f8d38b20d90_0 .net/s "input0_0", 63 0, v0x7f8d38b22880_0;  1 drivers
v0x7f8d38b20e40_0 .net "input0_1", 0 0, v0x7f8d38b22910_0;  1 drivers
v0x7f8d38b20ee0_0 .net "newX", 0 0, L_0x7f8d38b23460;  1 drivers
v0x7f8d38b20f80_0 .var/s "out", 63 0;
v0x7f8d38b21030_0 .var "out_0", 127 0;
v0x7f8d38b210e0_0 .var/s "out_1", 63 0;
v0x7f8d38b21190_0 .net "pacingDEF", 0 0, L_0x7f8d38b24a00;  1 drivers
v0x7f8d38b21230_0 .var "pacingE", 0 0;
v0x7f8d38b212d0_0 .net "result", 322 0, L_0x7f8d38b24cb0;  1 drivers
v0x7f8d38b21380_0 .net "result_0", 194 0, L_0x7f8d38b24d50;  1 drivers
v0x7f8d38b21430_0 .net "result_0_0", 64 0, L_0x7f8d38b24bf0;  1 drivers
v0x7f8d38b214e0_0 .net/s "result_0_0_0", 63 0, L_0x7f8d38b252d0;  alias, 1 drivers
v0x7f8d38b21590_0 .net "result_0_0_1", 0 0, L_0x7f8d38b25020;  alias, 1 drivers
v0x7f8d38b21630_0 .net "result_0_1", 64 0, L_0x7f8d38b250c0;  1 drivers
v0x7f8d38b20b90_0 .net/s "result_0_1_0", 63 0, L_0x7f8d38b254b0;  alias, 1 drivers
v0x7f8d38b218c0_0 .net "result_0_1_1", 0 0, L_0x7f8d38b25220;  alias, 1 drivers
v0x7f8d38b21950_0 .net "result_0_2", 64 0, L_0x7f8d38b24e30;  1 drivers
v0x7f8d38b219e0_0 .net/s "result_0_2_0", 63 0, L_0x7f8d38b253b0;  alias, 1 drivers
v0x7f8d38b21a90_0 .net "result_0_2_1", 0 0, L_0x7f8d38b25720;  alias, 1 drivers
v0x7f8d38b21b30_0 .net "result_1", 127 0, L_0x7f8d38b24f00;  1 drivers
v0x7f8d38b21be0_0 .net/s "result_1_0", 63 0, L_0x7f8d38b255d0;  alias, 1 drivers
v0x7f8d38b21c90_0 .net/s "result_1_1", 63 0, L_0x7f8d38b25960;  alias, 1 drivers
v0x7f8d38b21d40_0 .net "result_2", 66 0, L_0x7f8d38b23320;  1 drivers
v0x7f8d38b21df0_0 .net "result_3", 322 0, L_0x7f8d38b23b60;  1 drivers
v0x7f8d38b21ea0_0 .net/s "result_4", 63 0, L_0x7f8d38b23d40;  1 drivers
v0x7f8d38b21f50_0 .net "result_5", 127 0, L_0x7f8d38b24160;  1 drivers
v0x7f8d38b22000_0 .net/s "result_6", 63 0, L_0x7f8d38b248f0;  1 drivers
v0x7f8d38b220b0_0 .net "rst", 0 0, v0x7f8d38b22e00_0;  1 drivers
v0x7f8d38b22150_0 .net "t", 127 0, L_0x7f8d38b24670;  1 drivers
v0x7f8d38b22200_0 .net "t_projection", 191 0, L_0x7f8d38b24500;  1 drivers
v0x7f8d38b222b0_0 .net/s "x", 63 0, L_0x7f8d38b23e80;  1 drivers
v0x7f8d38b22360_0 .net/s "x_0", 63 0, L_0x7f8d38b24300;  1 drivers
v0x7f8d38b22410_0 .net/s "x_1", 63 0, L_0x7f8d38b24990;  1 drivers
v0x7f8d38b224c0_0 .net/s "y", 63 0, L_0x7f8d38b240b0;  1 drivers
v0x7f8d38b22570_0 .net/s "y_projection", 63 0, L_0x7f8d38b24010;  1 drivers
E_0x7f8d38b06ca0 .event posedge, v0x7f8d38b20ae0_0;
E_0x7f8d38b06650 .event posedge, v0x7f8d38b220b0_0, v0x7f8d38b20ae0_0;
L_0x7f8d38b22ff0 .concat [ 1 64 0 0], v0x7f8d38b22910_0, v0x7f8d38b22880_0;
L_0x7f8d38b23220 .concat [ 1 65 0 0], L_0x7f8d38b23460, L_0x7f8d38b22ff0;
L_0x7f8d38b23320 .concat [ 66 1 0 0], L_0x7f8d38b23220, L_0x7f8d38b23150;
L_0x7f8d38b23460 .part L_0x7f8d38b22ff0, 0, 1;
L_0x7f8d38b23580 .concat [ 1 64 0 0], v0x7f8d38b21230_0, v0x7f8d38b20f80_0;
L_0x7f8d38b23670 .concat [ 1 64 0 0], v0x7f8d38b20a40_0, v0x7f8d38b210e0_0;
L_0x7f8d38b23770 .part v0x7f8d38b21030_0, 0, 64;
L_0x7f8d38b23890 .concat [ 1 64 0 0], v0x7f8d38b209a0_0, L_0x7f8d38b23770;
L_0x7f8d38b23990 .concat [ 65 65 65 0], L_0x7f8d38b23890, L_0x7f8d38b23670, L_0x7f8d38b23580;
L_0x7f8d38b23b60 .concat [ 128 195 0 0], v0x7f8d38b21030_0, L_0x7f8d38b23990;
L_0x7f8d38b23c40 .arith/sum 64, L_0x7f8d38b23e80, L_0x7f8d38b240b0;
L_0x7f8d38b23d40 .functor MUXZ 64, v0x7f8d38b20f80_0, L_0x7f8d38b23c40, L_0x7f8d38b24a00, C4<>;
L_0x7f8d38b23e80 .part L_0x7f8d38b23320, 2, 64;
L_0x7f8d38b24010 .part v0x7f8d38b21030_0, 64, 64;
L_0x7f8d38b24160 .functor MUXZ 128, v0x7f8d38b21030_0, L_0x7f8d38b24670, v0x7f8d38b20a40_0, C4<>;
L_0x7f8d38b243c0 .arith/sum 64, L_0x7f8d38b24300, L_0x7f8d38863008;
L_0x7f8d38b24500 .concat [ 64 128 0 0], L_0x7f8d38b243c0, v0x7f8d38b21030_0;
L_0x7f8d38b24670 .part L_0x7f8d38b24500, 0, 128;
L_0x7f8d38b24750 .arith/sum 64, L_0x7f8d38b24990, L_0x7f8d38863050;
L_0x7f8d38b248f0 .functor MUXZ 64, v0x7f8d38b210e0_0, L_0x7f8d38b24750, v0x7f8d38b21230_0, C4<>;
L_0x7f8d38b24a00 .part L_0x7f8d38b23320, 0, 1;
L_0x7f8d38b24850 .part L_0x7f8d38b23b60, 128, 195;
L_0x7f8d38b24b50 .part L_0x7f8d38b23b60, 0, 128;
L_0x7f8d38b24cb0 .concat [ 128 195 0 0], L_0x7f8d38b24b50, L_0x7f8d38b24850;
L_0x7f8d38b24d50 .part L_0x7f8d38b24cb0, 128, 195;
L_0x7f8d38b24f00 .part L_0x7f8d38b24cb0, 0, 128;
L_0x7f8d38b24bf0 .part L_0x7f8d38b24d50, 130, 65;
L_0x7f8d38b250c0 .part L_0x7f8d38b24d50, 65, 65;
L_0x7f8d38b24e30 .part L_0x7f8d38b24d50, 0, 65;
L_0x7f8d38b252d0 .part L_0x7f8d38b24bf0, 1, 64;
L_0x7f8d38b25020 .part L_0x7f8d38b24bf0, 0, 1;
L_0x7f8d38b254b0 .part L_0x7f8d38b250c0, 1, 64;
L_0x7f8d38b25220 .part L_0x7f8d38b250c0, 0, 1;
L_0x7f8d38b253b0 .part L_0x7f8d38b24e30, 1, 64;
L_0x7f8d38b25720 .part L_0x7f8d38b24e30, 0, 1;
L_0x7f8d38b255d0 .part L_0x7f8d38b24f00, 64, 64;
L_0x7f8d38b25960 .part L_0x7f8d38b24f00, 0, 64;
S_0x7f8d38b04dc0 .scope begin, "c$app_arg_delay" "c$app_arg_delay" 3 76, 3 76 0, S_0x7f8d38b0cb00;
 .timescale -13 -13;
S_0x7f8d38b10380 .scope begin, "c$evalF_app_arg_delay" "c$evalF_app_arg_delay" 3 120, 3 120 0, S_0x7f8d38b0cb00;
 .timescale -13 -13;
S_0x7f8d38b104f0 .scope begin, "out_0_register" "out_0_register" 3 104, 3 104 0, S_0x7f8d38b0cb00;
 .timescale -13 -13;
S_0x7f8d38b10660 .scope begin, "out_1_register" "out_1_register" 3 128, 3 128 0, S_0x7f8d38b0cb00;
 .timescale -13 -13;
S_0x7f8d38b107d0 .scope begin, "out_register" "out_register" 3 84, 3 84 0, S_0x7f8d38b0cb00;
 .timescale -13 -13;
S_0x7f8d38b10940 .scope begin, "pacingE_delay" "pacingE_delay" 3 142, 3 142 0, S_0x7f8d38b0cb00;
 .timescale -13 -13;
    .scope S_0x7f8d38b0cb00;
T_0 ;
    %pushi/vec4 0, 0, 1;
    %store/vec4 v0x7f8d38b209a0_0, 0, 1;
    %pushi/vec4 0, 0, 64;
    %store/vec4 v0x7f8d38b20f80_0, 0, 64;
    %pushi/vec4 0, 0, 128;
    %store/vec4 v0x7f8d38b21030_0, 0, 128;
    %pushi/vec4 0, 0, 1;
    %store/vec4 v0x7f8d38b20a40_0, 0, 1;
    %pushi/vec4 0, 0, 64;
    %store/vec4 v0x7f8d38b210e0_0, 0, 64;
    %pushi/vec4 0, 0, 1;
    %store/vec4 v0x7f8d38b21230_0, 0, 1;
    %end;
    .thread T_0;
    .scope S_0x7f8d38b0cb00;
T_1 ;
    %wait E_0x7f8d38b06ca0;
    %fork t_1, S_0x7f8d38b04dc0;
    %jmp t_0;
    .scope S_0x7f8d38b04dc0;
t_1 ;
    %load/vec4 v0x7f8d38b20c70_0;
    %flag_set/vec4 8;
    %jmp/0xz  T_1.0, 8;
    %load/vec4 v0x7f8d38b20a40_0;
    %assign/vec4 v0x7f8d38b209a0_0, 0;
T_1.0 ;
    %end;
    .scope S_0x7f8d38b0cb00;
t_0 %join;
    %jmp T_1;
    .thread T_1;
    .scope S_0x7f8d38b0cb00;
T_2 ;
    %wait E_0x7f8d38b06650;
    %fork t_3, S_0x7f8d38b107d0;
    %jmp t_2;
    .scope S_0x7f8d38b107d0;
t_3 ;
    %load/vec4 v0x7f8d38b220b0_0;
    %flag_set/vec4 8;
    %jmp/0xz  T_2.0, 8;
    %pushi/vec4 0, 0, 64;
    %assign/vec4 v0x7f8d38b20f80_0, 0;
    %jmp T_2.1;
T_2.0 ;
    %load/vec4 v0x7f8d38b20c70_0;
    %flag_set/vec4 8;
    %jmp/0xz  T_2.2, 8;
    %load/vec4 v0x7f8d38b21ea0_0;
    %assign/vec4 v0x7f8d38b20f80_0, 0;
T_2.2 ;
T_2.1 ;
    %end;
    .scope S_0x7f8d38b0cb00;
t_2 %join;
    %jmp T_2;
    .thread T_2;
    .scope S_0x7f8d38b0cb00;
T_3 ;
    %wait E_0x7f8d38b06650;
    %fork t_5, S_0x7f8d38b104f0;
    %jmp t_4;
    .scope S_0x7f8d38b104f0;
t_5 ;
    %load/vec4 v0x7f8d38b220b0_0;
    %flag_set/vec4 8;
    %jmp/0xz  T_3.0, 8;
    %pushi/vec4 0, 0, 128;
    %assign/vec4 v0x7f8d38b21030_0, 0;
    %jmp T_3.1;
T_3.0 ;
    %load/vec4 v0x7f8d38b20c70_0;
    %flag_set/vec4 8;
    %jmp/0xz  T_3.2, 8;
    %load/vec4 v0x7f8d38b21f50_0;
    %assign/vec4 v0x7f8d38b21030_0, 0;
T_3.2 ;
T_3.1 ;
    %end;
    .scope S_0x7f8d38b0cb00;
t_4 %join;
    %jmp T_3;
    .thread T_3;
    .scope S_0x7f8d38b0cb00;
T_4 ;
    %wait E_0x7f8d38b06ca0;
    %fork t_7, S_0x7f8d38b10380;
    %jmp t_6;
    .scope S_0x7f8d38b10380;
t_7 ;
    %load/vec4 v0x7f8d38b20c70_0;
    %flag_set/vec4 8;
    %jmp/0xz  T_4.0, 8;
    %load/vec4 v0x7f8d38b21230_0;
    %assign/vec4 v0x7f8d38b20a40_0, 0;
T_4.0 ;
    %end;
    .scope S_0x7f8d38b0cb00;
t_6 %join;
    %jmp T_4;
    .thread T_4;
    .scope S_0x7f8d38b0cb00;
T_5 ;
    %wait E_0x7f8d38b06650;
    %fork t_9, S_0x7f8d38b10660;
    %jmp t_8;
    .scope S_0x7f8d38b10660;
t_9 ;
    %load/vec4 v0x7f8d38b220b0_0;
    %flag_set/vec4 8;
    %jmp/0xz  T_5.0, 8;
    %pushi/vec4 0, 0, 64;
    %assign/vec4 v0x7f8d38b210e0_0, 0;
    %jmp T_5.1;
T_5.0 ;
    %load/vec4 v0x7f8d38b20c70_0;
    %flag_set/vec4 8;
    %jmp/0xz  T_5.2, 8;
    %load/vec4 v0x7f8d38b22000_0;
    %assign/vec4 v0x7f8d38b210e0_0, 0;
T_5.2 ;
T_5.1 ;
    %end;
    .scope S_0x7f8d38b0cb00;
t_8 %join;
    %jmp T_5;
    .thread T_5;
    .scope S_0x7f8d38b0cb00;
T_6 ;
    %wait E_0x7f8d38b06ca0;
    %fork t_11, S_0x7f8d38b10940;
    %jmp t_10;
    .scope S_0x7f8d38b10940;
t_11 ;
    %load/vec4 v0x7f8d38b20c70_0;
    %flag_set/vec4 8;
    %jmp/0xz  T_6.0, 8;
    %load/vec4 v0x7f8d38b21190_0;
    %assign/vec4 v0x7f8d38b21230_0, 0;
T_6.0 ;
    %end;
    .scope S_0x7f8d38b0cb00;
t_10 %join;
    %jmp T_6;
    .thread T_6;
    .scope S_0x7f8d38b04c50;
T_7 ;
    %delay 10000000, 0;
    %load/vec4 v0x7f8d38b22760_0;
    %inv;
    %store/vec4 v0x7f8d38b22760_0, 0, 1;
    %jmp T_7;
    .thread T_7;
    .scope S_0x7f8d38b04c50;
T_8 ;
    %pushi/vec4 0, 0, 1;
    %store/vec4 v0x7f8d38b22760_0, 0, 1;
    %pushi/vec4 0, 0, 1;
    %store/vec4 v0x7f8d38b22e00_0, 0, 1;
    %pushi/vec4 1, 0, 1;
    %store/vec4 v0x7f8d38b227f0_0, 0, 1;
    %pushi/vec4 0, 0, 1;
    %store/vec4 v0x7f8d38b22910_0, 0, 1;
    %vpi_call 2 47 "$printtimescale", S_0x7f8d38b04c50 {0 0 0};
    %vpi_call 2 48 "$dumpvars", 32'sb00000000000000000000000000000000, S_0x7f8d38b04c50 {0 0 0};
    %delay 100000000, 0;
    %pushi/vec4 1, 0, 64;
    %store/vec4 v0x7f8d38b22880_0, 0, 64;
    %pushi/vec4 1, 0, 1;
    %store/vec4 v0x7f8d38b22910_0, 0, 1;
    %delay 20000000, 0;
    %pushi/vec4 2, 0, 64;
    %store/vec4 v0x7f8d38b22880_0, 0, 64;
    %pushi/vec4 1, 0, 1;
    %store/vec4 v0x7f8d38b22910_0, 0, 1;
    %delay 20000000, 0;
    %pushi/vec4 3, 0, 64;
    %store/vec4 v0x7f8d38b22880_0, 0, 64;
    %pushi/vec4 1, 0, 1;
    %store/vec4 v0x7f8d38b22910_0, 0, 1;
    %delay 20000000, 0;
    %pushi/vec4 4, 0, 64;
    %store/vec4 v0x7f8d38b22880_0, 0, 64;
    %pushi/vec4 1, 0, 1;
    %store/vec4 v0x7f8d38b22910_0, 0, 1;
    %delay 20000000, 0;
    %pushi/vec4 5, 0, 64;
    %store/vec4 v0x7f8d38b22880_0, 0, 64;
    %pushi/vec4 1, 0, 1;
    %store/vec4 v0x7f8d38b22910_0, 0, 1;
    %delay 20000000, 0;
    %pushi/vec4 0, 0, 1;
    %store/vec4 v0x7f8d38b22910_0, 0, 1;
    %delay 40000000, 0;
    %pushi/vec4 6, 0, 64;
    %store/vec4 v0x7f8d38b22880_0, 0, 64;
    %pushi/vec4 1, 0, 1;
    %store/vec4 v0x7f8d38b22910_0, 0, 1;
    %delay 20000000, 0;
    %pushi/vec4 0, 0, 1;
    %store/vec4 v0x7f8d38b22910_0, 0, 1;
    %delay 20000000, 0;
    %pushi/vec4 7, 0, 64;
    %store/vec4 v0x7f8d38b22880_0, 0, 64;
    %pushi/vec4 1, 0, 1;
    %store/vec4 v0x7f8d38b22910_0, 0, 1;
    %delay 20000000, 0;
    %pushi/vec4 0, 0, 1;
    %store/vec4 v0x7f8d38b22910_0, 0, 1;
    %delay 100000000, 0;
    %pushi/vec4 8, 0, 64;
    %store/vec4 v0x7f8d38b22880_0, 0, 64;
    %pushi/vec4 1, 0, 1;
    %store/vec4 v0x7f8d38b22910_0, 0, 1;
    %delay 20000000, 0;
    %pushi/vec4 0, 0, 1;
    %store/vec4 v0x7f8d38b22910_0, 0, 1;
    %delay 120000000, 0;
    %vpi_call 2 87 "$finish" {0 0 0};
    %end;
    .thread T_8;
# The file index is used to find the file name in the following table.
:file_names 4;
    "N/A";
    "<interactive>";
    "testbench.v";
    "./verilog/CyclePipelineNotPipelineBoth.topEntity/topEntity.v";
