#! /usr/local/Cellar/icarus-verilog/12.0/bin/vvp
:ivl_version "12.0 (stable)";
:ivl_delay_selection "TYPICAL";
:vpi_time_precision - 13;
:vpi_module "/usr/local/Cellar/icarus-verilog/12.0/lib/ivl/system.vpi";
:vpi_module "/usr/local/Cellar/icarus-verilog/12.0/lib/ivl/vhdl_sys.vpi";
:vpi_module "/usr/local/Cellar/icarus-verilog/12.0/lib/ivl/vhdl_textio.vpi";
:vpi_module "/usr/local/Cellar/icarus-verilog/12.0/lib/ivl/v2005_math.vpi";
:vpi_module "/usr/local/Cellar/icarus-verilog/12.0/lib/ivl/va_math.vpi";
S_0x7fb659f13fb0 .scope module, "testbench" "testbench" 2 2;
 .timescale -6 -9;
v0x7fb65aa16060_0 .var "clk", 0 0;
v0x7fb65aa16120_0 .var "en", 0 0;
v0x7fb65aa161b0_0 .var "newX", 0 0;
v0x7fb65aa16240_0 .net/s "result_0", 31 0, L_0x7fb65a80c730;  1 drivers
v0x7fb65aa162d0_0 .net/s "result_1", 31 0, L_0x7fb65a80c7d0;  1 drivers
v0x7fb65a805780_0 .net/s "result_2_0", 31 0, L_0x7fb65a80c990;  1 drivers
v0x7fb65a805810_0 .net/s "result_2_1", 31 0, L_0x7fb65a80cab0;  1 drivers
v0x7fb65a8058a0_0 .net/s "result_2_2", 31 0, L_0x7fb65a80cb50;  1 drivers
v0x7fb65a805930_0 .var "rst", 0 0;
v0x7fb65a805a40_0 .var/s "x", 31 0;
S_0x7fb65ac08d50 .scope module, "monitor" "topEntity" 2 16, 3 5 0, S_0x7fb659f13fb0;
 .timescale -13 -13;
    .port_info 0 /INPUT 1 "clk";
    .port_info 1 /INPUT 1 "rst";
    .port_info 2 /INPUT 1 "en";
    .port_info 3 /INPUT 32 "x";
    .port_info 4 /INPUT 1 "newX";
    .port_info 5 /OUTPUT 32 "result_0";
    .port_info 6 /OUTPUT 32 "result_1";
    .port_info 7 /OUTPUT 32 "result_2_0";
    .port_info 8 /OUTPUT 32 "result_2_1";
    .port_info 9 /OUTPUT 32 "result_2_2";
v0x7fb65ac07e70_0 .net *"_ivl_11", 31 0, L_0x7fb65a80c2d0;  1 drivers
L_0x7fb65a963050 .functor BUFT 1, C4<00000000000000000000000000000001>, C4<0>, C4<0>, C4<0>;
v0x7fb65aa14980_0 .net/2s *"_ivl_14", 31 0, L_0x7fb65a963050;  1 drivers
L_0x7fb65a963008 .functor BUFT 1, C4<00000000000000000000000000000001>, C4<0>, C4<0>, C4<0>;
v0x7fb65aa14a40_0 .net/2s *"_ivl_2", 31 0, L_0x7fb65a963008;  1 drivers
v0x7fb65aa14af0_0 .var "c$app_arg", 0 0;
v0x7fb65aa14b80_0 .net/s "c$cur_app_arg", 31 0, L_0x7fb65a80c690;  1 drivers
v0x7fb65aa14c20_0 .net/s "c$past1_app_arg", 31 0, L_0x7fb65a80c5f0;  1 drivers
v0x7fb65aa14cd0_0 .net/s "c$past2_app_arg", 31 0, L_0x7fb65a80c550;  1 drivers
v0x7fb65aa14d80_0 .net "clk", 0 0, v0x7fb65aa16060_0;  1 drivers
v0x7fb65aa14e20_0 .var/s "cur", 31 0;
v0x7fb65aa14f30_0 .net "en", 0 0, v0x7fb65aa16120_0;  1 drivers
v0x7fb65aa14fd0_0 .net/s "eta1", 31 0, L_0x7fb65a80c410;  1 drivers
v0x7fb65aa15080_0 .net "newX", 0 0, v0x7fb65aa161b0_0;  1 drivers
v0x7fb65aa15120_0 .var/s "past1", 31 0;
v0x7fb65aa151d0_0 .var/s "past2", 31 0;
v0x7fb65aa15280_0 .net "result", 159 0, L_0x7fb65a80c050;  1 drivers
v0x7fb65aa15330_0 .net/s "result_0", 31 0, L_0x7fb65a80c730;  alias, 1 drivers
v0x7fb65aa153e0_0 .net/s "result_1", 31 0, L_0x7fb65a80c7d0;  alias, 1 drivers
v0x7fb65aa15570_0 .var "result_10", 0 0;
v0x7fb65aa15600_0 .net/s "result_2_0", 31 0, L_0x7fb65a80c990;  alias, 1 drivers
v0x7fb65aa156a0_0 .net/s "result_2_1", 31 0, L_0x7fb65a80cab0;  alias, 1 drivers
v0x7fb65aa15750_0 .net/s "result_2_2", 31 0, L_0x7fb65a80cb50;  alias, 1 drivers
v0x7fb65aa15800_0 .net "result_2_3", 95 0, L_0x7fb65a80c870;  1 drivers
v0x7fb65aa158b0_0 .net/s "result_4", 31 0, L_0x7fb65a80c190;  1 drivers
v0x7fb65aa15960_0 .var/s "result_5", 31 0;
v0x7fb65aa15a10_0 .var "result_6", 0 0;
v0x7fb65aa15ab0_0 .net/s "result_7", 31 0, L_0x7fb65a80c230;  1 drivers
v0x7fb65aa15b60_0 .var/s "result_8", 31 0;
v0x7fb65aa15c10_0 .net "result_9", 95 0, L_0x7fb65a80c4b0;  1 drivers
v0x7fb65aa15cc0_0 .net "rst", 0 0, v0x7fb65a805930_0;  1 drivers
v0x7fb65aa15d60_0 .net/s "t", 31 0, L_0x7fb65a80c0f0;  1 drivers
v0x7fb65aa15e10_0 .net/s "t_0", 31 0, L_0x7fb65a80c370;  1 drivers
v0x7fb65aa15ec0_0 .net/s "x", 31 0, v0x7fb65a805a40_0;  1 drivers
E_0x7fb65ac07d70 .event posedge, v0x7fb65aa15cc0_0, v0x7fb65aa14d80_0;
L_0x7fb65a80c050 .concat [ 96 32 32 0], L_0x7fb65a80c4b0, v0x7fb65aa15960_0, v0x7fb65aa15b60_0;
L_0x7fb65a80c0f0 .arith/sum 32, v0x7fb65aa15b60_0, L_0x7fb65a963008;
L_0x7fb65a80c190 .functor MUXZ 32, v0x7fb65aa15960_0, L_0x7fb65a80c0f0, v0x7fb65aa15a10_0, C4<>;
L_0x7fb65a80c230 .functor MUXZ 32, v0x7fb65aa15b60_0, L_0x7fb65a80c370, v0x7fb65aa161b0_0, C4<>;
L_0x7fb65a80c2d0 .part L_0x7fb65a80c4b0, 32, 32;
L_0x7fb65a80c370 .arith/sum 32, v0x7fb65a805a40_0, L_0x7fb65a80c2d0;
L_0x7fb65a80c410 .arith/sum 32, v0x7fb65aa15960_0, L_0x7fb65a963050;
L_0x7fb65a80c4b0 .concat [ 32 32 32 0], v0x7fb65aa151d0_0, v0x7fb65aa15120_0, v0x7fb65aa14e20_0;
L_0x7fb65a80c550 .functor MUXZ 32, v0x7fb65aa151d0_0, v0x7fb65aa15120_0, v0x7fb65aa15570_0, C4<>;
L_0x7fb65a80c5f0 .functor MUXZ 32, v0x7fb65aa15120_0, v0x7fb65aa14e20_0, v0x7fb65aa15570_0, C4<>;
L_0x7fb65a80c690 .functor MUXZ 32, v0x7fb65aa14e20_0, L_0x7fb65a80c410, v0x7fb65aa15570_0, C4<>;
L_0x7fb65a80c730 .part L_0x7fb65a80c050, 128, 32;
L_0x7fb65a80c7d0 .part L_0x7fb65a80c050, 96, 32;
L_0x7fb65a80c870 .part L_0x7fb65a80c050, 0, 96;
L_0x7fb65a80c990 .part L_0x7fb65a80c870, 64, 32;
L_0x7fb65a80cab0 .part L_0x7fb65a80c870, 32, 32;
L_0x7fb65a80cb50 .part L_0x7fb65a80c870, 0, 32;
S_0x7fb65ac08ec0 .scope begin, "c$app_arg_register" "c$app_arg_register" 3 131, 3 131 0, S_0x7fb65ac08d50;
 .timescale -13 -13;
S_0x7fb65ac09030 .scope begin, "cur_register" "cur_register" 3 93, 3 93 0, S_0x7fb65ac08d50;
 .timescale -13 -13;
S_0x7fb65ac091a0 .scope begin, "past1_register" "past1_register" 3 103, 3 103 0, S_0x7fb65ac08d50;
 .timescale -13 -13;
S_0x7fb65ac09310 .scope begin, "past2_register" "past2_register" 3 113, 3 113 0, S_0x7fb65ac08d50;
 .timescale -13 -13;
S_0x7fb65ac09480 .scope begin, "result_10_register" "result_10_register" 3 141, 3 141 0, S_0x7fb65ac08d50;
 .timescale -13 -13;
S_0x7fb65ac095f0 .scope begin, "result_5_register" "result_5_register" 3 57, 3 57 0, S_0x7fb65ac08d50;
 .timescale -13 -13;
S_0x7fb65ac09760 .scope begin, "result_6_register" "result_6_register" 3 67, 3 67 0, S_0x7fb65ac08d50;
 .timescale -13 -13;
S_0x7fb65ac098d0 .scope begin, "result_8_register" "result_8_register" 3 81, 3 81 0, S_0x7fb65ac08d50;
 .timescale -13 -13;
    .scope S_0x7fb65ac08d50;
T_0 ;
    %pushi/vec4 0, 0, 32;
    %store/vec4 v0x7fb65aa15960_0, 0, 32;
    %pushi/vec4 0, 0, 1;
    %store/vec4 v0x7fb65aa15a10_0, 0, 1;
    %pushi/vec4 0, 0, 32;
    %store/vec4 v0x7fb65aa15b60_0, 0, 32;
    %pushi/vec4 0, 0, 32;
    %store/vec4 v0x7fb65aa14e20_0, 0, 32;
    %pushi/vec4 0, 0, 32;
    %store/vec4 v0x7fb65aa15120_0, 0, 32;
    %pushi/vec4 0, 0, 32;
    %store/vec4 v0x7fb65aa151d0_0, 0, 32;
    %pushi/vec4 0, 0, 1;
    %store/vec4 v0x7fb65aa14af0_0, 0, 1;
    %pushi/vec4 0, 0, 1;
    %store/vec4 v0x7fb65aa15570_0, 0, 1;
    %end;
    .thread T_0;
    .scope S_0x7fb65ac08d50;
T_1 ;
    %wait E_0x7fb65ac07d70;
    %fork t_1, S_0x7fb65ac095f0;
    %jmp t_0;
    .scope S_0x7fb65ac095f0;
t_1 ;
    %load/vec4 v0x7fb65aa15cc0_0;
    %flag_set/vec4 8;
    %jmp/0xz  T_1.0, 8;
    %pushi/vec4 0, 0, 32;
    %assign/vec4 v0x7fb65aa15960_0, 0;
    %jmp T_1.1;
T_1.0 ;
    %load/vec4 v0x7fb65aa14f30_0;
    %flag_set/vec4 8;
    %jmp/0xz  T_1.2, 8;
    %load/vec4 v0x7fb65aa158b0_0;
    %assign/vec4 v0x7fb65aa15960_0, 0;
T_1.2 ;
T_1.1 ;
    %end;
    .scope S_0x7fb65ac08d50;
t_0 %join;
    %jmp T_1;
    .thread T_1;
    .scope S_0x7fb65ac08d50;
T_2 ;
    %wait E_0x7fb65ac07d70;
    %fork t_3, S_0x7fb65ac09760;
    %jmp t_2;
    .scope S_0x7fb65ac09760;
t_3 ;
    %load/vec4 v0x7fb65aa15cc0_0;
    %flag_set/vec4 8;
    %jmp/0xz  T_2.0, 8;
    %pushi/vec4 0, 0, 1;
    %assign/vec4 v0x7fb65aa15a10_0, 0;
    %jmp T_2.1;
T_2.0 ;
    %load/vec4 v0x7fb65aa14f30_0;
    %flag_set/vec4 8;
    %jmp/0xz  T_2.2, 8;
    %load/vec4 v0x7fb65aa15080_0;
    %assign/vec4 v0x7fb65aa15a10_0, 0;
T_2.2 ;
T_2.1 ;
    %end;
    .scope S_0x7fb65ac08d50;
t_2 %join;
    %jmp T_2;
    .thread T_2;
    .scope S_0x7fb65ac08d50;
T_3 ;
    %wait E_0x7fb65ac07d70;
    %fork t_5, S_0x7fb65ac098d0;
    %jmp t_4;
    .scope S_0x7fb65ac098d0;
t_5 ;
    %load/vec4 v0x7fb65aa15cc0_0;
    %flag_set/vec4 8;
    %jmp/0xz  T_3.0, 8;
    %pushi/vec4 0, 0, 32;
    %assign/vec4 v0x7fb65aa15b60_0, 0;
    %jmp T_3.1;
T_3.0 ;
    %load/vec4 v0x7fb65aa14f30_0;
    %flag_set/vec4 8;
    %jmp/0xz  T_3.2, 8;
    %load/vec4 v0x7fb65aa15ab0_0;
    %assign/vec4 v0x7fb65aa15b60_0, 0;
T_3.2 ;
T_3.1 ;
    %end;
    .scope S_0x7fb65ac08d50;
t_4 %join;
    %jmp T_3;
    .thread T_3;
    .scope S_0x7fb65ac08d50;
T_4 ;
    %wait E_0x7fb65ac07d70;
    %fork t_7, S_0x7fb65ac09030;
    %jmp t_6;
    .scope S_0x7fb65ac09030;
t_7 ;
    %load/vec4 v0x7fb65aa15cc0_0;
    %flag_set/vec4 8;
    %jmp/0xz  T_4.0, 8;
    %pushi/vec4 0, 0, 32;
    %assign/vec4 v0x7fb65aa14e20_0, 0;
    %jmp T_4.1;
T_4.0 ;
    %load/vec4 v0x7fb65aa14f30_0;
    %flag_set/vec4 8;
    %jmp/0xz  T_4.2, 8;
    %load/vec4 v0x7fb65aa14b80_0;
    %assign/vec4 v0x7fb65aa14e20_0, 0;
T_4.2 ;
T_4.1 ;
    %end;
    .scope S_0x7fb65ac08d50;
t_6 %join;
    %jmp T_4;
    .thread T_4;
    .scope S_0x7fb65ac08d50;
T_5 ;
    %wait E_0x7fb65ac07d70;
    %fork t_9, S_0x7fb65ac091a0;
    %jmp t_8;
    .scope S_0x7fb65ac091a0;
t_9 ;
    %load/vec4 v0x7fb65aa15cc0_0;
    %flag_set/vec4 8;
    %jmp/0xz  T_5.0, 8;
    %pushi/vec4 0, 0, 32;
    %assign/vec4 v0x7fb65aa15120_0, 0;
    %jmp T_5.1;
T_5.0 ;
    %load/vec4 v0x7fb65aa14f30_0;
    %flag_set/vec4 8;
    %jmp/0xz  T_5.2, 8;
    %load/vec4 v0x7fb65aa14c20_0;
    %assign/vec4 v0x7fb65aa15120_0, 0;
T_5.2 ;
T_5.1 ;
    %end;
    .scope S_0x7fb65ac08d50;
t_8 %join;
    %jmp T_5;
    .thread T_5;
    .scope S_0x7fb65ac08d50;
T_6 ;
    %wait E_0x7fb65ac07d70;
    %fork t_11, S_0x7fb65ac09310;
    %jmp t_10;
    .scope S_0x7fb65ac09310;
t_11 ;
    %load/vec4 v0x7fb65aa15cc0_0;
    %flag_set/vec4 8;
    %jmp/0xz  T_6.0, 8;
    %pushi/vec4 0, 0, 32;
    %assign/vec4 v0x7fb65aa151d0_0, 0;
    %jmp T_6.1;
T_6.0 ;
    %load/vec4 v0x7fb65aa14f30_0;
    %flag_set/vec4 8;
    %jmp/0xz  T_6.2, 8;
    %load/vec4 v0x7fb65aa14cd0_0;
    %assign/vec4 v0x7fb65aa151d0_0, 0;
T_6.2 ;
T_6.1 ;
    %end;
    .scope S_0x7fb65ac08d50;
t_10 %join;
    %jmp T_6;
    .thread T_6;
    .scope S_0x7fb65ac08d50;
T_7 ;
    %wait E_0x7fb65ac07d70;
    %fork t_13, S_0x7fb65ac08ec0;
    %jmp t_12;
    .scope S_0x7fb65ac08ec0;
t_13 ;
    %load/vec4 v0x7fb65aa15cc0_0;
    %flag_set/vec4 8;
    %jmp/0xz  T_7.0, 8;
    %pushi/vec4 0, 0, 1;
    %assign/vec4 v0x7fb65aa14af0_0, 0;
    %jmp T_7.1;
T_7.0 ;
    %load/vec4 v0x7fb65aa14f30_0;
    %flag_set/vec4 8;
    %jmp/0xz  T_7.2, 8;
    %load/vec4 v0x7fb65aa15080_0;
    %assign/vec4 v0x7fb65aa14af0_0, 0;
T_7.2 ;
T_7.1 ;
    %end;
    .scope S_0x7fb65ac08d50;
t_12 %join;
    %jmp T_7;
    .thread T_7;
    .scope S_0x7fb65ac08d50;
T_8 ;
    %wait E_0x7fb65ac07d70;
    %fork t_15, S_0x7fb65ac09480;
    %jmp t_14;
    .scope S_0x7fb65ac09480;
t_15 ;
    %load/vec4 v0x7fb65aa15cc0_0;
    %flag_set/vec4 8;
    %jmp/0xz  T_8.0, 8;
    %pushi/vec4 0, 0, 1;
    %assign/vec4 v0x7fb65aa15570_0, 0;
    %jmp T_8.1;
T_8.0 ;
    %load/vec4 v0x7fb65aa14f30_0;
    %flag_set/vec4 8;
    %jmp/0xz  T_8.2, 8;
    %load/vec4 v0x7fb65aa14af0_0;
    %assign/vec4 v0x7fb65aa15570_0, 0;
T_8.2 ;
T_8.1 ;
    %end;
    .scope S_0x7fb65ac08d50;
t_14 %join;
    %jmp T_8;
    .thread T_8;
    .scope S_0x7fb659f13fb0;
T_9 ;
    %delay 50000, 0;
    %load/vec4 v0x7fb65aa16060_0;
    %inv;
    %store/vec4 v0x7fb65aa16060_0, 0, 1;
    %jmp T_9;
    .thread T_9;
    .scope S_0x7fb659f13fb0;
T_10 ;
    %pushi/vec4 0, 0, 1;
    %store/vec4 v0x7fb65aa16060_0, 0, 1;
    %pushi/vec4 0, 0, 1;
    %store/vec4 v0x7fb65a805930_0, 0, 1;
    %pushi/vec4 1, 0, 1;
    %store/vec4 v0x7fb65aa16120_0, 0, 1;
    %pushi/vec4 0, 0, 1;
    %store/vec4 v0x7fb65aa161b0_0, 0, 1;
    %vpi_call 2 34 "$printtimescale", S_0x7fb659f13fb0 {0 0 0};
    %delay 1000000000, 0;
    %pushi/vec4 1, 0, 1;
    %store/vec4 v0x7fb65aa161b0_0, 0, 1;
    %pushi/vec4 1, 0, 32;
    %store/vec4 v0x7fb65a805a40_0, 0, 32;
    %delay 100000, 0;
    %pushi/vec4 0, 0, 1;
    %store/vec4 v0x7fb65aa161b0_0, 0, 1;
    %delay 499900000, 0;
    %vpi_call 2 42 "$display", "time: %0t, x: %0d, a: %0d, b: %0d, c: (%0d, %0d, %0d)", $time, v0x7fb65a805a40_0, v0x7fb65aa16240_0, v0x7fb65aa162d0_0, v0x7fb65a805780_0, v0x7fb65a805810_0, v0x7fb65a8058a0_0 {0 0 0};
    %delay 500000000, 0;
    %pushi/vec4 1, 0, 1;
    %store/vec4 v0x7fb65aa161b0_0, 0, 1;
    %pushi/vec4 2, 0, 32;
    %store/vec4 v0x7fb65a805a40_0, 0, 32;
    %delay 100000, 0;
    %pushi/vec4 0, 0, 1;
    %store/vec4 v0x7fb65aa161b0_0, 0, 1;
    %delay 499900000, 0;
    %vpi_call 2 50 "$display", "time: %0t, x: %0d, a: %0d, b: %0d, c: (%0d, %0d, %0d)", $time, v0x7fb65a805a40_0, v0x7fb65aa16240_0, v0x7fb65aa162d0_0, v0x7fb65a805780_0, v0x7fb65a805810_0, v0x7fb65a8058a0_0 {0 0 0};
    %delay 500000000, 0;
    %pushi/vec4 1, 0, 1;
    %store/vec4 v0x7fb65aa161b0_0, 0, 1;
    %pushi/vec4 3, 0, 32;
    %store/vec4 v0x7fb65a805a40_0, 0, 32;
    %delay 100000, 0;
    %pushi/vec4 0, 0, 1;
    %store/vec4 v0x7fb65aa161b0_0, 0, 1;
    %delay 499900000, 0;
    %vpi_call 2 58 "$display", "time: %0t, x: %0d, a: %0d, b: %0d, c: (%0d, %0d, %0d)", $time, v0x7fb65a805a40_0, v0x7fb65aa16240_0, v0x7fb65aa162d0_0, v0x7fb65a805780_0, v0x7fb65a805810_0, v0x7fb65a8058a0_0 {0 0 0};
    %delay 500000000, 0;
    %pushi/vec4 1, 0, 1;
    %store/vec4 v0x7fb65aa161b0_0, 0, 1;
    %pushi/vec4 4, 0, 32;
    %store/vec4 v0x7fb65a805a40_0, 0, 32;
    %delay 100000, 0;
    %pushi/vec4 0, 0, 1;
    %store/vec4 v0x7fb65aa161b0_0, 0, 1;
    %delay 499900000, 0;
    %vpi_call 2 66 "$display", "time: %0t, x: %0d, a: %0d, b: %0d, c: (%0d, %0d, %0d)", $time, v0x7fb65a805a40_0, v0x7fb65aa16240_0, v0x7fb65aa162d0_0, v0x7fb65a805780_0, v0x7fb65a805810_0, v0x7fb65a8058a0_0 {0 0 0};
    %delay 500000000, 0;
    %pushi/vec4 1, 0, 1;
    %store/vec4 v0x7fb65aa161b0_0, 0, 1;
    %pushi/vec4 5, 0, 32;
    %store/vec4 v0x7fb65a805a40_0, 0, 32;
    %delay 100000, 0;
    %pushi/vec4 0, 0, 1;
    %store/vec4 v0x7fb65aa161b0_0, 0, 1;
    %delay 499900000, 0;
    %vpi_call 2 74 "$display", "time: %0t, x: %0d, a: %0d, b: %0d, c: (%0d, %0d, %0d)", $time, v0x7fb65a805a40_0, v0x7fb65aa16240_0, v0x7fb65aa162d0_0, v0x7fb65a805780_0, v0x7fb65a805810_0, v0x7fb65a8058a0_0 {0 0 0};
    %delay 500000000, 0;
    %pushi/vec4 1, 0, 1;
    %store/vec4 v0x7fb65aa161b0_0, 0, 1;
    %pushi/vec4 6, 0, 32;
    %store/vec4 v0x7fb65a805a40_0, 0, 32;
    %delay 100000, 0;
    %pushi/vec4 0, 0, 1;
    %store/vec4 v0x7fb65aa161b0_0, 0, 1;
    %delay 499900000, 0;
    %vpi_call 2 82 "$display", "time: %0t, x: %0d, a: %0d, b: %0d, c: (%0d, %0d, %0d)", $time, v0x7fb65a805a40_0, v0x7fb65aa16240_0, v0x7fb65aa162d0_0, v0x7fb65a805780_0, v0x7fb65a805810_0, v0x7fb65a8058a0_0 {0 0 0};
    %delay 500000000, 0;
    %vpi_call 2 85 "$finish" {0 0 0};
    %end;
    .thread T_10;
# The file index is used to find the file name in the following table.
:file_names 4;
    "N/A";
    "<interactive>";
    "testbench.v";
    "../verilog/SimpleCycle.topEntity/topEntity.v";
