#! /usr/local/Cellar/icarus-verilog/12.0/bin/vvp
:ivl_version "12.0 (stable)";
:ivl_delay_selection "TYPICAL";
:vpi_time_precision - 13;
:vpi_module "/usr/local/Cellar/icarus-verilog/12.0/lib/ivl/system.vpi";
:vpi_module "/usr/local/Cellar/icarus-verilog/12.0/lib/ivl/vhdl_sys.vpi";
:vpi_module "/usr/local/Cellar/icarus-verilog/12.0/lib/ivl/vhdl_textio.vpi";
:vpi_module "/usr/local/Cellar/icarus-verilog/12.0/lib/ivl/v2005_math.vpi";
:vpi_module "/usr/local/Cellar/icarus-verilog/12.0/lib/ivl/va_math.vpi";
S_0x7fbbabb0c4a0 .scope module, "testbench" "testbench" 2 2;
 .timescale -6 -9;
v0x7fbbabb26ad0_0 .var "clk", 0 0;
v0x7fbbabb04080_0 .var "en", 0 0;
v0x7fbbabb26b60_0 .var "hasX1", 0 0;
v0x7fbbabb26bf0_0 .var "hasX2", 0 0;
v0x7fbbabb26ca0_0 .var "hasX3", 0 0;
v0x7fbbabb26d70_0 .net/s "result_0", 31 0, L_0x7fbbabb2b000;  1 drivers
v0x7fbbabb26e20_0 .net/s "result_1", 31 0, L_0x7fbbabb2ae20;  1 drivers
v0x7fbbabb26ed0_0 .net/s "result_10", 31 0, L_0x7fbbabb2b690;  1 drivers
v0x7fbbabb26f80_0 .net/s "result_11", 31 0, L_0x7fbbabb2b9b0;  1 drivers
v0x7fbbabb270b0_0 .net/s "result_2", 31 0, L_0x7fbbabb2aec0;  1 drivers
v0x7fbbabb27140_0 .net/s "result_3", 31 0, L_0x7fbbabb2b200;  1 drivers
v0x7fbbabb271d0_0 .net/s "result_4", 31 0, L_0x7fbbabb2b2a0;  1 drivers
v0x7fbbabb27280_0 .net/s "result_5", 31 0, L_0x7fbbabb2b0a0;  1 drivers
v0x7fbbabb27330_0 .net/s "result_6", 31 0, L_0x7fbbabb2b140;  1 drivers
v0x7fbbabb273e0_0 .net/s "result_7", 31 0, L_0x7fbbabb2b340;  1 drivers
v0x7fbbabb27490_0 .net/s "result_8", 31 0, L_0x7fbbabb2b770;  1 drivers
v0x7fbbabb27540_0 .net/s "result_9", 31 0, L_0x7fbbabb2b5f0;  1 drivers
v0x7fbbabb276f0_0 .var "rst", 0 0;
v0x7fbbabb27780_0 .var/s "x1", 31 0;
v0x7fbbabb27810_0 .var/s "x2", 31 0;
v0x7fbbabb278a0_0 .var/s "x3", 31 0;
S_0x7fbbabb0c610 .scope module, "monitor" "topEntity" 2 33, 3 5 0, S_0x7fbbabb0c4a0;
 .timescale -13 -13;
    .port_info 0 /INPUT 1 "clk";
    .port_info 1 /INPUT 1 "rst";
    .port_info 2 /INPUT 1 "en";
    .port_info 3 /INPUT 32 "x1";
    .port_info 4 /INPUT 32 "x2";
    .port_info 5 /INPUT 32 "x3";
    .port_info 6 /INPUT 1 "newX1";
    .port_info 7 /INPUT 1 "newX2";
    .port_info 8 /INPUT 1 "newX3";
    .port_info 9 /OUTPUT 32 "result_0";
    .port_info 10 /OUTPUT 32 "result_1";
    .port_info 11 /OUTPUT 32 "result_2";
    .port_info 12 /OUTPUT 32 "result_3";
    .port_info 13 /OUTPUT 32 "result_4";
    .port_info 14 /OUTPUT 32 "result_5";
    .port_info 15 /OUTPUT 32 "result_6";
    .port_info 16 /OUTPUT 32 "result_7";
    .port_info 17 /OUTPUT 32 "result_8";
    .port_info 18 /OUTPUT 32 "result_9";
    .port_info 19 /OUTPUT 32 "result_10";
    .port_info 20 /OUTPUT 32 "result_11";
L_0x7fbbabb29040 .functor AND 1, v0x7fbbabb26bf0_0, v0x7fbbabb26ca0_0, C4<1>, C4<1>;
L_0x7fbbabb290f0 .functor AND 1, v0x7fbbabb26b60_0, L_0x7fbbabb29040, C4<1>, C4<1>;
L_0x7fbbabb29460 .functor OR 1, v0x7fbbabb26b60_0, L_0x7fbbabb29670, C4<0>, C4<0>;
L_0x7fbbabb29670 .functor AND 1, v0x7fbbabb26b60_0, v0x7fbbabb26bf0_0, C4<1>, C4<1>;
L_0x7fbbabb29b80 .functor OR 1, v0x7fbbabb26b60_0, v0x7fbbabb26bf0_0, C4<0>, C4<0>;
L_0x7fbbabb2a2a0 .functor OR 1, v0x7fbbabb26bf0_0, v0x7fbbabb26ca0_0, C4<0>, C4<0>;
L_0x7fbbabb2a330 .functor OR 1, v0x7fbbabb26b60_0, L_0x7fbbabb2a2a0, C4<0>, C4<0>;
L_0x7fbbab973098 .functor BUFT 1, C4<0>, C4<0>, C4<0>, C4<0>;
v0x7fbbabb11730_0 .net/2u *"_ivl_10", 0 0, L_0x7fbbab973098;  1 drivers
L_0x7fbbab9730e0 .functor BUFT 1, C4<0000000000000000000000000000000000000000000000000100111000011111>, C4<0>, C4<0>, C4<0>;
v0x7fbbabb21760_0 .net/2s *"_ivl_14", 63 0, L_0x7fbbab9730e0;  1 drivers
L_0x7fbbab973128 .functor BUFT 1, C4<0000000000000000000000000000000000000000000000000000000000000001>, C4<0>, C4<0>, C4<0>;
v0x7fbbabb21800_0 .net/2s *"_ivl_18", 63 0, L_0x7fbbab973128;  1 drivers
L_0x7fbbab973170 .functor BUFT 1, C4<0000000000000000000000000000000000000000000000000000000000000000>, C4<0>, C4<0>, C4<0>;
v0x7fbbabb21890_0 .net/2s *"_ivl_22", 63 0, L_0x7fbbab973170;  1 drivers
L_0x7fbbab9731b8 .functor BUFT 1, C4<0000000000000000000000000000000000000000000000000001001110001000>, C4<0>, C4<0>, C4<0>;
v0x7fbbabb21920_0 .net/2s *"_ivl_32", 63 0, L_0x7fbbab9731b8;  1 drivers
L_0x7fbbab973200 .functor BUFT 1, C4<1>, C4<0>, C4<0>, C4<0>;
v0x7fbbabb219f0_0 .net/2u *"_ivl_36", 0 0, L_0x7fbbab973200;  1 drivers
L_0x7fbbab973248 .functor BUFT 1, C4<0>, C4<0>, C4<0>, C4<0>;
v0x7fbbabb21aa0_0 .net/2u *"_ivl_38", 0 0, L_0x7fbbab973248;  1 drivers
L_0x7fbbab973008 .functor BUFT 1, C4<0000000000000000000000000000000000000000000000000010011100010000>, C4<0>, C4<0>, C4<0>;
v0x7fbbabb21b50_0 .net/2s *"_ivl_4", 63 0, L_0x7fbbab973008;  1 drivers
L_0x7fbbab973290 .functor BUFT 1, C4<0000000000000000000000000000000000000000000000000010011100001111>, C4<0>, C4<0>, C4<0>;
v0x7fbbabb21c00_0 .net/2s *"_ivl_42", 63 0, L_0x7fbbab973290;  1 drivers
L_0x7fbbab9732d8 .functor BUFT 1, C4<0000000000000000000000000000000000000000000000000000000000000001>, C4<0>, C4<0>, C4<0>;
v0x7fbbabb21d10_0 .net/2s *"_ivl_46", 63 0, L_0x7fbbab9732d8;  1 drivers
L_0x7fbbab973320 .functor BUFT 1, C4<0000000000000000000000000000000000000000000000000000000000000000>, C4<0>, C4<0>, C4<0>;
v0x7fbbabb21dc0_0 .net/2s *"_ivl_50", 63 0, L_0x7fbbab973320;  1 drivers
v0x7fbbabb21e70_0 .net *"_ivl_58", 0 0, L_0x7fbbabb29040;  1 drivers
L_0x7fbbab973050 .functor BUFT 1, C4<1>, C4<0>, C4<0>, C4<0>;
v0x7fbbabb21f20_0 .net/2u *"_ivl_8", 0 0, L_0x7fbbab973050;  1 drivers
v0x7fbbabb21fd0_0 .net *"_ivl_96", 0 0, L_0x7fbbabb2a2a0;  1 drivers
v0x7fbbabb22080_0 .net "b", 0 0, L_0x7fbbabb27d90;  1 drivers
v0x7fbbabb22120_0 .net "b_0", 0 0, L_0x7fbbabb28070;  1 drivers
v0x7fbbabb221c0_0 .net "b_1", 0 0, L_0x7fbbabb28760;  1 drivers
v0x7fbbabb22350_0 .net "b_2", 0 0, L_0x7fbbabb28a40;  1 drivers
v0x7fbbabb223e0_0 .net "c$a_app_arg", 0 0, L_0x7fbbabb29670;  1 drivers
v0x7fbbabb22470_0 .var/s "c$app_arg", 31 0;
v0x7fbbabb22510_0 .var "c$app_arg_0", 0 0;
v0x7fbbabb225b0_0 .var "c$app_arg_1", 0 0;
v0x7fbbabb22650_0 .var "c$app_arg_10", 0 0;
v0x7fbbabb226f0_0 .var "c$app_arg_2", 0 0;
v0x7fbbabb22790_0 .var "c$app_arg_3", 0 0;
v0x7fbbabb22830_0 .var "c$app_arg_4", 0 0;
v0x7fbbabb228d0_0 .var "c$app_arg_5", 0 0;
v0x7fbbabb22970_0 .var "c$app_arg_6", 0 0;
v0x7fbbabb22a10_0 .var "c$app_arg_7", 0 0;
v0x7fbbabb22ab0_0 .var "c$app_arg_8", 0 0;
v0x7fbbabb22b50_0 .var "c$app_arg_9", 0 0;
v0x7fbbabb22bf0_0 .net/s "c$cur_app_arg", 31 0, L_0x7fbbabb2a7f0;  1 drivers
v0x7fbbabb22ca0_0 .net/s "c$holdAx1_app_arg", 31 0, L_0x7fbbabb29a00;  1 drivers
v0x7fbbabb22270_0 .net/s "c$holdAx2_app_arg", 31 0, L_0x7fbbabb29ae0;  1 drivers
v0x7fbbabb22f30_0 .net/s "c$holdBx1_app_arg", 31 0, L_0x7fbbabb2ad80;  1 drivers
v0x7fbbabb22fc0_0 .net/s "c$holdBx2_app_arg", 31 0, L_0x7fbbabb2af60;  1 drivers
v0x7fbbabb23060_0 .net/s "c$past1_app_arg", 31 0, L_0x7fbbabb2a710;  1 drivers
v0x7fbbabb23110_0 .net/s "c$past2_app_arg", 31 0, L_0x7fbbabb2a560;  1 drivers
v0x7fbbabb231c0_0 .net "clk", 0 0, v0x7fbbabb26ad0_0;  1 drivers
v0x7fbbabb23260_0 .var/s "cur", 31 0;
v0x7fbbabb23310_0 .net "en", 0 0, v0x7fbbabb04080_0;  1 drivers
v0x7fbbabb233b0_0 .net "eta", 0 0, L_0x7fbbabb290f0;  1 drivers
v0x7fbbabb23450_0 .net "eta_0", 0 0, L_0x7fbbabb29460;  1 drivers
v0x7fbbabb234f0_0 .net "eta_1", 0 0, L_0x7fbbabb29b80;  1 drivers
v0x7fbbabb23590_0 .net "eta_2", 0 0, L_0x7fbbabb2a330;  1 drivers
v0x7fbbabb23630_0 .var/s "holdA", 31 0;
v0x7fbbabb236e0_0 .var/s "holdAx1", 31 0;
v0x7fbbabb23790_0 .var/s "holdAx2", 31 0;
v0x7fbbabb23840_0 .var/s "holdBx1", 31 0;
v0x7fbbabb238f0_0 .var/s "holdBx2", 31 0;
v0x7fbbabb239a0_0 .net "newX1", 0 0, v0x7fbbabb26b60_0;  1 drivers
v0x7fbbabb23a40_0 .net "newX2", 0 0, v0x7fbbabb26bf0_0;  1 drivers
v0x7fbbabb23ae0_0 .net "newX3", 0 0, v0x7fbbabb26ca0_0;  1 drivers
v0x7fbbabb23b80_0 .var/s "past1", 31 0;
v0x7fbbabb23c30_0 .var/s "past2", 31 0;
v0x7fbbabb23ce0_0 .net "result", 383 0, L_0x7fbbabb27930;  1 drivers
v0x7fbbabb23d90_0 .net/s "result_0", 31 0, L_0x7fbbabb2b000;  alias, 1 drivers
v0x7fbbabb23e40_0 .net/s "result_1", 31 0, L_0x7fbbabb2ae20;  alias, 1 drivers
v0x7fbbabb23ef0_0 .net/s "result_10", 31 0, L_0x7fbbabb2b690;  alias, 1 drivers
v0x7fbbabb23fa0_0 .net/s "result_11", 31 0, L_0x7fbbabb2b9b0;  alias, 1 drivers
v0x7fbbabb24050_0 .net/s "result_2", 31 0, L_0x7fbbabb2aec0;  alias, 1 drivers
v0x7fbbabb24100_0 .net/s "result_24", 31 0, L_0x7fbbabb27be0;  1 drivers
v0x7fbbabb241b0_0 .var/s "result_25", 31 0;
v0x7fbbabb24260_0 .net "result_26", 0 0, L_0x7fbbabb27ef0;  1 drivers
v0x7fbbabb24300_0 .net/s "result_27", 63 0, L_0x7fbbabb282d0;  1 drivers
v0x7fbbabb22d50_0 .var/s "result_28", 63 0;
v0x7fbbabb22e00_0 .var "result_29", 0 0;
v0x7fbbabb22ea0_0 .net/s "result_3", 31 0, L_0x7fbbabb2b200;  alias, 1 drivers
v0x7fbbabb243b0_0 .net/s "result_30", 31 0, L_0x7fbbabb28430;  1 drivers
v0x7fbbabb24460_0 .var/s "result_31", 31 0;
v0x7fbbabb24510_0 .net/s "result_32", 31 0, L_0x7fbbabb28640;  1 drivers
v0x7fbbabb245c0_0 .var/s "result_33", 31 0;
v0x7fbbabb24670_0 .net "result_34", 0 0, L_0x7fbbabb28920;  1 drivers
v0x7fbbabb24710_0 .net/s "result_35", 63 0, L_0x7fbbabb28c70;  1 drivers
v0x7fbbabb247c0_0 .var/s "result_36", 63 0;
v0x7fbbabb24870_0 .var "result_37", 0 0;
v0x7fbbabb24910_0 .net/s "result_38", 31 0, L_0x7fbbabb28f10;  1 drivers
v0x7fbbabb249c0_0 .var/s "result_39", 31 0;
v0x7fbbabb24a70_0 .net/s "result_4", 31 0, L_0x7fbbabb2b2a0;  alias, 1 drivers
v0x7fbbabb24b20_0 .var "result_40", 0 0;
v0x7fbbabb24bc0_0 .net/s "result_41", 31 0, L_0x7fbbabb29320;  1 drivers
v0x7fbbabb24c70_0 .var/s "result_42", 31 0;
v0x7fbbabb24d20_0 .var "result_43", 0 0;
v0x7fbbabb24dc0_0 .net/s "result_44", 31 0, L_0x7fbbabb295d0;  1 drivers
v0x7fbbabb24e70_0 .var/s "result_45", 31 0;
v0x7fbbabb24f20_0 .net/s "result_46", 31 0, L_0x7fbbabb29820;  1 drivers
v0x7fbbabb24fd0_0 .var/s "result_47", 31 0;
v0x7fbbabb25080_0 .var "result_48", 0 0;
v0x7fbbabb25120_0 .net/s "result_49", 31 0, L_0x7fbbabb29d50;  1 drivers
v0x7fbbabb251d0_0 .net/s "result_5", 31 0, L_0x7fbbabb2b0a0;  alias, 1 drivers
v0x7fbbabb25280_0 .var/s "result_50", 31 0;
v0x7fbbabb25330_0 .var "result_51", 0 0;
v0x7fbbabb253d0_0 .net/s "result_52", 31 0, L_0x7fbbabb2a010;  1 drivers
v0x7fbbabb25480_0 .var/s "result_53", 31 0;
v0x7fbbabb25530_0 .var "result_54", 0 0;
v0x7fbbabb255d0_0 .net/s "result_55", 31 0, L_0x7fbbabb2a200;  1 drivers
v0x7fbbabb25680_0 .var/s "result_56", 31 0;
v0x7fbbabb25730_0 .var "result_57", 0 0;
v0x7fbbabb257d0_0 .net "result_58", 95 0, L_0x7fbbabb2a460;  1 drivers
v0x7fbbabb25880_0 .net/s "result_59", 31 0, L_0x7fbbabb2a9b0;  1 drivers
v0x7fbbabb25930_0 .net/s "result_6", 31 0, L_0x7fbbabb2b140;  alias, 1 drivers
v0x7fbbabb259e0_0 .var "result_60", 0 0;
v0x7fbbabb25a80_0 .net/s "result_61", 31 0, L_0x7fbbabb2a890;  1 drivers
v0x7fbbabb25b30_0 .var/s "result_62", 31 0;
v0x7fbbabb25be0_0 .var "result_63", 0 0;
v0x7fbbabb25c80_0 .net/s "result_7", 31 0, L_0x7fbbabb2b340;  alias, 1 drivers
v0x7fbbabb25d30_0 .net/s "result_8", 31 0, L_0x7fbbabb2b770;  alias, 1 drivers
v0x7fbbabb25de0_0 .net/s "result_9", 31 0, L_0x7fbbabb2b5f0;  alias, 1 drivers
v0x7fbbabb25e90_0 .net "rst", 0 0, v0x7fbbabb276f0_0;  1 drivers
v0x7fbbabb25f30_0 .net/s "t", 63 0, L_0x7fbbabb281d0;  1 drivers
v0x7fbbabb25fe0_0 .net/s "t_0", 31 0, L_0x7fbbabb284d0;  1 drivers
v0x7fbbabb26090_0 .net/s "t_1", 63 0, L_0x7fbbabb28bd0;  1 drivers
v0x7fbbabb26140_0 .net/s "t_2", 31 0, L_0x7fbbabb28e10;  1 drivers
v0x7fbbabb261f0_0 .net/s "t_3", 31 0, L_0x7fbbabb291e0;  1 drivers
v0x7fbbabb262a0_0 .net/s "t_4", 31 0, L_0x7fbbabb294d0;  1 drivers
v0x7fbbabb26350_0 .net/s "t_5", 31 0, L_0x7fbbabb29720;  1 drivers
v0x7fbbabb26400_0 .net/s "t_6", 31 0, L_0x7fbbabb29c50;  1 drivers
v0x7fbbabb264b0_0 .net/s "t_7", 31 0, L_0x7fbbabb29ed0;  1 drivers
v0x7fbbabb26560_0 .net/s "t_8", 31 0, L_0x7fbbabb29e30;  1 drivers
v0x7fbbabb26610_0 .net/s "t_9", 31 0, L_0x7fbbabb2aa50;  1 drivers
v0x7fbbabb266c0_0 .net/s "x1", 31 0, v0x7fbbabb27780_0;  1 drivers
v0x7fbbabb26770_0 .net/s "x2", 31 0, v0x7fbbabb27810_0;  1 drivers
v0x7fbbabb26820_0 .net/s "x3", 31 0, v0x7fbbabb278a0_0;  1 drivers
E_0x7fbbabb04250 .event posedge, v0x7fbbabb25e90_0, v0x7fbbabb231c0_0;
LS_0x7fbbabb27930_0_0 .concat [ 32 32 32 32], v0x7fbbabb241b0_0, L_0x7fbbabb2a9b0, v0x7fbbabb24460_0, v0x7fbbabb245c0_0;
LS_0x7fbbabb27930_0_4 .concat [ 32 32 32 32], v0x7fbbabb249c0_0, v0x7fbbabb24c70_0, v0x7fbbabb24e70_0, v0x7fbbabb25b30_0;
LS_0x7fbbabb27930_0_8 .concat [ 32 32 32 32], v0x7fbbabb25680_0, v0x7fbbabb25480_0, v0x7fbbabb25280_0, v0x7fbbabb24fd0_0;
L_0x7fbbabb27930 .concat [ 128 128 128 0], LS_0x7fbbabb27930_0_0, LS_0x7fbbabb27930_0_4, LS_0x7fbbabb27930_0_8;
L_0x7fbbabb27be0 .functor MUXZ 32, v0x7fbbabb241b0_0, L_0x7fbbabb2a9b0, v0x7fbbabb22e00_0, C4<>;
L_0x7fbbabb27d90 .cmp/gt.s 64, L_0x7fbbab973008, v0x7fbbabb22d50_0;
L_0x7fbbabb27ef0 .functor MUXZ 1, L_0x7fbbab973098, L_0x7fbbab973050, L_0x7fbbabb27d90, C4<>;
L_0x7fbbabb28070 .cmp/gt.s 64, L_0x7fbbab9730e0, v0x7fbbabb22d50_0;
L_0x7fbbabb281d0 .arith/sum 64, v0x7fbbabb22d50_0, L_0x7fbbab973128;
L_0x7fbbabb282d0 .functor MUXZ 64, L_0x7fbbab973170, L_0x7fbbabb281d0, L_0x7fbbabb28070, C4<>;
L_0x7fbbabb28430 .functor MUXZ 32, v0x7fbbabb24460_0, v0x7fbbabb23630_0, v0x7fbbabb24870_0, C4<>;
L_0x7fbbabb284d0 .arith/sum 32, v0x7fbbabb23630_0, v0x7fbbabb22470_0;
L_0x7fbbabb28640 .functor MUXZ 32, v0x7fbbabb245c0_0, L_0x7fbbabb284d0, v0x7fbbabb24870_0, C4<>;
L_0x7fbbabb28760 .cmp/gt.s 64, L_0x7fbbab9731b8, v0x7fbbabb247c0_0;
L_0x7fbbabb28920 .functor MUXZ 1, L_0x7fbbab973248, L_0x7fbbab973200, L_0x7fbbabb28760, C4<>;
L_0x7fbbabb28a40 .cmp/gt.s 64, L_0x7fbbab973290, v0x7fbbabb247c0_0;
L_0x7fbbabb28bd0 .arith/sum 64, v0x7fbbabb247c0_0, L_0x7fbbab9732d8;
L_0x7fbbabb28c70 .functor MUXZ 64, L_0x7fbbab973320, L_0x7fbbabb28bd0, L_0x7fbbabb28a40, C4<>;
L_0x7fbbabb28e10 .arith/sum 32, v0x7fbbabb24fd0_0, v0x7fbbabb25480_0;
L_0x7fbbabb28f10 .functor MUXZ 32, v0x7fbbabb249c0_0, L_0x7fbbabb28e10, v0x7fbbabb24b20_0, C4<>;
L_0x7fbbabb291e0 .arith/sum 32, v0x7fbbabb25280_0, v0x7fbbabb25b30_0;
L_0x7fbbabb29320 .functor MUXZ 32, v0x7fbbabb24c70_0, L_0x7fbbabb291e0, v0x7fbbabb24d20_0, C4<>;
L_0x7fbbabb294d0 .arith/sum 32, v0x7fbbabb25680_0, v0x7fbbabb25b30_0;
L_0x7fbbabb295d0 .functor MUXZ 32, v0x7fbbabb24e70_0, L_0x7fbbabb294d0, v0x7fbbabb259e0_0, C4<>;
L_0x7fbbabb29720 .arith/sum 32, v0x7fbbabb236e0_0, v0x7fbbabb23790_0;
L_0x7fbbabb29820 .functor MUXZ 32, v0x7fbbabb24fd0_0, L_0x7fbbabb29720, v0x7fbbabb25080_0, C4<>;
L_0x7fbbabb29a00 .functor MUXZ 32, v0x7fbbabb236e0_0, v0x7fbbabb27780_0, v0x7fbbabb26b60_0, C4<>;
L_0x7fbbabb29ae0 .functor MUXZ 32, v0x7fbbabb23790_0, v0x7fbbabb27810_0, v0x7fbbabb26bf0_0, C4<>;
L_0x7fbbabb29c50 .arith/sum 32, v0x7fbbabb23840_0, v0x7fbbabb238f0_0;
L_0x7fbbabb29d50 .functor MUXZ 32, v0x7fbbabb25280_0, L_0x7fbbabb29c50, v0x7fbbabb25330_0, C4<>;
L_0x7fbbabb29ed0 .arith/sum 32, v0x7fbbabb23840_0, v0x7fbbabb238f0_0;
L_0x7fbbabb2a010 .functor MUXZ 32, v0x7fbbabb25480_0, L_0x7fbbabb29ed0, v0x7fbbabb25530_0, C4<>;
L_0x7fbbabb29e30 .arith/sum 32, v0x7fbbabb23840_0, v0x7fbbabb238f0_0;
L_0x7fbbabb2a200 .functor MUXZ 32, v0x7fbbabb25680_0, L_0x7fbbabb29e30, v0x7fbbabb25730_0, C4<>;
L_0x7fbbabb2a460 .concat [ 32 32 32 0], v0x7fbbabb23c30_0, v0x7fbbabb23b80_0, v0x7fbbabb23260_0;
L_0x7fbbabb2a560 .functor MUXZ 32, v0x7fbbabb23c30_0, v0x7fbbabb23b80_0, v0x7fbbabb259e0_0, C4<>;
L_0x7fbbabb2a710 .functor MUXZ 32, v0x7fbbabb23b80_0, v0x7fbbabb23260_0, v0x7fbbabb259e0_0, C4<>;
L_0x7fbbabb2a7f0 .functor MUXZ 32, v0x7fbbabb23260_0, v0x7fbbabb25b30_0, v0x7fbbabb259e0_0, C4<>;
L_0x7fbbabb2a9b0 .part L_0x7fbbabb2a460, 0, 32;
L_0x7fbbabb2aa50 .arith/sum 32, v0x7fbbabb23840_0, v0x7fbbabb238f0_0;
L_0x7fbbabb2a890 .functor MUXZ 32, v0x7fbbabb25b30_0, L_0x7fbbabb2aa50, v0x7fbbabb25be0_0, C4<>;
L_0x7fbbabb2ad80 .functor MUXZ 32, v0x7fbbabb23840_0, v0x7fbbabb27780_0, v0x7fbbabb26b60_0, C4<>;
L_0x7fbbabb2af60 .functor MUXZ 32, v0x7fbbabb238f0_0, v0x7fbbabb27810_0, v0x7fbbabb26bf0_0, C4<>;
L_0x7fbbabb2b000 .part L_0x7fbbabb27930, 352, 32;
L_0x7fbbabb2ae20 .part L_0x7fbbabb27930, 320, 32;
L_0x7fbbabb2aec0 .part L_0x7fbbabb27930, 288, 32;
L_0x7fbbabb2b200 .part L_0x7fbbabb27930, 256, 32;
L_0x7fbbabb2b2a0 .part L_0x7fbbabb27930, 224, 32;
L_0x7fbbabb2b0a0 .part L_0x7fbbabb27930, 192, 32;
L_0x7fbbabb2b140 .part L_0x7fbbabb27930, 160, 32;
L_0x7fbbabb2b340 .part L_0x7fbbabb27930, 128, 32;
L_0x7fbbabb2b770 .part L_0x7fbbabb27930, 96, 32;
L_0x7fbbabb2b5f0 .part L_0x7fbbabb27930, 64, 32;
L_0x7fbbabb2b690 .part L_0x7fbbabb27930, 32, 32;
L_0x7fbbabb2b9b0 .part L_0x7fbbabb27930, 0, 32;
S_0x7fbbabb0c980 .scope begin, "c$app_arg_0_register" "c$app_arg_0_register" 3 296, 3 296 0, S_0x7fbbabb0c610;
 .timescale -13 -13;
S_0x7fbbabb0cbd0 .scope begin, "c$app_arg_10_register" "c$app_arg_10_register" 3 636, 3 636 0, S_0x7fbbabb0c610;
 .timescale -13 -13;
S_0x7fbbabb0cd40 .scope begin, "c$app_arg_1_register" "c$app_arg_1_register" 3 306, 3 306 0, S_0x7fbbabb0c610;
 .timescale -13 -13;
S_0x7fbbabb0ceb0 .scope begin, "c$app_arg_2_register" "c$app_arg_2_register" 3 342, 3 342 0, S_0x7fbbabb0c610;
 .timescale -13 -13;
S_0x7fbbabb0d020 .scope begin, "c$app_arg_3_register" "c$app_arg_3_register" 3 352, 3 352 0, S_0x7fbbabb0c610;
 .timescale -13 -13;
S_0x7fbbabb0d220 .scope begin, "c$app_arg_4_register" "c$app_arg_4_register" 3 400, 3 400 0, S_0x7fbbabb0c610;
 .timescale -13 -13;
S_0x7fbbabb0d3e0 .scope begin, "c$app_arg_5_register" "c$app_arg_5_register" 3 462, 3 462 0, S_0x7fbbabb0c610;
 .timescale -13 -13;
S_0x7fbbabb0d5a0 .scope begin, "c$app_arg_6_register" "c$app_arg_6_register" 3 496, 3 496 0, S_0x7fbbabb0c610;
 .timescale -13 -13;
S_0x7fbbabb0d760 .scope begin, "c$app_arg_7_register" "c$app_arg_7_register" 3 532, 3 532 0, S_0x7fbbabb0c610;
 .timescale -13 -13;
S_0x7fbbabb0d9a0 .scope begin, "c$app_arg_8_register" "c$app_arg_8_register" 3 592, 3 592 0, S_0x7fbbabb0c610;
 .timescale -13 -13;
S_0x7fbbabb0db60 .scope begin, "c$app_arg_9_register" "c$app_arg_9_register" 3 602, 3 602 0, S_0x7fbbabb0c610;
 .timescale -13 -13;
S_0x7fbbabb0dd20 .scope begin, "c$app_arg_register" "c$app_arg_register" 3 240, 3 240 0, S_0x7fbbabb0c610;
 .timescale -13 -13;
S_0x7fbbabb0dee0 .scope begin, "cur_register" "cur_register" 3 552, 3 552 0, S_0x7fbbabb0c610;
 .timescale -13 -13;
S_0x7fbbabb0e0a0 .scope begin, "holdA_register" "holdA_register" 3 230, 3 230 0, S_0x7fbbabb0c610;
 .timescale -13 -13;
S_0x7fbbabb0e260 .scope begin, "holdAx1_register" "holdAx1_register" 3 424, 3 424 0, S_0x7fbbabb0c610;
 .timescale -13 -13;
S_0x7fbbabb0e420 .scope begin, "holdAx2_register" "holdAx2_register" 3 436, 3 436 0, S_0x7fbbabb0c610;
 .timescale -13 -13;
S_0x7fbbabb0e5e0 .scope begin, "holdBx1_register" "holdBx1_register" 3 658, 3 658 0, S_0x7fbbabb0c610;
 .timescale -13 -13;
S_0x7fbbabb0e8a0 .scope begin, "holdBx2_register" "holdBx2_register" 3 670, 3 670 0, S_0x7fbbabb0c610;
 .timescale -13 -13;
S_0x7fbbabb0ea60 .scope begin, "past1_register" "past1_register" 3 562, 3 562 0, S_0x7fbbabb0c610;
 .timescale -13 -13;
S_0x7fbbabb0ec20 .scope begin, "past2_register" "past2_register" 3 572, 3 572 0, S_0x7fbbabb0c610;
 .timescale -13 -13;
S_0x7fbbabb0ede0 .scope begin, "result_25_register" "result_25_register" 3 164, 3 164 0, S_0x7fbbabb0c610;
 .timescale -13 -13;
S_0x7fbbabb0efa0 .scope begin, "result_28_register" "result_28_register" 3 184, 3 184 0, S_0x7fbbabb0c610;
 .timescale -13 -13;
S_0x7fbbabb0f160 .scope begin, "result_29_register" "result_29_register" 3 194, 3 194 0, S_0x7fbbabb0c610;
 .timescale -13 -13;
S_0x7fbbabb0f320 .scope begin, "result_31_register" "result_31_register" 3 206, 3 206 0, S_0x7fbbabb0c610;
 .timescale -13 -13;
S_0x7fbbabb0f4e0 .scope begin, "result_33_register" "result_33_register" 3 220, 3 220 0, S_0x7fbbabb0c610;
 .timescale -13 -13;
S_0x7fbbabb0f6a0 .scope begin, "result_36_register" "result_36_register" 3 260, 3 260 0, S_0x7fbbabb0c610;
 .timescale -13 -13;
S_0x7fbbabb0f860 .scope begin, "result_37_register" "result_37_register" 3 270, 3 270 0, S_0x7fbbabb0c610;
 .timescale -13 -13;
S_0x7fbbabb0fa20 .scope begin, "result_39_register" "result_39_register" 3 284, 3 284 0, S_0x7fbbabb0c610;
 .timescale -13 -13;
S_0x7fbbabb0fbe0 .scope begin, "result_40_register" "result_40_register" 3 316, 3 316 0, S_0x7fbbabb0c610;
 .timescale -13 -13;
S_0x7fbbabb0fda0 .scope begin, "result_42_register" "result_42_register" 3 330, 3 330 0, S_0x7fbbabb0c610;
 .timescale -13 -13;
S_0x7fbbabb0ff60 .scope begin, "result_43_register" "result_43_register" 3 362, 3 362 0, S_0x7fbbabb0c610;
 .timescale -13 -13;
S_0x7fbbabb10120 .scope begin, "result_45_register" "result_45_register" 3 376, 3 376 0, S_0x7fbbabb0c610;
 .timescale -13 -13;
S_0x7fbbabb102e0 .scope begin, "result_47_register" "result_47_register" 3 390, 3 390 0, S_0x7fbbabb0c610;
 .timescale -13 -13;
S_0x7fbbabb106a0 .scope begin, "result_48_register" "result_48_register" 3 410, 3 410 0, S_0x7fbbabb0c610;
 .timescale -13 -13;
S_0x7fbbabb10810 .scope begin, "result_50_register" "result_50_register" 3 450, 3 450 0, S_0x7fbbabb0c610;
 .timescale -13 -13;
S_0x7fbbabb10980 .scope begin, "result_51_register" "result_51_register" 3 472, 3 472 0, S_0x7fbbabb0c610;
 .timescale -13 -13;
S_0x7fbbabb10af0 .scope begin, "result_53_register" "result_53_register" 3 486, 3 486 0, S_0x7fbbabb0c610;
 .timescale -13 -13;
S_0x7fbbabb10cb0 .scope begin, "result_54_register" "result_54_register" 3 506, 3 506 0, S_0x7fbbabb0c610;
 .timescale -13 -13;
S_0x7fbbabb10e70 .scope begin, "result_56_register" "result_56_register" 3 520, 3 520 0, S_0x7fbbabb0c610;
 .timescale -13 -13;
S_0x7fbbabb11030 .scope begin, "result_57_register" "result_57_register" 3 542, 3 542 0, S_0x7fbbabb0c610;
 .timescale -13 -13;
S_0x7fbbabb111f0 .scope begin, "result_60_register" "result_60_register" 3 612, 3 612 0, S_0x7fbbabb0c610;
 .timescale -13 -13;
S_0x7fbbabb113b0 .scope begin, "result_62_register" "result_62_register" 3 626, 3 626 0, S_0x7fbbabb0c610;
 .timescale -13 -13;
S_0x7fbbabb11570 .scope begin, "result_63_register" "result_63_register" 3 646, 3 646 0, S_0x7fbbabb0c610;
 .timescale -13 -13;
    .scope S_0x7fbbabb0c610;
T_0 ;
    %pushi/vec4 0, 0, 32;
    %store/vec4 v0x7fbbabb241b0_0, 0, 32;
    %pushi/vec4 0, 0, 64;
    %store/vec4 v0x7fbbabb22d50_0, 0, 64;
    %pushi/vec4 0, 0, 1;
    %store/vec4 v0x7fbbabb22e00_0, 0, 1;
    %pushi/vec4 0, 0, 32;
    %store/vec4 v0x7fbbabb24460_0, 0, 32;
    %pushi/vec4 0, 0, 32;
    %store/vec4 v0x7fbbabb245c0_0, 0, 32;
    %pushi/vec4 4294967295, 0, 32;
    %store/vec4 v0x7fbbabb23630_0, 0, 32;
    %pushi/vec4 4294967295, 0, 32;
    %store/vec4 v0x7fbbabb22470_0, 0, 32;
    %pushi/vec4 0, 0, 64;
    %store/vec4 v0x7fbbabb247c0_0, 0, 64;
    %pushi/vec4 0, 0, 1;
    %store/vec4 v0x7fbbabb24870_0, 0, 1;
    %pushi/vec4 0, 0, 32;
    %store/vec4 v0x7fbbabb249c0_0, 0, 32;
    %pushi/vec4 0, 0, 1;
    %store/vec4 v0x7fbbabb22510_0, 0, 1;
    %pushi/vec4 0, 0, 1;
    %store/vec4 v0x7fbbabb225b0_0, 0, 1;
    %pushi/vec4 0, 0, 1;
    %store/vec4 v0x7fbbabb24b20_0, 0, 1;
    %pushi/vec4 0, 0, 32;
    %store/vec4 v0x7fbbabb24c70_0, 0, 32;
    %pushi/vec4 0, 0, 1;
    %store/vec4 v0x7fbbabb226f0_0, 0, 1;
    %pushi/vec4 0, 0, 1;
    %store/vec4 v0x7fbbabb22790_0, 0, 1;
    %pushi/vec4 0, 0, 1;
    %store/vec4 v0x7fbbabb24d20_0, 0, 1;
    %pushi/vec4 0, 0, 32;
    %store/vec4 v0x7fbbabb24e70_0, 0, 32;
    %pushi/vec4 0, 0, 32;
    %store/vec4 v0x7fbbabb24fd0_0, 0, 32;
    %pushi/vec4 0, 0, 1;
    %store/vec4 v0x7fbbabb22830_0, 0, 1;
    %pushi/vec4 0, 0, 1;
    %store/vec4 v0x7fbbabb25080_0, 0, 1;
    %pushi/vec4 0, 0, 32;
    %store/vec4 v0x7fbbabb236e0_0, 0, 32;
    %pushi/vec4 0, 0, 32;
    %store/vec4 v0x7fbbabb23790_0, 0, 32;
    %pushi/vec4 0, 0, 32;
    %store/vec4 v0x7fbbabb25280_0, 0, 32;
    %pushi/vec4 0, 0, 1;
    %store/vec4 v0x7fbbabb228d0_0, 0, 1;
    %pushi/vec4 0, 0, 1;
    %store/vec4 v0x7fbbabb25330_0, 0, 1;
    %pushi/vec4 0, 0, 32;
    %store/vec4 v0x7fbbabb25480_0, 0, 32;
    %pushi/vec4 0, 0, 1;
    %store/vec4 v0x7fbbabb22970_0, 0, 1;
    %pushi/vec4 0, 0, 1;
    %store/vec4 v0x7fbbabb25530_0, 0, 1;
    %pushi/vec4 0, 0, 32;
    %store/vec4 v0x7fbbabb25680_0, 0, 32;
    %pushi/vec4 0, 0, 1;
    %store/vec4 v0x7fbbabb22a10_0, 0, 1;
    %pushi/vec4 0, 0, 1;
    %store/vec4 v0x7fbbabb25730_0, 0, 1;
    %pushi/vec4 4294967295, 0, 32;
    %store/vec4 v0x7fbbabb23260_0, 0, 32;
    %pushi/vec4 4294967295, 0, 32;
    %store/vec4 v0x7fbbabb23b80_0, 0, 32;
    %pushi/vec4 4294967295, 0, 32;
    %store/vec4 v0x7fbbabb23c30_0, 0, 32;
    %pushi/vec4 0, 0, 1;
    %store/vec4 v0x7fbbabb22ab0_0, 0, 1;
    %pushi/vec4 0, 0, 1;
    %store/vec4 v0x7fbbabb22b50_0, 0, 1;
    %pushi/vec4 0, 0, 1;
    %store/vec4 v0x7fbbabb259e0_0, 0, 1;
    %pushi/vec4 0, 0, 32;
    %store/vec4 v0x7fbbabb25b30_0, 0, 32;
    %pushi/vec4 0, 0, 1;
    %store/vec4 v0x7fbbabb22650_0, 0, 1;
    %pushi/vec4 0, 0, 1;
    %store/vec4 v0x7fbbabb25be0_0, 0, 1;
    %pushi/vec4 4294967295, 0, 32;
    %store/vec4 v0x7fbbabb23840_0, 0, 32;
    %pushi/vec4 4294967295, 0, 32;
    %store/vec4 v0x7fbbabb238f0_0, 0, 32;
    %end;
    .thread T_0;
    .scope S_0x7fbbabb0c610;
T_1 ;
    %wait E_0x7fbbabb04250;
    %fork t_1, S_0x7fbbabb0ede0;
    %jmp t_0;
    .scope S_0x7fbbabb0ede0;
t_1 ;
    %load/vec4 v0x7fbbabb25e90_0;
    %flag_set/vec4 8;
    %jmp/0xz  T_1.0, 8;
    %pushi/vec4 0, 0, 32;
    %assign/vec4 v0x7fbbabb241b0_0, 0;
    %jmp T_1.1;
T_1.0 ;
    %load/vec4 v0x7fbbabb23310_0;
    %flag_set/vec4 8;
    %jmp/0xz  T_1.2, 8;
    %load/vec4 v0x7fbbabb24100_0;
    %assign/vec4 v0x7fbbabb241b0_0, 0;
T_1.2 ;
T_1.1 ;
    %end;
    .scope S_0x7fbbabb0c610;
t_0 %join;
    %jmp T_1;
    .thread T_1;
    .scope S_0x7fbbabb0c610;
T_2 ;
    %wait E_0x7fbbabb04250;
    %fork t_3, S_0x7fbbabb0efa0;
    %jmp t_2;
    .scope S_0x7fbbabb0efa0;
t_3 ;
    %load/vec4 v0x7fbbabb25e90_0;
    %flag_set/vec4 8;
    %jmp/0xz  T_2.0, 8;
    %pushi/vec4 0, 0, 64;
    %assign/vec4 v0x7fbbabb22d50_0, 0;
    %jmp T_2.1;
T_2.0 ;
    %load/vec4 v0x7fbbabb23310_0;
    %flag_set/vec4 8;
    %jmp/0xz  T_2.2, 8;
    %load/vec4 v0x7fbbabb24300_0;
    %assign/vec4 v0x7fbbabb22d50_0, 0;
T_2.2 ;
T_2.1 ;
    %end;
    .scope S_0x7fbbabb0c610;
t_2 %join;
    %jmp T_2;
    .thread T_2;
    .scope S_0x7fbbabb0c610;
T_3 ;
    %wait E_0x7fbbabb04250;
    %fork t_5, S_0x7fbbabb0f160;
    %jmp t_4;
    .scope S_0x7fbbabb0f160;
t_5 ;
    %load/vec4 v0x7fbbabb25e90_0;
    %flag_set/vec4 8;
    %jmp/0xz  T_3.0, 8;
    %pushi/vec4 0, 0, 1;
    %assign/vec4 v0x7fbbabb22e00_0, 0;
    %jmp T_3.1;
T_3.0 ;
    %load/vec4 v0x7fbbabb23310_0;
    %flag_set/vec4 8;
    %jmp/0xz  T_3.2, 8;
    %load/vec4 v0x7fbbabb24260_0;
    %assign/vec4 v0x7fbbabb22e00_0, 0;
T_3.2 ;
T_3.1 ;
    %end;
    .scope S_0x7fbbabb0c610;
t_4 %join;
    %jmp T_3;
    .thread T_3;
    .scope S_0x7fbbabb0c610;
T_4 ;
    %wait E_0x7fbbabb04250;
    %fork t_7, S_0x7fbbabb0f320;
    %jmp t_6;
    .scope S_0x7fbbabb0f320;
t_7 ;
    %load/vec4 v0x7fbbabb25e90_0;
    %flag_set/vec4 8;
    %jmp/0xz  T_4.0, 8;
    %pushi/vec4 0, 0, 32;
    %assign/vec4 v0x7fbbabb24460_0, 0;
    %jmp T_4.1;
T_4.0 ;
    %load/vec4 v0x7fbbabb23310_0;
    %flag_set/vec4 8;
    %jmp/0xz  T_4.2, 8;
    %load/vec4 v0x7fbbabb243b0_0;
    %assign/vec4 v0x7fbbabb24460_0, 0;
T_4.2 ;
T_4.1 ;
    %end;
    .scope S_0x7fbbabb0c610;
t_6 %join;
    %jmp T_4;
    .thread T_4;
    .scope S_0x7fbbabb0c610;
T_5 ;
    %wait E_0x7fbbabb04250;
    %fork t_9, S_0x7fbbabb0f4e0;
    %jmp t_8;
    .scope S_0x7fbbabb0f4e0;
t_9 ;
    %load/vec4 v0x7fbbabb25e90_0;
    %flag_set/vec4 8;
    %jmp/0xz  T_5.0, 8;
    %pushi/vec4 0, 0, 32;
    %assign/vec4 v0x7fbbabb245c0_0, 0;
    %jmp T_5.1;
T_5.0 ;
    %load/vec4 v0x7fbbabb23310_0;
    %flag_set/vec4 8;
    %jmp/0xz  T_5.2, 8;
    %load/vec4 v0x7fbbabb24510_0;
    %assign/vec4 v0x7fbbabb245c0_0, 0;
T_5.2 ;
T_5.1 ;
    %end;
    .scope S_0x7fbbabb0c610;
t_8 %join;
    %jmp T_5;
    .thread T_5;
    .scope S_0x7fbbabb0c610;
T_6 ;
    %wait E_0x7fbbabb04250;
    %fork t_11, S_0x7fbbabb0e0a0;
    %jmp t_10;
    .scope S_0x7fbbabb0e0a0;
t_11 ;
    %load/vec4 v0x7fbbabb25e90_0;
    %flag_set/vec4 8;
    %jmp/0xz  T_6.0, 8;
    %pushi/vec4 4294967295, 0, 32;
    %assign/vec4 v0x7fbbabb23630_0, 0;
    %jmp T_6.1;
T_6.0 ;
    %load/vec4 v0x7fbbabb23310_0;
    %flag_set/vec4 8;
    %jmp/0xz  T_6.2, 8;
    %load/vec4 v0x7fbbabb24fd0_0;
    %assign/vec4 v0x7fbbabb23630_0, 0;
T_6.2 ;
T_6.1 ;
    %end;
    .scope S_0x7fbbabb0c610;
t_10 %join;
    %jmp T_6;
    .thread T_6;
    .scope S_0x7fbbabb0c610;
T_7 ;
    %wait E_0x7fbbabb04250;
    %fork t_13, S_0x7fbbabb0dd20;
    %jmp t_12;
    .scope S_0x7fbbabb0dd20;
t_13 ;
    %load/vec4 v0x7fbbabb25e90_0;
    %flag_set/vec4 8;
    %jmp/0xz  T_7.0, 8;
    %pushi/vec4 4294967295, 0, 32;
    %assign/vec4 v0x7fbbabb22470_0, 0;
    %jmp T_7.1;
T_7.0 ;
    %load/vec4 v0x7fbbabb23310_0;
    %flag_set/vec4 8;
    %jmp/0xz  T_7.2, 8;
    %load/vec4 v0x7fbbabb25280_0;
    %assign/vec4 v0x7fbbabb22470_0, 0;
T_7.2 ;
T_7.1 ;
    %end;
    .scope S_0x7fbbabb0c610;
t_12 %join;
    %jmp T_7;
    .thread T_7;
    .scope S_0x7fbbabb0c610;
T_8 ;
    %wait E_0x7fbbabb04250;
    %fork t_15, S_0x7fbbabb0f6a0;
    %jmp t_14;
    .scope S_0x7fbbabb0f6a0;
t_15 ;
    %load/vec4 v0x7fbbabb25e90_0;
    %flag_set/vec4 8;
    %jmp/0xz  T_8.0, 8;
    %pushi/vec4 0, 0, 64;
    %assign/vec4 v0x7fbbabb247c0_0, 0;
    %jmp T_8.1;
T_8.0 ;
    %load/vec4 v0x7fbbabb23310_0;
    %flag_set/vec4 8;
    %jmp/0xz  T_8.2, 8;
    %load/vec4 v0x7fbbabb24710_0;
    %assign/vec4 v0x7fbbabb247c0_0, 0;
T_8.2 ;
T_8.1 ;
    %end;
    .scope S_0x7fbbabb0c610;
t_14 %join;
    %jmp T_8;
    .thread T_8;
    .scope S_0x7fbbabb0c610;
T_9 ;
    %wait E_0x7fbbabb04250;
    %fork t_17, S_0x7fbbabb0f860;
    %jmp t_16;
    .scope S_0x7fbbabb0f860;
t_17 ;
    %load/vec4 v0x7fbbabb25e90_0;
    %flag_set/vec4 8;
    %jmp/0xz  T_9.0, 8;
    %pushi/vec4 0, 0, 1;
    %assign/vec4 v0x7fbbabb24870_0, 0;
    %jmp T_9.1;
T_9.0 ;
    %load/vec4 v0x7fbbabb23310_0;
    %flag_set/vec4 8;
    %jmp/0xz  T_9.2, 8;
    %load/vec4 v0x7fbbabb24670_0;
    %assign/vec4 v0x7fbbabb24870_0, 0;
T_9.2 ;
T_9.1 ;
    %end;
    .scope S_0x7fbbabb0c610;
t_16 %join;
    %jmp T_9;
    .thread T_9;
    .scope S_0x7fbbabb0c610;
T_10 ;
    %wait E_0x7fbbabb04250;
    %fork t_19, S_0x7fbbabb0fa20;
    %jmp t_18;
    .scope S_0x7fbbabb0fa20;
t_19 ;
    %load/vec4 v0x7fbbabb25e90_0;
    %flag_set/vec4 8;
    %jmp/0xz  T_10.0, 8;
    %pushi/vec4 0, 0, 32;
    %assign/vec4 v0x7fbbabb249c0_0, 0;
    %jmp T_10.1;
T_10.0 ;
    %load/vec4 v0x7fbbabb23310_0;
    %flag_set/vec4 8;
    %jmp/0xz  T_10.2, 8;
    %load/vec4 v0x7fbbabb24910_0;
    %assign/vec4 v0x7fbbabb249c0_0, 0;
T_10.2 ;
T_10.1 ;
    %end;
    .scope S_0x7fbbabb0c610;
t_18 %join;
    %jmp T_10;
    .thread T_10;
    .scope S_0x7fbbabb0c610;
T_11 ;
    %wait E_0x7fbbabb04250;
    %fork t_21, S_0x7fbbabb0c980;
    %jmp t_20;
    .scope S_0x7fbbabb0c980;
t_21 ;
    %load/vec4 v0x7fbbabb25e90_0;
    %flag_set/vec4 8;
    %jmp/0xz  T_11.0, 8;
    %pushi/vec4 0, 0, 1;
    %assign/vec4 v0x7fbbabb22510_0, 0;
    %jmp T_11.1;
T_11.0 ;
    %load/vec4 v0x7fbbabb23310_0;
    %flag_set/vec4 8;
    %jmp/0xz  T_11.2, 8;
    %load/vec4 v0x7fbbabb225b0_0;
    %assign/vec4 v0x7fbbabb22510_0, 0;
T_11.2 ;
T_11.1 ;
    %end;
    .scope S_0x7fbbabb0c610;
t_20 %join;
    %jmp T_11;
    .thread T_11;
    .scope S_0x7fbbabb0c610;
T_12 ;
    %wait E_0x7fbbabb04250;
    %fork t_23, S_0x7fbbabb0cd40;
    %jmp t_22;
    .scope S_0x7fbbabb0cd40;
t_23 ;
    %load/vec4 v0x7fbbabb25e90_0;
    %flag_set/vec4 8;
    %jmp/0xz  T_12.0, 8;
    %pushi/vec4 0, 0, 1;
    %assign/vec4 v0x7fbbabb225b0_0, 0;
    %jmp T_12.1;
T_12.0 ;
    %load/vec4 v0x7fbbabb23310_0;
    %flag_set/vec4 8;
    %jmp/0xz  T_12.2, 8;
    %load/vec4 v0x7fbbabb233b0_0;
    %assign/vec4 v0x7fbbabb225b0_0, 0;
T_12.2 ;
T_12.1 ;
    %end;
    .scope S_0x7fbbabb0c610;
t_22 %join;
    %jmp T_12;
    .thread T_12;
    .scope S_0x7fbbabb0c610;
T_13 ;
    %wait E_0x7fbbabb04250;
    %fork t_25, S_0x7fbbabb0fbe0;
    %jmp t_24;
    .scope S_0x7fbbabb0fbe0;
t_25 ;
    %load/vec4 v0x7fbbabb25e90_0;
    %flag_set/vec4 8;
    %jmp/0xz  T_13.0, 8;
    %pushi/vec4 0, 0, 1;
    %assign/vec4 v0x7fbbabb24b20_0, 0;
    %jmp T_13.1;
T_13.0 ;
    %load/vec4 v0x7fbbabb23310_0;
    %flag_set/vec4 8;
    %jmp/0xz  T_13.2, 8;
    %load/vec4 v0x7fbbabb22510_0;
    %assign/vec4 v0x7fbbabb24b20_0, 0;
T_13.2 ;
T_13.1 ;
    %end;
    .scope S_0x7fbbabb0c610;
t_24 %join;
    %jmp T_13;
    .thread T_13;
    .scope S_0x7fbbabb0c610;
T_14 ;
    %wait E_0x7fbbabb04250;
    %fork t_27, S_0x7fbbabb0fda0;
    %jmp t_26;
    .scope S_0x7fbbabb0fda0;
t_27 ;
    %load/vec4 v0x7fbbabb25e90_0;
    %flag_set/vec4 8;
    %jmp/0xz  T_14.0, 8;
    %pushi/vec4 0, 0, 32;
    %assign/vec4 v0x7fbbabb24c70_0, 0;
    %jmp T_14.1;
T_14.0 ;
    %load/vec4 v0x7fbbabb23310_0;
    %flag_set/vec4 8;
    %jmp/0xz  T_14.2, 8;
    %load/vec4 v0x7fbbabb24bc0_0;
    %assign/vec4 v0x7fbbabb24c70_0, 0;
T_14.2 ;
T_14.1 ;
    %end;
    .scope S_0x7fbbabb0c610;
t_26 %join;
    %jmp T_14;
    .thread T_14;
    .scope S_0x7fbbabb0c610;
T_15 ;
    %wait E_0x7fbbabb04250;
    %fork t_29, S_0x7fbbabb0ceb0;
    %jmp t_28;
    .scope S_0x7fbbabb0ceb0;
t_29 ;
    %load/vec4 v0x7fbbabb25e90_0;
    %flag_set/vec4 8;
    %jmp/0xz  T_15.0, 8;
    %pushi/vec4 0, 0, 1;
    %assign/vec4 v0x7fbbabb226f0_0, 0;
    %jmp T_15.1;
T_15.0 ;
    %load/vec4 v0x7fbbabb23310_0;
    %flag_set/vec4 8;
    %jmp/0xz  T_15.2, 8;
    %load/vec4 v0x7fbbabb22790_0;
    %assign/vec4 v0x7fbbabb226f0_0, 0;
T_15.2 ;
T_15.1 ;
    %end;
    .scope S_0x7fbbabb0c610;
t_28 %join;
    %jmp T_15;
    .thread T_15;
    .scope S_0x7fbbabb0c610;
T_16 ;
    %wait E_0x7fbbabb04250;
    %fork t_31, S_0x7fbbabb0d020;
    %jmp t_30;
    .scope S_0x7fbbabb0d020;
t_31 ;
    %load/vec4 v0x7fbbabb25e90_0;
    %flag_set/vec4 8;
    %jmp/0xz  T_16.0, 8;
    %pushi/vec4 0, 0, 1;
    %assign/vec4 v0x7fbbabb22790_0, 0;
    %jmp T_16.1;
T_16.0 ;
    %load/vec4 v0x7fbbabb23310_0;
    %flag_set/vec4 8;
    %jmp/0xz  T_16.2, 8;
    %load/vec4 v0x7fbbabb23450_0;
    %assign/vec4 v0x7fbbabb22790_0, 0;
T_16.2 ;
T_16.1 ;
    %end;
    .scope S_0x7fbbabb0c610;
t_30 %join;
    %jmp T_16;
    .thread T_16;
    .scope S_0x7fbbabb0c610;
T_17 ;
    %wait E_0x7fbbabb04250;
    %fork t_33, S_0x7fbbabb0ff60;
    %jmp t_32;
    .scope S_0x7fbbabb0ff60;
t_33 ;
    %load/vec4 v0x7fbbabb25e90_0;
    %flag_set/vec4 8;
    %jmp/0xz  T_17.0, 8;
    %pushi/vec4 0, 0, 1;
    %assign/vec4 v0x7fbbabb24d20_0, 0;
    %jmp T_17.1;
T_17.0 ;
    %load/vec4 v0x7fbbabb23310_0;
    %flag_set/vec4 8;
    %jmp/0xz  T_17.2, 8;
    %load/vec4 v0x7fbbabb226f0_0;
    %assign/vec4 v0x7fbbabb24d20_0, 0;
T_17.2 ;
T_17.1 ;
    %end;
    .scope S_0x7fbbabb0c610;
t_32 %join;
    %jmp T_17;
    .thread T_17;
    .scope S_0x7fbbabb0c610;
T_18 ;
    %wait E_0x7fbbabb04250;
    %fork t_35, S_0x7fbbabb10120;
    %jmp t_34;
    .scope S_0x7fbbabb10120;
t_35 ;
    %load/vec4 v0x7fbbabb25e90_0;
    %flag_set/vec4 8;
    %jmp/0xz  T_18.0, 8;
    %pushi/vec4 0, 0, 32;
    %assign/vec4 v0x7fbbabb24e70_0, 0;
    %jmp T_18.1;
T_18.0 ;
    %load/vec4 v0x7fbbabb23310_0;
    %flag_set/vec4 8;
    %jmp/0xz  T_18.2, 8;
    %load/vec4 v0x7fbbabb24dc0_0;
    %assign/vec4 v0x7fbbabb24e70_0, 0;
T_18.2 ;
T_18.1 ;
    %end;
    .scope S_0x7fbbabb0c610;
t_34 %join;
    %jmp T_18;
    .thread T_18;
    .scope S_0x7fbbabb0c610;
T_19 ;
    %wait E_0x7fbbabb04250;
    %fork t_37, S_0x7fbbabb102e0;
    %jmp t_36;
    .scope S_0x7fbbabb102e0;
t_37 ;
    %load/vec4 v0x7fbbabb25e90_0;
    %flag_set/vec4 8;
    %jmp/0xz  T_19.0, 8;
    %pushi/vec4 0, 0, 32;
    %assign/vec4 v0x7fbbabb24fd0_0, 0;
    %jmp T_19.1;
T_19.0 ;
    %load/vec4 v0x7fbbabb23310_0;
    %flag_set/vec4 8;
    %jmp/0xz  T_19.2, 8;
    %load/vec4 v0x7fbbabb24f20_0;
    %assign/vec4 v0x7fbbabb24fd0_0, 0;
T_19.2 ;
T_19.1 ;
    %end;
    .scope S_0x7fbbabb0c610;
t_36 %join;
    %jmp T_19;
    .thread T_19;
    .scope S_0x7fbbabb0c610;
T_20 ;
    %wait E_0x7fbbabb04250;
    %fork t_39, S_0x7fbbabb0d220;
    %jmp t_38;
    .scope S_0x7fbbabb0d220;
t_39 ;
    %load/vec4 v0x7fbbabb25e90_0;
    %flag_set/vec4 8;
    %jmp/0xz  T_20.0, 8;
    %pushi/vec4 0, 0, 1;
    %assign/vec4 v0x7fbbabb22830_0, 0;
    %jmp T_20.1;
T_20.0 ;
    %load/vec4 v0x7fbbabb23310_0;
    %flag_set/vec4 8;
    %jmp/0xz  T_20.2, 8;
    %load/vec4 v0x7fbbabb223e0_0;
    %assign/vec4 v0x7fbbabb22830_0, 0;
T_20.2 ;
T_20.1 ;
    %end;
    .scope S_0x7fbbabb0c610;
t_38 %join;
    %jmp T_20;
    .thread T_20;
    .scope S_0x7fbbabb0c610;
T_21 ;
    %wait E_0x7fbbabb04250;
    %fork t_41, S_0x7fbbabb106a0;
    %jmp t_40;
    .scope S_0x7fbbabb106a0;
t_41 ;
    %load/vec4 v0x7fbbabb25e90_0;
    %flag_set/vec4 8;
    %jmp/0xz  T_21.0, 8;
    %pushi/vec4 0, 0, 1;
    %assign/vec4 v0x7fbbabb25080_0, 0;
    %jmp T_21.1;
T_21.0 ;
    %load/vec4 v0x7fbbabb23310_0;
    %flag_set/vec4 8;
    %jmp/0xz  T_21.2, 8;
    %load/vec4 v0x7fbbabb22830_0;
    %assign/vec4 v0x7fbbabb25080_0, 0;
T_21.2 ;
T_21.1 ;
    %end;
    .scope S_0x7fbbabb0c610;
t_40 %join;
    %jmp T_21;
    .thread T_21;
    .scope S_0x7fbbabb0c610;
T_22 ;
    %wait E_0x7fbbabb04250;
    %fork t_43, S_0x7fbbabb0e260;
    %jmp t_42;
    .scope S_0x7fbbabb0e260;
t_43 ;
    %load/vec4 v0x7fbbabb25e90_0;
    %flag_set/vec4 8;
    %jmp/0xz  T_22.0, 8;
    %pushi/vec4 0, 0, 32;
    %assign/vec4 v0x7fbbabb236e0_0, 0;
    %jmp T_22.1;
T_22.0 ;
    %load/vec4 v0x7fbbabb23310_0;
    %flag_set/vec4 8;
    %jmp/0xz  T_22.2, 8;
    %load/vec4 v0x7fbbabb22ca0_0;
    %assign/vec4 v0x7fbbabb236e0_0, 0;
T_22.2 ;
T_22.1 ;
    %end;
    .scope S_0x7fbbabb0c610;
t_42 %join;
    %jmp T_22;
    .thread T_22;
    .scope S_0x7fbbabb0c610;
T_23 ;
    %wait E_0x7fbbabb04250;
    %fork t_45, S_0x7fbbabb0e420;
    %jmp t_44;
    .scope S_0x7fbbabb0e420;
t_45 ;
    %load/vec4 v0x7fbbabb25e90_0;
    %flag_set/vec4 8;
    %jmp/0xz  T_23.0, 8;
    %pushi/vec4 0, 0, 32;
    %assign/vec4 v0x7fbbabb23790_0, 0;
    %jmp T_23.1;
T_23.0 ;
    %load/vec4 v0x7fbbabb23310_0;
    %flag_set/vec4 8;
    %jmp/0xz  T_23.2, 8;
    %load/vec4 v0x7fbbabb22270_0;
    %assign/vec4 v0x7fbbabb23790_0, 0;
T_23.2 ;
T_23.1 ;
    %end;
    .scope S_0x7fbbabb0c610;
t_44 %join;
    %jmp T_23;
    .thread T_23;
    .scope S_0x7fbbabb0c610;
T_24 ;
    %wait E_0x7fbbabb04250;
    %fork t_47, S_0x7fbbabb10810;
    %jmp t_46;
    .scope S_0x7fbbabb10810;
t_47 ;
    %load/vec4 v0x7fbbabb25e90_0;
    %flag_set/vec4 8;
    %jmp/0xz  T_24.0, 8;
    %pushi/vec4 0, 0, 32;
    %assign/vec4 v0x7fbbabb25280_0, 0;
    %jmp T_24.1;
T_24.0 ;
    %load/vec4 v0x7fbbabb23310_0;
    %flag_set/vec4 8;
    %jmp/0xz  T_24.2, 8;
    %load/vec4 v0x7fbbabb25120_0;
    %assign/vec4 v0x7fbbabb25280_0, 0;
T_24.2 ;
T_24.1 ;
    %end;
    .scope S_0x7fbbabb0c610;
t_46 %join;
    %jmp T_24;
    .thread T_24;
    .scope S_0x7fbbabb0c610;
T_25 ;
    %wait E_0x7fbbabb04250;
    %fork t_49, S_0x7fbbabb0d3e0;
    %jmp t_48;
    .scope S_0x7fbbabb0d3e0;
t_49 ;
    %load/vec4 v0x7fbbabb25e90_0;
    %flag_set/vec4 8;
    %jmp/0xz  T_25.0, 8;
    %pushi/vec4 0, 0, 1;
    %assign/vec4 v0x7fbbabb228d0_0, 0;
    %jmp T_25.1;
T_25.0 ;
    %load/vec4 v0x7fbbabb23310_0;
    %flag_set/vec4 8;
    %jmp/0xz  T_25.2, 8;
    %load/vec4 v0x7fbbabb234f0_0;
    %assign/vec4 v0x7fbbabb228d0_0, 0;
T_25.2 ;
T_25.1 ;
    %end;
    .scope S_0x7fbbabb0c610;
t_48 %join;
    %jmp T_25;
    .thread T_25;
    .scope S_0x7fbbabb0c610;
T_26 ;
    %wait E_0x7fbbabb04250;
    %fork t_51, S_0x7fbbabb10980;
    %jmp t_50;
    .scope S_0x7fbbabb10980;
t_51 ;
    %load/vec4 v0x7fbbabb25e90_0;
    %flag_set/vec4 8;
    %jmp/0xz  T_26.0, 8;
    %pushi/vec4 0, 0, 1;
    %assign/vec4 v0x7fbbabb25330_0, 0;
    %jmp T_26.1;
T_26.0 ;
    %load/vec4 v0x7fbbabb23310_0;
    %flag_set/vec4 8;
    %jmp/0xz  T_26.2, 8;
    %load/vec4 v0x7fbbabb228d0_0;
    %assign/vec4 v0x7fbbabb25330_0, 0;
T_26.2 ;
T_26.1 ;
    %end;
    .scope S_0x7fbbabb0c610;
t_50 %join;
    %jmp T_26;
    .thread T_26;
    .scope S_0x7fbbabb0c610;
T_27 ;
    %wait E_0x7fbbabb04250;
    %fork t_53, S_0x7fbbabb10af0;
    %jmp t_52;
    .scope S_0x7fbbabb10af0;
t_53 ;
    %load/vec4 v0x7fbbabb25e90_0;
    %flag_set/vec4 8;
    %jmp/0xz  T_27.0, 8;
    %pushi/vec4 0, 0, 32;
    %assign/vec4 v0x7fbbabb25480_0, 0;
    %jmp T_27.1;
T_27.0 ;
    %load/vec4 v0x7fbbabb23310_0;
    %flag_set/vec4 8;
    %jmp/0xz  T_27.2, 8;
    %load/vec4 v0x7fbbabb253d0_0;
    %assign/vec4 v0x7fbbabb25480_0, 0;
T_27.2 ;
T_27.1 ;
    %end;
    .scope S_0x7fbbabb0c610;
t_52 %join;
    %jmp T_27;
    .thread T_27;
    .scope S_0x7fbbabb0c610;
T_28 ;
    %wait E_0x7fbbabb04250;
    %fork t_55, S_0x7fbbabb0d5a0;
    %jmp t_54;
    .scope S_0x7fbbabb0d5a0;
t_55 ;
    %load/vec4 v0x7fbbabb25e90_0;
    %flag_set/vec4 8;
    %jmp/0xz  T_28.0, 8;
    %pushi/vec4 0, 0, 1;
    %assign/vec4 v0x7fbbabb22970_0, 0;
    %jmp T_28.1;
T_28.0 ;
    %load/vec4 v0x7fbbabb23310_0;
    %flag_set/vec4 8;
    %jmp/0xz  T_28.2, 8;
    %load/vec4 v0x7fbbabb23ae0_0;
    %assign/vec4 v0x7fbbabb22970_0, 0;
T_28.2 ;
T_28.1 ;
    %end;
    .scope S_0x7fbbabb0c610;
t_54 %join;
    %jmp T_28;
    .thread T_28;
    .scope S_0x7fbbabb0c610;
T_29 ;
    %wait E_0x7fbbabb04250;
    %fork t_57, S_0x7fbbabb10cb0;
    %jmp t_56;
    .scope S_0x7fbbabb10cb0;
t_57 ;
    %load/vec4 v0x7fbbabb25e90_0;
    %flag_set/vec4 8;
    %jmp/0xz  T_29.0, 8;
    %pushi/vec4 0, 0, 1;
    %assign/vec4 v0x7fbbabb25530_0, 0;
    %jmp T_29.1;
T_29.0 ;
    %load/vec4 v0x7fbbabb23310_0;
    %flag_set/vec4 8;
    %jmp/0xz  T_29.2, 8;
    %load/vec4 v0x7fbbabb22970_0;
    %assign/vec4 v0x7fbbabb25530_0, 0;
T_29.2 ;
T_29.1 ;
    %end;
    .scope S_0x7fbbabb0c610;
t_56 %join;
    %jmp T_29;
    .thread T_29;
    .scope S_0x7fbbabb0c610;
T_30 ;
    %wait E_0x7fbbabb04250;
    %fork t_59, S_0x7fbbabb10e70;
    %jmp t_58;
    .scope S_0x7fbbabb10e70;
t_59 ;
    %load/vec4 v0x7fbbabb25e90_0;
    %flag_set/vec4 8;
    %jmp/0xz  T_30.0, 8;
    %pushi/vec4 0, 0, 32;
    %assign/vec4 v0x7fbbabb25680_0, 0;
    %jmp T_30.1;
T_30.0 ;
    %load/vec4 v0x7fbbabb23310_0;
    %flag_set/vec4 8;
    %jmp/0xz  T_30.2, 8;
    %load/vec4 v0x7fbbabb255d0_0;
    %assign/vec4 v0x7fbbabb25680_0, 0;
T_30.2 ;
T_30.1 ;
    %end;
    .scope S_0x7fbbabb0c610;
t_58 %join;
    %jmp T_30;
    .thread T_30;
    .scope S_0x7fbbabb0c610;
T_31 ;
    %wait E_0x7fbbabb04250;
    %fork t_61, S_0x7fbbabb0d760;
    %jmp t_60;
    .scope S_0x7fbbabb0d760;
t_61 ;
    %load/vec4 v0x7fbbabb25e90_0;
    %flag_set/vec4 8;
    %jmp/0xz  T_31.0, 8;
    %pushi/vec4 0, 0, 1;
    %assign/vec4 v0x7fbbabb22a10_0, 0;
    %jmp T_31.1;
T_31.0 ;
    %load/vec4 v0x7fbbabb23310_0;
    %flag_set/vec4 8;
    %jmp/0xz  T_31.2, 8;
    %load/vec4 v0x7fbbabb23590_0;
    %assign/vec4 v0x7fbbabb22a10_0, 0;
T_31.2 ;
T_31.1 ;
    %end;
    .scope S_0x7fbbabb0c610;
t_60 %join;
    %jmp T_31;
    .thread T_31;
    .scope S_0x7fbbabb0c610;
T_32 ;
    %wait E_0x7fbbabb04250;
    %fork t_63, S_0x7fbbabb11030;
    %jmp t_62;
    .scope S_0x7fbbabb11030;
t_63 ;
    %load/vec4 v0x7fbbabb25e90_0;
    %flag_set/vec4 8;
    %jmp/0xz  T_32.0, 8;
    %pushi/vec4 0, 0, 1;
    %assign/vec4 v0x7fbbabb25730_0, 0;
    %jmp T_32.1;
T_32.0 ;
    %load/vec4 v0x7fbbabb23310_0;
    %flag_set/vec4 8;
    %jmp/0xz  T_32.2, 8;
    %load/vec4 v0x7fbbabb22a10_0;
    %assign/vec4 v0x7fbbabb25730_0, 0;
T_32.2 ;
T_32.1 ;
    %end;
    .scope S_0x7fbbabb0c610;
t_62 %join;
    %jmp T_32;
    .thread T_32;
    .scope S_0x7fbbabb0c610;
T_33 ;
    %wait E_0x7fbbabb04250;
    %fork t_65, S_0x7fbbabb0dee0;
    %jmp t_64;
    .scope S_0x7fbbabb0dee0;
t_65 ;
    %load/vec4 v0x7fbbabb25e90_0;
    %flag_set/vec4 8;
    %jmp/0xz  T_33.0, 8;
    %pushi/vec4 4294967295, 0, 32;
    %assign/vec4 v0x7fbbabb23260_0, 0;
    %jmp T_33.1;
T_33.0 ;
    %load/vec4 v0x7fbbabb23310_0;
    %flag_set/vec4 8;
    %jmp/0xz  T_33.2, 8;
    %load/vec4 v0x7fbbabb22bf0_0;
    %assign/vec4 v0x7fbbabb23260_0, 0;
T_33.2 ;
T_33.1 ;
    %end;
    .scope S_0x7fbbabb0c610;
t_64 %join;
    %jmp T_33;
    .thread T_33;
    .scope S_0x7fbbabb0c610;
T_34 ;
    %wait E_0x7fbbabb04250;
    %fork t_67, S_0x7fbbabb0ea60;
    %jmp t_66;
    .scope S_0x7fbbabb0ea60;
t_67 ;
    %load/vec4 v0x7fbbabb25e90_0;
    %flag_set/vec4 8;
    %jmp/0xz  T_34.0, 8;
    %pushi/vec4 4294967295, 0, 32;
    %assign/vec4 v0x7fbbabb23b80_0, 0;
    %jmp T_34.1;
T_34.0 ;
    %load/vec4 v0x7fbbabb23310_0;
    %flag_set/vec4 8;
    %jmp/0xz  T_34.2, 8;
    %load/vec4 v0x7fbbabb23060_0;
    %assign/vec4 v0x7fbbabb23b80_0, 0;
T_34.2 ;
T_34.1 ;
    %end;
    .scope S_0x7fbbabb0c610;
t_66 %join;
    %jmp T_34;
    .thread T_34;
    .scope S_0x7fbbabb0c610;
T_35 ;
    %wait E_0x7fbbabb04250;
    %fork t_69, S_0x7fbbabb0ec20;
    %jmp t_68;
    .scope S_0x7fbbabb0ec20;
t_69 ;
    %load/vec4 v0x7fbbabb25e90_0;
    %flag_set/vec4 8;
    %jmp/0xz  T_35.0, 8;
    %pushi/vec4 4294967295, 0, 32;
    %assign/vec4 v0x7fbbabb23c30_0, 0;
    %jmp T_35.1;
T_35.0 ;
    %load/vec4 v0x7fbbabb23310_0;
    %flag_set/vec4 8;
    %jmp/0xz  T_35.2, 8;
    %load/vec4 v0x7fbbabb23110_0;
    %assign/vec4 v0x7fbbabb23c30_0, 0;
T_35.2 ;
T_35.1 ;
    %end;
    .scope S_0x7fbbabb0c610;
t_68 %join;
    %jmp T_35;
    .thread T_35;
    .scope S_0x7fbbabb0c610;
T_36 ;
    %wait E_0x7fbbabb04250;
    %fork t_71, S_0x7fbbabb0d9a0;
    %jmp t_70;
    .scope S_0x7fbbabb0d9a0;
t_71 ;
    %load/vec4 v0x7fbbabb25e90_0;
    %flag_set/vec4 8;
    %jmp/0xz  T_36.0, 8;
    %pushi/vec4 0, 0, 1;
    %assign/vec4 v0x7fbbabb22ab0_0, 0;
    %jmp T_36.1;
T_36.0 ;
    %load/vec4 v0x7fbbabb23310_0;
    %flag_set/vec4 8;
    %jmp/0xz  T_36.2, 8;
    %load/vec4 v0x7fbbabb22b50_0;
    %assign/vec4 v0x7fbbabb22ab0_0, 0;
T_36.2 ;
T_36.1 ;
    %end;
    .scope S_0x7fbbabb0c610;
t_70 %join;
    %jmp T_36;
    .thread T_36;
    .scope S_0x7fbbabb0c610;
T_37 ;
    %wait E_0x7fbbabb04250;
    %fork t_73, S_0x7fbbabb0db60;
    %jmp t_72;
    .scope S_0x7fbbabb0db60;
t_73 ;
    %load/vec4 v0x7fbbabb25e90_0;
    %flag_set/vec4 8;
    %jmp/0xz  T_37.0, 8;
    %pushi/vec4 0, 0, 1;
    %assign/vec4 v0x7fbbabb22b50_0, 0;
    %jmp T_37.1;
T_37.0 ;
    %load/vec4 v0x7fbbabb23310_0;
    %flag_set/vec4 8;
    %jmp/0xz  T_37.2, 8;
    %load/vec4 v0x7fbbabb239a0_0;
    %assign/vec4 v0x7fbbabb22b50_0, 0;
T_37.2 ;
T_37.1 ;
    %end;
    .scope S_0x7fbbabb0c610;
t_72 %join;
    %jmp T_37;
    .thread T_37;
    .scope S_0x7fbbabb0c610;
T_38 ;
    %wait E_0x7fbbabb04250;
    %fork t_75, S_0x7fbbabb111f0;
    %jmp t_74;
    .scope S_0x7fbbabb111f0;
t_75 ;
    %load/vec4 v0x7fbbabb25e90_0;
    %flag_set/vec4 8;
    %jmp/0xz  T_38.0, 8;
    %pushi/vec4 0, 0, 1;
    %assign/vec4 v0x7fbbabb259e0_0, 0;
    %jmp T_38.1;
T_38.0 ;
    %load/vec4 v0x7fbbabb23310_0;
    %flag_set/vec4 8;
    %jmp/0xz  T_38.2, 8;
    %load/vec4 v0x7fbbabb22ab0_0;
    %assign/vec4 v0x7fbbabb259e0_0, 0;
T_38.2 ;
T_38.1 ;
    %end;
    .scope S_0x7fbbabb0c610;
t_74 %join;
    %jmp T_38;
    .thread T_38;
    .scope S_0x7fbbabb0c610;
T_39 ;
    %wait E_0x7fbbabb04250;
    %fork t_77, S_0x7fbbabb113b0;
    %jmp t_76;
    .scope S_0x7fbbabb113b0;
t_77 ;
    %load/vec4 v0x7fbbabb25e90_0;
    %flag_set/vec4 8;
    %jmp/0xz  T_39.0, 8;
    %pushi/vec4 0, 0, 32;
    %assign/vec4 v0x7fbbabb25b30_0, 0;
    %jmp T_39.1;
T_39.0 ;
    %load/vec4 v0x7fbbabb23310_0;
    %flag_set/vec4 8;
    %jmp/0xz  T_39.2, 8;
    %load/vec4 v0x7fbbabb25a80_0;
    %assign/vec4 v0x7fbbabb25b30_0, 0;
T_39.2 ;
T_39.1 ;
    %end;
    .scope S_0x7fbbabb0c610;
t_76 %join;
    %jmp T_39;
    .thread T_39;
    .scope S_0x7fbbabb0c610;
T_40 ;
    %wait E_0x7fbbabb04250;
    %fork t_79, S_0x7fbbabb0cbd0;
    %jmp t_78;
    .scope S_0x7fbbabb0cbd0;
t_79 ;
    %load/vec4 v0x7fbbabb25e90_0;
    %flag_set/vec4 8;
    %jmp/0xz  T_40.0, 8;
    %pushi/vec4 0, 0, 1;
    %assign/vec4 v0x7fbbabb22650_0, 0;
    %jmp T_40.1;
T_40.0 ;
    %load/vec4 v0x7fbbabb23310_0;
    %flag_set/vec4 8;
    %jmp/0xz  T_40.2, 8;
    %load/vec4 v0x7fbbabb239a0_0;
    %assign/vec4 v0x7fbbabb22650_0, 0;
T_40.2 ;
T_40.1 ;
    %end;
    .scope S_0x7fbbabb0c610;
t_78 %join;
    %jmp T_40;
    .thread T_40;
    .scope S_0x7fbbabb0c610;
T_41 ;
    %wait E_0x7fbbabb04250;
    %fork t_81, S_0x7fbbabb11570;
    %jmp t_80;
    .scope S_0x7fbbabb11570;
t_81 ;
    %load/vec4 v0x7fbbabb25e90_0;
    %flag_set/vec4 8;
    %jmp/0xz  T_41.0, 8;
    %pushi/vec4 0, 0, 1;
    %assign/vec4 v0x7fbbabb25be0_0, 0;
    %jmp T_41.1;
T_41.0 ;
    %load/vec4 v0x7fbbabb23310_0;
    %flag_set/vec4 8;
    %jmp/0xz  T_41.2, 8;
    %load/vec4 v0x7fbbabb22650_0;
    %assign/vec4 v0x7fbbabb25be0_0, 0;
T_41.2 ;
T_41.1 ;
    %end;
    .scope S_0x7fbbabb0c610;
t_80 %join;
    %jmp T_41;
    .thread T_41;
    .scope S_0x7fbbabb0c610;
T_42 ;
    %wait E_0x7fbbabb04250;
    %fork t_83, S_0x7fbbabb0e5e0;
    %jmp t_82;
    .scope S_0x7fbbabb0e5e0;
t_83 ;
    %load/vec4 v0x7fbbabb25e90_0;
    %flag_set/vec4 8;
    %jmp/0xz  T_42.0, 8;
    %pushi/vec4 4294967295, 0, 32;
    %assign/vec4 v0x7fbbabb23840_0, 0;
    %jmp T_42.1;
T_42.0 ;
    %load/vec4 v0x7fbbabb23310_0;
    %flag_set/vec4 8;
    %jmp/0xz  T_42.2, 8;
    %load/vec4 v0x7fbbabb22f30_0;
    %assign/vec4 v0x7fbbabb23840_0, 0;
T_42.2 ;
T_42.1 ;
    %end;
    .scope S_0x7fbbabb0c610;
t_82 %join;
    %jmp T_42;
    .thread T_42;
    .scope S_0x7fbbabb0c610;
T_43 ;
    %wait E_0x7fbbabb04250;
    %fork t_85, S_0x7fbbabb0e8a0;
    %jmp t_84;
    .scope S_0x7fbbabb0e8a0;
t_85 ;
    %load/vec4 v0x7fbbabb25e90_0;
    %flag_set/vec4 8;
    %jmp/0xz  T_43.0, 8;
    %pushi/vec4 4294967295, 0, 32;
    %assign/vec4 v0x7fbbabb238f0_0, 0;
    %jmp T_43.1;
T_43.0 ;
    %load/vec4 v0x7fbbabb23310_0;
    %flag_set/vec4 8;
    %jmp/0xz  T_43.2, 8;
    %load/vec4 v0x7fbbabb22fc0_0;
    %assign/vec4 v0x7fbbabb238f0_0, 0;
T_43.2 ;
T_43.1 ;
    %end;
    .scope S_0x7fbbabb0c610;
t_84 %join;
    %jmp T_43;
    .thread T_43;
    .scope S_0x7fbbabb0c4a0;
T_44 ;
    %delay 50000, 0;
    %load/vec4 v0x7fbbabb26ad0_0;
    %inv;
    %store/vec4 v0x7fbbabb26ad0_0, 0, 1;
    %jmp T_44;
    .thread T_44;
    .scope S_0x7fbbabb0c4a0;
T_45 ;
    %pushi/vec4 0, 0, 1;
    %store/vec4 v0x7fbbabb26ad0_0, 0, 1;
    %pushi/vec4 0, 0, 1;
    %store/vec4 v0x7fbbabb276f0_0, 0, 1;
    %pushi/vec4 1, 0, 1;
    %store/vec4 v0x7fbbabb04080_0, 0, 1;
    %pushi/vec4 0, 0, 1;
    %store/vec4 v0x7fbbabb26b60_0, 0, 1;
    %pushi/vec4 0, 0, 1;
    %store/vec4 v0x7fbbabb26bf0_0, 0, 1;
    %pushi/vec4 0, 0, 1;
    %store/vec4 v0x7fbbabb26ca0_0, 0, 1;
    %vpi_call 2 56 "$printtimescale", S_0x7fbbabb0c4a0 {0 0 0};
    %delay 1000000000, 0;
    %pushi/vec4 1, 0, 1;
    %store/vec4 v0x7fbbabb26b60_0, 0, 1;
    %pushi/vec4 1, 0, 1;
    %store/vec4 v0x7fbbabb26bf0_0, 0, 1;
    %pushi/vec4 0, 0, 1;
    %store/vec4 v0x7fbbabb26ca0_0, 0, 1;
    %pushi/vec4 1, 0, 32;
    %store/vec4 v0x7fbbabb27780_0, 0, 32;
    %pushi/vec4 2, 0, 32;
    %store/vec4 v0x7fbbabb27810_0, 0, 32;
    %pushi/vec4 0, 0, 32;
    %store/vec4 v0x7fbbabb278a0_0, 0, 32;
    %delay 100000, 0;
    %pushi/vec4 0, 0, 1;
    %store/vec4 v0x7fbbabb26b60_0, 0, 1;
    %pushi/vec4 0, 0, 1;
    %store/vec4 v0x7fbbabb26bf0_0, 0, 1;
    %pushi/vec4 0, 0, 1;
    %store/vec4 v0x7fbbabb26ca0_0, 0, 1;
    %delay 499900000, 0;
    %vpi_call 2 70 "$display", "time: %0t, (x1,x2,x3): (%0d,%0d,%0d), a = %0d, b = %0d, c = %0d, d = %0d, e = %0d, f = %0d, g = %0d, h = %0d, i = %0d, j = %0d, k = %0d, l = %0d", $time, v0x7fbbabb27780_0, v0x7fbbabb27810_0, v0x7fbbabb278a0_0, v0x7fbbabb26d70_0, v0x7fbbabb26e20_0, v0x7fbbabb270b0_0, v0x7fbbabb27140_0, v0x7fbbabb271d0_0, v0x7fbbabb27280_0, v0x7fbbabb27330_0, v0x7fbbabb273e0_0, v0x7fbbabb27490_0, v0x7fbbabb27540_0, v0x7fbbabb26ed0_0, v0x7fbbabb26f80_0 {0 0 0};
    %delay 500000000, 0;
    %pushi/vec4 1, 0, 1;
    %store/vec4 v0x7fbbabb26b60_0, 0, 1;
    %pushi/vec4 0, 0, 1;
    %store/vec4 v0x7fbbabb26bf0_0, 0, 1;
    %pushi/vec4 0, 0, 1;
    %store/vec4 v0x7fbbabb26ca0_0, 0, 1;
    %pushi/vec4 4, 0, 32;
    %store/vec4 v0x7fbbabb27780_0, 0, 32;
    %pushi/vec4 0, 0, 32;
    %store/vec4 v0x7fbbabb27810_0, 0, 32;
    %pushi/vec4 0, 0, 32;
    %store/vec4 v0x7fbbabb278a0_0, 0, 32;
    %delay 100000, 0;
    %pushi/vec4 0, 0, 1;
    %store/vec4 v0x7fbbabb26b60_0, 0, 1;
    %pushi/vec4 0, 0, 1;
    %store/vec4 v0x7fbbabb26bf0_0, 0, 1;
    %pushi/vec4 0, 0, 1;
    %store/vec4 v0x7fbbabb26ca0_0, 0, 1;
    %delay 500000000, 0;
    %vpi_call 2 84 "$display", "time: %0t, (x1,x2,x3): (%0d,%0d,%0d), a = %0d, b = %0d, c = %0d, d = %0d, e = %0d, f = %0d, g = %0d, h = %0d, i = %0d, j = %0d, k = %0d, l = %0d", $time, v0x7fbbabb27780_0, v0x7fbbabb27810_0, v0x7fbbabb278a0_0, v0x7fbbabb26d70_0, v0x7fbbabb26e20_0, v0x7fbbabb270b0_0, v0x7fbbabb27140_0, v0x7fbbabb271d0_0, v0x7fbbabb27280_0, v0x7fbbabb27330_0, v0x7fbbabb273e0_0, v0x7fbbabb27490_0, v0x7fbbabb27540_0, v0x7fbbabb26ed0_0, v0x7fbbabb26f80_0 {0 0 0};
    %delay 500000000, 0;
    %pushi/vec4 0, 0, 1;
    %store/vec4 v0x7fbbabb26b60_0, 0, 1;
    %pushi/vec4 1, 0, 1;
    %store/vec4 v0x7fbbabb26bf0_0, 0, 1;
    %pushi/vec4 0, 0, 1;
    %store/vec4 v0x7fbbabb26ca0_0, 0, 1;
    %pushi/vec4 0, 0, 32;
    %store/vec4 v0x7fbbabb27780_0, 0, 32;
    %pushi/vec4 5, 0, 32;
    %store/vec4 v0x7fbbabb27810_0, 0, 32;
    %pushi/vec4 0, 0, 32;
    %store/vec4 v0x7fbbabb278a0_0, 0, 32;
    %delay 100000, 0;
    %pushi/vec4 0, 0, 1;
    %store/vec4 v0x7fbbabb26b60_0, 0, 1;
    %pushi/vec4 0, 0, 1;
    %store/vec4 v0x7fbbabb26bf0_0, 0, 1;
    %pushi/vec4 0, 0, 1;
    %store/vec4 v0x7fbbabb26ca0_0, 0, 1;
    %delay 500000000, 0;
    %vpi_call 2 98 "$display", "time: %0t, (x1,x2,x3): (%0d,%0d,%0d), a = %0d, b = %0d, c = %0d, d = %0d, e = %0d, f = %0d, g = %0d, h = %0d, i = %0d, j = %0d, k = %0d, l = %0d", $time, v0x7fbbabb27780_0, v0x7fbbabb27810_0, v0x7fbbabb278a0_0, v0x7fbbabb26d70_0, v0x7fbbabb26e20_0, v0x7fbbabb270b0_0, v0x7fbbabb27140_0, v0x7fbbabb271d0_0, v0x7fbbabb27280_0, v0x7fbbabb27330_0, v0x7fbbabb273e0_0, v0x7fbbabb27490_0, v0x7fbbabb27540_0, v0x7fbbabb26ed0_0, v0x7fbbabb26f80_0 {0 0 0};
    %delay 500000000, 0;
    %pushi/vec4 0, 0, 1;
    %store/vec4 v0x7fbbabb26b60_0, 0, 1;
    %pushi/vec4 0, 0, 1;
    %store/vec4 v0x7fbbabb26bf0_0, 0, 1;
    %pushi/vec4 1, 0, 1;
    %store/vec4 v0x7fbbabb26ca0_0, 0, 1;
    %pushi/vec4 0, 0, 32;
    %store/vec4 v0x7fbbabb27780_0, 0, 32;
    %pushi/vec4 0, 0, 32;
    %store/vec4 v0x7fbbabb27810_0, 0, 32;
    %pushi/vec4 1, 0, 32;
    %store/vec4 v0x7fbbabb278a0_0, 0, 32;
    %delay 100000, 0;
    %pushi/vec4 0, 0, 1;
    %store/vec4 v0x7fbbabb26b60_0, 0, 1;
    %pushi/vec4 0, 0, 1;
    %store/vec4 v0x7fbbabb26bf0_0, 0, 1;
    %pushi/vec4 0, 0, 1;
    %store/vec4 v0x7fbbabb26ca0_0, 0, 1;
    %delay 500000000, 0;
    %vpi_call 2 112 "$display", "time: %0t, (x1,x2,x3): (%0d,%0d,%0d), a = %0d, b = %0d, c = %0d, d = %0d, e = %0d, f = %0d, g = %0d, h = %0d, i = %0d, j = %0d, k = %0d, l = %0d", $time, v0x7fbbabb27780_0, v0x7fbbabb27810_0, v0x7fbbabb278a0_0, v0x7fbbabb26d70_0, v0x7fbbabb26e20_0, v0x7fbbabb270b0_0, v0x7fbbabb27140_0, v0x7fbbabb271d0_0, v0x7fbbabb27280_0, v0x7fbbabb27330_0, v0x7fbbabb273e0_0, v0x7fbbabb27490_0, v0x7fbbabb27540_0, v0x7fbbabb26ed0_0, v0x7fbbabb26f80_0 {0 0 0};
    %delay 500000000, 0;
    %pushi/vec4 1, 0, 1;
    %store/vec4 v0x7fbbabb26b60_0, 0, 1;
    %pushi/vec4 1, 0, 1;
    %store/vec4 v0x7fbbabb26bf0_0, 0, 1;
    %pushi/vec4 1, 0, 1;
    %store/vec4 v0x7fbbabb26ca0_0, 0, 1;
    %pushi/vec4 10, 0, 32;
    %store/vec4 v0x7fbbabb27780_0, 0, 32;
    %pushi/vec4 10, 0, 32;
    %store/vec4 v0x7fbbabb27810_0, 0, 32;
    %pushi/vec4 10, 0, 32;
    %store/vec4 v0x7fbbabb278a0_0, 0, 32;
    %delay 100000, 0;
    %pushi/vec4 0, 0, 1;
    %store/vec4 v0x7fbbabb26b60_0, 0, 1;
    %pushi/vec4 0, 0, 1;
    %store/vec4 v0x7fbbabb26bf0_0, 0, 1;
    %pushi/vec4 0, 0, 1;
    %store/vec4 v0x7fbbabb26ca0_0, 0, 1;
    %delay 500000000, 0;
    %vpi_call 2 126 "$display", "time: %0t, (x1,x2,x3): (%0d,%0d,%0d), a = %0d, b = %0d, c = %0d, d = %0d, e = %0d, f = %0d, g = %0d, h = %0d, i = %0d, j = %0d, k = %0d, l = %0d", $time, v0x7fbbabb27780_0, v0x7fbbabb27810_0, v0x7fbbabb278a0_0, v0x7fbbabb26d70_0, v0x7fbbabb26e20_0, v0x7fbbabb270b0_0, v0x7fbbabb27140_0, v0x7fbbabb271d0_0, v0x7fbbabb27280_0, v0x7fbbabb27330_0, v0x7fbbabb273e0_0, v0x7fbbabb27490_0, v0x7fbbabb27540_0, v0x7fbbabb26ed0_0, v0x7fbbabb26f80_0 {0 0 0};
    %delay 500000000, 0;
    %pushi/vec4 1, 0, 1;
    %store/vec4 v0x7fbbabb26b60_0, 0, 1;
    %pushi/vec4 1, 0, 1;
    %store/vec4 v0x7fbbabb26bf0_0, 0, 1;
    %pushi/vec4 1, 0, 1;
    %store/vec4 v0x7fbbabb26ca0_0, 0, 1;
    %pushi/vec4 100, 0, 32;
    %store/vec4 v0x7fbbabb27780_0, 0, 32;
    %pushi/vec4 100, 0, 32;
    %store/vec4 v0x7fbbabb27810_0, 0, 32;
    %pushi/vec4 100, 0, 32;
    %store/vec4 v0x7fbbabb278a0_0, 0, 32;
    %delay 100000, 0;
    %pushi/vec4 0, 0, 1;
    %store/vec4 v0x7fbbabb26b60_0, 0, 1;
    %pushi/vec4 0, 0, 1;
    %store/vec4 v0x7fbbabb26bf0_0, 0, 1;
    %pushi/vec4 0, 0, 1;
    %store/vec4 v0x7fbbabb26ca0_0, 0, 1;
    %delay 500000000, 0;
    %vpi_call 2 140 "$display", "time: %0t, (x1,x2,x3): (%0d,%0d,%0d), a = %0d, b = %0d, c = %0d, d = %0d, e = %0d, f = %0d, g = %0d, h = %0d, i = %0d, j = %0d, k = %0d, l = %0d", $time, v0x7fbbabb27780_0, v0x7fbbabb27810_0, v0x7fbbabb278a0_0, v0x7fbbabb26d70_0, v0x7fbbabb26e20_0, v0x7fbbabb270b0_0, v0x7fbbabb27140_0, v0x7fbbabb271d0_0, v0x7fbbabb27280_0, v0x7fbbabb27330_0, v0x7fbbabb273e0_0, v0x7fbbabb27490_0, v0x7fbbabb27540_0, v0x7fbbabb26ed0_0, v0x7fbbabb26f80_0 {0 0 0};
    %delay 500000000, 0;
    %vpi_call 2 143 "$finish" {0 0 0};
    %end;
    .thread T_45;
# The file index is used to find the file name in the following table.
:file_names 4;
    "N/A";
    "<interactive>";
    "testbench.v";
    "../verilog/Pacings.topEntity/topEntity.v";
